#
# There is insufficient memory for the Java Runtime Environment to continue.
# Native memory allocation (malloc) failed to allocate 1845136 bytes for Chunk::new
# Possible reasons:
#   The system is out of physical RAM or swap space
#   The process is running with CompressedOops enabled, and the Java Heap may be blocking the growth of the native heap
# Possible solutions:
#   Reduce memory load on the system
#   Increase physical memory or swap space
#   Check if swap backing store is full
#   Decrease Java heap size (-Xmx/-Xms)
#   Decrease number of Java threads
#   Decrease Java thread stack sizes (-Xss)
#   Set larger code cache with -XX:ReservedCodeCacheSize=
#   JVM is running with Unscaled Compressed Oops mode in which the Java heap is
#     placed in the first 4GB address space. The Java Heap base address is the
#     maximum limit for the native heap growth. Please use -XX:HeapBaseMinAddress
#     to set the Java Heap base and to place the Java Heap above 4GB virtual address.
# This output file may be truncated or incomplete.
#
#  Out of Memory Error (t:/workspace/open/src/hotspot/share/memory/arena.cpp:197), pid=12124, tid=11984
#
# JRE version: OpenJDK Runtime Environment (11.0+28) (build 11+28)
# Java VM: OpenJDK 64-Bit Server VM (11+28, mixed mode, tiered, compressed oops, g1 gc, windows-amd64)
# No core dump will be written. Minidumps are not enabled by default on client versions of Windows
#

---------------  S U M M A R Y ------------

Command Line: --add-opens=java.base/java.util=ALL-UNNAMED --add-opens=java.base/java.lang=ALL-UNNAMED --add-opens=java.base/java.lang.invoke=ALL-UNNAMED --add-opens=java.base/java.util=ALL-UNNAMED --add-opens=java.prefs/java.util.prefs=ALL-UNNAMED --add-opens=java.prefs/java.util.prefs=ALL-UNNAMED --add-opens=java.base/java.nio.charset=ALL-UNNAMED --add-opens=java.base/java.net=ALL-UNNAMED --add-opens=java.base/java.util.concurrent.atomic=ALL-UNNAMED -Xmx2048m -Dfile.encoding=UTF-8 -Duser.country=RU -Duser.language=ru -Duser.variant org.gradle.launcher.daemon.bootstrap.GradleDaemon 7.2

Host: Intel(R) Xeon(R) CPU           E5606  @ 2.13GHz, 8 cores, 5G,  Windows 7 , 64 bit Build 7601 (6.1.7601.19135)
Time: Wed Aug 24 10:23:08 2022 RTZ 2 (ceia) elapsed time: 363 seconds (0d 0h 6m 3s)

---------------  T H R E A D  ---------------

Current thread (0x0000000022e70000):  JavaThread "C2 CompilerThread0" daemon [_thread_in_native, id=11984, stack(0x0000000023540000,0x0000000023640000)]


Current CompileTask:
C2: 363850 18453       4       org.gradle.internal.operations.DefaultBuildOperationRunner::execute (140 bytes)

Stack: [0x0000000023540000,0x0000000023640000]
Native frames: (J=compiled Java code, j=interpreted, Vv=VM code, C=native code)
V  [jvm.dll+0x63adaa]
V  [jvm.dll+0x77852f]
V  [jvm.dll+0x779b18]
V  [jvm.dll+0x77a1d3]
V  [jvm.dll+0x2624c8]
V  [jvm.dll+0xc5b61]
V  [jvm.dll+0xc60fc]
V  [jvm.dll+0x36e6d7]
V  [jvm.dll+0x33b433]
V  [jvm.dll+0x33a80a]
V  [jvm.dll+0x21c365]
V  [jvm.dll+0x21b50a]
V  [jvm.dll+0x198400]
V  [jvm.dll+0x22a4ff]
V  [jvm.dll+0x228b18]
V  [jvm.dll+0x73dc3d]
V  [jvm.dll+0x639e42]
C  [ucrtbase.DLL+0x1d885]
C  [kernel32.dll+0x159ed]
C  [ntdll.dll+0x2b371]


---------------  P R O C E S S  ---------------

Threads class SMR info:
_java_thread_list=0x000000002cb6dda0, length=134, elements={
0x00000000004b2000, 0x0000000022e51800, 0x0000000022e5b800, 0x0000000022e69000,
0x0000000022e6c800, 0x0000000022e70000, 0x0000000022e78800, 0x0000000022ed8800,
0x0000000023c34800, 0x0000000023c35000, 0x0000000023c36000, 0x0000000023c37000,
0x0000000023c37800, 0x0000000023c3e000, 0x0000000023c3f000, 0x0000000023c3f800,
0x00000000281b3000, 0x00000000281b4000, 0x00000000281b5000, 0x00000000281b6800,
0x00000000281b8000, 0x0000000024795000, 0x0000000024795800, 0x000000002c27b000,
0x000000002c27c000, 0x000000002c27c800, 0x000000002c27e800, 0x0000000026bd9000,
0x0000000026bda000, 0x000000002c199000, 0x000000002e679800, 0x0000000023c38800,
0x0000000023c3b000, 0x0000000023c39000, 0x0000000023c3a000, 0x0000000023c43000,
0x0000000023c3b800, 0x0000000023c3d800, 0x0000000023c3c800, 0x0000000023c40800,
0x0000000023c41800, 0x0000000023c42000, 0x0000000024794000, 0x000000002478f000,
0x0000000024792800, 0x0000000024790800, 0x0000000024790000, 0x0000000024793000,
0x0000000024791800, 0x000000002e67b800, 0x000000002e67a800, 0x000000002e67c000,
0x000000002e67e000, 0x000000002e67e800, 0x000000002e67f800, 0x000000002e680800,
0x000000002c196800, 0x000000002c197800, 0x000000002c198000, 0x000000002c19a800,
0x000000002c19c000, 0x000000002c19d000, 0x00000000281b9800, 0x00000000281b7800,
0x00000000281b9000, 0x000000002c281000, 0x000000002c281800, 0x0000000026bd8000,
0x000000002c6fc000, 0x0000000027631000, 0x0000000027631800, 0x0000000027632800,
0x0000000027633000, 0x0000000027634000, 0x0000000027635000, 0x0000000027635800,
0x0000000027636800, 0x0000000027637800, 0x0000000027034000, 0x0000000027034800,
0x0000000027035800, 0x0000000027036800, 0x0000000027037000, 0x0000000027038000,
0x0000000027038800, 0x0000000027039800, 0x000000002703a800, 0x0000000027623800,
0x0000000027624800, 0x0000000027625000, 0x0000000027626000, 0x0000000027626800,
0x0000000027627800, 0x0000000027628800, 0x0000000027629000, 0x000000002762a000,
0x000000002c32d800, 0x000000002c32e800, 0x000000002c32f800, 0x000000002c330000,
0x000000002c331000, 0x000000002c331800, 0x000000002c332800, 0x000000002c333800,
0x000000002c334000, 0x000000002683b000, 0x000000002683c000, 0x000000002683d000,
0x000000002683d800, 0x000000002683e800, 0x000000002683f800, 0x0000000026840000,
0x0000000026841000, 0x0000000026842000, 0x000000002ba08800, 0x000000002ba09800,
0x000000002ba0a000, 0x000000002ba0b000, 0x000000002ba0b800, 0x000000002ba0c800,
0x000000002ba0d800, 0x000000002ba0e000, 0x000000002ba0f000, 0x0000000027942800,
0x0000000027943800, 0x0000000027944800, 0x0000000027945000, 0x0000000027946000,
0x0000000027946800, 0x0000000027947800, 0x0000000027948800, 0x0000000027949000,
0x00000000259e2000, 0x00000000259e3000
}

Java Threads: ( => current thread )
  0x00000000004b2000 JavaThread "main" [_thread_blocked, id=10268, stack(0x0000000002100000,0x0000000002200000)]
  0x0000000022e51800 JavaThread "Reference Handler" daemon [_thread_blocked, id=10944, stack(0x00000000230b0000,0x00000000231b0000)]
  0x0000000022e5b800 JavaThread "Finalizer" daemon [_thread_blocked, id=11596, stack(0x00000000231f0000,0x00000000232f0000)]
  0x0000000022e69000 JavaThread "Signal Dispatcher" daemon [_thread_blocked, id=12072, stack(0x00000000233c0000,0x00000000234c0000)]
  0x0000000022e6c800 JavaThread "Attach Listener" daemon [_thread_blocked, id=11808, stack(0x00000000220d0000,0x00000000221d0000)]
=>0x0000000022e70000 JavaThread "C2 CompilerThread0" daemon [_thread_in_native, id=11984, stack(0x0000000023540000,0x0000000023640000)]
  0x0000000022e78800 JavaThread "C1 CompilerThread0" daemon [_thread_blocked, id=12036, stack(0x0000000023770000,0x0000000023870000)]
  0x0000000022ed8800 JavaThread "Sweeper thread" daemon [_thread_blocked, id=10868, stack(0x0000000023a10000,0x0000000023b10000)]
  0x0000000023c34800 JavaThread "Common-Cleaner" daemon [_thread_blocked, id=9780, stack(0x0000000023ff0000,0x00000000240f0000)]
  0x0000000023c35000 JavaThread "Service Thread" daemon [_thread_blocked, id=10676, stack(0x0000000023900000,0x0000000023a00000)]
  0x0000000023c36000 JavaThread "Daemon health stats" [_thread_blocked, id=9764, stack(0x0000000027220000,0x0000000027320000)]
  0x0000000023c37000 JavaThread "Incoming local TCP Connector on port 63221" [_thread_in_native, id=8824, stack(0x00000000260b0000,0x00000000261b0000)]
  0x0000000023c37800 JavaThread "Daemon periodic checks" [_thread_blocked, id=2124, stack(0x00000000285c0000,0x00000000286c0000)]
  0x0000000023c3e000 JavaThread "Cache worker for journal cache (C:\Users\Vlad\.gradle\caches\journal-1)" [_thread_blocked, id=11340, stack(0x0000000029da0000,0x0000000029ea0000)]
  0x0000000023c3f000 JavaThread "File lock request listener" [_thread_in_native, id=4208, stack(0x000000002a000000,0x000000002a100000)]
  0x0000000023c3f800 JavaThread "Cache worker for file hash cache (C:\Users\Vlad\.gradle\caches\7.2\fileHashes)" [_thread_blocked, id=9872, stack(0x000000002a200000,0x000000002a300000)]
  0x00000000281b3000 JavaThread "Cache worker for execution history cache (C:\Users\Vlad\.gradle\caches\7.2\executionHistory)" [_thread_blocked, id=9664, stack(0x0000000028800000,0x0000000028900000)]
  0x00000000281b4000 JavaThread "jar transforms" [_thread_blocked, id=11480, stack(0x000000002d730000,0x000000002d830000)]
  0x00000000281b5000 JavaThread "Cache worker for file content cache (C:\Users\Vlad\.gradle\caches\7.2\fileContent)" [_thread_blocked, id=5380, stack(0x000000002efd0000,0x000000002f0d0000)]
  0x00000000281b6800 JavaThread "jar transforms Thread 2" [_thread_blocked, id=12176, stack(0x000000002f1f0000,0x000000002f2f0000)]
  0x00000000281b8000 JavaThread "jar transforms Thread 3" [_thread_blocked, id=12096, stack(0x000000002f880000,0x000000002f980000)]
  0x0000000024795000 JavaThread "jar transforms Thread 4" [_thread_blocked, id=2152, stack(0x0000000035f30000,0x0000000036030000)]
  0x0000000024795800 JavaThread "jar transforms Thread 5" [_thread_blocked, id=12128, stack(0x0000000036120000,0x0000000036220000)]
  0x000000002c27b000 JavaThread "jar transforms Thread 6" [_thread_blocked, id=8684, stack(0x0000000035e30000,0x0000000035f30000)]
  0x000000002c27c000 JavaThread "jar transforms Thread 7" [_thread_blocked, id=12168, stack(0x0000000036260000,0x0000000036360000)]
  0x000000002c27c800 JavaThread "jar transforms Thread 8" [_thread_blocked, id=10204, stack(0x00000000363a0000,0x00000000364a0000)]
  0x000000002c27e800 JavaThread "Memory manager" [_thread_blocked, id=9304, stack(0x00000000376b0000,0x00000000377b0000)]
  0x0000000026bd9000 JavaThread "RMI Scheduler(0)" daemon [_thread_blocked, id=11600, stack(0x000000003ec50000,0x000000003ed50000)]
  0x0000000026bda000 JavaThread "RMI GC Daemon" daemon [_thread_blocked, id=10404, stack(0x000000003db70000,0x000000003dc70000)]
  0x000000002c199000 JavaThread "RMI TCP Accept-0" daemon [_thread_in_native, id=10408, stack(0x000000003ee00000,0x000000003ef00000)]
  0x000000002e679800 JavaThread "RMI Reaper" [_thread_blocked, id=11520, stack(0x000000003efe0000,0x000000003f0e0000)]
  0x0000000023c38800 JavaThread "Daemon Thread 2" [_thread_blocked, id=5472, stack(0x0000000029040000,0x0000000029140000)]
  0x0000000023c3b000 JavaThread "Handler for socket connection from /127.0.0.1:63221 to /127.0.0.1:63443" [_thread_in_native, id=7848, stack(0x0000000029280000,0x0000000029380000)]
  0x0000000023c39000 JavaThread "Cancel handler" [_thread_blocked, id=9360, stack(0x00000000293e0000,0x00000000294e0000)]
  0x0000000023c3a000 JavaThread "Daemon worker Thread 2" [_thread_blocked, id=7744, stack(0x0000000029570000,0x0000000029670000)]
  0x0000000023c43000 JavaThread "Asynchronous log dispatcher for DefaultDaemonConnection: socket connection from /127.0.0.1:63221 to /127.0.0.1:63443" [_thread_blocked, id=10764, stack(0x0000000029eb0000,0x0000000029fb0000)]
  0x0000000023c3b800 JavaThread "Stdin handler" [_thread_blocked, id=4984, stack(0x0000000028f20000,0x0000000029020000)]
  0x0000000023c3d800 JavaThread "Daemon client event forwarder" [_thread_blocked, id=12252, stack(0x000000002ab60000,0x000000002ac60000)]
  0x0000000023c3c800 JavaThread "Cache worker for file hash cache (E:\workspace\vrace\.gradle\7.2\fileHashes)" [_thread_blocked, id=7976, stack(0x0000000029160000,0x0000000029260000)]
  0x0000000023c40800 JavaThread "Cache worker for checksums cache (E:\workspace\vrace\.gradle\checksums)" [_thread_blocked, id=9400, stack(0x000000002ad20000,0x000000002ae20000)]
  0x0000000023c41800 JavaThread "Cache worker for cache directory md-supplier (C:\Users\Vlad\.gradle\caches\7.2\md-supplier)" [_thread_blocked, id=10360, stack(0x000000002ae80000,0x000000002af80000)]
  0x0000000023c42000 JavaThread "Cache worker for cache directory md-rule (C:\Users\Vlad\.gradle\caches\7.2\md-rule)" [_thread_blocked, id=8456, stack(0x000000002bfe0000,0x000000002c0e0000)]
  0x0000000024794000 JavaThread "Cache worker for dependencies-accessors (E:\workspace\vrace\.gradle\7.2\dependencies-accessors)" [_thread_blocked, id=9324, stack(0x000000002d8e0000,0x000000002d9e0000)]
  0x000000002478f000 JavaThread "Cache worker for Build Output Cleanup Cache (E:\workspace\vrace\.gradle\buildOutputCleanup)" [_thread_blocked, id=11468, stack(0x000000002d9f0000,0x000000002daf0000)]
  0x0000000024792800 JavaThread "Unconstrained build operations" [_thread_blocked, id=11888, stack(0x0000000023660000,0x0000000023760000)]
  0x0000000024790800 JavaThread "Unconstrained build operations Thread 2" [_thread_blocked, id=10844, stack(0x000000002f9f0000,0x000000002faf0000)]
  0x0000000024790000 JavaThread "Unconstrained build operations Thread 3" [_thread_blocked, id=10524, stack(0x000000002f0d0000,0x000000002f1d0000)]
  0x0000000024793000 JavaThread "Unconstrained build operations Thread 4" [_thread_blocked, id=6668, stack(0x000000002ff60000,0x0000000030060000)]
  0x0000000024791800 JavaThread "Unconstrained build operations Thread 5" [_thread_blocked, id=10716, stack(0x00000000296a0000,0x00000000297a0000)]
  0x000000002e67b800 JavaThread "Unconstrained build operations Thread 6" [_thread_blocked, id=10892, stack(0x00000000301c0000,0x00000000302c0000)]
  0x000000002e67a800 JavaThread "Unconstrained build operations Thread 7" [_thread_blocked, id=12264, stack(0x00000000300c0000,0x00000000301c0000)]
  0x000000002e67c000 JavaThread "Unconstrained build operations Thread 8" [_thread_blocked, id=11552, stack(0x000000002a500000,0x000000002a600000)]
  0x000000002e67e000 JavaThread "Unconstrained build operations Thread 9" [_thread_blocked, id=11288, stack(0x000000002f4f0000,0x000000002f5f0000)]
  0x000000002e67e800 JavaThread "Unconstrained build operations Thread 10" [_thread_blocked, id=11120, stack(0x00000000302d0000,0x00000000303d0000)]
  0x000000002e67f800 JavaThread "Unconstrained build operations Thread 11" [_thread_blocked, id=9696, stack(0x000000002daf0000,0x000000002dbf0000)]
  0x000000002e680800 JavaThread "Unconstrained build operations Thread 12" [_thread_blocked, id=4216, stack(0x00000000303d0000,0x00000000304d0000)]
  0x000000002c196800 JavaThread "Unconstrained build operations Thread 13" [_thread_blocked, id=11900, stack(0x0000000030550000,0x0000000030650000)]
  0x000000002c197800 JavaThread "Unconstrained build operations Thread 14" [_thread_blocked, id=8336, stack(0x0000000030800000,0x0000000030900000)]
  0x000000002c198000 JavaThread "Unconstrained build operations Thread 15" [_thread_blocked, id=10956, stack(0x0000000030910000,0x0000000030a10000)]
  0x000000002c19a800 JavaThread "Unconstrained build operations Thread 16" [_thread_blocked, id=9144, stack(0x00000000306a0000,0x00000000307a0000)]
  0x000000002c19c000 JavaThread "Unconstrained build operations Thread 17" [_thread_blocked, id=11748, stack(0x0000000030be0000,0x0000000030ce0000)]
  0x000000002c19d000 JavaThread "Unconstrained build operations Thread 18" [_thread_blocked, id=8068, stack(0x0000000030d80000,0x0000000030e80000)]
  0x00000000281b9800 JavaThread "Unconstrained build operations Thread 19" [_thread_blocked, id=9844, stack(0x0000000030f90000,0x0000000031090000)]
  0x00000000281b7800 JavaThread "Unconstrained build operations Thread 20" [_thread_blocked, id=10960, stack(0x0000000030a80000,0x0000000030b80000)]
  0x00000000281b9000 JavaThread "Unconstrained build operations Thread 21" [_thread_blocked, id=11688, stack(0x0000000030e90000,0x0000000030f90000)]
  0x000000002c281000 JavaThread "Unconstrained build operations Thread 22" [_thread_blocked, id=12068, stack(0x0000000031140000,0x0000000031240000)]
  0x000000002c281800 JavaThread "Unconstrained build operations Thread 23" [_thread_blocked, id=9528, stack(0x0000000031330000,0x0000000031430000)]
  0x0000000026bd8000 JavaThread "Unconstrained build operations Thread 24" [_thread_blocked, id=9264, stack(0x00000000315a0000,0x00000000316a0000)]
  0x000000002c6fc000 JavaThread "Unconstrained build operations Thread 25" [_thread_blocked, id=11724, stack(0x00000000317d0000,0x00000000318d0000)]
  0x0000000027631000 JavaThread "Unconstrained build operations Thread 26" [_thread_blocked, id=11148, stack(0x0000000031440000,0x0000000031540000)]
  0x0000000027631800 JavaThread "Unconstrained build operations Thread 27" [_thread_blocked, id=10236, stack(0x0000000031990000,0x0000000031a90000)]
  0x0000000027632800 JavaThread "Unconstrained build operations Thread 28" [_thread_blocked, id=11824, stack(0x00000000316a0000,0x00000000317a0000)]
  0x0000000027633000 JavaThread "Unconstrained build operations Thread 29" [_thread_blocked, id=11860, stack(0x0000000031c30000,0x0000000031d30000)]
  0x0000000027634000 JavaThread "Unconstrained build operations Thread 30" [_thread_blocked, id=12244, stack(0x0000000031d70000,0x0000000031e70000)]
  0x0000000027635000 JavaThread "Unconstrained build operations Thread 31" [_thread_blocked, id=6100, stack(0x0000000031f80000,0x0000000032080000)]
  0x0000000027635800 JavaThread "Unconstrained build operations Thread 32" [_thread_blocked, id=1260, stack(0x0000000031a90000,0x0000000031b90000)]
  0x0000000027636800 JavaThread "Unconstrained build operations Thread 33" [_thread_blocked, id=11440, stack(0x0000000032130000,0x0000000032230000)]
  0x0000000027637800 JavaThread "Unconstrained build operations Thread 34" [_thread_blocked, id=9184, stack(0x0000000032280000,0x0000000032380000)]
  0x0000000027034000 JavaThread "Unconstrained build operations Thread 35" [_thread_blocked, id=10560, stack(0x00000000323b0000,0x00000000324b0000)]
  0x0000000027034800 JavaThread "Unconstrained build operations Thread 36" [_thread_blocked, id=5052, stack(0x00000000324e0000,0x00000000325e0000)]
  0x0000000027035800 JavaThread "Unconstrained build operations Thread 37" [_thread_blocked, id=9312, stack(0x0000000032670000,0x0000000032770000)]
  0x0000000027036800 JavaThread "Unconstrained build operations Thread 38" [_thread_blocked, id=11592, stack(0x00000000327a0000,0x00000000328a0000)]
  0x0000000027037000 JavaThread "Unconstrained build operations Thread 39" [_thread_blocked, id=1772, stack(0x0000000032960000,0x0000000032a60000)]
  0x0000000027038000 JavaThread "Unconstrained build operations Thread 40" [_thread_blocked, id=10916, stack(0x0000000032b60000,0x0000000032c60000)]
  0x0000000027038800 JavaThread "Unconstrained build operations Thread 41" [_thread_blocked, id=10988, stack(0x0000000032cd0000,0x0000000032dd0000)]
  0x0000000027039800 JavaThread "Unconstrained build operations Thread 42" [_thread_blocked, id=12256, stack(0x0000000032f80000,0x0000000033080000)]
  0x000000002703a800 JavaThread "Unconstrained build operations Thread 43" [_thread_blocked, id=11904, stack(0x00000000330c0000,0x00000000331c0000)]
  0x0000000027623800 JavaThread "Unconstrained build operations Thread 44" [_thread_blocked, id=816, stack(0x0000000033240000,0x0000000033340000)]
  0x0000000027624800 JavaThread "Unconstrained build operations Thread 45" [_thread_blocked, id=9776, stack(0x0000000033340000,0x0000000033440000)]
  0x0000000027625000 JavaThread "Unconstrained build operations Thread 46" [_thread_blocked, id=7608, stack(0x00000000334d0000,0x00000000335d0000)]
  0x0000000027626000 JavaThread "Unconstrained build operations Thread 47" [_thread_blocked, id=10804, stack(0x00000000336d0000,0x00000000337d0000)]
  0x0000000027626800 JavaThread "Unconstrained build operations Thread 48" [_thread_blocked, id=6880, stack(0x0000000032e00000,0x0000000032f00000)]
  0x0000000027627800 JavaThread "Unconstrained build operations Thread 49" [_thread_blocked, id=2268, stack(0x00000000338a0000,0x00000000339a0000)]
  0x0000000027628800 JavaThread "Unconstrained build operations Thread 50" [_thread_blocked, id=8872, stack(0x0000000033b30000,0x0000000033c30000)]
  0x0000000027629000 JavaThread "Unconstrained build operations Thread 51" [_thread_blocked, id=11912, stack(0x0000000033a20000,0x0000000033b20000)]
  0x000000002762a000 JavaThread "Unconstrained build operations Thread 52" [_thread_blocked, id=7408, stack(0x0000000033c30000,0x0000000033d30000)]
  0x000000002c32d800 JavaThread "Unconstrained build operations Thread 53" [_thread_blocked, id=8340, stack(0x0000000033db0000,0x0000000033eb0000)]
  0x000000002c32e800 JavaThread "Unconstrained build operations Thread 54" [_thread_blocked, id=8520, stack(0x0000000033ec0000,0x0000000033fc0000)]
  0x000000002c32f800 JavaThread "Unconstrained build operations Thread 55" [_thread_blocked, id=12040, stack(0x0000000034150000,0x0000000034250000)]
  0x000000002c330000 JavaThread "Unconstrained build operations Thread 56" [_thread_blocked, id=10684, stack(0x0000000034340000,0x0000000034440000)]
  0x000000002c331000 JavaThread "Unconstrained build operations Thread 57" [_thread_blocked, id=11872, stack(0x0000000034530000,0x0000000034630000)]
  0x000000002c331800 JavaThread "Unconstrained build operations Thread 58" [_thread_blocked, id=10856, stack(0x00000000346e0000,0x00000000347e0000)]
  0x000000002c332800 JavaThread "Unconstrained build operations Thread 59" [_thread_blocked, id=5484, stack(0x0000000034050000,0x0000000034150000)]
  0x000000002c333800 JavaThread "Unconstrained build operations Thread 60" [_thread_blocked, id=8760, stack(0x0000000034830000,0x0000000034930000)]
  0x000000002c334000 JavaThread "Unconstrained build operations Thread 61" [_thread_blocked, id=12188, stack(0x0000000031e80000,0x0000000031f80000)]
  0x000000002683b000 JavaThread "Unconstrained build operations Thread 62" [_thread_blocked, id=9944, stack(0x0000000034ab0000,0x0000000034bb0000)]
  0x000000002683c000 JavaThread "Unconstrained build operations Thread 63" [_thread_blocked, id=10036, stack(0x0000000034c60000,0x0000000034d60000)]
  0x000000002683d000 JavaThread "Unconstrained build operations Thread 64" [_thread_blocked, id=4316, stack(0x0000000034930000,0x0000000034a30000)]
  0x000000002683d800 JavaThread "Unconstrained build operations Thread 65" [_thread_blocked, id=12208, stack(0x0000000034da0000,0x0000000034ea0000)]
  0x000000002683e800 JavaThread "Unconstrained build operations Thread 66" [_thread_blocked, id=6080, stack(0x0000000034eb0000,0x0000000034fb0000)]
  0x000000002683f800 JavaThread "Unconstrained build operations Thread 67" [_thread_blocked, id=11448, stack(0x0000000034fc0000,0x00000000350c0000)]
  0x0000000026840000 JavaThread "Unconstrained build operations Thread 68" [_thread_blocked, id=9788, stack(0x0000000035110000,0x0000000035210000)]
  0x0000000026841000 JavaThread "Unconstrained build operations Thread 69" [_thread_blocked, id=10248, stack(0x00000000353a0000,0x00000000354a0000)]
  0x0000000026842000 JavaThread "Unconstrained build operations Thread 70" [_thread_blocked, id=11024, stack(0x00000000352a0000,0x00000000353a0000)]
  0x000000002ba08800 JavaThread "Unconstrained build operations Thread 71" [_thread_blocked, id=4084, stack(0x00000000354b0000,0x00000000355b0000)]
  0x000000002ba09800 JavaThread "Unconstrained build operations Thread 72" [_thread_blocked, id=9208, stack(0x0000000035740000,0x0000000035840000)]
  0x000000002ba0a000 JavaThread "Unconstrained build operations Thread 73" [_thread_blocked, id=11336, stack(0x0000000035600000,0x0000000035700000)]
  0x000000002ba0b000 JavaThread "Unconstrained build operations Thread 74" [_thread_blocked, id=9956, stack(0x00000000335d0000,0x00000000336d0000)]
  0x000000002ba0b800 JavaThread "Unconstrained build operations Thread 75" [_thread_blocked, id=8504, stack(0x0000000035940000,0x0000000035a40000)]
  0x000000002ba0c800 JavaThread "Unconstrained build operations Thread 76" [_thread_blocked, id=8644, stack(0x0000000035af0000,0x0000000035bf0000)]
  0x000000002ba0d800 JavaThread "Unconstrained build operations Thread 77" [_thread_blocked, id=11292, stack(0x0000000035c60000,0x0000000035d60000)]
  0x000000002ba0e000 JavaThread "Unconstrained build operations Thread 78" [_thread_blocked, id=8656, stack(0x00000000375a0000,0x00000000376a0000)]
  0x000000002ba0f000 JavaThread "Unconstrained build operations Thread 79" [_thread_blocked, id=11472, stack(0x00000000386e0000,0x00000000387e0000)]
  0x0000000027942800 JavaThread "Unconstrained build operations Thread 80" [_thread_blocked, id=11584, stack(0x0000000037420000,0x0000000037520000)]
  0x0000000027943800 JavaThread "C2 CompilerThread1" daemon [_thread_in_native, id=11156, stack(0x0000000032a60000,0x0000000032b60000)]
  0x0000000027944800 JavaThread "build event listener" [_thread_blocked, id=1296, stack(0x00000000392a0000,0x00000000393a0000)]
  0x0000000027945000 JavaThread "Execution worker for ':'" [_thread_in_native, id=9716, stack(0x0000000039410000,0x0000000039510000)]
  0x0000000027946000 JavaThread "Execution worker for ':' Thread 2" [_thread_blocked, id=11664, stack(0x0000000039550000,0x0000000039650000)]
  0x0000000027946800 JavaThread "Execution worker for ':' Thread 3" [_thread_blocked, id=12240, stack(0x0000000039a00000,0x0000000039b00000)]
  0x0000000027947800 JavaThread "Execution worker for ':' Thread 4" [_thread_blocked, id=11556, stack(0x0000000038e60000,0x0000000038f60000)]
  0x0000000027948800 JavaThread "Execution worker for ':' Thread 5" [_thread_blocked, id=10720, stack(0x00000000396b0000,0x00000000397b0000)]
  0x0000000027949000 JavaThread "Execution worker for ':' Thread 6" [_thread_blocked, id=6292, stack(0x0000000037fd0000,0x00000000380d0000)]
  0x00000000259e2000 JavaThread "Execution worker for ':' Thread 7" [_thread_blocked, id=7520, stack(0x0000000036ca0000,0x0000000036da0000)]
  0x00000000259e3000 JavaThread "Cache worker for execution history cache (E:\workspace\vrace\.gradle\7.2\executionHistory)" [_thread_blocked, id=11372, stack(0x000000003af70000,0x000000003b070000)]

Other Threads:
  0x0000000022e4b800 VMThread "VM Thread" [stack: 0x0000000022f80000,0x0000000023080000] [id=11740]
  0x0000000023c6a000 WatcherThread [stack: 0x0000000024240000,0x0000000024340000] [id=8868]
  0x00000000004c8800 GCTaskThread "GC Thread#0" [stack: 0x0000000019e40000,0x0000000019f40000] [id=9224]
  0x0000000024abd800 GCTaskThread "GC Thread#1" [stack: 0x0000000024120000,0x0000000024220000] [id=10200]
  0x000000002532f800 GCTaskThread "GC Thread#2" [stack: 0x0000000025f80000,0x0000000026080000] [id=980]
  0x000000002630a800 GCTaskThread "GC Thread#3" [stack: 0x00000000286f0000,0x00000000287f0000] [id=11964]
  0x00000000275f0800 GCTaskThread "GC Thread#4" [stack: 0x0000000028920000,0x0000000028a20000] [id=10296]
  0x0000000024d26000 GCTaskThread "GC Thread#5" [stack: 0x0000000028c20000,0x0000000028d20000] [id=2808]
  0x0000000026ce8800 GCTaskThread "GC Thread#6" [stack: 0x0000000029a70000,0x0000000029b70000] [id=11376]
  0x00000000253d2800 GCTaskThread "GC Thread#7" [stack: 0x0000000029bf0000,0x0000000029cf0000] [id=11328]
  0x000000001f3c9000 ConcurrentGCThread "G1 Main Marker" [stack: 0x000000001f5a0000,0x000000001f6a0000] [id=7092]
  0x000000001f3cb800 ConcurrentGCThread "G1 Conc#0" [stack: 0x000000001f7c0000,0x000000001f8c0000] [id=6872]
  0x0000000026c7b800 ConcurrentGCThread "G1 Conc#1" [stack: 0x000000002a100000,0x000000002a200000] [id=6728]
  0x000000001f44c800 ConcurrentGCThread "G1 Refine#0" [stack: 0x00000000221f0000,0x00000000222f0000] [id=11608]
  0x000000001f44d800 ConcurrentGCThread "G1 Young RemSet Sampling" [stack: 0x00000000223f0000,0x00000000224f0000] [id=11968]

Threads with active compile tasks:
C2 CompilerThread018453       4       org.gradle.internal.operations.DefaultBuildOperationRunner::execute (140 bytes)
C2 CompilerThread118457   !   4       org.gradle.internal.operations.DefaultBuildOperationRunner$3::execute (110 bytes)

VM state:not at safepoint (normal execution)

VM Mutex/Monitor currently owned by a thread: None

Heap address: 0x0000000080000000, size: 2048 MB, Compressed Oops mode: 32-bit
Narrow klass base: 0x0000000000000000, Narrow klass shift: 3
Compressed class space size: 1073741824 Address: 0x000000013f820000

Heap:
 garbage-first heap   total 210944K, used 139972K [0x0000000080000000, 0x0000000100000000)
  region size 1024K, 8 young (8192K), 2 survivors (2048K)
 Metaspace       used 127988K, capacity 130918K, committed 131072K, reserved 1163264K
  class space    used 15575K, capacity 16634K, committed 16640K, reserved 1048576K
Heap Regions: E=young(eden), S=young(survivor), O=old, HS=humongous(starts), HC=humongous(continues), CS=collection set, F=free, A=archive, TAMS=top-at-mark-start (previous, next)
|   0|0x0000000080000000, 0x0000000080100000, 0x0000000080100000|100%| O|  |TAMS 0x0000000080100000, 0x0000000080000000| Untracked 
|   1|0x0000000080100000, 0x0000000080200000, 0x0000000080200000|100%| O|  |TAMS 0x0000000080200000, 0x0000000080100000| Untracked 
|   2|0x0000000080200000, 0x0000000080300000, 0x0000000080300000|100%| O|  |TAMS 0x0000000080300000, 0x0000000080200000| Untracked 
|   3|0x0000000080300000, 0x0000000080400000, 0x0000000080400000|100%|HS|  |TAMS 0x0000000080400000, 0x0000000080300000| Complete 
|   4|0x0000000080400000, 0x0000000080500000, 0x0000000080500000|100%|HC|  |TAMS 0x0000000080500000, 0x0000000080400000| Complete 
|   5|0x0000000080500000, 0x0000000080600000, 0x0000000080600000|100%|HC|  |TAMS 0x0000000080600000, 0x0000000080500000| Complete 
|   6|0x0000000080600000, 0x0000000080700000, 0x0000000080700000|100%| O|  |TAMS 0x0000000080700000, 0x0000000080600000| Untracked 
|   7|0x0000000080700000, 0x0000000080800000, 0x0000000080800000|100%| O|  |TAMS 0x0000000080800000, 0x0000000080700000| Untracked 
|   8|0x0000000080800000, 0x0000000080900000, 0x0000000080900000|100%| O|  |TAMS 0x0000000080900000, 0x0000000080800000| Untracked 
|   9|0x0000000080900000, 0x0000000080a00000, 0x0000000080a00000|100%| O|  |TAMS 0x0000000080a00000, 0x0000000080900000| Untracked 
|  10|0x0000000080a00000, 0x0000000080b00000, 0x0000000080b00000|100%| O|  |TAMS 0x0000000080b00000, 0x0000000080a00000| Untracked 
|  11|0x0000000080b00000, 0x0000000080c00000, 0x0000000080c00000|100%| O|  |TAMS 0x0000000080c00000, 0x0000000080b00000| Untracked 
|  12|0x0000000080c00000, 0x0000000080d00000, 0x0000000080d00000|100%| O|  |TAMS 0x0000000080d00000, 0x0000000080c00000| Untracked 
|  13|0x0000000080d00000, 0x0000000080e00000, 0x0000000080e00000|100%| O|  |TAMS 0x0000000080e00000, 0x0000000080d00000| Untracked 
|  14|0x0000000080e00000, 0x0000000080f00000, 0x0000000080f00000|100%| O|  |TAMS 0x0000000080f00000, 0x0000000080e00000| Untracked 
|  15|0x0000000080f00000, 0x0000000081000000, 0x0000000081000000|100%| O|  |TAMS 0x0000000081000000, 0x0000000080f00000| Untracked 
|  16|0x0000000081000000, 0x0000000081100000, 0x0000000081100000|100%| O|  |TAMS 0x0000000081100000, 0x0000000081000000| Untracked 
|  17|0x0000000081100000, 0x0000000081200000, 0x0000000081200000|100%| O|  |TAMS 0x0000000081200000, 0x0000000081100000| Untracked 
|  18|0x0000000081200000, 0x0000000081300000, 0x0000000081300000|100%| O|  |TAMS 0x0000000081300000, 0x0000000081200000| Untracked 
|  19|0x0000000081300000, 0x0000000081400000, 0x0000000081400000|100%| O|  |TAMS 0x0000000081400000, 0x0000000081300000| Untracked 
|  20|0x0000000081400000, 0x0000000081500000, 0x0000000081500000|100%| O|  |TAMS 0x0000000081500000, 0x0000000081400000| Untracked 
|  21|0x0000000081500000, 0x0000000081600000, 0x0000000081600000|100%| O|  |TAMS 0x0000000081600000, 0x0000000081500000| Untracked 
|  22|0x0000000081600000, 0x0000000081600000, 0x0000000081700000|  0%| F|  |TAMS 0x0000000081600000, 0x0000000081600000| Untracked 
|  23|0x0000000081700000, 0x0000000081800000, 0x0000000081800000|100%| O|  |TAMS 0x0000000081800000, 0x0000000081700000| Untracked 
|  24|0x0000000081800000, 0x0000000081900000, 0x0000000081900000|100%| O|  |TAMS 0x0000000081900000, 0x0000000081800000| Untracked 
|  25|0x0000000081900000, 0x0000000081a00000, 0x0000000081a00000|100%| O|  |TAMS 0x0000000081a00000, 0x0000000081900000| Untracked 
|  26|0x0000000081a00000, 0x0000000081b00000, 0x0000000081b00000|100%| O|  |TAMS 0x0000000081b00000, 0x0000000081a00000| Untracked 
|  27|0x0000000081b00000, 0x0000000081c00000, 0x0000000081c00000|100%| O|  |TAMS 0x0000000081c00000, 0x0000000081b00000| Untracked 
|  28|0x0000000081c00000, 0x0000000081d00000, 0x0000000081d00000|100%| O|  |TAMS 0x0000000081d00000, 0x0000000081c00000| Untracked 
|  29|0x0000000081d00000, 0x0000000081e00000, 0x0000000081e00000|100%|HS|  |TAMS 0x0000000081e00000, 0x0000000081d00000| Complete 
|  30|0x0000000081e00000, 0x0000000081f00000, 0x0000000081f00000|100%|HS|  |TAMS 0x0000000081f00000, 0x0000000081e00000| Complete 
|  31|0x0000000081f00000, 0x0000000082000000, 0x0000000082000000|100%|HS|  |TAMS 0x0000000082000000, 0x0000000081f00000| Complete 
|  32|0x0000000082000000, 0x0000000082100000, 0x0000000082100000|100%|HS|  |TAMS 0x0000000082100000, 0x0000000082000000| Complete 
|  33|0x0000000082100000, 0x0000000082200000, 0x0000000082200000|100%|HS|  |TAMS 0x0000000082200000, 0x0000000082100000| Complete 
|  34|0x0000000082200000, 0x0000000082300000, 0x0000000082300000|100%|HC|  |TAMS 0x0000000082300000, 0x0000000082200000| Complete 
|  35|0x0000000082300000, 0x0000000082400000, 0x0000000082400000|100%|HC|  |TAMS 0x0000000082400000, 0x0000000082300000| Complete 
|  36|0x0000000082400000, 0x0000000082500000, 0x0000000082500000|100%|HS|  |TAMS 0x0000000082500000, 0x0000000082400000| Complete 
|  37|0x0000000082500000, 0x0000000082600000, 0x0000000082600000|100%|HC|  |TAMS 0x0000000082600000, 0x0000000082500000| Complete 
|  38|0x0000000082600000, 0x0000000082700000, 0x0000000082700000|100%| O|  |TAMS 0x0000000082700000, 0x0000000082600000| Untracked 
|  39|0x0000000082700000, 0x0000000082800000, 0x0000000082800000|100%| O|  |TAMS 0x0000000082800000, 0x0000000082700000| Untracked 
|  40|0x0000000082800000, 0x0000000082900000, 0x0000000082900000|100%| O|  |TAMS 0x0000000082900000, 0x0000000082800000| Untracked 
|  41|0x0000000082900000, 0x0000000082a00000, 0x0000000082a00000|100%| O|  |TAMS 0x0000000082a00000, 0x0000000082900000| Untracked 
|  42|0x0000000082a00000, 0x0000000082b00000, 0x0000000082b00000|100%| O|  |TAMS 0x0000000082b00000, 0x0000000082a00000| Untracked 
|  43|0x0000000082b00000, 0x0000000082c00000, 0x0000000082c00000|100%| O|  |TAMS 0x0000000082c00000, 0x0000000082b00000| Untracked 
|  44|0x0000000082c00000, 0x0000000082d00000, 0x0000000082d00000|100%| O|  |TAMS 0x0000000082d00000, 0x0000000082c00000| Untracked 
|  45|0x0000000082d00000, 0x0000000082e00000, 0x0000000082e00000|100%| O|  |TAMS 0x0000000082e00000, 0x0000000082d00000| Untracked 
|  46|0x0000000082e00000, 0x0000000082f00000, 0x0000000082f00000|100%| O|  |TAMS 0x0000000082f00000, 0x0000000082e00000| Untracked 
|  47|0x0000000082f00000, 0x0000000083000000, 0x0000000083000000|100%| O|  |TAMS 0x0000000083000000, 0x0000000082f00000| Untracked 
|  48|0x0000000083000000, 0x0000000083100000, 0x0000000083100000|100%| O|  |TAMS 0x0000000083100000, 0x0000000083000000| Untracked 
|  49|0x0000000083100000, 0x0000000083200000, 0x0000000083200000|100%| O|  |TAMS 0x0000000083200000, 0x0000000083100000| Untracked 
|  50|0x0000000083200000, 0x0000000083300000, 0x0000000083300000|100%| O|  |TAMS 0x0000000083300000, 0x0000000083200000| Untracked 
|  51|0x0000000083300000, 0x0000000083400000, 0x0000000083400000|100%| O|  |TAMS 0x0000000083400000, 0x0000000083300000| Untracked 
|  52|0x0000000083400000, 0x0000000083500000, 0x0000000083500000|100%| O|  |TAMS 0x0000000083500000, 0x0000000083400000| Untracked 
|  53|0x0000000083500000, 0x0000000083600000, 0x0000000083600000|100%| O|  |TAMS 0x0000000083600000, 0x0000000083500000| Untracked 
|  54|0x0000000083600000, 0x0000000083700000, 0x0000000083700000|100%| O|  |TAMS 0x0000000083700000, 0x0000000083600000| Untracked 
|  55|0x0000000083700000, 0x0000000083800000, 0x0000000083800000|100%| O|  |TAMS 0x0000000083800000, 0x0000000083700000| Untracked 
|  56|0x0000000083800000, 0x0000000083900000, 0x0000000083900000|100%| O|  |TAMS 0x0000000083900000, 0x0000000083800000| Untracked 
|  57|0x0000000083900000, 0x0000000083a00000, 0x0000000083a00000|100%| O|  |TAMS 0x0000000083a00000, 0x0000000083900000| Untracked 
|  58|0x0000000083a00000, 0x0000000083b00000, 0x0000000083b00000|100%| O|  |TAMS 0x0000000083b00000, 0x0000000083a00000| Untracked 
|  59|0x0000000083b00000, 0x0000000083c00000, 0x0000000083c00000|100%| O|  |TAMS 0x0000000083c00000, 0x0000000083b00000| Untracked 
|  60|0x0000000083c00000, 0x0000000083d00000, 0x0000000083d00000|100%| O|  |TAMS 0x0000000083d00000, 0x0000000083c00000| Untracked 
|  61|0x0000000083d00000, 0x0000000083e00000, 0x0000000083e00000|100%| O|  |TAMS 0x0000000083e00000, 0x0000000083d00000| Untracked 
|  62|0x0000000083e00000, 0x0000000083f00000, 0x0000000083f00000|100%| O|  |TAMS 0x0000000083f00000, 0x0000000083e00000| Untracked 
|  63|0x0000000083f00000, 0x0000000084000000, 0x0000000084000000|100%| O|  |TAMS 0x0000000084000000, 0x0000000083f00000| Untracked 
|  64|0x0000000084000000, 0x0000000084100000, 0x0000000084100000|100%| O|  |TAMS 0x0000000084100000, 0x0000000084000000| Untracked 
|  65|0x0000000084100000, 0x0000000084200000, 0x0000000084200000|100%| O|  |TAMS 0x0000000084200000, 0x0000000084100000| Untracked 
|  66|0x0000000084200000, 0x0000000084300000, 0x0000000084300000|100%| O|  |TAMS 0x0000000084300000, 0x0000000084200000| Untracked 
|  67|0x0000000084300000, 0x0000000084400000, 0x0000000084400000|100%| O|  |TAMS 0x0000000084400000, 0x0000000084300000| Untracked 
|  68|0x0000000084400000, 0x0000000084500000, 0x0000000084500000|100%| O|  |TAMS 0x0000000084500000, 0x0000000084400000| Untracked 
|  69|0x0000000084500000, 0x0000000084600000, 0x0000000084600000|100%| O|  |TAMS 0x0000000084600000, 0x0000000084500000| Untracked 
|  70|0x0000000084600000, 0x0000000084700000, 0x0000000084700000|100%| O|  |TAMS 0x0000000084700000, 0x0000000084600000| Untracked 
|  71|0x0000000084700000, 0x0000000084800000, 0x0000000084800000|100%| O|  |TAMS 0x0000000084800000, 0x0000000084700000| Untracked 
|  72|0x0000000084800000, 0x0000000084900000, 0x0000000084900000|100%| O|  |TAMS 0x0000000084900000, 0x0000000084800000| Untracked 
|  73|0x0000000084900000, 0x0000000084a00000, 0x0000000084a00000|100%| O|  |TAMS 0x0000000084a00000, 0x0000000084900000| Untracked 
|  74|0x0000000084a00000, 0x0000000084b00000, 0x0000000084b00000|100%| O|  |TAMS 0x0000000084b00000, 0x0000000084a00000| Untracked 
|  75|0x0000000084b00000, 0x0000000084c00000, 0x0000000084c00000|100%| O|  |TAMS 0x0000000084c00000, 0x0000000084b00000| Untracked 
|  76|0x0000000084c00000, 0x0000000084d00000, 0x0000000084d00000|100%| O|  |TAMS 0x0000000084d00000, 0x0000000084c00000| Untracked 
|  77|0x0000000084d00000, 0x0000000084e00000, 0x0000000084e00000|100%| O|  |TAMS 0x0000000084e00000, 0x0000000084d00000| Untracked 
|  78|0x0000000084e00000, 0x0000000084f00000, 0x0000000084f00000|100%| O|  |TAMS 0x0000000084f00000, 0x0000000084e00000| Untracked 
|  79|0x0000000084f00000, 0x0000000085000000, 0x0000000085000000|100%|HS|  |TAMS 0x0000000085000000, 0x0000000084f00000| Complete 
|  80|0x0000000085000000, 0x0000000085100000, 0x0000000085100000|100%| O|  |TAMS 0x0000000085100000, 0x0000000085000000| Untracked 
|  81|0x0000000085100000, 0x0000000085200000, 0x0000000085200000|100%| O|  |TAMS 0x0000000085200000, 0x0000000085100000| Untracked 
|  82|0x0000000085200000, 0x0000000085300000, 0x0000000085300000|100%| O|  |TAMS 0x0000000085300000, 0x0000000085200000| Untracked 
|  83|0x0000000085300000, 0x0000000085400000, 0x0000000085400000|100%| O|  |TAMS 0x0000000085400000, 0x0000000085300000| Untracked 
|  84|0x0000000085400000, 0x0000000085400000, 0x0000000085500000|  0%| F|  |TAMS 0x0000000085400000, 0x0000000085400000| Untracked 
|  85|0x0000000085500000, 0x0000000085600000, 0x0000000085600000|100%| O|  |TAMS 0x0000000085600000, 0x0000000085500000| Untracked 
|  86|0x0000000085600000, 0x0000000085700000, 0x0000000085700000|100%| O|  |TAMS 0x0000000085700000, 0x0000000085600000| Untracked 
|  87|0x0000000085700000, 0x0000000085700000, 0x0000000085800000|  0%| F|  |TAMS 0x0000000085700000, 0x0000000085700000| Untracked 
|  88|0x0000000085800000, 0x0000000085900000, 0x0000000085900000|100%| O|  |TAMS 0x0000000085800000, 0x0000000085800000| Untracked 
|  89|0x0000000085900000, 0x0000000085900000, 0x0000000085a00000|  0%| F|  |TAMS 0x0000000085900000, 0x0000000085900000| Untracked 
|  90|0x0000000085a00000, 0x0000000085a00000, 0x0000000085b00000|  0%| F|  |TAMS 0x0000000085a00000, 0x0000000085a00000| Untracked 
|  91|0x0000000085b00000, 0x0000000085c00000, 0x0000000085c00000|100%| O|  |TAMS 0x0000000085c00000, 0x0000000085b00000| Untracked 
|  92|0x0000000085c00000, 0x0000000085d00000, 0x0000000085d00000|100%| O|  |TAMS 0x0000000085c00000, 0x0000000085c00000| Untracked 
|  93|0x0000000085d00000, 0x0000000085e00000, 0x0000000085e00000|100%| O|  |TAMS 0x0000000085e00000, 0x0000000085d00000| Untracked 
|  94|0x0000000085e00000, 0x0000000085e00000, 0x0000000085f00000|  0%| F|  |TAMS 0x0000000085e00000, 0x0000000085e00000| Untracked 
|  95|0x0000000085f00000, 0x0000000086000000, 0x0000000086000000|100%| O|  |TAMS 0x0000000086000000, 0x0000000085f00000| Untracked 
|  96|0x0000000086000000, 0x0000000086100000, 0x0000000086100000|100%| O|  |TAMS 0x0000000086100000, 0x0000000086000000| Untracked 
|  97|0x0000000086100000, 0x0000000086200000, 0x0000000086200000|100%| O|  |TAMS 0x0000000086200000, 0x0000000086100000| Untracked 
|  98|0x0000000086200000, 0x0000000086200000, 0x0000000086300000|  0%| F|  |TAMS 0x0000000086200000, 0x0000000086200000| Untracked 
|  99|0x0000000086300000, 0x0000000086300000, 0x0000000086400000|  0%| F|  |TAMS 0x0000000086300000, 0x0000000086300000| Untracked 
| 100|0x0000000086400000, 0x0000000086500000, 0x0000000086500000|100%| O|  |TAMS 0x0000000086500000, 0x0000000086400000| Untracked 
| 101|0x0000000086500000, 0x0000000086600000, 0x0000000086600000|100%| O|  |TAMS 0x0000000086600000, 0x0000000086500000| Untracked 
| 102|0x0000000086600000, 0x0000000086700000, 0x0000000086700000|100%| O|  |TAMS 0x0000000086700000, 0x0000000086600000| Untracked 
| 103|0x0000000086700000, 0x0000000086800000, 0x0000000086800000|100%| O|  |TAMS 0x0000000086800000, 0x0000000086700000| Untracked 
| 104|0x0000000086800000, 0x0000000086900000, 0x0000000086900000|100%| O|  |TAMS 0x0000000086900000, 0x0000000086800000| Untracked 
| 105|0x0000000086900000, 0x0000000086a00000, 0x0000000086a00000|100%| O|  |TAMS 0x0000000086a00000, 0x0000000086900000| Untracked 
| 106|0x0000000086a00000, 0x0000000086b00000, 0x0000000086b00000|100%| O|  |TAMS 0x0000000086b00000, 0x0000000086a00000| Untracked 
| 107|0x0000000086b00000, 0x0000000086c00000, 0x0000000086c00000|100%| O|  |TAMS 0x0000000086c00000, 0x0000000086b00000| Untracked 
| 108|0x0000000086c00000, 0x0000000086d00000, 0x0000000086d00000|100%|HS|  |TAMS 0x0000000086d00000, 0x0000000086c00000| Complete 
| 109|0x0000000086d00000, 0x0000000086e00000, 0x0000000086e00000|100%|HC|  |TAMS 0x0000000086e00000, 0x0000000086d00000| Complete 
| 110|0x0000000086e00000, 0x0000000086f00000, 0x0000000086f00000|100%|HC|  |TAMS 0x0000000086f00000, 0x0000000086e00000| Complete 
| 111|0x0000000086f00000, 0x0000000087000000, 0x0000000087000000|100%| O|  |TAMS 0x0000000087000000, 0x0000000086f00000| Untracked 
| 112|0x0000000087000000, 0x0000000087100000, 0x0000000087100000|100%| O|  |TAMS 0x0000000087100000, 0x0000000087000000| Untracked 
| 113|0x0000000087100000, 0x0000000087200000, 0x0000000087200000|100%| O|  |TAMS 0x0000000087200000, 0x0000000087100000| Untracked 
| 114|0x0000000087200000, 0x0000000087200000, 0x0000000087300000|  0%| F|  |TAMS 0x0000000087200000, 0x0000000087200000| Untracked 
| 115|0x0000000087300000, 0x0000000087400000, 0x0000000087400000|100%|HS|  |TAMS 0x0000000087400000, 0x0000000087300000| Complete 
| 116|0x0000000087400000, 0x0000000087500000, 0x0000000087500000|100%|HC|  |TAMS 0x0000000087500000, 0x0000000087400000| Complete 
| 117|0x0000000087500000, 0x0000000087600000, 0x0000000087600000|100%| O|  |TAMS 0x0000000087500000, 0x0000000087500000| Untracked 
| 118|0x0000000087600000, 0x0000000087700000, 0x0000000087700000|100%| O|  |TAMS 0x0000000087600000, 0x0000000087600000| Untracked 
| 119|0x0000000087700000, 0x0000000087700000, 0x0000000087800000|  0%| F|  |TAMS 0x0000000087700000, 0x0000000087700000| Untracked 
| 120|0x0000000087800000, 0x0000000087900000, 0x0000000087900000|100%| O|  |TAMS 0x0000000087900000, 0x0000000087800000| Untracked 
| 121|0x0000000087900000, 0x0000000087a00000, 0x0000000087a00000|100%| O|  |TAMS 0x0000000087a00000, 0x0000000087900000| Untracked 
| 122|0x0000000087a00000, 0x0000000087b00000, 0x0000000087b00000|100%| O|  |TAMS 0x0000000087b00000, 0x0000000087a00000| Untracked 
| 123|0x0000000087b00000, 0x0000000087c00000, 0x0000000087c00000|100%| O|  |TAMS 0x0000000087c00000, 0x0000000087b00000| Untracked 
| 124|0x0000000087c00000, 0x0000000087d00000, 0x0000000087d00000|100%| O|  |TAMS 0x0000000087d00000, 0x0000000087c00000| Untracked 
| 125|0x0000000087d00000, 0x0000000087e00000, 0x0000000087e00000|100%| O|  |TAMS 0x0000000087e00000, 0x0000000087d00000| Untracked 
| 126|0x0000000087e00000, 0x0000000087f00000, 0x0000000087f00000|100%| O|  |TAMS 0x0000000087f00000, 0x0000000087e00000| Untracked 
| 127|0x0000000087f00000, 0x0000000088000000, 0x0000000088000000|100%| O|  |TAMS 0x0000000088000000, 0x0000000087f00000| Untracked 
| 128|0x0000000088000000, 0x0000000088100000, 0x0000000088100000|100%| O|  |TAMS 0x0000000088100000, 0x0000000088000000| Untracked 
| 129|0x0000000088100000, 0x0000000088200000, 0x0000000088200000|100%| O|  |TAMS 0x0000000088200000, 0x0000000088100000| Untracked 
| 130|0x0000000088200000, 0x0000000088300000, 0x0000000088300000|100%| O|  |TAMS 0x0000000088300000, 0x0000000088200000| Untracked 
| 131|0x0000000088300000, 0x0000000088400000, 0x0000000088400000|100%| O|  |TAMS 0x0000000088400000, 0x0000000088300000| Untracked 
| 132|0x0000000088400000, 0x0000000088500000, 0x0000000088500000|100%| O|  |TAMS 0x0000000088500000, 0x0000000088400000| Untracked 
| 133|0x0000000088500000, 0x0000000088600000, 0x0000000088600000|100%| O|  |TAMS 0x0000000088600000, 0x0000000088500000| Untracked 
| 134|0x0000000088600000, 0x0000000088700000, 0x0000000088700000|100%| O|  |TAMS 0x00000000886b2c00, 0x0000000088600000| Untracked 
| 135|0x0000000088700000, 0x0000000088800000, 0x0000000088800000|100%| O|  |TAMS 0x0000000088700000, 0x0000000088700000| Untracked 
| 136|0x0000000088800000, 0x0000000088900000, 0x0000000088900000|100%| O|  |TAMS 0x0000000088800000, 0x0000000088800000| Untracked 
| 137|0x0000000088900000, 0x0000000088a00000, 0x0000000088a00000|100%| O|  |TAMS 0x0000000088900000, 0x0000000088900000| Untracked 
| 138|0x0000000088a00000, 0x0000000088b00000, 0x0000000088b00000|100%| O|  |TAMS 0x0000000088a00000, 0x0000000088a00000| Untracked 
| 139|0x0000000088b00000, 0x0000000088bb1200, 0x0000000088c00000| 69%| O|  |TAMS 0x0000000088b00000, 0x0000000088b00000| Untracked 
| 140|0x0000000088c00000, 0x0000000088c00000, 0x0000000088d00000|  0%| F|  |TAMS 0x0000000088c00000, 0x0000000088c00000| Untracked 
| 141|0x0000000088d00000, 0x0000000088d00000, 0x0000000088e00000|  0%| F|  |TAMS 0x0000000088d00000, 0x0000000088d00000| Untracked 
| 142|0x0000000088e00000, 0x0000000088e00000, 0x0000000088f00000|  0%| F|  |TAMS 0x0000000088e00000, 0x0000000088e00000| Untracked 
| 143|0x0000000088f00000, 0x0000000088f00000, 0x0000000089000000|  0%| F|  |TAMS 0x0000000088f00000, 0x0000000088f00000| Untracked 
| 144|0x0000000089000000, 0x0000000089000000, 0x0000000089100000|  0%| F|  |TAMS 0x0000000089000000, 0x0000000089000000| Untracked 
| 145|0x0000000089100000, 0x0000000089100000, 0x0000000089200000|  0%| F|  |TAMS 0x0000000089100000, 0x0000000089100000| Untracked 
| 146|0x0000000089200000, 0x0000000089200000, 0x0000000089300000|  0%| F|  |TAMS 0x0000000089200000, 0x0000000089200000| Untracked 
| 147|0x0000000089300000, 0x0000000089300000, 0x0000000089400000|  0%| F|  |TAMS 0x0000000089300000, 0x0000000089300000| Untracked 
| 148|0x0000000089400000, 0x0000000089400000, 0x0000000089500000|  0%| F|  |TAMS 0x0000000089400000, 0x0000000089400000| Untracked 
| 149|0x0000000089500000, 0x0000000089500000, 0x0000000089600000|  0%| F|  |TAMS 0x0000000089500000, 0x0000000089500000| Untracked 
| 150|0x0000000089600000, 0x0000000089600000, 0x0000000089700000|  0%| F|  |TAMS 0x0000000089600000, 0x0000000089600000| Untracked 
| 151|0x0000000089700000, 0x0000000089700000, 0x0000000089800000|  0%| F|  |TAMS 0x0000000089700000, 0x0000000089700000| Untracked 
| 152|0x0000000089800000, 0x0000000089800000, 0x0000000089900000|  0%| F|  |TAMS 0x0000000089800000, 0x0000000089800000| Untracked 
| 153|0x0000000089900000, 0x0000000089900000, 0x0000000089a00000|  0%| F|  |TAMS 0x0000000089900000, 0x0000000089900000| Untracked 
| 154|0x0000000089a00000, 0x0000000089a00000, 0x0000000089b00000|  0%| F|  |TAMS 0x0000000089a00000, 0x0000000089a00000| Untracked 
| 155|0x0000000089b00000, 0x0000000089b00000, 0x0000000089c00000|  0%| F|  |TAMS 0x0000000089b00000, 0x0000000089b00000| Untracked 
| 156|0x0000000089c00000, 0x0000000089c00000, 0x0000000089d00000|  0%| F|  |TAMS 0x0000000089c00000, 0x0000000089c00000| Untracked 
| 157|0x0000000089d00000, 0x0000000089d00000, 0x0000000089e00000|  0%| F|  |TAMS 0x0000000089d00000, 0x0000000089d00000| Untracked 
| 158|0x0000000089e00000, 0x0000000089e00000, 0x0000000089f00000|  0%| F|  |TAMS 0x0000000089e00000, 0x0000000089e00000| Untracked 
| 159|0x0000000089f00000, 0x0000000089f00000, 0x000000008a000000|  0%| F|  |TAMS 0x0000000089f00000, 0x0000000089f00000| Untracked 
| 160|0x000000008a000000, 0x000000008a000000, 0x000000008a100000|  0%| F|  |TAMS 0x000000008a000000, 0x000000008a000000| Untracked 
| 161|0x000000008a100000, 0x000000008a100000, 0x000000008a200000|  0%| F|  |TAMS 0x000000008a100000, 0x000000008a100000| Untracked 
| 162|0x000000008a200000, 0x000000008a200000, 0x000000008a300000|  0%| F|  |TAMS 0x000000008a200000, 0x000000008a200000| Untracked 
| 163|0x000000008a300000, 0x000000008a300000, 0x000000008a400000|  0%| F|  |TAMS 0x000000008a300000, 0x000000008a300000| Untracked 
| 164|0x000000008a400000, 0x000000008a400000, 0x000000008a500000|  0%| F|  |TAMS 0x000000008a400000, 0x000000008a400000| Untracked 
| 165|0x000000008a500000, 0x000000008a500000, 0x000000008a600000|  0%| F|  |TAMS 0x000000008a500000, 0x000000008a500000| Untracked 
| 166|0x000000008a600000, 0x000000008a600000, 0x000000008a700000|  0%| F|  |TAMS 0x000000008a600000, 0x000000008a600000| Untracked 
| 167|0x000000008a700000, 0x000000008a700000, 0x000000008a800000|  0%| F|  |TAMS 0x000000008a700000, 0x000000008a700000| Untracked 
| 168|0x000000008a800000, 0x000000008a800000, 0x000000008a900000|  0%| F|  |TAMS 0x000000008a800000, 0x000000008a800000| Untracked 
| 169|0x000000008a900000, 0x000000008a900000, 0x000000008aa00000|  0%| F|  |TAMS 0x000000008a900000, 0x000000008a900000| Untracked 
| 170|0x000000008aa00000, 0x000000008aa00000, 0x000000008ab00000|  0%| F|  |TAMS 0x000000008aa00000, 0x000000008aa00000| Untracked 
| 171|0x000000008ab00000, 0x000000008ab00000, 0x000000008ac00000|  0%| F|  |TAMS 0x000000008ab00000, 0x000000008ab00000| Untracked 
| 172|0x000000008ac00000, 0x000000008ac00000, 0x000000008ad00000|  0%| F|  |TAMS 0x000000008ac00000, 0x000000008ac00000| Untracked 
| 173|0x000000008ad00000, 0x000000008ad00000, 0x000000008ae00000|  0%| F|  |TAMS 0x000000008ad00000, 0x000000008ad00000| Untracked 
| 174|0x000000008ae00000, 0x000000008ae00000, 0x000000008af00000|  0%| F|  |TAMS 0x000000008ae00000, 0x000000008ae00000| Untracked 
| 175|0x000000008af00000, 0x000000008af00000, 0x000000008b000000|  0%| F|  |TAMS 0x000000008af00000, 0x000000008af00000| Untracked 
| 176|0x000000008b000000, 0x000000008b000000, 0x000000008b100000|  0%| F|  |TAMS 0x000000008b000000, 0x000000008b000000| Untracked 
| 177|0x000000008b100000, 0x000000008b100000, 0x000000008b200000|  0%| F|  |TAMS 0x000000008b100000, 0x000000008b100000| Untracked 
| 178|0x000000008b200000, 0x000000008b200000, 0x000000008b300000|  0%| F|  |TAMS 0x000000008b200000, 0x000000008b200000| Untracked 
| 179|0x000000008b300000, 0x000000008b300000, 0x000000008b400000|  0%| F|  |TAMS 0x000000008b300000, 0x000000008b300000| Untracked 
| 180|0x000000008b400000, 0x000000008b400000, 0x000000008b500000|  0%| F|  |TAMS 0x000000008b400000, 0x000000008b400000| Untracked 
| 181|0x000000008b500000, 0x000000008b500000, 0x000000008b600000|  0%| F|  |TAMS 0x000000008b500000, 0x000000008b500000| Untracked 
| 182|0x000000008b600000, 0x000000008b600000, 0x000000008b700000|  0%| F|  |TAMS 0x000000008b600000, 0x000000008b600000| Untracked 
| 183|0x000000008b700000, 0x000000008b700000, 0x000000008b800000|  0%| F|  |TAMS 0x000000008b700000, 0x000000008b700000| Untracked 
| 184|0x000000008b800000, 0x000000008b800000, 0x000000008b900000|  0%| F|  |TAMS 0x000000008b800000, 0x000000008b800000| Untracked 
| 185|0x000000008b900000, 0x000000008b900000, 0x000000008ba00000|  0%| F|  |TAMS 0x000000008b900000, 0x000000008b900000| Untracked 
| 186|0x000000008ba00000, 0x000000008ba00000, 0x000000008bb00000|  0%| F|  |TAMS 0x000000008ba00000, 0x000000008ba00000| Untracked 
| 187|0x000000008bb00000, 0x000000008bb00000, 0x000000008bc00000|  0%| F|  |TAMS 0x000000008bb00000, 0x000000008bb00000| Untracked 
| 188|0x000000008bc00000, 0x000000008bc00000, 0x000000008bd00000|  0%| F|  |TAMS 0x000000008bc00000, 0x000000008bc00000| Untracked 
| 189|0x000000008bd00000, 0x000000008bd00000, 0x000000008be00000|  0%| F|  |TAMS 0x000000008bd00000, 0x000000008bd00000| Untracked 
| 190|0x000000008be00000, 0x000000008be00000, 0x000000008bf00000|  0%| F|  |TAMS 0x000000008be00000, 0x000000008be00000| Untracked 
| 191|0x000000008bf00000, 0x000000008bf00000, 0x000000008c000000|  0%| F|  |TAMS 0x000000008bf00000, 0x000000008bf00000| Untracked 
| 192|0x000000008c000000, 0x000000008c000000, 0x000000008c100000|  0%| F|  |TAMS 0x000000008c000000, 0x000000008c000000| Untracked 
| 193|0x000000008c100000, 0x000000008c100000, 0x000000008c200000|  0%| F|  |TAMS 0x000000008c100000, 0x000000008c100000| Untracked 
| 194|0x000000008c200000, 0x000000008c200000, 0x000000008c300000|  0%| F|  |TAMS 0x000000008c200000, 0x000000008c200000| Untracked 
| 195|0x000000008c300000, 0x000000008c300000, 0x000000008c400000|  0%| F|  |TAMS 0x000000008c300000, 0x000000008c300000| Untracked 
| 196|0x000000008c400000, 0x000000008c400000, 0x000000008c500000|  0%| F|  |TAMS 0x000000008c400000, 0x000000008c400000| Untracked 
| 197|0x000000008c500000, 0x000000008c500000, 0x000000008c600000|  0%| F|  |TAMS 0x000000008c500000, 0x000000008c500000| Untracked 
| 198|0x000000008c600000, 0x000000008c6431c8, 0x000000008c700000| 26%| E|  |TAMS 0x000000008c600000, 0x000000008c600000| Complete 
| 199|0x000000008c700000, 0x000000008c800000, 0x000000008c800000|100%| S|CS|TAMS 0x000000008c700000, 0x000000008c700000| Complete 
| 200|0x000000008c800000, 0x000000008c900000, 0x000000008c900000|100%| S|CS|TAMS 0x000000008c800000, 0x000000008c800000| Complete 
| 201|0x000000008c900000, 0x000000008ca00000, 0x000000008ca00000|100%| E|CS|TAMS 0x000000008c900000, 0x000000008c900000| Complete 
| 202|0x000000008ca00000, 0x000000008cb00000, 0x000000008cb00000|100%| E|CS|TAMS 0x000000008ca00000, 0x000000008ca00000| Complete 
| 203|0x000000008cb00000, 0x000000008cc00000, 0x000000008cc00000|100%| E|CS|TAMS 0x000000008cb00000, 0x000000008cb00000| Complete 
| 204|0x000000008cc00000, 0x000000008cd00000, 0x000000008cd00000|100%| E|CS|TAMS 0x000000008cc00000, 0x000000008cc00000| Complete 
| 205|0x000000008cd00000, 0x000000008ce00000, 0x000000008ce00000|100%| E|CS|TAMS 0x000000008cd00000, 0x000000008cd00000| Complete 

Card table byte_map: [0x000000001abc0000,0x000000001afc0000] _byte_map_base: 0x000000001a7c0000

Marking Bits (Prev, Next): (CMBitMap*) 0x00000000004ef930, (CMBitMap*) 0x00000000004ef8f8
 Prev Bits: [0x000000001d3c0000, 0x000000001f3c0000)
 Next Bits: [0x000000001b3c0000, 0x000000001d3c0000)

Polling page: 0x0000000000360000

Metaspace:

Usage:
  Non-class:    111.61 MB capacity,   109.78 MB ( 98%) used,     1.49 MB (  1%) free+waste,   343.31 KB ( <1%) overhead. 
      Class:     16.24 MB capacity,    15.21 MB ( 94%) used,   910.92 KB (  5%) free+waste,   147.88 KB ( <1%) overhead. 
       Both:    127.85 MB capacity,   124.99 MB ( 98%) used,     2.38 MB (  2%) free+waste,   491.19 KB ( <1%) overhead. 

Virtual space:
  Non-class space:      112.00 MB reserved,     111.75 MB (>99%) committed 
      Class space:        1.00 GB reserved,      16.25 MB (  2%) committed 
             Both:        1.11 GB reserved,     128.00 MB ( 11%) committed 

Chunk freelists:
   Non-Class:  2.50 KB
       Class:  0 bytes
        Both:  2.50 KB

CodeHeap 'non-profiled nmethods': size=120000Kb used=12330Kb max_used=12330Kb free=107669Kb
 bounds [0x00000000127d0000, 0x00000000133e0000, 0x0000000019d00000]
CodeHeap 'profiled nmethods': size=120000Kb used=39630Kb max_used=39630Kb free=80369Kb
 bounds [0x000000000b2a0000, 0x000000000d970000, 0x00000000127d0000]
CodeHeap 'non-nmethods': size=5760Kb used=2358Kb max_used=2418Kb free=3401Kb
 bounds [0x000000000ad00000, 0x000000000af70000, 0x000000000b2a0000]
 total_blobs=24626 nmethods=16938 adapters=906
 compilation: enabled
              stopped_count=0, restarted_count=0
 full_count=0

Compilation events (10 events):
Event: 363.563 Thread 0x0000000022e70000 18453       4       org.gradle.internal.operations.DefaultBuildOperationRunner::execute (140 bytes)
Event: 363.563 Thread 0x0000000022e78800 18452       1       com.android.build.api.artifact.impl.SingleInitialProviderRequestImpl::access$getArtifactsImpl$p (5 bytes)
Event: 363.563 Thread 0x0000000022e78800 nmethod 18452 0x00000000133d7d90 code [0x00000000133d7f40, 0x00000000133d8038]
Event: 363.576 Thread 0x0000000027943800 18454       4       org.gradle.internal.operations.BuildOperationDescriptor$Builder::build (54 bytes)
Event: 363.579 Thread 0x0000000027943800 nmethod 18454 0x00000000133d8110 code [0x00000000133d82c0, 0x00000000133d8498]
Event: 363.579 Thread 0x0000000027943800 18455       4       org.gradle.api.internal.provider.Collectors$ElementFromProvider::isProvidedBy (9 bytes)
Event: 363.580 Thread 0x0000000027943800 nmethod 18455 0x00000000133d8610 code [0x00000000133d87a0, 0x00000000133d8838]
Event: 363.580 Thread 0x0000000027943800 18456       4       org.gradle.internal.logging.progress.DefaultProgressLoggerFactory$ProgressLoggerImpl::assertNotStarted (63 bytes)
Event: 363.581 Thread 0x0000000027943800 nmethod 18456 0x00000000133d8910 code [0x00000000133d8aa0, 0x00000000133d8b38]
Event: 363.582 Thread 0x0000000027943800 18457   !   4       org.gradle.internal.operations.DefaultBuildOperationRunner$3::execute (110 bytes)

GC Heap History (10 events):
Event: 198.598 GC heap before
{Heap before GC invocations=77 (full 0):
 garbage-first heap   total 210944K, used 173391K [0x0000000080000000, 0x0000000100000000)
  region size 1024K, 52 young (53248K), 2 survivors (2048K)
 Metaspace       used 119723K, capacity 122462K, committed 122752K, reserved 1157120K
  class space    used 14639K, capacity 15649K, committed 15744K, reserved 1048576K
}
Event: 198.655 GC heap after
{Heap after GC invocations=78 (full 0):
 garbage-first heap   total 210944K, used 133362K [0x0000000080000000, 0x0000000100000000)
  region size 1024K, 7 young (7168K), 7 survivors (7168K)
 Metaspace       used 119723K, capacity 122462K, committed 122752K, reserved 1157120K
  class space    used 14639K, capacity 15649K, committed 15744K, reserved 1048576K
}
Event: 200.224 GC heap before
{Heap before GC invocations=78 (full 0):
 garbage-first heap   total 210944K, used 171250K [0x0000000080000000, 0x0000000100000000)
  region size 1024K, 45 young (46080K), 7 survivors (7168K)
 Metaspace       used 124917K, capacity 127755K, committed 128000K, reserved 1161216K
  class space    used 15307K, capacity 16324K, committed 16384K, reserved 1048576K
}
Event: 200.304 GC heap after
{Heap after GC invocations=79 (full 0):
 garbage-first heap   total 210944K, used 137734K [0x0000000080000000, 0x0000000100000000)
  region size 1024K, 4 young (4096K), 4 survivors (4096K)
 Metaspace       used 124917K, capacity 127755K, committed 128000K, reserved 1161216K
  class space    used 15307K, capacity 16324K, committed 16384K, reserved 1048576K
}
Event: 214.658 GC heap before
{Heap before GC invocations=79 (full 0):
 garbage-first heap   total 210944K, used 175622K [0x0000000080000000, 0x0000000100000000)
  region size 1024K, 41 young (41984K), 4 survivors (4096K)
 Metaspace       used 127303K, capacity 130216K, committed 130304K, reserved 1163264K
  class space    used 15566K, capacity 16617K, committed 16640K, reserved 1048576K
}
Event: 214.713 GC heap after
{Heap after GC invocations=80 (full 0):
 garbage-first heap   total 210944K, used 138397K [0x0000000080000000, 0x0000000100000000)
  region size 1024K, 3 young (3072K), 3 survivors (3072K)
 Metaspace       used 127303K, capacity 130216K, committed 130304K, reserved 1163264K
  class space    used 15566K, capacity 16617K, committed 16640K, reserved 1048576K
}
Event: 363.142 GC heap before
{Heap before GC invocations=81 (full 0):
 garbage-first heap   total 210944K, used 173213K [0x0000000080000000, 0x0000000100000000)
  region size 1024K, 40 young (40960K), 3 survivors (3072K)
 Metaspace       used 127803K, capacity 130761K, committed 130816K, reserved 1163264K
  class space    used 15571K, capacity 16628K, committed 16640K, reserved 1048576K
}
Event: 363.156 GC heap after
{Heap after GC invocations=82 (full 0):
 garbage-first heap   total 210944K, used 140036K [0x0000000080000000, 0x0000000100000000)
  region size 1024K, 5 young (5120K), 5 survivors (5120K)
 Metaspace       used 127803K, capacity 130761K, committed 130816K, reserved 1163264K
  class space    used 15571K, capacity 16628K, committed 16640K, reserved 1048576K
}
Event: 363.394 GC heap before
{Heap before GC invocations=82 (full 0):
 garbage-first heap   total 210944K, used 144132K [0x0000000080000000, 0x0000000100000000)
  region size 1024K, 10 young (10240K), 5 survivors (5120K)
 Metaspace       used 127890K, capacity 130834K, committed 131072K, reserved 1163264K
  class space    used 15572K, capacity 16629K, committed 16640K, reserved 1048576K
}
Event: 363.451 GC heap after
{Heap after GC invocations=83 (full 0):
 garbage-first heap   total 210944K, used 134852K [0x0000000080000000, 0x0000000100000000)
  region size 1024K, 2 young (2048K), 2 survivors (2048K)
 Metaspace       used 127890K, capacity 130834K, committed 131072K, reserved 1163264K
  class space    used 15572K, capacity 16629K, committed 16640K, reserved 1048576K
}

Deoptimization events (10 events):
Event: 362.682 Thread 0x0000000023c3a000 Uncommon trap: reason=class_check action=maybe_recompile pc=0x0000000012f864f4 method=com.google.common.collect.Iterables.castOrCopyToCollection(Ljava/lang/Iterable;)Ljava/util/Collection; @ 1 c2
Event: 362.683 Thread 0x0000000023c3a000 Uncommon trap: reason=unstable_if action=reinterpret pc=0x0000000012f7c680 method=com.google.common.collect.ImmutableSet$SetBuilderImpl.ensureCapacity(I)V @ 6 c2
Event: 362.683 Thread 0x0000000023c3a000 Uncommon trap: reason=unstable_if action=reinterpret pc=0x0000000012f7c97c method=com.google.common.collect.ImmutableSet$RegularSetBuilderImpl.ensureTableCapacity(I)V @ 5 c2
Event: 362.685 Thread 0x0000000023c3a000 Uncommon trap: reason=unstable_if action=reinterpret pc=0x00000000130c1d30 method=com.google.common.collect.RegularImmutableMap.fromEntryArray(I[Ljava/util/Map$Entry;)Lcom/google/common/collect/ImmutableMap; @ 21 c2
Event: 362.972 Thread 0x0000000023c3a000 Uncommon trap: reason=class_check action=maybe_recompile pc=0x0000000012f864f4 method=com.google.common.collect.Iterables.castOrCopyToCollection(Ljava/lang/Iterable;)Ljava/util/Collection; @ 1 c2
Event: 362.981 Thread 0x0000000023c3a000 Uncommon trap: reason=class_check action=maybe_recompile pc=0x0000000012f864f4 method=com.google.common.collect.Iterables.castOrCopyToCollection(Ljava/lang/Iterable;)Ljava/util/Collection; @ 1 c2
Event: 362.985 Thread 0x0000000023c3a000 Uncommon trap: reason=class_check action=maybe_recompile pc=0x0000000012f864f4 method=com.google.common.collect.Iterables.castOrCopyToCollection(Ljava/lang/Iterable;)Ljava/util/Collection; @ 1 c2
Event: 363.174 Thread 0x0000000023c3a000 Uncommon trap: reason=bimorphic_or_optimized_type_check action=maybe_recompile pc=0x00000000131c40a0 method=kotlin.collections.CollectionsKt___CollectionsKt.sorted(Ljava/lang/Iterable;)Ljava/util/List; @ 18 c2
Event: 363.186 Thread 0x0000000023c3a000 Uncommon trap: reason=profile_predicate action=maybe_recompile pc=0x00000000130b9068 method=com.google.common.base.Splitter$SplittingIterator.computeNext()Ljava/lang/String; @ 137 c2
Event: 363.186 Thread 0x0000000023c3a000 Uncommon trap: reason=profile_predicate action=maybe_recompile pc=0x00000000130b9068 method=com.google.common.base.Splitter$SplittingIterator.computeNext()Ljava/lang/String; @ 137 c2

Classes redefined (0 events):
No events

Internal exceptions (10 events):
Event: 202.575 Thread 0x0000000023c38800 Exception <a 'java/lang/NoSuchMethodError'{0x000000008a943100}: <clinit>> (0x000000008a943100) thrown at [t:/workspace/open/src/hotspot/share/prims/jni.cpp, line 1364]
Event: 361.676 Thread 0x0000000023c3a000 Implicit null exception at 0x00000000130aab56 to 0x00000000130aae16
Event: 361.676 Thread 0x0000000023c3a000 Implicit null exception at 0x00000000128b0962 to 0x00000000128b14e6
Event: 361.676 Thread 0x0000000023c3a000 Implicit null exception at 0x0000000012beeec5 to 0x0000000012bf067a
Event: 362.776 Thread 0x0000000023c3a000 Exception <a 'sun/nio/fs/WindowsException'{0x000000008b1d06f8}> (0x000000008b1d06f8) thrown at [t:/workspace/open/src/hotspot/share/prims/jni.cpp, line 615]
Event: 363.314 Thread 0x0000000023c3a000 Exception <a 'sun/nio/fs/WindowsException'{0x000000008c9cf0f8}> (0x000000008c9cf0f8) thrown at [t:/workspace/open/src/hotspot/share/prims/jni.cpp, line 615]
Event: 363.473 Thread 0x0000000023c3a000 Exception <a 'sun/nio/fs/WindowsException'{0x000000008cd77810}> (0x000000008cd77810) thrown at [t:/workspace/open/src/hotspot/share/prims/jni.cpp, line 615]
Event: 363.474 Thread 0x0000000023c3a000 Exception <a 'sun/nio/fs/WindowsException'{0x000000008cd78a88}> (0x000000008cd78a88) thrown at [t:/workspace/open/src/hotspot/share/prims/jni.cpp, line 615]
Event: 363.474 Thread 0x0000000023c3a000 Exception <a 'sun/nio/fs/WindowsException'{0x000000008cd79da8}> (0x000000008cd79da8) thrown at [t:/workspace/open/src/hotspot/share/prims/jni.cpp, line 615]
Event: 363.474 Thread 0x0000000023c3a000 Exception <a 'sun/nio/fs/WindowsException'{0x000000008cd7b0c8}> (0x000000008cd7b0c8) thrown at [t:/workspace/open/src/hotspot/share/prims/jni.cpp, line 615]

Events (10 events):
Event: 363.187 Executing VM operation: RevokeBias
Event: 363.188 Executing VM operation: RevokeBias done
Event: 363.215 Executing VM operation: BulkRevokeBias
Event: 363.216 Executing VM operation: BulkRevokeBias done
Event: 363.311 Executing VM operation: RevokeBias
Event: 363.311 Executing VM operation: RevokeBias done
Event: 363.316 Executing VM operation: RevokeBias
Event: 363.316 Executing VM operation: RevokeBias done
Event: 363.394 Executing VM operation: G1CollectForAllocation
Event: 363.451 Executing VM operation: G1CollectForAllocation done


Dynamic libraries:
0x000000013f7c0000 - 0x000000013f805000 	C:\Program Files\Java\jdk-11\bin\java.exe
0x00000000773e0000 - 0x000000007758a000 	C:\Windows\SYSTEM32\ntdll.dll
0x00000000771c0000 - 0x00000000772df000 	C:\Windows\system32\kernel32.dll
0x000007fefd220000 - 0x000007fefd28b000 	C:\Windows\system32\KERNELBASE.dll
0x000007fef9550000 - 0x000007fef95ce000 	C:\Windows\AppPatch\apppatch64\ummon.dll
0x000007fefdda0000 - 0x000007fefde7b000 	C:\Windows\system32\ADVAPI32.dll
0x000007fefd8d0000 - 0x000007fefd96f000 	C:\Windows\system32\msvcrt.dll
0x000007fefdd80000 - 0x000007fefdd9f000 	C:\Windows\SYSTEM32\sechost.dll
0x000007feff230000 - 0x000007feff35d000 	C:\Windows\system32\RPCRT4.dll
0x00000000772e0000 - 0x00000000773da000 	C:\Windows\system32\USER32.dll
0x000007fefdc00000 - 0x000007fefdc67000 	C:\Windows\system32\GDI32.dll
0x000007fefec10000 - 0x000007fefec1e000 	C:\Windows\system32\LPK.dll
0x000007fefec20000 - 0x000007fefecea000 	C:\Windows\system32\USP10.dll
0x000007fefef50000 - 0x000007feff153000 	C:\Windows\system32\ole32.dll
0x000007fefd520000 - 0x000007fefd5f7000 	C:\Windows\system32\OLEAUT32.dll
0x000007fefd2d0000 - 0x000007fefd43d000 	C:\Windows\system32\CRYPT32.dll
0x000007fefd160000 - 0x000007fefd16f000 	C:\Windows\system32\MSASN1.dll
0x000007fefb880000 - 0x000007fefba74000 	C:\Windows\WinSxS\amd64_microsoft.windows.common-controls_6595b64144ccf1df_6.0.7601.18837_none_fa3b1e3d17594757\COMCTL32.dll
0x000007feff160000 - 0x000007feff1d1000 	C:\Windows\system32\SHLWAPI.dll
0x000007feff1e0000 - 0x000007feff20e000 	C:\Windows\system32\IMM32.DLL
0x000007fefdc70000 - 0x000007fefdd79000 	C:\Windows\system32\MSCTF.dll
0x000007fefc1f0000 - 0x000007fefc1f3000 	C:\Windows\system32\api-ms-win-core-synch-l1-2-0.DLL
0x000007fef60d0000 - 0x000007fef60e6000 	C:\Program Files\Java\jdk-11\bin\vcruntime140.dll
0x000007fefa960000 - 0x000007fefa964000 	C:\Program Files\Java\jdk-11\bin\api-ms-win-crt-runtime-l1-1-0.dll
0x000007fee4460000 - 0x000007fee4556000 	C:\Program Files\Java\jdk-11\bin\ucrtbase.DLL
0x000007fef60c0000 - 0x000007fef60c3000 	C:\Program Files\Java\jdk-11\bin\api-ms-win-core-localization-l1-2-0.dll
0x000007fef6090000 - 0x000007fef6093000 	C:\Program Files\Java\jdk-11\bin\api-ms-win-core-processthreads-l1-1-1.dll
0x000007fef6080000 - 0x000007fef6083000 	C:\Program Files\Java\jdk-11\bin\api-ms-win-core-file-l1-2-0.dll
0x000007fef6070000 - 0x000007fef6073000 	C:\Program Files\Java\jdk-11\bin\api-ms-win-core-timezone-l1-1-0.dll
0x000007fef4ab0000 - 0x000007fef4ab3000 	C:\Program Files\Java\jdk-11\bin\api-ms-win-core-file-l2-1-0.dll
0x000007fef4aa0000 - 0x000007fef4aa4000 	C:\Program Files\Java\jdk-11\bin\api-ms-win-crt-string-l1-1-0.dll
0x000007fef49b0000 - 0x000007fef49b3000 	C:\Program Files\Java\jdk-11\bin\api-ms-win-crt-heap-l1-1-0.dll
0x000007fef08e0000 - 0x000007fef08e4000 	C:\Program Files\Java\jdk-11\bin\api-ms-win-crt-stdio-l1-1-0.dll
0x000007fef06f0000 - 0x000007fef06f4000 	C:\Program Files\Java\jdk-11\bin\api-ms-win-crt-convert-l1-1-0.dll
0x000007fee47c0000 - 0x000007fee486a000 	C:\Program Files\Java\jdk-11\bin\msvcp140.dll
0x000007fef06e0000 - 0x000007fef06e3000 	C:\Program Files\Java\jdk-11\bin\api-ms-win-crt-locale-l1-1-0.dll
0x000007fef06d0000 - 0x000007fef06d5000 	C:\Program Files\Java\jdk-11\bin\api-ms-win-crt-math-l1-1-0.dll
0x000007fef06c0000 - 0x000007fef06c5000 	C:\Program Files\Java\jdk-11\bin\api-ms-win-crt-multibyte-l1-1-0.dll
0x000007fef06b0000 - 0x000007fef06b3000 	C:\Program Files\Java\jdk-11\bin\api-ms-win-crt-time-l1-1-0.dll
0x000007fee7350000 - 0x000007fee7353000 	C:\Program Files\Java\jdk-11\bin\api-ms-win-crt-filesystem-l1-1-0.dll
0x000007fee7340000 - 0x000007fee7343000 	C:\Program Files\Java\jdk-11\bin\api-ms-win-crt-environment-l1-1-0.dll
0x000007fee7330000 - 0x000007fee7333000 	C:\Program Files\Java\jdk-11\bin\api-ms-win-crt-utility-l1-1-0.dll
0x000007fec0310000 - 0x000007fec0e51000 	C:\Program Files\Java\jdk-11\bin\server\jvm.dll
0x000007fef5530000 - 0x000007fef5539000 	C:\Windows\system32\WSOCK32.dll
0x000007feff410000 - 0x000007feff45d000 	C:\Windows\system32\WS2_32.dll
0x000007feff400000 - 0x000007feff408000 	C:\Windows\system32\NSI.dll
0x000007fefab90000 - 0x000007fefabcb000 	C:\Windows\system32\WINMM.dll
0x000007fefc0f0000 - 0x000007fefc0fc000 	C:\Windows\system32\VERSION.dll
0x00000000775a0000 - 0x00000000775a7000 	C:\Windows\system32\PSAPI.DLL
0x000007fee7090000 - 0x000007fee70a1000 	C:\Program Files\Java\jdk-11\bin\verify.dll
0x000007fef6490000 - 0x000007fef65b5000 	C:\Windows\system32\DBGHELP.DLL
0x000007fee6b30000 - 0x000007fee6b58000 	C:\Program Files\Java\jdk-11\bin\java.dll
0x000007fee6b10000 - 0x000007fee6b26000 	C:\Program Files\Java\jdk-11\bin\zip.dll
0x000007fee7320000 - 0x000007fee732a000 	C:\Program Files\Java\jdk-11\bin\jimage.dll
0x000007fefde80000 - 0x000007fefec0a000 	C:\Windows\system32\SHELL32.dll
0x000007fefd170000 - 0x000007fefd17f000 	C:\Windows\system32\profapi.dll
0x000007fee5c30000 - 0x000007fee5c49000 	C:\Program Files\Java\jdk-11\bin\net.dll
0x000007fef6eb0000 - 0x000007fef6f21000 	C:\Windows\system32\WINHTTP.dll
0x000007fef6e20000 - 0x000007fef6e84000 	C:\Windows\system32\webio.dll
0x000007fefc940000 - 0x000007fefc995000 	C:\Windows\system32\mswsock.dll
0x000007fefc930000 - 0x000007fefc937000 	C:\Windows\System32\wship6.dll
0x000007fee5790000 - 0x000007fee57a3000 	C:\Program Files\Java\jdk-11\bin\nio.dll
0x000007fef4a70000 - 0x000007fef4a97000 	C:\Users\Vlad\.gradle\native\e1d6ef7f7dcc3fd88c89a11ec53ec762bb8ba0a96d01ffa2cd45eb1d1d8dd5c5\windows-amd64\native-platform.dll
0x000007fee5c20000 - 0x000007fee5c29000 	C:\Program Files\Java\jdk-11\bin\management.dll
0x000007fee5780000 - 0x000007fee578c000 	C:\Program Files\Java\jdk-11\bin\management_ext.dll
0x000007fefc9a0000 - 0x000007fefc9b8000 	C:\Windows\system32\CRYPTSP.dll
0x000007fefc6a0000 - 0x000007fefc6e7000 	C:\Windows\system32\rsaenh.dll
0x000007fefd490000 - 0x000007fefd4ae000 	C:\Windows\system32\USERENV.dll
0x000007fefd000000 - 0x000007fefd00f000 	C:\Windows\system32\CRYPTBASE.dll
0x000007fefa6b0000 - 0x000007fefa6d7000 	C:\Windows\system32\IPHLPAPI.DLL
0x000007fefa680000 - 0x000007fefa68b000 	C:\Windows\system32\WINNSI.DLL
0x000007fef9430000 - 0x000007fef9441000 	C:\Windows\system32\dhcpcsvc6.DLL
0x000007fef9410000 - 0x000007fef9428000 	C:\Windows\system32\dhcpcsvc.DLL
0x000007fefcfa0000 - 0x000007fefcff7000 	C:\Windows\system32\apphelp.dll
0x000007fee5760000 - 0x000007fee577e000 	C:\Users\Vlad\AppData\Local\Temp\native-platform8119376219294683764dir\native-platform.dll
0x000007fee5750000 - 0x000007fee5757000 	C:\Program Files\Java\jdk-11\bin\rmi.dll
0x0000000066e00000 - 0x0000000066f03000 	C:\Users\Vlad\AppData\Local\Temp\sqlite-3.25.2-2799e83d-d587-4eb2-abd5-8b3b25083d9b-sqlitejdbc.dll

dbghelp: loaded successfully - version: 4.0.5 - missing functions: none
symbol engine: initialized successfully - sym options: 0x614 - pdb path: .;C:\Program Files\Java\jdk-11\bin;C:\Windows\SYSTEM32;C:\Windows\AppPatch\apppatch64;C:\Windows\WinSxS\amd64_microsoft.windows.common-controls_6595b64144ccf1df_6.0.7601.18837_none_fa3b1e3d17594757;C:\Program Files\Java\jdk-11\bin\server;C:\Users\Vlad\.gradle\native\e1d6ef7f7dcc3fd88c89a11ec53ec762bb8ba0a96d01ffa2cd45eb1d1d8dd5c5\windows-amd64;C:\Users\Vlad\AppData\Local\Temp\native-platform8119376219294683764dir;C:\Users\Vlad\AppData\Local\Temp

VM Arguments:
jvm_args: --add-opens=java.base/java.util=ALL-UNNAMED --add-opens=java.base/java.lang=ALL-UNNAMED --add-opens=java.base/java.lang.invoke=ALL-UNNAMED --add-opens=java.base/java.util=ALL-UNNAMED --add-opens=java.prefs/java.util.prefs=ALL-UNNAMED --add-opens=java.prefs/java.util.prefs=ALL-UNNAMED --add-opens=java.base/java.nio.charset=ALL-UNNAMED --add-opens=java.base/java.net=ALL-UNNAMED --add-opens=java.base/java.util.concurrent.atomic=ALL-UNNAMED -Xmx2048m -Dfile.encoding=UTF-8 -Duser.country=RU -Duser.language=ru -Duser.variant 
java_command: org.gradle.launcher.daemon.bootstrap.GradleDaemon 7.2
java_class_path (initial): C:\Users\Vlad\.gradle\wrapper\dists\gradle-7.2-bin\2dnblmf4td7x66yl1d74lt32g\gradle-7.2\lib\gradle-launcher-7.2.jar
Launcher Type: SUN_STANDARD

[Global flags]
     intx CICompilerCount                          = 4                                         {product} {ergonomic}
     uint ConcGCThreads                            = 2                                         {product} {ergonomic}
     uint G1ConcRefinementThreads                  = 8                                         {product} {ergonomic}
   size_t G1HeapRegionSize                         = 1048576                                   {product} {ergonomic}
    uintx GCDrainStackTargetSize                   = 64                                        {product} {ergonomic}
   size_t InitialHeapSize                          = 100663296                                 {product} {ergonomic}
   size_t MarkStackSize                            = 4194304                                   {product} {ergonomic}
   size_t MaxHeapSize                              = 2147483648                                {product} {command line}
   size_t MaxNewSize                               = 1287651328                                {product} {ergonomic}
   size_t MinHeapDeltaBytes                        = 1048576                                   {product} {ergonomic}
    uintx NonNMethodCodeHeapSize                   = 5835340                                {pd product} {ergonomic}
    uintx NonProfiledCodeHeapSize                  = 122911450                              {pd product} {ergonomic}
    uintx ProfiledCodeHeapSize                     = 122911450                              {pd product} {ergonomic}
    uintx ReservedCodeCacheSize                    = 251658240                              {pd product} {ergonomic}
     bool SegmentedCodeCache                       = true                                      {product} {ergonomic}
     bool UseCompressedClassPointers               = true                                 {lp64_product} {ergonomic}
     bool UseCompressedOops                        = true                                 {lp64_product} {ergonomic}
     bool UseG1GC                                  = true                                      {product} {ergonomic}
     bool UseLargePagesIndividualAllocation        = false                                  {pd product} {ergonomic}

Logging:
Log output configuration:
 #0: stdout all=warning uptime,level,tags
 #1: stderr all=off uptime,level,tags

Environment Variables:
JAVA_HOME=C:\Program Files\Java\jdk-11
PATH=C:\Python27\;C:\Python27\Scripts;C:\Program Files (x86)\Common Files\Oracle\Java\javapath;C:\ProgramData\Oracle\Java\javapath;C:\Windows\system32;C:\Windows;C:\Windows\System32\Wbem;C:\Windows\System32\WindowsPowerShell\v1.0\;c:\php;C:\Program Files\Common Files\Autodesk Shared\;C:\Program Files (x86)\Common Files\Acronis\SnapAPI\;C:\Program Files\LuxRender;C:\Program Files (x86)\EasyFrom Inc\;c:\Program Files\Java\jdk1.8.0_60\bin;C:\Program Files (x86)\NVIDIA Corporation\PhysX\Common;C:\Program Files (x86)\OpenSSH\bin;%LUXRENDER_ROOT%;c:\Program Files\Java\jdk-10.0.1\bin;C:\Program Files\Git\cmd;C:\Users\Vlad\AppData\Roaming\nvm;C:\Program Files\nodejs;C:\Program Files\PostgreSQL\9.5\bin;;C:\ProgramData\ComposerSetup\bin;C:\Program Files\dotnet\;C:\Program Files (x86)\GnuWin32\bin;C:\Program Files (x86)\Kaspersky Lab\Endpoint Agent\;C:\Program Files (x86)\EOS\PB10DK\;C:\Program Files (x86)\EOS\PB10DK\;C:\Users\Vlad\AppData\Local\Programs\Microsoft VS Code\bin;E:\IntelliJ\bin;C:\Users\Vlad\AppData\Roaming\nvm;C:\Hugo\bin;C:\Users\Vlad\AppData\Roaming\npm;C:\Users\Vlad\AppData\Roaming\Composer\vendor\bin;%NVM_HOME%;%NVM_SYMLINK%;%USERPROFILE%\.dotnet\tools;C:\Program Files (x86)\GnuWin32\bin;C:\Users\Vlad\yandex-cloud\bin
USERNAME=Vlad
OS=Windows_NT
PROCESSOR_IDENTIFIER=Intel64 Family 6 Model 44 Stepping 2, GenuineIntel



---------------  S Y S T E M  ---------------

OS: Windows 7 , 64 bit Build 7601 (6.1.7601.19135)

CPU:total 8 (initial active 8) (4 cores per cpu, 1 threads per core) family 6 model 44 stepping 2, cmov, cx8, fxsr, mmx, sse, sse2, sse3, ssse3, sse4.1, sse4.2, popcnt, tsc, tscinvbit, tscinv

Memory: 4k page, system-wide physical 6135M (302M free)
TotalPageFile size 14133M (AvailPageFile size 309M)
current process WorkingSet (physical memory assigned to process): 479M, peak: 496M
current process commit charge ("private bytes"): 602M, peak: 616M

vm_info: OpenJDK 64-Bit Server VM (11+28) for windows-amd64 JRE (11+28), built on Aug 23 2018 03:04:58 by "mach5one" with MS VC++ 15.5 (VS2017)

END.
