#
# There is insufficient memory for the Java Runtime Environment to continue.
# Native memory allocation (malloc) failed to allocate 315696 bytes for Chunk::new
# Possible reasons:
#   The system is out of physical RAM or swap space
#   The process is running with CompressedOops enabled, and the Java Heap may be blocking the growth of the native heap
# Possible solutions:
#   Reduce memory load on the system
#   Increase physical memory or swap space
#   Check if swap backing store is full
#   Decrease Java heap size (-Xmx/-Xms)
#   Decrease number of Java threads
#   Decrease Java thread stack sizes (-Xss)
#   Set larger code cache with -XX:ReservedCodeCacheSize=
#   JVM is running with Unscaled Compressed Oops mode in which the Java heap is
#     placed in the first 4GB address space. The Java Heap base address is the
#     maximum limit for the native heap growth. Please use -XX:HeapBaseMinAddress
#     to set the Java Heap base and to place the Java Heap above 4GB virtual address.
# This output file may be truncated or incomplete.
#
#  Out of Memory Error (./src/hotspot/share/memory/arena.cpp:197), pid=9584, tid=12228
#
# JRE version: OpenJDK Runtime Environment (11.0.11+9) (build 11.0.11+9-b60-7590822)
# Java VM: OpenJDK 64-Bit Server VM (11.0.11+9-b60-7590822, mixed mode, tiered, compressed oops, g1 gc, windows-amd64)
# No core dump will be written. Minidumps are not enabled by default on client versions of Windows
#

---------------  S U M M A R Y ------------

Command Line: --add-opens=java.base/java.util=ALL-UNNAMED --add-opens=java.base/java.lang=ALL-UNNAMED --add-opens=java.base/java.lang.invoke=ALL-UNNAMED --add-opens=java.base/java.util=ALL-UNNAMED --add-opens=java.prefs/java.util.prefs=ALL-UNNAMED --add-opens=java.prefs/java.util.prefs=ALL-UNNAMED --add-opens=java.base/java.nio.charset=ALL-UNNAMED --add-opens=java.base/java.net=ALL-UNNAMED --add-opens=java.base/java.util.concurrent.atomic=ALL-UNNAMED -Xmx2048m -Dfile.encoding=UTF-8 -Duser.country=RU -Duser.language=ru -Duser.variant org.gradle.launcher.daemon.bootstrap.GradleDaemon 7.0.2

Host: Intel(R) Core(TM) i5-9600KF CPU @ 3.70GHz, 6 cores, 15G,  Windows 7 , 64 bit Build 7601 (6.1.7601.19135)
Time: Fri Oct  6 10:29:08 2023 RTZ 2 (ceia) elapsed time: 450.880886 seconds (0d 0h 7m 30s)

---------------  T H R E A D  ---------------

Current thread (0x000000001d5b3000):  JavaThread "C2 CompilerThread0" daemon [_thread_in_native, id=12228, stack(0x000000001eb10000,0x000000001ec10000)]


Current CompileTask:
C2: 450880 24958       4       net.rubygrapefruit.platform.internal.jni.AbstractFileEventFunctions$ChangeEvent::handleEvent (15 bytes)

Stack: [0x000000001eb10000,0x000000001ec10000]
Native frames: (J=compiled Java code, j=interpreted, Vv=VM code, C=native code)
V  [jvm.dll+0x5f214a]
V  [jvm.dll+0x726fb5]
V  [jvm.dll+0x7285cd]
V  [jvm.dll+0x728c83]
V  [jvm.dll+0x243278]
V  [jvm.dll+0xbc53c]
V  [jvm.dll+0xbca3c]
V  [jvm.dll+0x353e3b]
V  [jvm.dll+0x321893]
V  [jvm.dll+0x320d8a]
V  [jvm.dll+0x1fc1e2]
V  [jvm.dll+0x1fb3d4]
V  [jvm.dll+0x183d6c]
V  [jvm.dll+0x209a57]
V  [jvm.dll+0x2082a1]
V  [jvm.dll+0x6ef58f]
V  [jvm.dll+0x6e80b5]
V  [jvm.dll+0x5f1036]
C  [ucrtbase.DLL+0x682dd]
C  [kernel32.dll+0x159ed]
C  [ntdll.dll+0x2b371]


---------------  P R O C E S S  ---------------

Threads class SMR info:
_java_thread_list=0x000000002be2d3d0, length=68, elements={
0x0000000000422800, 0x000000001d594800, 0x000000001d598000, 0x000000001e177800,
0x000000001e17a800, 0x000000001e17e000, 0x000000001d5b3000, 0x000000001d5b4800,
0x000000001d5c7000, 0x000000001e365000, 0x00000000223da800, 0x00000000208ad800,
0x000000001f4aa800, 0x00000000217eb000, 0x00000000217eb800, 0x00000000217ec800,
0x00000000217ee000, 0x00000000217ef000, 0x00000000217f2000, 0x00000000217f4000,
0x00000000217f4800, 0x00000000217f6000, 0x00000000217f8000, 0x0000000026118000,
0x0000000026118800, 0x0000000026119800, 0x000000002611a800, 0x000000002b910000,
0x000000002b911800, 0x000000002b912800, 0x000000002b913800, 0x0000000026b40000,
0x0000000026b45000, 0x0000000026b43000, 0x0000000026b44000, 0x0000000026b3e800,
0x0000000026b3f000, 0x0000000026b42800, 0x0000000026b41800, 0x0000000026b40800,
0x000000002b7cc800, 0x000000002b7cf000, 0x000000002b7ce000, 0x000000002b7cd800,
0x000000002b7cb000, 0x000000002b7cb800, 0x000000002b7c9800, 0x000000002b7d0000,
0x0000000021a82000, 0x0000000021a81000, 0x0000000021a7e800, 0x0000000021a7e000,
0x0000000021a7f800, 0x0000000021a80800, 0x0000000021a83000, 0x0000000021a84800,
0x00000000217f8800, 0x00000000217f0800, 0x00000000217ef800, 0x00000000217f1800,
0x00000000217f7000, 0x00000000217ea000, 0x00000000217ed800, 0x000000002b911000,
0x000000002b90d800, 0x000000002b90e800, 0x000000002b90c800, 0x0000000026116800
}

Java Threads: ( => current thread )
  0x0000000000422800 JavaThread "main" [_thread_blocked, id=1616, stack(0x0000000001ea0000,0x0000000001fa0000)]
  0x000000001d594800 JavaThread "Reference Handler" daemon [_thread_blocked, id=11952, stack(0x000000001e070000,0x000000001e170000)]
  0x000000001d598000 JavaThread "Finalizer" daemon [_thread_blocked, id=13244, stack(0x000000001de20000,0x000000001df20000)]
  0x000000001e177800 JavaThread "Signal Dispatcher" daemon [_thread_blocked, id=8028, stack(0x000000001e690000,0x000000001e790000)]
  0x000000001e17a800 JavaThread "Attach Listener" daemon [_thread_blocked, id=11688, stack(0x000000001e8b0000,0x000000001e9b0000)]
  0x000000001e17e000 JavaThread "Service Thread" daemon [_thread_blocked, id=4584, stack(0x000000001e9e0000,0x000000001eae0000)]
=>0x000000001d5b3000 JavaThread "C2 CompilerThread0" daemon [_thread_in_native, id=12228, stack(0x000000001eb10000,0x000000001ec10000)]
  0x000000001d5b4800 JavaThread "C1 CompilerThread0" daemon [_thread_blocked, id=824, stack(0x000000001e7b0000,0x000000001e8b0000)]
  0x000000001d5c7000 JavaThread "Sweeper thread" daemon [_thread_blocked, id=10236, stack(0x000000001ecd0000,0x000000001edd0000)]
  0x000000001e365000 JavaThread "Common-Cleaner" daemon [_thread_blocked, id=9916, stack(0x000000001eed0000,0x000000001efd0000)]
  0x00000000223da800 JavaThread "Daemon health stats" [_thread_blocked, id=11268, stack(0x0000000023850000,0x0000000023950000)]
  0x00000000208ad800 JavaThread "Incoming local TCP Connector on port 63935" [_thread_in_native, id=10100, stack(0x0000000023440000,0x0000000023540000)]
  0x000000001f4aa800 JavaThread "Daemon periodic checks" [_thread_blocked, id=9592, stack(0x0000000023df0000,0x0000000023ef0000)]
  0x00000000217eb000 JavaThread "Cache worker for file hash cache (C:\Users\Vlad\.gradle\caches\7.0.2\fileHashes)" [_thread_blocked, id=2664, stack(0x0000000024cf0000,0x0000000024df0000)]
  0x00000000217eb800 JavaThread "File lock request listener" [_thread_in_native, id=11352, stack(0x0000000023cd0000,0x0000000023dd0000)]
  0x00000000217ec800 JavaThread "Cache worker for journal cache (C:\Users\Vlad\.gradle\caches\journal-1)" [_thread_blocked, id=13212, stack(0x0000000024640000,0x0000000024740000)]
  0x00000000217ee000 JavaThread "File watcher server" daemon [_thread_in_native, id=9788, stack(0x00000000252d0000,0x00000000253d0000)]
  0x00000000217ef000 JavaThread "File watcher consumer" daemon [_thread_blocked, id=8140, stack(0x00000000259a0000,0x0000000025aa0000)]
  0x00000000217f2000 JavaThread "Cache worker for execution history cache (C:\Users\Vlad\.gradle\caches\7.0.2\executionHistory)" [_thread_blocked, id=11704, stack(0x0000000026f90000,0x0000000027090000)]
  0x00000000217f4000 JavaThread "jar transforms" [_thread_blocked, id=5312, stack(0x0000000027950000,0x0000000027a50000)]
  0x00000000217f4800 JavaThread "Cache worker for file content cache (C:\Users\Vlad\.gradle\caches\7.0.2\fileContent)" [_thread_blocked, id=1732, stack(0x0000000026e90000,0x0000000026f90000)]
  0x00000000217f6000 JavaThread "jar transforms Thread 2" [_thread_blocked, id=5308, stack(0x0000000023740000,0x0000000023840000)]
  0x00000000217f8000 JavaThread "jar transforms Thread 3" [_thread_blocked, id=11780, stack(0x00000000296e0000,0x00000000297e0000)]
  0x0000000026118000 JavaThread "jar transforms Thread 4" [_thread_blocked, id=8696, stack(0x000000002a350000,0x000000002a450000)]
  0x0000000026118800 JavaThread "jar transforms Thread 5" [_thread_blocked, id=8020, stack(0x000000002a460000,0x000000002a560000)]
  0x0000000026119800 JavaThread "jar transforms Thread 6" [_thread_blocked, id=11540, stack(0x0000000029a10000,0x0000000029b10000)]
  0x000000002611a800 JavaThread "Memory manager" [_thread_blocked, id=13032, stack(0x000000002acc0000,0x000000002adc0000)]
  0x000000002b910000 JavaThread "RMI Scheduler(0)" daemon [_thread_blocked, id=7872, stack(0x00000000304a0000,0x00000000305a0000)]
  0x000000002b911800 JavaThread "RMI GC Daemon" daemon [_thread_blocked, id=8076, stack(0x0000000031030000,0x0000000031130000)]
  0x000000002b912800 JavaThread "RMI TCP Accept-0" daemon [_thread_in_native, id=12408, stack(0x0000000030ed0000,0x0000000030fd0000)]
  0x000000002b913800 JavaThread "RMI Reaper" [_thread_blocked, id=6788, stack(0x000000002f960000,0x000000002fa60000)]
  0x0000000026b40000 JavaThread "Cache worker for Java compile cache (C:\Users\Vlad\.gradle\caches\7.0.2\javaCompile)" [_thread_blocked, id=10076, stack(0x0000000032660000,0x0000000032760000)]
  0x0000000026b45000 JavaThread "ForkJoinPool.commonPool-worker-7" daemon [_thread_blocked, id=12248, stack(0x0000000034ce0000,0x0000000034de0000)]
  0x0000000026b43000 JavaThread "RMI TCP Connection(5)-127.0.0.1" daemon [_thread_in_native, id=8800, stack(0x0000000023f90000,0x0000000024090000)]
  0x0000000026b44000 JavaThread "Daemon Thread 2" [_thread_blocked, id=7248, stack(0x00000000240f0000,0x00000000241f0000)]
  0x0000000026b3e800 JavaThread "Handler for socket connection from /127.0.0.1:63935 to /127.0.0.1:64045" [_thread_in_native, id=13024, stack(0x0000000024210000,0x0000000024310000)]
  0x0000000026b3f000 JavaThread "Cancel handler" [_thread_blocked, id=1184, stack(0x0000000024430000,0x0000000024530000)]
  0x0000000026b42800 JavaThread "Daemon worker Thread 2" [_thread_blocked, id=11372, stack(0x0000000024890000,0x0000000024990000)]
  0x0000000026b41800 JavaThread "Asynchronous log dispatcher for DefaultDaemonConnection: socket connection from /127.0.0.1:63935 to /127.0.0.1:64045" [_thread_blocked, id=12324, stack(0x0000000025690000,0x0000000025790000)]
  0x0000000026b40800 JavaThread "Stdin handler" [_thread_blocked, id=13052, stack(0x0000000024770000,0x0000000024870000)]
  0x000000002b7cc800 JavaThread "Daemon client event forwarder" [_thread_blocked, id=10072, stack(0x0000000025180000,0x0000000025280000)]
  0x000000002b7cf000 JavaThread "Cache worker for file hash cache (E:\workspace\time manager\.gradle\7.0.2\fileHashes)" [_thread_blocked, id=3884, stack(0x00000000271d0000,0x00000000272d0000)]
  0x000000002b7ce000 JavaThread "Cache worker for checksums cache (E:\workspace\time manager\.gradle\checksums)" [_thread_blocked, id=8804, stack(0x0000000027090000,0x0000000027190000)]
  0x000000002b7cd800 JavaThread "Cache worker for cache directory md-supplier (C:\Users\Vlad\.gradle\caches\7.0.2\md-supplier)" [_thread_blocked, id=9564, stack(0x0000000028f80000,0x0000000029080000)]
  0x000000002b7cb000 JavaThread "Cache worker for cache directory md-rule (C:\Users\Vlad\.gradle\caches\7.0.2\md-rule)" [_thread_blocked, id=12376, stack(0x0000000024540000,0x0000000024640000)]
  0x000000002b7cb800 JavaThread "Cache worker for dependencies-accessors (E:\workspace\time manager\.gradle\7.0.2\dependencies-accessors)" [_thread_blocked, id=10408, stack(0x0000000029b70000,0x0000000029c70000)]
  0x000000002b7c9800 JavaThread "Cache worker for Build Output Cleanup Cache (E:\workspace\time manager\.gradle\buildOutputCleanup)" [_thread_blocked, id=11832, stack(0x0000000027a80000,0x0000000027b80000)]
  0x000000002b7d0000 JavaThread "Build operations" [_thread_blocked, id=11828, stack(0x000000001fc70000,0x000000001fd70000)]
  0x0000000021a82000 JavaThread "Build operations Thread 2" [_thread_blocked, id=6484, stack(0x0000000029f80000,0x000000002a080000)]
  0x0000000021a81000 JavaThread "Build operations Thread 3" [_thread_blocked, id=9828, stack(0x000000002a090000,0x000000002a190000)]
  0x0000000021a7e800 JavaThread "Build operations Thread 4" [_thread_blocked, id=7140, stack(0x00000000295b0000,0x00000000296b0000)]
  0x0000000021a7e000 JavaThread "Build operations Thread 5" [_thread_blocked, id=1536, stack(0x000000002c7e0000,0x000000002c8e0000)]
  0x0000000021a7f800 JavaThread "Build operations Thread 6" [_thread_blocked, id=6964, stack(0x0000000029e60000,0x0000000029f60000)]
  0x0000000021a80800 JavaThread "build event listener" [_thread_blocked, id=8808, stack(0x000000002d3a0000,0x000000002d4a0000)]
  0x0000000021a83000 JavaThread "Execution worker for ':'" [_thread_blocked, id=12916, stack(0x000000002a1a0000,0x000000002a2a0000)]
  0x0000000021a84800 JavaThread "Execution worker for ':' Thread 2" [_thread_blocked, id=12328, stack(0x000000002d7e0000,0x000000002d8e0000)]
  0x00000000217f8800 JavaThread "Execution worker for ':' Thread 3" [_thread_in_native, id=7368, stack(0x000000002d9c0000,0x000000002dac0000)]
  0x00000000217f0800 JavaThread "Execution worker for ':' Thread 4" [_thread_blocked, id=11392, stack(0x000000002db40000,0x000000002dc40000)]
  0x00000000217ef800 JavaThread "Execution worker for ':' Thread 5" [_thread_blocked, id=2108, stack(0x0000000029090000,0x0000000029190000)]
  0x00000000217f1800 JavaThread "Cache worker for execution history cache (E:\workspace\time manager\.gradle\7.0.2\executionHistory)" [_thread_blocked, id=9336, stack(0x000000002f330000,0x000000002f430000)]
  0x00000000217f7000 JavaThread "WorkerExecutor Queue" [_thread_blocked, id=10928, stack(0x000000002fae0000,0x000000002fbe0000)]
  0x00000000217ea000 JavaThread "WorkerExecutor Queue Thread 2" [_thread_blocked, id=11548, stack(0x000000002f850000,0x000000002f950000)]
  0x00000000217ed800 JavaThread "WorkerExecutor Queue Thread 3" [_thread_blocked, id=6628, stack(0x000000002a780000,0x000000002a880000)]
  0x000000002b911000 JavaThread "pool-10-thread-1" [_thread_blocked, id=6076, stack(0x00000000306b0000,0x00000000307b0000)]
  0x000000002b90d800 JavaThread "stderr" [_thread_in_native, id=6548, stack(0x0000000030b70000,0x0000000030c70000)]
  0x000000002b90e800 JavaThread "stdout" [_thread_in_native, id=8708, stack(0x0000000024320000,0x0000000024420000)]
  0x000000002b90c800 JavaThread "RMI RenewClean-[127.0.0.1:17285,org.jetbrains.kotlin.daemon.common.LoopbackNetworkInterface$ClientLoopbackSocketFactory@5d3f4813]" daemon [_thread_blocked, id=7160, stack(0x0000000030830000,0x0000000030930000)]
  0x0000000026116800 JavaThread "RMI TCP Connection(6)-127.0.0.1" daemon [_thread_in_native, id=9456, stack(0x0000000029d40000,0x0000000029e40000)]

Other Threads:
  0x000000001d590800 VMThread "VM Thread" [stack: 0x000000001df60000,0x000000001e060000] [id=12392]
  0x000000001e37a000 WatcherThread [stack: 0x000000001f140000,0x000000001f240000] [id=13172]
  0x000000000043b000 GCTaskThread "GC Thread#0" [stack: 0x0000000015270000,0x0000000015370000] [id=1584]
  0x000000001fd9b800 GCTaskThread "GC Thread#1" [stack: 0x0000000020fb0000,0x00000000210b0000] [id=12804]
  0x000000001ffc9800 GCTaskThread "GC Thread#2" [stack: 0x000000001f020000,0x000000001f120000] [id=3564]
  0x000000001facd800 GCTaskThread "GC Thread#3" [stack: 0x0000000021110000,0x0000000021210000] [id=11672]
  0x000000001f59b800 GCTaskThread "GC Thread#4" [stack: 0x000000001edd0000,0x000000001eed0000] [id=11724]
  0x000000002019d800 GCTaskThread "GC Thread#5" [stack: 0x000000001f240000,0x000000001f340000] [id=9156]
  0x000000000046c000 ConcurrentGCThread "G1 Main Marker" [stack: 0x000000001a660000,0x000000001a760000] [id=9948]
  0x000000000046d000 ConcurrentGCThread "G1 Conc#0" [stack: 0x000000001a7b0000,0x000000001a8b0000] [id=12252]
  0x000000002066b800 ConcurrentGCThread "G1 Conc#1" [stack: 0x0000000025050000,0x0000000025150000] [id=11488]
  0x000000001cddb800 ConcurrentGCThread "G1 Refine#0" [stack: 0x000000001d160000,0x000000001d260000] [id=8924]
  0x000000002648f000 ConcurrentGCThread "G1 Refine#1" [stack: 0x000000002f0c0000,0x000000002f1c0000] [id=8636]
  0x0000000026490000 ConcurrentGCThread "G1 Refine#2" [stack: 0x000000002f1e0000,0x000000002f2e0000] [id=9124]
  0x000000001cddc800 ConcurrentGCThread "G1 Young RemSet Sampling" [stack: 0x000000001d2d0000,0x000000001d3d0000] [id=1828]

Threads with active compile tasks:
C2 CompilerThread0 450946 24958       4       net.rubygrapefruit.platform.internal.jni.AbstractFileEventFunctions$ChangeEvent::handleEvent (15 bytes)

VM state:not at safepoint (normal execution)

VM Mutex/Monitor currently owned by a thread: None

Heap address: 0x0000000080000000, size: 2048 MB, Compressed Oops mode: 32-bit
Narrow klass base: 0x0000000000000000, Narrow klass shift: 3
Compressed class space size: 1073741824 Address: 0x000000013fca0000

Heap:
 garbage-first heap   total 262144K, used 149186K [0x0000000080000000, 0x0000000100000000)
  region size 1024K, 8 young (8192K), 7 survivors (7168K)
 Metaspace       used 137583K, capacity 141581K, committed 143396K, reserved 1173504K
  class space    used 16973K, capacity 18399K, committed 19072K, reserved 1048576K
Heap Regions: E=young(eden), S=young(survivor), O=old, HS=humongous(starts), HC=humongous(continues), CS=collection set, F=free, A=archive, TAMS=top-at-mark-start (previous, next)
|   0|0x0000000080000000, 0x0000000080100000, 0x0000000080100000|100%| O|  |TAMS 0x0000000080100000, 0x0000000080000000| Untracked 
|   1|0x0000000080100000, 0x0000000080200000, 0x0000000080200000|100%| O|  |TAMS 0x0000000080200000, 0x0000000080100000| Untracked 
|   2|0x0000000080200000, 0x0000000080300000, 0x0000000080300000|100%| O|  |TAMS 0x0000000080300000, 0x0000000080200000| Untracked 
|   3|0x0000000080300000, 0x0000000080400000, 0x0000000080400000|100%|HS|  |TAMS 0x0000000080400000, 0x0000000080300000| Complete 
|   4|0x0000000080400000, 0x0000000080500000, 0x0000000080500000|100%|HC|  |TAMS 0x0000000080500000, 0x0000000080400000| Complete 
|   5|0x0000000080500000, 0x0000000080600000, 0x0000000080600000|100%|HC|  |TAMS 0x0000000080600000, 0x0000000080500000| Complete 
|   6|0x0000000080600000, 0x0000000080700000, 0x0000000080700000|100%| O|  |TAMS 0x0000000080700000, 0x0000000080600000| Untracked 
|   7|0x0000000080700000, 0x0000000080800000, 0x0000000080800000|100%| O|  |TAMS 0x0000000080800000, 0x0000000080700000| Untracked 
|   8|0x0000000080800000, 0x0000000080900000, 0x0000000080900000|100%| O|  |TAMS 0x0000000080900000, 0x0000000080800000| Untracked 
|   9|0x0000000080900000, 0x0000000080a00000, 0x0000000080a00000|100%| O|  |TAMS 0x0000000080a00000, 0x0000000080900000| Untracked 
|  10|0x0000000080a00000, 0x0000000080b00000, 0x0000000080b00000|100%| O|  |TAMS 0x0000000080b00000, 0x0000000080a00000| Untracked 
|  11|0x0000000080b00000, 0x0000000080c00000, 0x0000000080c00000|100%| O|  |TAMS 0x0000000080c00000, 0x0000000080b00000| Untracked 
|  12|0x0000000080c00000, 0x0000000080d00000, 0x0000000080d00000|100%| O|  |TAMS 0x0000000080d00000, 0x0000000080c00000| Untracked 
|  13|0x0000000080d00000, 0x0000000080e00000, 0x0000000080e00000|100%| O|  |TAMS 0x0000000080e00000, 0x0000000080d00000| Untracked 
|  14|0x0000000080e00000, 0x0000000080f00000, 0x0000000080f00000|100%| O|  |TAMS 0x0000000080f00000, 0x0000000080e00000| Untracked 
|  15|0x0000000080f00000, 0x0000000081000000, 0x0000000081000000|100%| O|  |TAMS 0x0000000081000000, 0x0000000080f00000| Untracked 
|  16|0x0000000081000000, 0x0000000081100000, 0x0000000081100000|100%|HS|  |TAMS 0x0000000081100000, 0x0000000081000000| Complete 
|  17|0x0000000081100000, 0x0000000081200000, 0x0000000081200000|100%|HS|  |TAMS 0x0000000081200000, 0x0000000081100000| Complete 
|  18|0x0000000081200000, 0x0000000081300000, 0x0000000081300000|100%|HS|  |TAMS 0x0000000081300000, 0x0000000081200000| Complete 
|  19|0x0000000081300000, 0x0000000081400000, 0x0000000081400000|100%|HS|  |TAMS 0x0000000081400000, 0x0000000081300000| Complete 
|  20|0x0000000081400000, 0x0000000081500000, 0x0000000081500000|100%|HC|  |TAMS 0x0000000081500000, 0x0000000081400000| Complete 
|  21|0x0000000081500000, 0x0000000081600000, 0x0000000081600000|100%|HC|  |TAMS 0x0000000081600000, 0x0000000081500000| Complete 
|  22|0x0000000081600000, 0x0000000081700000, 0x0000000081700000|100%|HS|  |TAMS 0x0000000081700000, 0x0000000081600000| Complete 
|  23|0x0000000081700000, 0x0000000081800000, 0x0000000081800000|100%|HC|  |TAMS 0x0000000081800000, 0x0000000081700000| Complete 
|  24|0x0000000081800000, 0x0000000081900000, 0x0000000081900000|100%| O|  |TAMS 0x0000000081900000, 0x0000000081800000| Untracked 
|  25|0x0000000081900000, 0x0000000081a00000, 0x0000000081a00000|100%| O|  |TAMS 0x0000000081a00000, 0x0000000081900000| Untracked 
|  26|0x0000000081a00000, 0x0000000081affff8, 0x0000000081b00000| 99%| O|  |TAMS 0x0000000081affff8, 0x0000000081a00000| Untracked 
|  27|0x0000000081b00000, 0x0000000081c00000, 0x0000000081c00000|100%| O|  |TAMS 0x0000000081c00000, 0x0000000081b00000| Untracked 
|  28|0x0000000081c00000, 0x0000000081d00000, 0x0000000081d00000|100%| O|  |TAMS 0x0000000081d00000, 0x0000000081c00000| Untracked 
|  29|0x0000000081d00000, 0x0000000081e00000, 0x0000000081e00000|100%| O|  |TAMS 0x0000000081e00000, 0x0000000081d00000| Untracked 
|  30|0x0000000081e00000, 0x0000000081f00000, 0x0000000081f00000|100%| O|  |TAMS 0x0000000081f00000, 0x0000000081e00000| Untracked 
|  31|0x0000000081f00000, 0x0000000082000000, 0x0000000082000000|100%| O|  |TAMS 0x0000000082000000, 0x0000000081f00000| Untracked 
|  32|0x0000000082000000, 0x0000000082100000, 0x0000000082100000|100%| O|  |TAMS 0x0000000082100000, 0x0000000082000000| Untracked 
|  33|0x0000000082100000, 0x0000000082200000, 0x0000000082200000|100%| O|  |TAMS 0x0000000082200000, 0x0000000082100000| Untracked 
|  34|0x0000000082200000, 0x0000000082300000, 0x0000000082300000|100%| O|  |TAMS 0x0000000082300000, 0x0000000082200000| Untracked 
|  35|0x0000000082300000, 0x0000000082400000, 0x0000000082400000|100%| O|  |TAMS 0x0000000082400000, 0x0000000082300000| Untracked 
|  36|0x0000000082400000, 0x0000000082500000, 0x0000000082500000|100%| O|  |TAMS 0x0000000082500000, 0x0000000082400000| Untracked 
|  37|0x0000000082500000, 0x0000000082600000, 0x0000000082600000|100%| O|  |TAMS 0x0000000082600000, 0x0000000082500000| Untracked 
|  38|0x0000000082600000, 0x0000000082700000, 0x0000000082700000|100%| O|  |TAMS 0x0000000082700000, 0x0000000082600000| Untracked 
|  39|0x0000000082700000, 0x0000000082800000, 0x0000000082800000|100%| O|  |TAMS 0x0000000082800000, 0x0000000082700000| Untracked 
|  40|0x0000000082800000, 0x0000000082900000, 0x0000000082900000|100%| O|  |TAMS 0x0000000082900000, 0x0000000082800000| Untracked 
|  41|0x0000000082900000, 0x0000000082a00000, 0x0000000082a00000|100%| O|  |TAMS 0x0000000082a00000, 0x0000000082900000| Untracked 
|  42|0x0000000082a00000, 0x0000000082b00000, 0x0000000082b00000|100%| O|  |TAMS 0x0000000082b00000, 0x0000000082a00000| Untracked 
|  43|0x0000000082b00000, 0x0000000082c00000, 0x0000000082c00000|100%| O|  |TAMS 0x0000000082c00000, 0x0000000082b00000| Untracked 
|  44|0x0000000082c00000, 0x0000000082d00000, 0x0000000082d00000|100%| O|  |TAMS 0x0000000082d00000, 0x0000000082c00000| Untracked 
|  45|0x0000000082d00000, 0x0000000082e00000, 0x0000000082e00000|100%| O|  |TAMS 0x0000000082e00000, 0x0000000082d00000| Untracked 
|  46|0x0000000082e00000, 0x0000000082f00000, 0x0000000082f00000|100%| O|  |TAMS 0x0000000082f00000, 0x0000000082e00000| Untracked 
|  47|0x0000000082f00000, 0x0000000083000000, 0x0000000083000000|100%| O|  |TAMS 0x0000000083000000, 0x0000000082f00000| Untracked 
|  48|0x0000000083000000, 0x0000000083100000, 0x0000000083100000|100%| O|  |TAMS 0x0000000083100000, 0x0000000083000000| Untracked 
|  49|0x0000000083100000, 0x0000000083200000, 0x0000000083200000|100%| O|  |TAMS 0x0000000083200000, 0x0000000083100000| Untracked 
|  50|0x0000000083200000, 0x0000000083300000, 0x0000000083300000|100%| O|  |TAMS 0x0000000083300000, 0x0000000083200000| Untracked 
|  51|0x0000000083300000, 0x0000000083400000, 0x0000000083400000|100%| O|  |TAMS 0x0000000083400000, 0x0000000083300000| Untracked 
|  52|0x0000000083400000, 0x0000000083500000, 0x0000000083500000|100%| O|  |TAMS 0x0000000083500000, 0x0000000083400000| Untracked 
|  53|0x0000000083500000, 0x0000000083600000, 0x0000000083600000|100%| O|  |TAMS 0x0000000083600000, 0x0000000083500000| Untracked 
|  54|0x0000000083600000, 0x0000000083700000, 0x0000000083700000|100%| O|  |TAMS 0x0000000083700000, 0x0000000083600000| Untracked 
|  55|0x0000000083700000, 0x0000000083800000, 0x0000000083800000|100%| O|  |TAMS 0x0000000083800000, 0x0000000083700000| Untracked 
|  56|0x0000000083800000, 0x0000000083800000, 0x0000000083900000|  0%| F|  |TAMS 0x0000000083800000, 0x0000000083800000| Untracked 
|  57|0x0000000083900000, 0x0000000083900000, 0x0000000083a00000|  0%| F|  |TAMS 0x0000000083900000, 0x0000000083900000| Untracked 
|  58|0x0000000083a00000, 0x0000000083b00000, 0x0000000083b00000|100%| O|  |TAMS 0x0000000083b00000, 0x0000000083a00000| Untracked 
|  59|0x0000000083b00000, 0x0000000083c00000, 0x0000000083c00000|100%| O|  |TAMS 0x0000000083c00000, 0x0000000083b00000| Untracked 
|  60|0x0000000083c00000, 0x0000000083d00000, 0x0000000083d00000|100%| O|  |TAMS 0x0000000083d00000, 0x0000000083c00000| Untracked 
|  61|0x0000000083d00000, 0x0000000083e00000, 0x0000000083e00000|100%| O|  |TAMS 0x0000000083e00000, 0x0000000083d00000| Untracked 
|  62|0x0000000083e00000, 0x0000000083f00000, 0x0000000083f00000|100%| O|  |TAMS 0x0000000083f00000, 0x0000000083e00000| Untracked 
|  63|0x0000000083f00000, 0x0000000084000000, 0x0000000084000000|100%| O|  |TAMS 0x0000000084000000, 0x0000000083f00000| Untracked 
|  64|0x0000000084000000, 0x0000000084100000, 0x0000000084100000|100%| O|  |TAMS 0x0000000084100000, 0x0000000084000000| Untracked 
|  65|0x0000000084100000, 0x0000000084200000, 0x0000000084200000|100%| O|  |TAMS 0x0000000084200000, 0x0000000084100000| Untracked 
|  66|0x0000000084200000, 0x0000000084300000, 0x0000000084300000|100%| O|  |TAMS 0x0000000084300000, 0x0000000084200000| Untracked 
|  67|0x0000000084300000, 0x0000000084400000, 0x0000000084400000|100%| O|  |TAMS 0x0000000084400000, 0x0000000084300000| Untracked 
|  68|0x0000000084400000, 0x0000000084500000, 0x0000000084500000|100%| O|  |TAMS 0x0000000084500000, 0x0000000084400000| Untracked 
|  69|0x0000000084500000, 0x0000000084600000, 0x0000000084600000|100%| O|  |TAMS 0x0000000084600000, 0x0000000084500000| Untracked 
|  70|0x0000000084600000, 0x0000000084600000, 0x0000000084700000|  0%| F|  |TAMS 0x0000000084600000, 0x0000000084600000| Untracked 
|  71|0x0000000084700000, 0x0000000084700000, 0x0000000084800000|  0%| F|  |TAMS 0x0000000084700000, 0x0000000084700000| Untracked 
|  72|0x0000000084800000, 0x0000000084900000, 0x0000000084900000|100%| O|  |TAMS 0x0000000084900000, 0x0000000084800000| Untracked 
|  73|0x0000000084900000, 0x0000000084a00000, 0x0000000084a00000|100%| O|  |TAMS 0x0000000084a00000, 0x0000000084900000| Untracked 
|  74|0x0000000084a00000, 0x0000000084b00000, 0x0000000084b00000|100%| O|  |TAMS 0x0000000084a00000, 0x0000000084a00000| Untracked 
|  75|0x0000000084b00000, 0x0000000084c00000, 0x0000000084c00000|100%| O|  |TAMS 0x0000000084c00000, 0x0000000084b00000| Untracked 
|  76|0x0000000084c00000, 0x0000000084d00000, 0x0000000084d00000|100%| O|  |TAMS 0x0000000084d00000, 0x0000000084c00000| Untracked 
|  77|0x0000000084d00000, 0x0000000084e00000, 0x0000000084e00000|100%| O|  |TAMS 0x0000000084e00000, 0x0000000084d00000| Untracked 
|  78|0x0000000084e00000, 0x0000000084e00000, 0x0000000084f00000|  0%| F|  |TAMS 0x0000000084e00000, 0x0000000084e00000| Untracked 
|  79|0x0000000084f00000, 0x0000000084f00000, 0x0000000085000000|  0%| F|  |TAMS 0x0000000084f00000, 0x0000000084f00000| Untracked 
|  80|0x0000000085000000, 0x0000000085000000, 0x0000000085100000|  0%| F|  |TAMS 0x0000000085000000, 0x0000000085000000| Untracked 
|  81|0x0000000085100000, 0x0000000085200000, 0x0000000085200000|100%| O|  |TAMS 0x0000000085200000, 0x0000000085100000| Untracked 
|  82|0x0000000085200000, 0x0000000085300000, 0x0000000085300000|100%| O|  |TAMS 0x0000000085300000, 0x0000000085200000| Untracked 
|  83|0x0000000085300000, 0x0000000085400000, 0x0000000085400000|100%| O|  |TAMS 0x0000000085400000, 0x0000000085300000| Untracked 
|  84|0x0000000085400000, 0x0000000085500000, 0x0000000085500000|100%| O|  |TAMS 0x0000000085400000, 0x0000000085400000| Untracked 
|  85|0x0000000085500000, 0x0000000085600000, 0x0000000085600000|100%| O|  |TAMS 0x0000000085600000, 0x0000000085500000| Untracked 
|  86|0x0000000085600000, 0x0000000085700000, 0x0000000085700000|100%| O|  |TAMS 0x0000000085700000, 0x0000000085600000| Untracked 
|  87|0x0000000085700000, 0x0000000085800000, 0x0000000085800000|100%| O|  |TAMS 0x0000000085800000, 0x0000000085700000| Untracked 
|  88|0x0000000085800000, 0x0000000085900000, 0x0000000085900000|100%| O|  |TAMS 0x0000000085900000, 0x0000000085800000| Untracked 
|  89|0x0000000085900000, 0x0000000085a00000, 0x0000000085a00000|100%| O|  |TAMS 0x0000000085a00000, 0x0000000085900000| Untracked 
|  90|0x0000000085a00000, 0x0000000085b00000, 0x0000000085b00000|100%| O|  |TAMS 0x0000000085b00000, 0x0000000085a00000| Untracked 
|  91|0x0000000085b00000, 0x0000000085c00000, 0x0000000085c00000|100%| O|  |TAMS 0x0000000085c00000, 0x0000000085b00000| Untracked 
|  92|0x0000000085c00000, 0x0000000085d00000, 0x0000000085d00000|100%| O|  |TAMS 0x0000000085d00000, 0x0000000085c00000| Untracked 
|  93|0x0000000085d00000, 0x0000000085e00000, 0x0000000085e00000|100%| O|  |TAMS 0x0000000085d55a00, 0x0000000085d00000| Untracked 
|  94|0x0000000085e00000, 0x0000000085f00000, 0x0000000085f00000|100%| O|  |TAMS 0x0000000085f00000, 0x0000000085e00000| Untracked 
|  95|0x0000000085f00000, 0x0000000086000000, 0x0000000086000000|100%| O|  |TAMS 0x0000000086000000, 0x0000000085f00000| Untracked 
|  96|0x0000000086000000, 0x0000000086100000, 0x0000000086100000|100%| O|  |TAMS 0x0000000086000000, 0x0000000086000000| Untracked 
|  97|0x0000000086100000, 0x0000000086200000, 0x0000000086200000|100%| O|  |TAMS 0x0000000086200000, 0x0000000086100000| Untracked 
|  98|0x0000000086200000, 0x0000000086300000, 0x0000000086300000|100%| O|  |TAMS 0x0000000086200000, 0x0000000086200000| Untracked 
|  99|0x0000000086300000, 0x0000000086400000, 0x0000000086400000|100%| O|  |TAMS 0x0000000086300000, 0x0000000086300000| Untracked 
| 100|0x0000000086400000, 0x0000000086500000, 0x0000000086500000|100%| O|  |TAMS 0x0000000086500000, 0x0000000086400000| Untracked 
| 101|0x0000000086500000, 0x0000000086600000, 0x0000000086600000|100%| O|  |TAMS 0x0000000086500000, 0x0000000086500000| Untracked 
| 102|0x0000000086600000, 0x0000000086700000, 0x0000000086700000|100%| O|  |TAMS 0x0000000086600000, 0x0000000086600000| Untracked 
| 103|0x0000000086700000, 0x0000000086800000, 0x0000000086800000|100%| O|  |TAMS 0x0000000086700000, 0x0000000086700000| Untracked 
| 104|0x0000000086800000, 0x0000000086900000, 0x0000000086900000|100%| O|  |TAMS 0x0000000086900000, 0x0000000086800000| Untracked 
| 105|0x0000000086900000, 0x0000000086a00000, 0x0000000086a00000|100%| O|  |TAMS 0x0000000086a00000, 0x0000000086900000| Untracked 
| 106|0x0000000086a00000, 0x0000000086b00000, 0x0000000086b00000|100%|HS|  |TAMS 0x0000000086b00000, 0x0000000086a00000| Complete 
| 107|0x0000000086b00000, 0x0000000086c00000, 0x0000000086c00000|100%|HC|  |TAMS 0x0000000086c00000, 0x0000000086b00000| Complete 
| 108|0x0000000086c00000, 0x0000000086d00000, 0x0000000086d00000|100%|HC|  |TAMS 0x0000000086d00000, 0x0000000086c00000| Complete 
| 109|0x0000000086d00000, 0x0000000086e00000, 0x0000000086e00000|100%| O|  |TAMS 0x0000000086d00000, 0x0000000086d00000| Untracked 
| 110|0x0000000086e00000, 0x0000000086f00000, 0x0000000086f00000|100%| O|  |TAMS 0x0000000086f00000, 0x0000000086e00000| Untracked 
| 111|0x0000000086f00000, 0x0000000087000000, 0x0000000087000000|100%| O|  |TAMS 0x0000000087000000, 0x0000000086f00000| Untracked 
| 112|0x0000000087000000, 0x0000000087100000, 0x0000000087100000|100%| O|  |TAMS 0x0000000087100000, 0x0000000087000000| Untracked 
| 113|0x0000000087100000, 0x0000000087200000, 0x0000000087200000|100%| O|  |TAMS 0x0000000087200000, 0x0000000087100000| Untracked 
| 114|0x0000000087200000, 0x0000000087300000, 0x0000000087300000|100%| O|  |TAMS 0x0000000087300000, 0x0000000087200000| Untracked 
| 115|0x0000000087300000, 0x0000000087400000, 0x0000000087400000|100%| O|  |TAMS 0x0000000087400000, 0x0000000087300000| Untracked 
| 116|0x0000000087400000, 0x0000000087500000, 0x0000000087500000|100%| O|  |TAMS 0x0000000087500000, 0x0000000087400000| Untracked 
| 117|0x0000000087500000, 0x0000000087600000, 0x0000000087600000|100%| O|  |TAMS 0x0000000087500000, 0x0000000087500000| Untracked 
| 118|0x0000000087600000, 0x0000000087700000, 0x0000000087700000|100%| O|  |TAMS 0x0000000087700000, 0x0000000087600000| Untracked 
| 119|0x0000000087700000, 0x0000000087800000, 0x0000000087800000|100%| O|  |TAMS 0x0000000087800000, 0x0000000087700000| Untracked 
| 120|0x0000000087800000, 0x0000000087900000, 0x0000000087900000|100%| O|  |TAMS 0x0000000087900000, 0x0000000087800000| Untracked 
| 121|0x0000000087900000, 0x0000000087a00000, 0x0000000087a00000|100%| O|  |TAMS 0x0000000087a00000, 0x0000000087900000| Untracked 
| 122|0x0000000087a00000, 0x0000000087b00000, 0x0000000087b00000|100%| O|  |TAMS 0x0000000087b00000, 0x0000000087a00000| Untracked 
| 123|0x0000000087b00000, 0x0000000087c00000, 0x0000000087c00000|100%| O|  |TAMS 0x0000000087c00000, 0x0000000087b00000| Untracked 
| 124|0x0000000087c00000, 0x0000000087d00000, 0x0000000087d00000|100%| O|  |TAMS 0x0000000087d00000, 0x0000000087c00000| Untracked 
| 125|0x0000000087d00000, 0x0000000087e00000, 0x0000000087e00000|100%| O|  |TAMS 0x0000000087e00000, 0x0000000087d00000| Untracked 
| 126|0x0000000087e00000, 0x0000000087f00000, 0x0000000087f00000|100%| O|  |TAMS 0x0000000087e00000, 0x0000000087e00000| Untracked 
| 127|0x0000000087f00000, 0x0000000088000000, 0x0000000088000000|100%| O|  |TAMS 0x0000000087f00000, 0x0000000087f00000| Untracked 
| 128|0x0000000088000000, 0x0000000088100000, 0x0000000088100000|100%| O|  |TAMS 0x0000000088000000, 0x0000000088000000| Untracked 
| 129|0x0000000088100000, 0x0000000088200000, 0x0000000088200000|100%| O|  |TAMS 0x0000000088100000, 0x0000000088100000| Untracked 
| 130|0x0000000088200000, 0x0000000088300000, 0x0000000088300000|100%| O|  |TAMS 0x0000000088200000, 0x0000000088200000| Untracked 
| 131|0x0000000088300000, 0x0000000088400000, 0x0000000088400000|100%| O|  |TAMS 0x0000000088400000, 0x0000000088300000| Untracked 
| 132|0x0000000088400000, 0x0000000088500000, 0x0000000088500000|100%| O|  |TAMS 0x0000000088500000, 0x0000000088400000| Untracked 
| 133|0x0000000088500000, 0x0000000088600000, 0x0000000088600000|100%| O|  |TAMS 0x0000000088600000, 0x0000000088500000| Untracked 
| 134|0x0000000088600000, 0x0000000088700000, 0x0000000088700000|100%| O|  |TAMS 0x0000000088600000, 0x0000000088600000| Untracked 
| 135|0x0000000088700000, 0x0000000088800000, 0x0000000088800000|100%| O|  |TAMS 0x0000000088700000, 0x0000000088700000| Untracked 
| 136|0x0000000088800000, 0x0000000088900000, 0x0000000088900000|100%| O|  |TAMS 0x0000000088900000, 0x0000000088800000| Untracked 
| 137|0x0000000088900000, 0x0000000088a00000, 0x0000000088a00000|100%| O|  |TAMS 0x0000000088a00000, 0x0000000088900000| Untracked 
| 138|0x0000000088a00000, 0x0000000088b00000, 0x0000000088b00000|100%| O|  |TAMS 0x0000000088a00000, 0x0000000088a00000| Untracked 
| 139|0x0000000088b00000, 0x0000000088c00000, 0x0000000088c00000|100%| O|  |TAMS 0x0000000088b00000, 0x0000000088b00000| Untracked 
| 140|0x0000000088c00000, 0x0000000088d00000, 0x0000000088d00000|100%| O|  |TAMS 0x0000000088c00000, 0x0000000088c00000| Untracked 
| 141|0x0000000088d00000, 0x0000000088e00000, 0x0000000088e00000|100%| O|  |TAMS 0x0000000088d00000, 0x0000000088d00000| Untracked 
| 142|0x0000000088e00000, 0x0000000088f00000, 0x0000000088f00000|100%| O|  |TAMS 0x0000000088e00000, 0x0000000088e00000| Untracked 
| 143|0x0000000088f00000, 0x0000000089000000, 0x0000000089000000|100%| O|  |TAMS 0x0000000088f00000, 0x0000000088f00000| Untracked 
| 144|0x0000000089000000, 0x0000000089100000, 0x0000000089100000|100%| O|  |TAMS 0x0000000089000000, 0x0000000089000000| Untracked 
| 145|0x0000000089100000, 0x00000000891fbc00, 0x0000000089200000| 98%| O|  |TAMS 0x0000000089100000, 0x0000000089100000| Untracked 
| 146|0x0000000089200000, 0x0000000089200000, 0x0000000089300000|  0%| F|  |TAMS 0x0000000089200000, 0x0000000089200000| Untracked 
| 147|0x0000000089300000, 0x0000000089300000, 0x0000000089400000|  0%| F|  |TAMS 0x0000000089300000, 0x0000000089300000| Untracked 
| 148|0x0000000089400000, 0x0000000089400000, 0x0000000089500000|  0%| F|  |TAMS 0x0000000089400000, 0x0000000089400000| Untracked 
| 149|0x0000000089500000, 0x0000000089500000, 0x0000000089600000|  0%| F|  |TAMS 0x0000000089500000, 0x0000000089500000| Untracked 
| 150|0x0000000089600000, 0x0000000089600000, 0x0000000089700000|  0%| F|  |TAMS 0x0000000089600000, 0x0000000089600000| Untracked 
| 151|0x0000000089700000, 0x0000000089700000, 0x0000000089800000|  0%| F|  |TAMS 0x0000000089700000, 0x0000000089700000| Untracked 
| 152|0x0000000089800000, 0x0000000089800000, 0x0000000089900000|  0%| F|  |TAMS 0x0000000089800000, 0x0000000089800000| Untracked 
| 153|0x0000000089900000, 0x0000000089900000, 0x0000000089a00000|  0%| F|  |TAMS 0x0000000089900000, 0x0000000089900000| Untracked 
| 154|0x0000000089a00000, 0x0000000089a00000, 0x0000000089b00000|  0%| F|  |TAMS 0x0000000089a00000, 0x0000000089a00000| Untracked 
| 155|0x0000000089b00000, 0x0000000089b00000, 0x0000000089c00000|  0%| F|  |TAMS 0x0000000089b00000, 0x0000000089b00000| Untracked 
| 156|0x0000000089c00000, 0x0000000089c00000, 0x0000000089d00000|  0%| F|  |TAMS 0x0000000089c00000, 0x0000000089c00000| Untracked 
| 157|0x0000000089d00000, 0x0000000089d00000, 0x0000000089e00000|  0%| F|  |TAMS 0x0000000089d00000, 0x0000000089d00000| Untracked 
| 158|0x0000000089e00000, 0x0000000089e00000, 0x0000000089f00000|  0%| F|  |TAMS 0x0000000089e00000, 0x0000000089e00000| Untracked 
| 159|0x0000000089f00000, 0x0000000089f00000, 0x000000008a000000|  0%| F|  |TAMS 0x0000000089f00000, 0x0000000089f00000| Untracked 
| 160|0x000000008a000000, 0x000000008a000000, 0x000000008a100000|  0%| F|  |TAMS 0x000000008a000000, 0x000000008a000000| Untracked 
| 161|0x000000008a100000, 0x000000008a100000, 0x000000008a200000|  0%| F|  |TAMS 0x000000008a100000, 0x000000008a100000| Untracked 
| 162|0x000000008a200000, 0x000000008a200000, 0x000000008a300000|  0%| F|  |TAMS 0x000000008a200000, 0x000000008a200000| Untracked 
| 163|0x000000008a300000, 0x000000008a300000, 0x000000008a400000|  0%| F|  |TAMS 0x000000008a300000, 0x000000008a300000| Untracked 
| 164|0x000000008a400000, 0x000000008a400000, 0x000000008a500000|  0%| F|  |TAMS 0x000000008a400000, 0x000000008a400000| Untracked 
| 165|0x000000008a500000, 0x000000008a500000, 0x000000008a600000|  0%| F|  |TAMS 0x000000008a500000, 0x000000008a500000| Untracked 
| 166|0x000000008a600000, 0x000000008a600000, 0x000000008a700000|  0%| F|  |TAMS 0x000000008a600000, 0x000000008a600000| Untracked 
| 167|0x000000008a700000, 0x000000008a700000, 0x000000008a800000|  0%| F|  |TAMS 0x000000008a700000, 0x000000008a700000| Untracked 
| 168|0x000000008a800000, 0x000000008a800000, 0x000000008a900000|  0%| F|  |TAMS 0x000000008a800000, 0x000000008a800000| Untracked 
| 169|0x000000008a900000, 0x000000008a900000, 0x000000008aa00000|  0%| F|  |TAMS 0x000000008a900000, 0x000000008a900000| Untracked 
| 170|0x000000008aa00000, 0x000000008aa00000, 0x000000008ab00000|  0%| F|  |TAMS 0x000000008aa00000, 0x000000008aa00000| Untracked 
| 171|0x000000008ab00000, 0x000000008ab00000, 0x000000008ac00000|  0%| F|  |TAMS 0x000000008ab00000, 0x000000008ab00000| Untracked 
| 172|0x000000008ac00000, 0x000000008ac00000, 0x000000008ad00000|  0%| F|  |TAMS 0x000000008ac00000, 0x000000008ac00000| Untracked 
| 173|0x000000008ad00000, 0x000000008ad00000, 0x000000008ae00000|  0%| F|  |TAMS 0x000000008ad00000, 0x000000008ad00000| Untracked 
| 174|0x000000008ae00000, 0x000000008ae00000, 0x000000008af00000|  0%| F|  |TAMS 0x000000008ae00000, 0x000000008ae00000| Untracked 
| 175|0x000000008af00000, 0x000000008af00000, 0x000000008b000000|  0%| F|  |TAMS 0x000000008af00000, 0x000000008af00000| Untracked 
| 176|0x000000008b000000, 0x000000008b000000, 0x000000008b100000|  0%| F|  |TAMS 0x000000008b000000, 0x000000008b000000| Untracked 
| 177|0x000000008b100000, 0x000000008b100000, 0x000000008b200000|  0%| F|  |TAMS 0x000000008b100000, 0x000000008b100000| Untracked 
| 178|0x000000008b200000, 0x000000008b200000, 0x000000008b300000|  0%| F|  |TAMS 0x000000008b200000, 0x000000008b200000| Untracked 
| 179|0x000000008b300000, 0x000000008b300000, 0x000000008b400000|  0%| F|  |TAMS 0x000000008b300000, 0x000000008b300000| Untracked 
| 180|0x000000008b400000, 0x000000008b4b4dd0, 0x000000008b500000| 70%| S|CS|TAMS 0x000000008b400000, 0x000000008b400000| Complete 
| 181|0x000000008b500000, 0x000000008b600000, 0x000000008b600000|100%| S|CS|TAMS 0x000000008b500000, 0x000000008b500000| Complete 
| 182|0x000000008b600000, 0x000000008b700000, 0x000000008b700000|100%| S|CS|TAMS 0x000000008b600000, 0x000000008b600000| Complete 
| 183|0x000000008b700000, 0x000000008b800000, 0x000000008b800000|100%| S|CS|TAMS 0x000000008b700000, 0x000000008b700000| Complete 
| 184|0x000000008b800000, 0x000000008b900000, 0x000000008b900000|100%| S|CS|TAMS 0x000000008b800000, 0x000000008b800000| Complete 
| 185|0x000000008b900000, 0x000000008ba00000, 0x000000008ba00000|100%| S|CS|TAMS 0x000000008b900000, 0x000000008b900000| Complete 
| 186|0x000000008ba00000, 0x000000008bb00000, 0x000000008bb00000|100%| S|CS|TAMS 0x000000008ba00000, 0x000000008ba00000| Complete 
| 187|0x000000008bb00000, 0x000000008bb00000, 0x000000008bc00000|  0%| F|  |TAMS 0x000000008bb00000, 0x000000008bb00000| Untracked 
| 188|0x000000008bc00000, 0x000000008bc00000, 0x000000008bd00000|  0%| F|  |TAMS 0x000000008bc00000, 0x000000008bc00000| Untracked 
| 189|0x000000008bd00000, 0x000000008bd00000, 0x000000008be00000|  0%| F|  |TAMS 0x000000008bd00000, 0x000000008bd00000| Untracked 
| 190|0x000000008be00000, 0x000000008be00000, 0x000000008bf00000|  0%| F|  |TAMS 0x000000008be00000, 0x000000008be00000| Untracked 
| 191|0x000000008bf00000, 0x000000008bf00000, 0x000000008c000000|  0%| F|  |TAMS 0x000000008bf00000, 0x000000008bf00000| Untracked 
| 192|0x000000008c000000, 0x000000008c000000, 0x000000008c100000|  0%| F|  |TAMS 0x000000008c000000, 0x000000008c000000| Untracked 
| 193|0x000000008c100000, 0x000000008c100000, 0x000000008c200000|  0%| F|  |TAMS 0x000000008c100000, 0x000000008c100000| Untracked 
| 194|0x000000008c200000, 0x000000008c200000, 0x000000008c300000|  0%| F|  |TAMS 0x000000008c200000, 0x000000008c200000| Untracked 
| 195|0x000000008c300000, 0x000000008c300000, 0x000000008c400000|  0%| F|  |TAMS 0x000000008c300000, 0x000000008c300000| Untracked 
| 196|0x000000008c400000, 0x000000008c400000, 0x000000008c500000|  0%| F|  |TAMS 0x000000008c400000, 0x000000008c400000| Untracked 
| 197|0x000000008c500000, 0x000000008c500000, 0x000000008c600000|  0%| F|  |TAMS 0x000000008c500000, 0x000000008c500000| Untracked 
| 198|0x000000008c600000, 0x000000008c600000, 0x000000008c700000|  0%| F|  |TAMS 0x000000008c600000, 0x000000008c600000| Untracked 
| 199|0x000000008c700000, 0x000000008c700000, 0x000000008c800000|  0%| F|  |TAMS 0x000000008c700000, 0x000000008c700000| Untracked 
| 200|0x000000008c800000, 0x000000008c800000, 0x000000008c900000|  0%| F|  |TAMS 0x000000008c800000, 0x000000008c800000| Untracked 
| 201|0x000000008c900000, 0x000000008c900000, 0x000000008ca00000|  0%| F|  |TAMS 0x000000008c900000, 0x000000008c900000| Untracked 
| 202|0x000000008ca00000, 0x000000008ca00000, 0x000000008cb00000|  0%| F|  |TAMS 0x000000008ca00000, 0x000000008ca00000| Untracked 
| 203|0x000000008cb00000, 0x000000008cb00000, 0x000000008cc00000|  0%| F|  |TAMS 0x000000008cb00000, 0x000000008cb00000| Untracked 
| 204|0x000000008cc00000, 0x000000008cc00000, 0x000000008cd00000|  0%| F|  |TAMS 0x000000008cc00000, 0x000000008cc00000| Untracked 
| 205|0x000000008cd00000, 0x000000008cd00000, 0x000000008ce00000|  0%| F|  |TAMS 0x000000008cd00000, 0x000000008cd00000| Untracked 
| 206|0x000000008ce00000, 0x000000008ce00000, 0x000000008cf00000|  0%| F|  |TAMS 0x000000008ce00000, 0x000000008ce00000| Untracked 
| 207|0x000000008cf00000, 0x000000008cf00000, 0x000000008d000000|  0%| F|  |TAMS 0x000000008cf00000, 0x000000008cf00000| Untracked 
| 208|0x000000008d000000, 0x000000008d000000, 0x000000008d100000|  0%| F|  |TAMS 0x000000008d000000, 0x000000008d000000| Untracked 
| 209|0x000000008d100000, 0x000000008d100000, 0x000000008d200000|  0%| F|  |TAMS 0x000000008d100000, 0x000000008d100000| Untracked 
| 210|0x000000008d200000, 0x000000008d200000, 0x000000008d300000|  0%| F|  |TAMS 0x000000008d200000, 0x000000008d200000| Untracked 
| 211|0x000000008d300000, 0x000000008d300000, 0x000000008d400000|  0%| F|  |TAMS 0x000000008d300000, 0x000000008d300000| Untracked 
| 212|0x000000008d400000, 0x000000008d400000, 0x000000008d500000|  0%| F|  |TAMS 0x000000008d400000, 0x000000008d400000| Untracked 
| 213|0x000000008d500000, 0x000000008d500000, 0x000000008d600000|  0%| F|  |TAMS 0x000000008d500000, 0x000000008d500000| Untracked 
| 214|0x000000008d600000, 0x000000008d600000, 0x000000008d700000|  0%| F|  |TAMS 0x000000008d600000, 0x000000008d600000| Untracked 
| 215|0x000000008d700000, 0x000000008d700000, 0x000000008d800000|  0%| F|  |TAMS 0x000000008d700000, 0x000000008d700000| Untracked 
| 216|0x000000008d800000, 0x000000008d800000, 0x000000008d900000|  0%| F|  |TAMS 0x000000008d800000, 0x000000008d800000| Untracked 
| 217|0x000000008d900000, 0x000000008d900000, 0x000000008da00000|  0%| F|  |TAMS 0x000000008d900000, 0x000000008d900000| Untracked 
| 218|0x000000008da00000, 0x000000008da00000, 0x000000008db00000|  0%| F|  |TAMS 0x000000008da00000, 0x000000008da00000| Untracked 
| 219|0x000000008db00000, 0x000000008db00000, 0x000000008dc00000|  0%| F|  |TAMS 0x000000008db00000, 0x000000008db00000| Untracked 
| 220|0x000000008dc00000, 0x000000008dc00000, 0x000000008dd00000|  0%| F|  |TAMS 0x000000008dc00000, 0x000000008dc00000| Untracked 
| 221|0x000000008dd00000, 0x000000008dd00000, 0x000000008de00000|  0%| F|  |TAMS 0x000000008dd00000, 0x000000008dd00000| Untracked 
| 222|0x000000008de00000, 0x000000008de00000, 0x000000008df00000|  0%| F|  |TAMS 0x000000008de00000, 0x000000008de00000| Untracked 
| 223|0x000000008df00000, 0x000000008df00000, 0x000000008e000000|  0%| F|  |TAMS 0x000000008df00000, 0x000000008df00000| Untracked 
| 224|0x000000008e000000, 0x000000008e000000, 0x000000008e100000|  0%| F|  |TAMS 0x000000008e000000, 0x000000008e000000| Untracked 
| 225|0x000000008e100000, 0x000000008e100000, 0x000000008e200000|  0%| F|  |TAMS 0x000000008e100000, 0x000000008e100000| Untracked 
| 226|0x000000008e200000, 0x000000008e200000, 0x000000008e300000|  0%| F|  |TAMS 0x000000008e200000, 0x000000008e200000| Untracked 
| 227|0x000000008e300000, 0x000000008e300000, 0x000000008e400000|  0%| F|  |TAMS 0x000000008e300000, 0x000000008e300000| Untracked 
| 228|0x000000008e400000, 0x000000008e400000, 0x000000008e500000|  0%| F|  |TAMS 0x000000008e400000, 0x000000008e400000| Untracked 
| 229|0x000000008e500000, 0x000000008e500000, 0x000000008e600000|  0%| F|  |TAMS 0x000000008e500000, 0x000000008e500000| Untracked 
| 230|0x000000008e600000, 0x000000008e600000, 0x000000008e700000|  0%| F|  |TAMS 0x000000008e600000, 0x000000008e600000| Untracked 
| 231|0x000000008e700000, 0x000000008e700000, 0x000000008e800000|  0%| F|  |TAMS 0x000000008e700000, 0x000000008e700000| Untracked 
| 232|0x000000008e800000, 0x000000008e800000, 0x000000008e900000|  0%| F|  |TAMS 0x000000008e800000, 0x000000008e800000| Untracked 
| 233|0x000000008e900000, 0x000000008e900000, 0x000000008ea00000|  0%| F|  |TAMS 0x000000008e900000, 0x000000008e900000| Untracked 
| 234|0x000000008ea00000, 0x000000008ea00000, 0x000000008eb00000|  0%| F|  |TAMS 0x000000008ea00000, 0x000000008ea00000| Untracked 
| 235|0x000000008eb00000, 0x000000008eb00000, 0x000000008ec00000|  0%| F|  |TAMS 0x000000008eb00000, 0x000000008eb00000| Untracked 
| 236|0x000000008ec00000, 0x000000008ec00000, 0x000000008ed00000|  0%| F|  |TAMS 0x000000008ec00000, 0x000000008ec00000| Untracked 
| 237|0x000000008ed00000, 0x000000008ed00000, 0x000000008ee00000|  0%| F|  |TAMS 0x000000008ed00000, 0x000000008ed00000| Untracked 
| 238|0x000000008ee00000, 0x000000008ee00000, 0x000000008ef00000|  0%| F|  |TAMS 0x000000008ee00000, 0x000000008ee00000| Untracked 
| 239|0x000000008ef00000, 0x000000008ef00000, 0x000000008f000000|  0%| F|  |TAMS 0x000000008ef00000, 0x000000008ef00000| Untracked 
| 240|0x000000008f000000, 0x000000008f000000, 0x000000008f100000|  0%| F|  |TAMS 0x000000008f000000, 0x000000008f000000| Untracked 
| 241|0x000000008f100000, 0x000000008f100000, 0x000000008f200000|  0%| F|  |TAMS 0x000000008f100000, 0x000000008f100000| Untracked 
| 242|0x000000008f200000, 0x000000008f200000, 0x000000008f300000|  0%| F|  |TAMS 0x000000008f200000, 0x000000008f200000| Untracked 
| 243|0x000000008f300000, 0x000000008f300000, 0x000000008f400000|  0%| F|  |TAMS 0x000000008f300000, 0x000000008f300000| Untracked 
| 244|0x000000008f400000, 0x000000008f400000, 0x000000008f500000|  0%| F|  |TAMS 0x000000008f400000, 0x000000008f400000| Untracked 
| 245|0x000000008f500000, 0x000000008f500000, 0x000000008f600000|  0%| F|  |TAMS 0x000000008f500000, 0x000000008f500000| Untracked 
| 246|0x000000008f600000, 0x000000008f600000, 0x000000008f700000|  0%| F|  |TAMS 0x000000008f600000, 0x000000008f600000| Untracked 
| 247|0x000000008f700000, 0x000000008f700000, 0x000000008f800000|  0%| F|  |TAMS 0x000000008f700000, 0x000000008f700000| Untracked 
| 248|0x000000008f800000, 0x000000008f800000, 0x000000008f900000|  0%| F|  |TAMS 0x000000008f800000, 0x000000008f800000| Untracked 
| 249|0x000000008f900000, 0x000000008f900000, 0x000000008fa00000|  0%| F|  |TAMS 0x000000008f900000, 0x000000008f900000| Untracked 
| 250|0x000000008fa00000, 0x000000008fa00000, 0x000000008fb00000|  0%| F|  |TAMS 0x000000008fa00000, 0x000000008fa00000| Untracked 
| 251|0x000000008fb00000, 0x000000008fb00000, 0x000000008fc00000|  0%| F|  |TAMS 0x000000008fb00000, 0x000000008fb00000| Untracked 
| 252|0x000000008fc00000, 0x000000008fc00000, 0x000000008fd00000|  0%| F|  |TAMS 0x000000008fc00000, 0x000000008fc00000| Untracked 
| 253|0x000000008fd00000, 0x000000008fd00000, 0x000000008fe00000|  0%| F|  |TAMS 0x000000008fd00000, 0x000000008fd00000| Untracked 
| 254|0x000000008fe00000, 0x000000008fe00000, 0x000000008ff00000|  0%| F|  |TAMS 0x000000008fe00000, 0x000000008fe00000| Untracked 
| 255|0x000000008ff00000, 0x000000008ff70c90, 0x0000000090000000| 44%| E|  |TAMS 0x000000008ff00000, 0x000000008ff00000| Complete 

Card table byte_map: [0x0000000015dd0000,0x00000000161d0000] _byte_map_base: 0x00000000159d0000

Marking Bits (Prev, Next): (CMBitMap*) 0x0000000000462f90, (CMBitMap*) 0x0000000000462f58
 Prev Bits: [0x00000000185d0000, 0x000000001a5d0000)
 Next Bits: [0x00000000165d0000, 0x00000000185d0000)

Polling page: 0x0000000000130000

Metaspace:

Usage:
  Non-class:    120.29 MB capacity,   117.78 MB ( 98%) used,     2.06 MB (  2%) free+waste,   462.94 KB ( <1%) overhead. 
      Class:     17.97 MB capacity,    16.58 MB ( 92%) used,     1.19 MB (  7%) free+waste,   202.13 KB (  1%) overhead. 
       Both:    138.26 MB capacity,   134.36 MB ( 97%) used,     3.25 MB (  2%) free+waste,   665.06 KB ( <1%) overhead. 

Virtual space:
  Non-class space:      122.00 MB reserved,     121.41 MB (>99%) committed 
      Class space:        1.00 GB reserved,      18.63 MB (  2%) committed 
             Both:        1.12 GB reserved,     140.04 MB ( 12%) committed 

Chunk freelists:
   Non-Class:  1014.00 KB
       Class:  633.00 KB
        Both:  1.61 MB

MaxMetaspaceSize: 17179869184.00 GB
CompressedClassSpaceSize: 1.00 GB

CodeHeap 'non-profiled nmethods': size=120064Kb used=15399Kb max_used=15399Kb free=104664Kb
 bounds [0x000000000dd00000, 0x000000000ec10000, 0x0000000015240000]
CodeHeap 'profiled nmethods': size=120000Kb used=50276Kb max_used=50276Kb free=69724Kb
 bounds [0x00000000067d0000, 0x0000000009920000, 0x000000000dd00000]
CodeHeap 'non-nmethods': size=5696Kb used=2388Kb max_used=2439Kb free=3307Kb
 bounds [0x0000000006240000, 0x00000000064b0000, 0x00000000067d0000]
 total_blobs=23445 nmethods=22418 adapters=935
 compilation: enabled
              stopped_count=0, restarted_count=0
 full_count=0

Compilation events (20 events):
Event: 448.238 Thread 0x000000001d5b3000 nmethod 24944 0x000000000ec07d90 code [0x000000000ec07f40, 0x000000000ec083d8]
Event: 448.239 Thread 0x000000001d5b4800 24949       1       org.jetbrains.kotlin.daemon.common.PropMapper::getNames (5 bytes)
Event: 448.240 Thread 0x000000001d5b4800 nmethod 24949 0x000000000ec08590 code [0x000000000ec08740, 0x000000000ec087f8]
Event: 448.241 Thread 0x000000001d5b3000 24950       4       java.io.File::isDirectory (43 bytes)
Event: 448.244 Thread 0x000000001d5b3000 nmethod 24950 0x000000000ec08890 code [0x000000000ec08a60, 0x000000000ec08d98]
Event: 448.253 Thread 0x000000001d5b3000 24951       4       java.lang.invoke.DirectMethodHandle$Holder::invokeStatic (20 bytes)
Event: 448.253 Thread 0x000000001d5b4800 24953       3       java.lang.ClassLoader::getBuiltinPlatformClassLoader (4 bytes)
Event: 448.253 Thread 0x000000001d5b4800 nmethod 24953 0x0000000007b7bc10 code [0x0000000007b7bdc0, 0x0000000007b7bef8]
Event: 448.253 Thread 0x000000001d5b3000 nmethod 24951 0x000000000ec09010 code [0x000000000ec091c0, 0x000000000ec09288]
Event: 448.253 Thread 0x000000001d5b3000 24952       4       java.lang.StringConcatHelper::prepend (16 bytes)
Event: 448.254 Thread 0x000000001d5b3000 nmethod 24952 0x000000000ec09390 code [0x000000000ec09520, 0x000000000ec09718]
Event: 448.309 Thread 0x000000001d5b3000 24954   !   4       java.util.concurrent.ArrayBlockingQueue::take (46 bytes)
Event: 448.312 Thread 0x000000001d5b3000 nmethod 24954 0x000000000ec09890 code [0x000000000ec09a80, 0x000000000ec09d80]
Event: 448.399 Thread 0x000000001d5b3000 24955       4       java.util.concurrent.atomic.AtomicReference::updateAndGet (54 bytes)
Event: 448.401 Thread 0x000000001d5b3000 nmethod 24955 0x000000000ec0a090 code [0x000000000ec0a240, 0x000000000ec0a438]
Event: 448.401 Thread 0x000000001d5b3000 24956       4       net.rubygrapefruit.platform.internal.jni.AbstractFileEventFunctions$NativeFileWatcherCallback::queueEvent (39 bytes)
Event: 448.405 Thread 0x000000001d5b3000 nmethod 24956 0x000000000ec0a610 code [0x000000000ec0a7e0, 0x000000000ec0abb0]
Event: 450.841 Thread 0x000000001d5b3000 24957       4       org.gradle.internal.watch.registry.impl.DefaultFileWatcherRegistry$1::<init> (15 bytes)
Event: 450.842 Thread 0x000000001d5b3000 nmethod 24957 0x000000000ec0af90 code [0x000000000ec0b120, 0x000000000ec0b318]
Event: 450.842 Thread 0x000000001d5b3000 24958       4       net.rubygrapefruit.platform.internal.jni.AbstractFileEventFunctions$ChangeEvent::handleEvent (15 bytes)

GC Heap History (20 events):
Event: 118.374 GC heap before
{Heap before GC invocations=36 (full 0):
 garbage-first heap   total 262144K, used 141694K [0x0000000080000000, 0x0000000100000000)
  region size 1024K, 12 young (12288K), 3 survivors (3072K)
 Metaspace       used 122017K, capacity 125124K, committed 125348K, reserved 1159168K
  class space    used 14881K, capacity 16019K, committed 16128K, reserved 1048576K
}
Event: 118.381 GC heap after
{Heap after GC invocations=37 (full 0):
 garbage-first heap   total 262144K, used 119807K [0x0000000080000000, 0x0000000100000000)
  region size 1024K, 2 young (2048K), 2 survivors (2048K)
 Metaspace       used 122017K, capacity 125124K, committed 125348K, reserved 1159168K
  class space    used 14881K, capacity 16019K, committed 16128K, reserved 1048576K
}
Event: 118.959 GC heap before
{Heap before GC invocations=37 (full 0):
 garbage-first heap   total 262144K, used 208895K [0x0000000080000000, 0x0000000100000000)
  region size 1024K, 90 young (92160K), 2 survivors (2048K)
 Metaspace       used 131190K, capacity 135096K, committed 135332K, reserved 1167360K
  class space    used 16367K, capacity 17874K, committed 17920K, reserved 1048576K
}
Event: 118.972 GC heap after
{Heap after GC invocations=38 (full 0):
 garbage-first heap   total 262144K, used 128372K [0x0000000080000000, 0x0000000100000000)
  region size 1024K, 10 young (10240K), 10 survivors (10240K)
 Metaspace       used 131190K, capacity 135096K, committed 135332K, reserved 1167360K
  class space    used 16367K, capacity 17874K, committed 17920K, reserved 1048576K
}
Event: 121.373 GC heap before
{Heap before GC invocations=39 (full 0):
 garbage-first heap   total 262144K, used 212340K [0x0000000080000000, 0x0000000100000000)
  region size 1024K, 92 young (94208K), 10 survivors (10240K)
 Metaspace       used 135511K, capacity 139812K, committed 139940K, reserved 1171456K
  class space    used 16977K, capacity 18609K, committed 18688K, reserved 1048576K
}
Event: 121.377 GC heap after
{Heap after GC invocations=40 (full 0):
 garbage-first heap   total 262144K, used 125030K [0x0000000080000000, 0x0000000100000000)
  region size 1024K, 5 young (5120K), 5 survivors (5120K)
 Metaspace       used 135511K, capacity 139812K, committed 139940K, reserved 1171456K
  class space    used 16977K, capacity 18609K, committed 18688K, reserved 1048576K
}
Event: 121.423 GC heap before
{Heap before GC invocations=40 (full 0):
 garbage-first heap   total 262144K, used 132198K [0x0000000080000000, 0x0000000100000000)
  region size 1024K, 12 young (12288K), 5 survivors (5120K)
 Metaspace       used 135812K, capacity 140091K, committed 140196K, reserved 1171456K
  class space    used 17022K, capacity 18677K, committed 18688K, reserved 1048576K
}
Event: 121.436 GC heap after
{Heap after GC invocations=41 (full 0):
 garbage-first heap   total 262144K, used 125270K [0x0000000080000000, 0x0000000100000000)
  region size 1024K, 2 young (2048K), 2 survivors (2048K)
 Metaspace       used 135812K, capacity 140091K, committed 140196K, reserved 1171456K
  class space    used 17022K, capacity 18677K, committed 18688K, reserved 1048576K
}
Event: 408.527 GC heap before
{Heap before GC invocations=41 (full 0):
 garbage-first heap   total 262144K, used 225622K [0x0000000080000000, 0x0000000100000000)
  region size 1024K, 87 young (89088K), 2 survivors (2048K)
 Metaspace       used 138394K, capacity 142961K, committed 143140K, reserved 1173504K
  class space    used 17323K, capacity 19030K, committed 19072K, reserved 1048576K
}
Event: 408.532 GC heap after
{Heap after GC invocations=42 (full 0):
 garbage-first heap   total 262144K, used 128417K [0x0000000080000000, 0x0000000100000000)
  region size 1024K, 6 young (6144K), 6 survivors (6144K)
 Metaspace       used 138394K, capacity 142961K, committed 143140K, reserved 1173504K
  class space    used 17323K, capacity 19030K, committed 19072K, reserved 1048576K
}
Event: 408.720 GC heap before
{Heap before GC invocations=42 (full 0):
 garbage-first heap   total 262144K, used 138657K [0x0000000080000000, 0x0000000100000000)
  region size 1024K, 18 young (18432K), 6 survivors (6144K)
 Metaspace       used 138501K, capacity 142978K, committed 143140K, reserved 1173504K
  class space    used 17324K, capacity 19032K, committed 19072K, reserved 1048576K
}
Event: 408.732 GC heap after
{Heap after GC invocations=43 (full 0):
 garbage-first heap   total 262144K, used 131195K [0x0000000080000000, 0x0000000100000000)
  region size 1024K, 8 young (8192K), 8 survivors (8192K)
 Metaspace       used 138501K, capacity 142978K, committed 143140K, reserved 1173504K
  class space    used 17324K, capacity 19032K, committed 19072K, reserved 1048576K
}
Event: 410.085 GC heap before
{Heap before GC invocations=44 (full 0):
 garbage-first heap   total 262144K, used 225403K [0x0000000080000000, 0x0000000100000000)
  region size 1024K, 91 young (93184K), 8 survivors (8192K)
 Metaspace       used 137323K, capacity 141241K, committed 143140K, reserved 1173504K
  class space    used 16958K, capacity 18374K, committed 19072K, reserved 1048576K
}
Event: 410.095 GC heap after
{Heap after GC invocations=45 (full 0):
 garbage-first heap   total 262144K, used 146712K [0x0000000080000000, 0x0000000100000000)
  region size 1024K, 12 young (12288K), 12 survivors (12288K)
 Metaspace       used 137323K, capacity 141241K, committed 143140K, reserved 1173504K
  class space    used 16958K, capacity 18374K, committed 19072K, reserved 1048576K
}
Event: 410.097 GC heap before
{Heap before GC invocations=45 (full 0):
 garbage-first heap   total 262144K, used 147736K [0x0000000080000000, 0x0000000100000000)
  region size 1024K, 13 young (13312K), 12 survivors (12288K)
 Metaspace       used 137323K, capacity 141241K, committed 143140K, reserved 1173504K
  class space    used 16958K, capacity 18374K, committed 19072K, reserved 1048576K
}
Event: 410.105 GC heap after
{Heap after GC invocations=46 (full 0):
 garbage-first heap   total 262144K, used 143033K [0x0000000080000000, 0x0000000100000000)
  region size 1024K, 1 young (1024K), 1 survivors (1024K)
 Metaspace       used 137323K, capacity 141241K, committed 143140K, reserved 1173504K
  class space    used 16958K, capacity 18374K, committed 19072K, reserved 1048576K
}
Event: 411.294 GC heap before
{Heap before GC invocations=46 (full 0):
 garbage-first heap   total 262144K, used 222905K [0x0000000080000000, 0x0000000100000000)
  region size 1024K, 65 young (66560K), 1 survivors (1024K)
 Metaspace       used 137458K, capacity 141375K, committed 143140K, reserved 1173504K
  class space    used 16970K, capacity 18395K, committed 19072K, reserved 1048576K
}
Event: 411.298 GC heap after
{Heap after GC invocations=47 (full 0):
 garbage-first heap   total 262144K, used 144903K [0x0000000080000000, 0x0000000100000000)
  region size 1024K, 3 young (3072K), 3 survivors (3072K)
 Metaspace       used 137458K, capacity 141375K, committed 143140K, reserved 1173504K
  class space    used 16970K, capacity 18395K, committed 19072K, reserved 1048576K
}
Event: 448.395 GC heap before
{Heap before GC invocations=47 (full 0):
 garbage-first heap   total 262144K, used 211463K [0x0000000080000000, 0x0000000100000000)
  region size 1024K, 69 young (70656K), 3 survivors (3072K)
 Metaspace       used 137575K, capacity 141578K, committed 143396K, reserved 1173504K
  class space    used 16971K, capacity 18398K, committed 19072K, reserved 1048576K
}
Event: 448.398 GC heap after
{Heap after GC invocations=48 (full 0):
 garbage-first heap   total 262144K, used 149186K [0x0000000080000000, 0x0000000100000000)
  region size 1024K, 7 young (7168K), 7 survivors (7168K)
 Metaspace       used 137575K, capacity 141578K, committed 143396K, reserved 1173504K
  class space    used 16971K, capacity 18398K, committed 19072K, reserved 1048576K
}

Deoptimization events (20 events):
Event: 448.067 Thread 0x00000000217f8800 Uncommon trap: trap_request=0xffffffc6 fr.pc=0x000000000eae4a88 relative=0x0000000000000228
Event: 448.067 Thread 0x00000000217f8800 Uncommon trap: reason=bimorphic_or_optimized_type_check action=maybe_recompile pc=0x000000000eae4a88 method=java.util.Map.getOrDefault(Ljava/lang/Object;Ljava/lang/Object;)Ljava/lang/Object; @ 14 c2
Event: 448.067 Thread 0x00000000217f8800 DEOPT PACKING pc=0x000000000eae4a88 sp=0x000000002dabadf0
Event: 448.067 Thread 0x00000000217f8800 DEOPT UNPACKING pc=0x000000000626662f sp=0x000000002dabad90 mode 2
Event: 448.180 Thread 0x00000000217f8800 Uncommon trap: trap_request=0xffffffbe fr.pc=0x000000000e21afec relative=0x000000000000276c
Event: 448.180 Thread 0x00000000217f8800 Uncommon trap: reason=profile_predicate action=maybe_recompile pc=0x000000000e21afec method=java.util.ComparableTimSort.binarySort([Ljava/lang/Object;III)V @ 34 c2
Event: 448.180 Thread 0x00000000217f8800 DEOPT PACKING pc=0x000000000e21afec sp=0x000000002daba830
Event: 448.180 Thread 0x00000000217f8800 DEOPT UNPACKING pc=0x000000000626662f sp=0x000000002daba768 mode 2
Event: 448.240 Thread 0x00000000217f8800 Uncommon trap: trap_request=0xffffffbe fr.pc=0x000000000e21afec relative=0x000000000000276c
Event: 448.240 Thread 0x00000000217f8800 Uncommon trap: reason=profile_predicate action=maybe_recompile pc=0x000000000e21afec method=java.util.ComparableTimSort.binarySort([Ljava/lang/Object;III)V @ 34 c2
Event: 448.240 Thread 0x00000000217f8800 DEOPT PACKING pc=0x000000000e21afec sp=0x000000002daba0a0
Event: 448.240 Thread 0x00000000217f8800 DEOPT UNPACKING pc=0x000000000626662f sp=0x000000002dab9fd8 mode 2
Event: 448.399 Thread 0x00000000217ef000 Uncommon trap: trap_request=0xffffff6e fr.pc=0x000000000e514bc0 relative=0x0000000000000e20
Event: 448.399 Thread 0x00000000217ef000 Uncommon trap: reason=speculate_class_check action=maybe_recompile pc=0x000000000e514bc0 method=java.util.concurrent.locks.AbstractQueuedSynchronizer.doAcquireInterruptibly(I)V @ 23 c2
Event: 448.399 Thread 0x00000000217ef000 DEOPT PACKING pc=0x000000000e514bc0 sp=0x0000000025a9ebf0
Event: 448.399 Thread 0x00000000217ef000 DEOPT UNPACKING pc=0x000000000626662f sp=0x0000000025a9eb00 mode 2
Event: 449.272 Thread 0x0000000026116800 Uncommon trap: trap_request=0xffffffde fr.pc=0x000000000e0cfc7c relative=0x00000000000000bc
Event: 449.272 Thread 0x0000000026116800 Uncommon trap: reason=class_check action=maybe_recompile pc=0x000000000e0cfc7c method=java.lang.ThreadLocal.set(Ljava/lang/Object;)V @ 26 c2
Event: 449.272 Thread 0x0000000026116800 DEOPT PACKING pc=0x000000000e0cfc7c sp=0x0000000029e3da10
Event: 449.273 Thread 0x0000000026116800 DEOPT UNPACKING pc=0x000000000626662f sp=0x0000000029e3d9a0 mode 2

Classes redefined (0 events):
No events

Internal exceptions (20 events):
Event: 122.988 Thread 0x0000000026b42800 Exception <a 'java/lang/NoSuchMethodError'{0x000000008dc014b0}: 'java.lang.Object java.lang.invoke.Invokers$Holder.linkToTargetMethod(java.lang.Object, java.lang.Object, java.lang.Object, java.lang.Object, int, java.lang.Object, java.lang.Object)'> (0x000000008dc014b0) thrown at [./src/hotspot/share/interpreter/linkResolver.cpp, line 773]
Event: 123.014 Thread 0x0000000026b42800 Exception <a 'java/lang/NoSuchMethodError'{0x000000008d9db998}: 'java.lang.Object java.lang.invoke.DirectMethodHandle$Holder.invokeSpecial(java.lang.Object, java.lang.Object, java.lang.Object, java.lang.Object, java.lang.Object, java.lang.Object, java.lang.Object, int, java.lang.Object)'> (0x000000008d9db998) thrown at [./src/hotspot/share/interpreter/linkResolver.cpp, line 773]
Event: 123.014 Thread 0x0000000026b42800 Exception <a 'java/lang/NoSuchMethodError'{0x000000008d9e4bc0}: 'java.lang.Object java.lang.invoke.DirectMethodHandle$Holder.invokeStatic(java.lang.Object, java.lang.Object, java.lang.Object, java.lang.Object, java.lang.Object, java.lang.Object, java.lang.Object, int)'> (0x000000008d9e4bc0) thrown at [./src/hotspot/share/interpreter/linkResolver.cpp, line 773]
Event: 123.014 Thread 0x0000000026b42800 Exception <a 'java/lang/NoSuchMethodError'{0x000000008d9e8be0}: 'java.lang.Object java.lang.invoke.DirectMethodHandle$Holder.invokeSpecial(java.lang.Object, java.lang.Object, java.lang.Object, java.lang.Object, java.lang.Object, java.lang.Object, java.lang.Object, java.lang.Object, int)'> (0x000000008d9e8be0) thrown at [./src/hotspot/share/interpreter/linkResolver.cpp, line 773]
Event: 123.014 Thread 0x0000000026b42800 Exception <a 'java/lang/NoSuchMethodError'{0x000000008d9ec278}: 'java.lang.Object java.lang.invoke.Invokers$Holder.linkToTargetMethod(java.lang.Object, java.lang.Object, java.lang.Object, java.lang.Object, java.lang.Object, java.lang.Object, int, java.lang.Object)'> (0x000000008d9ec278) thrown at [./src/hotspot/share/interpreter/linkResolver.cpp, line 773]
Event: 126.075 Thread 0x0000000026b42800 Implicit null exception at 0x000000000df4c5eb to 0x000000000df4c60c
Event: 400.665 Thread 0x0000000026b43000 Exception <a 'java/lang/NoSuchMethodError'{0x000000008bf2b698}: 'java.lang.Object java.lang.invoke.DirectMethodHandle$Holder.invokeSpecial(java.lang.Object, java.lang.Object, int, int, int, java.lang.Object, java.lang.Object, java.lang.Object)'> (0x000000008bf2b698) thrown at [./src/hotspot/share/interpreter/linkResolver.cpp, line 773]
Event: 400.665 Thread 0x0000000026b43000 Exception <a 'java/lang/NoSuchMethodError'{0x000000008bf2ecd8}: 'java.lang.Object java.lang.invoke.DelegatingMethodHandle$Holder.reinvoke_L(java.lang.Object, int, int, int, java.lang.Object, java.lang.Object, java.lang.Object)'> (0x000000008bf2ecd8) thrown at [./src/hotspot/share/interpreter/linkResolver.cpp, line 773]
Event: 400.666 Thread 0x0000000026b43000 Exception <a 'java/lang/NoSuchMethodError'{0x000000008bf36008}: 'java.lang.Object java.lang.invoke.DirectMethodHandle$Holder.invokeStatic(java.lang.Object, java.lang.Object, java.lang.Object, java.lang.Object, java.lang.Object, int)'> (0x000000008bf36008) thrown at [./src/hotspot/share/interpreter/linkResolver.cpp, line 773]
Event: 400.666 Thread 0x0000000026b43000 Exception <a 'java/lang/NoSuchMethodError'{0x000000008bf4b538}: 'java.lang.Object java.lang.invoke.DirectMethodHandle$Holder.invokeStatic(java.lang.Object, java.lang.Object, java.lang.Object, java.lang.Object, java.lang.Object, int, int)'> (0x000000008bf4b538) thrown at [./src/hotspot/share/interpreter/linkResolver.cpp, line 773]
Event: 408.517 Thread 0x0000000026b42800 Exception <a 'sun/nio/fs/WindowsException'{0x000000008aac1818}> (0x000000008aac1818) thrown at [./src/hotspot/share/prims/jni.cpp, line 615]
Event: 408.605 Thread 0x0000000026b42800 Exception <a 'sun/nio/fs/WindowsException'{0x000000008f7de5d0}> (0x000000008f7de5d0) thrown at [./src/hotspot/share/prims/jni.cpp, line 615]
Event: 408.640 Thread 0x0000000026b42800 Exception <a 'sun/nio/fs/WindowsException'{0x000000008f680368}> (0x000000008f680368) thrown at [./src/hotspot/share/prims/jni.cpp, line 615]
Event: 408.640 Thread 0x0000000026b42800 Exception <a 'sun/nio/fs/WindowsException'{0x000000008f6815e0}> (0x000000008f6815e0) thrown at [./src/hotspot/share/prims/jni.cpp, line 615]
Event: 408.640 Thread 0x0000000026b42800 Exception <a 'sun/nio/fs/WindowsException'{0x000000008f682900}> (0x000000008f682900) thrown at [./src/hotspot/share/prims/jni.cpp, line 615]
Event: 408.640 Thread 0x0000000026b42800 Exception <a 'sun/nio/fs/WindowsException'{0x000000008f683c20}> (0x000000008f683c20) thrown at [./src/hotspot/share/prims/jni.cpp, line 615]
Event: 410.715 Thread 0x0000000021a81000 Implicit null exception at 0x000000000e9bcacc to 0x000000000e9bd398
Event: 445.687 Thread 0x00000000217f7000 Exception <a 'sun/nio/fs/WindowsException'{0x000000008df4f260}> (0x000000008df4f260) thrown at [./src/hotspot/share/prims/jni.cpp, line 615]
Event: 445.687 Thread 0x00000000217f7000 Exception <a 'sun/nio/fs/WindowsException'{0x000000008df4f348}> (0x000000008df4f348) thrown at [./src/hotspot/share/prims/jni.cpp, line 615]
Event: 448.245 Thread 0x000000002b90c800 Exception <a 'java/lang/InterruptedException'{0x000000008bf0f3b8}> (0x000000008bf0f3b8) thrown at [./src/hotspot/share/runtime/objectMonitor.cpp, line 1635]

Events (20 events):
Event: 448.253 Executing VM operation: RevokeBias done
Event: 448.395 Executing VM operation: G1CollectForAllocation
Event: 448.398 Executing VM operation: G1CollectForAllocation done
Event: 449.271 Thread 0x0000000026116800 Thread added: 0x0000000026116800
Event: 449.272 Executing VM operation: RevokeBias
Event: 449.272 Executing VM operation: RevokeBias done
Event: 449.273 Executing VM operation: RevokeBias
Event: 449.273 Executing VM operation: RevokeBias done
Event: 449.273 Executing VM operation: RevokeBias
Event: 449.273 Executing VM operation: RevokeBias done
Event: 449.273 Executing VM operation: RevokeBias
Event: 449.273 Executing VM operation: RevokeBias done
Event: 449.273 Executing VM operation: RevokeBias
Event: 449.273 Executing VM operation: RevokeBias done
Event: 449.273 Executing VM operation: RevokeBias
Event: 449.273 Executing VM operation: RevokeBias done
Event: 449.273 Executing VM operation: RevokeBias
Event: 449.273 Executing VM operation: RevokeBias done
Event: 449.273 Executing VM operation: RevokeBias
Event: 449.274 Executing VM operation: RevokeBias done


Dynamic libraries:
0x000000013fc80000 - 0x000000013fc8a000 	E:\android\jre\bin\java.exe
0x0000000076ea0000 - 0x000000007704a000 	C:\Windows\SYSTEM32\ntdll.dll
0x0000000076c80000 - 0x0000000076d9f000 	C:\Windows\system32\kernel32.dll
0x000007fefcd60000 - 0x000007fefcdcb000 	C:\Windows\system32\KERNELBASE.dll
0x000007feeb890000 - 0x000007feeb910000 	C:\Windows\AppPatch\apppatch64\ummon.dll
0x000007fefeb90000 - 0x000007fefec6b000 	C:\Windows\system32\ADVAPI32.dll
0x000007fefe9b0000 - 0x000007fefea4f000 	C:\Windows\system32\msvcrt.dll
0x000007fefe7e0000 - 0x000007fefe7ff000 	C:\Windows\SYSTEM32\sechost.dll
0x000007fefe800000 - 0x000007fefe92d000 	C:\Windows\system32\RPCRT4.dll
0x0000000076da0000 - 0x0000000076e9a000 	C:\Windows\system32\USER32.dll
0x000007fefd590000 - 0x000007fefd5f7000 	C:\Windows\system32\GDI32.dll
0x000007fefd490000 - 0x000007fefd49e000 	C:\Windows\system32\LPK.dll
0x000007fefd600000 - 0x000007fefd6ca000 	C:\Windows\system32\USP10.dll
0x000007fefef40000 - 0x000007feff143000 	C:\Windows\system32\ole32.dll
0x000007fefeab0000 - 0x000007fefeb87000 	C:\Windows\system32\OLEAUT32.dll
0x000007fefce30000 - 0x000007fefcf9d000 	C:\Windows\system32\CRYPT32.dll
0x000007fefcc30000 - 0x000007fefcc3f000 	C:\Windows\system32\MSASN1.dll
0x000007feefc60000 - 0x000007feefc79000 	E:\android\jre\bin\jli.dll
0x000007fefaf90000 - 0x000007fefb184000 	C:\Windows\WinSxS\amd64_microsoft.windows.common-controls_6595b64144ccf1df_6.0.7601.18837_none_fa3b1e3d17594757\COMCTL32.dll
0x000007fefe930000 - 0x000007fefe9a1000 	C:\Windows\system32\SHLWAPI.dll
0x000007feec650000 - 0x000007feec667000 	E:\android\jre\bin\VCRUNTIME140.dll
0x000007feef480000 - 0x000007feef484000 	C:\Windows\system32\api-ms-win-crt-runtime-l1-1-0.dll
0x000007feef380000 - 0x000007feef472000 	C:\Windows\system32\ucrtbase.DLL
0x000007feef370000 - 0x000007feef373000 	C:\Windows\system32\api-ms-win-core-timezone-l1-1-0.dll
0x000007feef360000 - 0x000007feef363000 	C:\Windows\system32\api-ms-win-core-file-l2-1-0.dll
0x000007feef350000 - 0x000007feef353000 	C:\Windows\system32\api-ms-win-core-localization-l1-2-0.dll
0x000007fefbcb0000 - 0x000007fefbcb3000 	C:\Windows\system32\api-ms-win-core-synch-l1-2-0.dll
0x000007feef1a0000 - 0x000007feef1a3000 	C:\Windows\system32\api-ms-win-core-processthreads-l1-1-1.dll
0x000007feef340000 - 0x000007feef343000 	C:\Windows\system32\api-ms-win-core-file-l1-2-0.dll
0x000007feef320000 - 0x000007feef324000 	C:\Windows\system32\api-ms-win-crt-string-l1-1-0.dll
0x000007feef330000 - 0x000007feef333000 	C:\Windows\system32\api-ms-win-crt-heap-l1-1-0.dll
0x000007feef310000 - 0x000007feef314000 	C:\Windows\system32\api-ms-win-crt-stdio-l1-1-0.dll
0x000007feef300000 - 0x000007feef304000 	C:\Windows\system32\api-ms-win-crt-convert-l1-1-0.dll
0x000007feef2c0000 - 0x000007feef2c3000 	C:\Windows\system32\api-ms-win-crt-environment-l1-1-0.dll
0x000007feef2d0000 - 0x000007feef2d3000 	C:\Windows\system32\api-ms-win-crt-filesystem-l1-1-0.dll
0x000007fee54a0000 - 0x000007fee54a5000 	C:\Windows\system32\api-ms-win-crt-math-l1-1-0.dll
0x000007fee5160000 - 0x000007fee5163000 	C:\Windows\system32\api-ms-win-crt-locale-l1-1-0.dll
0x000007feff150000 - 0x000007feff17e000 	C:\Windows\system32\IMM32.DLL
0x000007fefd6d0000 - 0x000007fefd7d9000 	C:\Windows\system32\MSCTF.dll
0x000007fee4c50000 - 0x000007fee4ced000 	E:\android\jre\bin\msvcp140.dll
0x000007fee2a10000 - 0x000007fee2a15000 	C:\Windows\system32\api-ms-win-crt-multibyte-l1-1-0.dll
0x000007feef2f0000 - 0x000007feef2f3000 	C:\Windows\system32\api-ms-win-crt-time-l1-1-0.dll
0x000007feef2e0000 - 0x000007feef2e3000 	C:\Windows\system32\api-ms-win-crt-utility-l1-1-0.dll
0x000007fee3ef0000 - 0x000007fee49c5000 	E:\android\jre\bin\server\jvm.dll
0x000007feef150000 - 0x000007feef159000 	C:\Windows\system32\WSOCK32.dll
0x000007fefd540000 - 0x000007fefd58d000 	C:\Windows\system32\WS2_32.dll
0x000007fefd7e0000 - 0x000007fefd7e8000 	C:\Windows\system32\NSI.dll
0x000007fefa7a0000 - 0x000007fefa7db000 	C:\Windows\system32\WINMM.dll
0x000007fefbbb0000 - 0x000007fefbbbc000 	C:\Windows\system32\VERSION.dll
0x0000000077070000 - 0x0000000077077000 	C:\Windows\system32\PSAPI.DLL
0x000007fee5480000 - 0x000007fee5491000 	E:\android\jre\bin\verify.dll
0x000007fef4320000 - 0x000007fef4445000 	C:\Windows\system32\DBGHELP.DLL
0x000007fee5450000 - 0x000007fee5479000 	E:\android\jre\bin\java.dll
0x000007fee5440000 - 0x000007fee544b000 	E:\android\jre\bin\jimage.dll
0x000007fee5420000 - 0x000007fee5438000 	E:\android\jre\bin\zip.dll
0x000007fefd7f0000 - 0x000007fefe57a000 	C:\Windows\system32\SHELL32.dll
0x000007fefcc20000 - 0x000007fefcc2f000 	C:\Windows\system32\profapi.dll
0x000007fee5400000 - 0x000007fee541a000 	E:\android\jre\bin\net.dll
0x000007fef44c0000 - 0x000007fef4531000 	C:\Windows\system32\WINHTTP.dll
0x000007fef4450000 - 0x000007fef44b4000 	C:\Windows\system32\webio.dll
0x000007fefc400000 - 0x000007fefc455000 	C:\Windows\system32\mswsock.dll
0x000007fefc3f0000 - 0x000007fefc3f7000 	C:\Windows\System32\wship6.dll
0x000007fee53e0000 - 0x000007fee53f4000 	E:\android\jre\bin\nio.dll
0x000007fee33e0000 - 0x000007fee3407000 	C:\Users\Vlad\.gradle\native\8bec1ad78214c89d9ad589b4d07fe93259594b29d510b10fafb7a158f7737e5d\windows-amd64\native-platform.dll
0x000007fee32a0000 - 0x000007fee33dd000 	C:\Users\Vlad\.gradle\native\53dbd7edfb1c66fb8903c78663c9afc45aea4f116125fa6feffd364cf09443e8\windows-amd64\native-platform-file-events.dll
0x000007fee53d0000 - 0x000007fee53da000 	E:\android\jre\bin\management.dll
0x000007fee53c0000 - 0x000007fee53cd000 	E:\android\jre\bin\management_ext.dll
0x000007fefc460000 - 0x000007fefc478000 	C:\Windows\system32\CRYPTSP.dll
0x000007fefc160000 - 0x000007fefc1a7000 	C:\Windows\system32\rsaenh.dll
0x000007fefcfc0000 - 0x000007fefcfde000 	C:\Windows\system32\USERENV.dll
0x000007fefcac0000 - 0x000007fefcacf000 	C:\Windows\system32\CRYPTBASE.dll
0x000007fef9130000 - 0x000007fef9157000 	C:\Windows\system32\IPHLPAPI.DLL
0x000007fef9120000 - 0x000007fef912b000 	C:\Windows\system32\WINNSI.DLL
0x000007fefa7e0000 - 0x000007fefa7f1000 	C:\Windows\system32\dhcpcsvc6.DLL
0x000007fefa610000 - 0x000007fefa628000 	C:\Windows\system32\dhcpcsvc.DLL
0x000007fefca60000 - 0x000007fefcab7000 	C:\Windows\system32\apphelp.dll
0x000007feec610000 - 0x000007feec62e000 	C:\Users\Vlad\AppData\Local\Temp\native-platform12858012040159065725dir\native-platform.dll
0x000007feeccc0000 - 0x000007feeccc8000 	E:\android\jre\bin\rmi.dll
0x000007fee4e30000 - 0x000007fee4e57000 	E:\android\jre\bin\sunec.dll

dbghelp: loaded successfully - version: 4.0.5 - missing functions: none
symbol engine: initialized successfully - sym options: 0x614 - pdb path: .;E:\android\jre\bin;C:\Windows\SYSTEM32;C:\Windows\AppPatch\apppatch64;C:\Windows\WinSxS\amd64_microsoft.windows.common-controls_6595b64144ccf1df_6.0.7601.18837_none_fa3b1e3d17594757;E:\android\jre\bin\server;C:\Users\Vlad\.gradle\native\8bec1ad78214c89d9ad589b4d07fe93259594b29d510b10fafb7a158f7737e5d\windows-amd64;C:\Users\Vlad\.gradle\native\53dbd7edfb1c66fb8903c78663c9afc45aea4f116125fa6feffd364cf09443e8\windows-amd64;C:\Users\Vlad\AppData\Local\Temp\native-platform12858012040159065725dir

VM Arguments:
jvm_args: --add-opens=java.base/java.util=ALL-UNNAMED --add-opens=java.base/java.lang=ALL-UNNAMED --add-opens=java.base/java.lang.invoke=ALL-UNNAMED --add-opens=java.base/java.util=ALL-UNNAMED --add-opens=java.prefs/java.util.prefs=ALL-UNNAMED --add-opens=java.prefs/java.util.prefs=ALL-UNNAMED --add-opens=java.base/java.nio.charset=ALL-UNNAMED --add-opens=java.base/java.net=ALL-UNNAMED --add-opens=java.base/java.util.concurrent.atomic=ALL-UNNAMED -Xmx2048m -Dfile.encoding=UTF-8 -Duser.country=RU -Duser.language=ru -Duser.variant 
java_command: org.gradle.launcher.daemon.bootstrap.GradleDaemon 7.0.2
java_class_path (initial): C:\Users\Vlad\.gradle\wrapper\dists\gradle-7.0.2-bin\857tjihv64xamwrf0h14cai3r\gradle-7.0.2\lib\gradle-launcher-7.0.2.jar
Launcher Type: SUN_STANDARD

[Global flags]
     intx CICompilerCount                          = 3                                         {product} {ergonomic}
     uint ConcGCThreads                            = 2                                         {product} {ergonomic}
     uint G1ConcRefinementThreads                  = 6                                         {product} {ergonomic}
   size_t G1HeapRegionSize                         = 1048576                                   {product} {ergonomic}
    uintx GCDrainStackTargetSize                   = 64                                        {product} {ergonomic}
   size_t InitialHeapSize                          = 268435456                                 {product} {ergonomic}
   size_t MarkStackSize                            = 4194304                                   {product} {ergonomic}
   size_t MaxHeapSize                              = 2147483648                                {product} {command line}
   size_t MaxNewSize                               = 1287651328                                {product} {ergonomic}
   size_t MinHeapDeltaBytes                        = 1048576                                   {product} {ergonomic}
    uintx NonNMethodCodeHeapSize                   = 5830732                                {pd product} {ergonomic}
    uintx NonProfiledCodeHeapSize                  = 122913754                              {pd product} {ergonomic}
    uintx ProfiledCodeHeapSize                     = 122913754                              {pd product} {ergonomic}
    uintx ReservedCodeCacheSize                    = 251658240                              {pd product} {ergonomic}
     bool SegmentedCodeCache                       = true                                      {product} {ergonomic}
     bool UseCompressedClassPointers               = true                                 {lp64_product} {ergonomic}
     bool UseCompressedOops                        = true                                 {lp64_product} {ergonomic}
     bool UseG1GC                                  = true                                      {product} {ergonomic}
     bool UseLargePagesIndividualAllocation        = false                                  {pd product} {ergonomic}

Logging:
Log output configuration:
 #0: stdout all=warning uptime,level,tags
 #1: stderr all=off uptime,level,tags

Environment Variables:
JAVA_HOME=C:\Program Files\Java\jdk-11
PATH=C:\Program Files\Python38\Scripts\;C:\Program Files\Python38\;C:\Python27\;C:\Python27\Scripts;C:\Program Files (x86)\Common Files\Oracle\Java\javapath;C:\ProgramData\Oracle\Java\javapath;C:\Windows\system32;C:\Windows;C:\Windows\System32\Wbem;C:\Windows\System32\WindowsPowerShell\v1.0\;c:\php;C:\Program Files\Common Files\Autodesk Shared\;C:\Program Files (x86)\Common Files\Acronis\SnapAPI\;C:\Program Files\LuxRender;c:\Program Files\Java\jdk1.8.0_60\bin;C:\Program Files (x86)\NVIDIA Corporation\PhysX\Common;C:\Program Files (x86)\OpenSSH\bin;%LUXRENDER_ROOT%;c:\Program Files\Java\jdk-10.0.1\bin;C:\Program Files\Git\cmd;C:\Program Files\PostgreSQL\9.5\bin;C:\ProgramData\ComposerSetup\bin;C:\Program Files (x86)\GnuWin32\bin;C:\Program Files (x86)\Kaspersky Lab\Endpoint Agent\;C:\Program Files\PuTTY\;C:\Users\Vlad\AppData\Roaming\nvm;C:\Program Files\nodejs;C:\Program Files (x86)\EOS\PB10DK\;C:\Users\Vlad\AppData\Local\Programs\Microsoft VS Code\bin;E:\IntelliJ\bin;C:\Users\Vlad\AppData\Roaming\nvm;C:\Hugo\bin;C:\Users\Vlad\AppData\Roaming\Composer\vendor\bin;C:\Program Files (x86)\GnuWin32\bin;C:\Users\Vlad\yandex-cloud\bin;C:\Users\Vlad\AppData\Roaming\npm;C:\Users\Vlad\AppData\Roaming\nvm;C:\Program Files\nodejs;E:\IntelliJ IDEA 2023.2.1\bin;
USERNAME=Vlad
OS=Windows_NT
PROCESSOR_IDENTIFIER=Intel64 Family 6 Model 158 Stepping 13, GenuineIntel



---------------  S Y S T E M  ---------------

OS: Windows 7 , 64 bit Build 7601 (6.1.7601.19135)
OS uptime: 0 days 17:50 hours

CPU:total 6 (initial active 6) (6 cores per cpu, 1 threads per core) family 6 model 158 stepping 13 microcode 0x0, cmov, cx8, fxsr, mmx, sse, sse2, sse3, ssse3, sse4.1, sse4.2, popcnt, avx, avx2, aes, clmul, erms, rtm, 3dnowpref, lzcnt, tsc, tscinvbit, bmi1, bmi2, adx, fma

Memory: 4k page, system-wide physical 16313M (1624M free)
TotalPageFile size 20311M (AvailPageFile size 0M)
current process WorkingSet (physical memory assigned to process): 602M, peak: 650M
current process commit charge ("private bytes"): 635M, peak: 683M

vm_info: OpenJDK 64-Bit Server VM (11.0.11+9-b60-7590822) for windows-amd64 JRE (11.0.11+9-b60-7590822), built on Jul 29 2021 21:43:44 by "builder" with MS VC++ 14.0 (VS2015)

END.
