#
# There is insufficient memory for the Java Runtime Environment to continue.
# Native memory allocation (malloc) failed to allocate 2180176 bytes for Chunk::new
# Possible reasons:
#   The system is out of physical RAM or swap space
#   The process is running with CompressedOops enabled, and the Java Heap may be blocking the growth of the native heap
# Possible solutions:
#   Reduce memory load on the system
#   Increase physical memory or swap space
#   Check if swap backing store is full
#   Decrease Java heap size (-Xmx/-Xms)
#   Decrease number of Java threads
#   Decrease Java thread stack sizes (-Xss)
#   Set larger code cache with -XX:ReservedCodeCacheSize=
#   JVM is running with Unscaled Compressed Oops mode in which the Java heap is
#     placed in the first 4GB address space. The Java Heap base address is the
#     maximum limit for the native heap growth. Please use -XX:HeapBaseMinAddress
#     to set the Java Heap base and to place the Java Heap above 4GB virtual address.
# This output file may be truncated or incomplete.
#
#  Out of Memory Error (./src/hotspot/share/memory/arena.cpp:197), pid=5804, tid=10300
#
# JRE version: OpenJDK Runtime Environment (11.0.11+9) (build 11.0.11+9-b60-7590822)
# Java VM: OpenJDK 64-Bit Server VM (11.0.11+9-b60-7590822, mixed mode, tiered, compressed oops, g1 gc, windows-amd64)
# No core dump will be written. Minidumps are not enabled by default on client versions of Windows
#

---------------  S U M M A R Y ------------

Command Line: --add-opens=java.base/java.util=ALL-UNNAMED --add-opens=java.base/java.lang=ALL-UNNAMED --add-opens=java.base/java.lang.invoke=ALL-UNNAMED --add-opens=java.base/java.util=ALL-UNNAMED --add-opens=java.prefs/java.util.prefs=ALL-UNNAMED --add-opens=java.prefs/java.util.prefs=ALL-UNNAMED --add-opens=java.base/java.nio.charset=ALL-UNNAMED --add-opens=java.base/java.net=ALL-UNNAMED --add-opens=java.base/java.util.concurrent.atomic=ALL-UNNAMED -Xmx2048m -Dfile.encoding=UTF-8 -Duser.country=RU -Duser.language=ru -Duser.variant org.gradle.launcher.daemon.bootstrap.GradleDaemon 7.0.2

Host: Intel(R) Core(TM) i5-9600KF CPU @ 3.70GHz, 6 cores, 15G,  Windows 7 , 64 bit Build 7601 (6.1.7601.19135)
Time: Thu Oct  5 09:58:37 2023 RTZ 2 (ceia) elapsed time: 10.189290 seconds (0d 0h 0m 10s)

---------------  T H R E A D  ---------------

Current thread (0x000000001d40a000):  JavaThread "C2 CompilerThread0" daemon [_thread_in_native, id=10300, stack(0x000000001ea70000,0x000000001eb70000)]


Current CompileTask:
C2:  10189 10385       4       com.android.utils.XmlUtils::append (647 bytes)

Stack: [0x000000001ea70000,0x000000001eb70000]
Native frames: (J=compiled Java code, j=interpreted, Vv=VM code, C=native code)
V  [jvm.dll+0x5f214a]
V  [jvm.dll+0x726fb5]
V  [jvm.dll+0x7285cd]
V  [jvm.dll+0x728c83]
V  [jvm.dll+0x243278]
V  [jvm.dll+0xbc53c]
V  [jvm.dll+0xbca3c]
V  [jvm.dll+0x353e7d]
V  [jvm.dll+0x321893]
V  [jvm.dll+0x320d8a]
V  [jvm.dll+0x1fc1e2]
V  [jvm.dll+0x1fb3d4]
V  [jvm.dll+0x183d6c]
V  [jvm.dll+0x209a57]
V  [jvm.dll+0x2082a1]
V  [jvm.dll+0x6ef58f]
V  [jvm.dll+0x6e80b5]
V  [jvm.dll+0x5f1036]
C  [ucrtbase.DLL+0x682dd]
C  [kernel32.dll+0x159ed]
C  [ntdll.dll+0x2b371]


---------------  P R O C E S S  ---------------

Threads class SMR info:
_java_thread_list=0x000000002ad44140, length=56, elements={
0x00000000005a2800, 0x000000001d3ee800, 0x000000001d3f1800, 0x000000001e0d9800,
0x000000001e0dc800, 0x000000001e0e0000, 0x000000001d40a000, 0x000000001d40b800,
0x000000001d415800, 0x000000001e286000, 0x0000000020a24000, 0x0000000020410800,
0x0000000021634800, 0x000000002351f800, 0x0000000022f6d800, 0x00000000203f5800,
0x000000002191e000, 0x000000002188e000, 0x0000000021919800, 0x0000000022025000,
0x0000000022026000, 0x0000000022026800, 0x0000000022027800, 0x0000000022028800,
0x0000000022029000, 0x000000002202a000, 0x000000002202a800, 0x000000002202b800,
0x000000002202c800, 0x000000002202d000, 0x000000002202f000, 0x000000002202f800,
0x0000000022031800, 0x0000000022032000, 0x0000000022033000, 0x0000000022033800,
0x0000000025899800, 0x000000002589a800, 0x000000002589b000, 0x000000002589c000,
0x000000002589c800, 0x000000002589d800, 0x000000002589e800, 0x000000002589f000,
0x00000000258a0000, 0x0000000026009800, 0x000000002871b000, 0x000000002600b800,
0x000000002600c000, 0x000000002600d000, 0x000000002600e000, 0x000000002600e800,
0x000000002600f800, 0x0000000026010800, 0x000000002aaad800, 0x000000002aaae800
}

Java Threads: ( => current thread )
  0x00000000005a2800 JavaThread "main" [_thread_blocked, id=7036, stack(0x0000000002000000,0x0000000002100000)]
  0x000000001d3ee800 JavaThread "Reference Handler" daemon [_thread_blocked, id=10028, stack(0x000000001dc40000,0x000000001dd40000)]
  0x000000001d3f1800 JavaThread "Finalizer" daemon [_thread_blocked, id=13024, stack(0x000000001df00000,0x000000001e000000)]
  0x000000001e0d9800 JavaThread "Signal Dispatcher" daemon [_thread_blocked, id=12544, stack(0x000000001e5f0000,0x000000001e6f0000)]
  0x000000001e0dc800 JavaThread "Attach Listener" daemon [_thread_blocked, id=16620, stack(0x000000001e800000,0x000000001e900000)]
  0x000000001e0e0000 JavaThread "Service Thread" daemon [_thread_blocked, id=6532, stack(0x000000001e700000,0x000000001e800000)]
=>0x000000001d40a000 JavaThread "C2 CompilerThread0" daemon [_thread_in_native, id=10300, stack(0x000000001ea70000,0x000000001eb70000)]
  0x000000001d40b800 JavaThread "C1 CompilerThread0" daemon [_thread_blocked, id=16832, stack(0x000000001e950000,0x000000001ea50000)]
  0x000000001d415800 JavaThread "Sweeper thread" daemon [_thread_blocked, id=15148, stack(0x000000001ec20000,0x000000001ed20000)]
  0x000000001e286000 JavaThread "Common-Cleaner" daemon [_thread_blocked, id=9864, stack(0x000000001e4f0000,0x000000001e5f0000)]
  0x0000000020a24000 JavaThread "Daemon health stats" [_thread_blocked, id=15824, stack(0x00000000211e0000,0x00000000212e0000)]
  0x0000000020410800 JavaThread "Incoming local TCP Connector on port 49711" [_thread_in_native, id=8416, stack(0x0000000022a10000,0x0000000022b10000)]
  0x0000000021634800 JavaThread "Daemon periodic checks" [_thread_blocked, id=14828, stack(0x0000000023ea0000,0x0000000023fa0000)]
  0x000000002351f800 JavaThread "Daemon" [_thread_blocked, id=10628, stack(0x0000000024100000,0x0000000024200000)]
  0x0000000022f6d800 JavaThread "Handler for socket connection from /127.0.0.1:49711 to /127.0.0.1:49712" [_thread_in_native, id=14844, stack(0x0000000023fa0000,0x00000000240a0000)]
  0x00000000203f5800 JavaThread "Cancel handler" [_thread_blocked, id=17140, stack(0x0000000024220000,0x0000000024320000)]
  0x000000002191e000 JavaThread "Daemon worker" [_thread_blocked, id=14472, stack(0x00000000244a0000,0x00000000245a0000)]
  0x000000002188e000 JavaThread "Asynchronous log dispatcher for DefaultDaemonConnection: socket connection from /127.0.0.1:49711 to /127.0.0.1:49712" [_thread_blocked, id=16956, stack(0x0000000024690000,0x0000000024790000)]
  0x0000000021919800 JavaThread "Stdin handler" [_thread_blocked, id=11476, stack(0x0000000024360000,0x0000000024460000)]
  0x0000000022025000 JavaThread "Daemon client event forwarder" [_thread_blocked, id=12640, stack(0x00000000227f0000,0x00000000228f0000)]
  0x0000000022026000 JavaThread "Cache worker for file hash cache (C:\Users\Vlad\.gradle\caches\7.0.2\fileHashes)" [_thread_blocked, id=8752, stack(0x0000000024a30000,0x0000000024b30000)]
  0x0000000022026800 JavaThread "File lock request listener" [_thread_in_native, id=13168, stack(0x0000000024c30000,0x0000000024d30000)]
  0x0000000022027800 JavaThread "Cache worker for journal cache (C:\Users\Vlad\.gradle\caches\journal-1)" [_thread_blocked, id=11676, stack(0x0000000025200000,0x0000000025300000)]
  0x0000000022028800 JavaThread "Cache worker for file hash cache (E:\workspace\time manager\.gradle\7.0.2\fileHashes)" [_thread_blocked, id=16760, stack(0x0000000025300000,0x0000000025400000)]
  0x0000000022029000 JavaThread "File watcher server" daemon [_thread_in_native, id=17344, stack(0x0000000026800000,0x0000000026900000)]
  0x000000002202a000 JavaThread "File watcher consumer" daemon [_thread_blocked, id=2736, stack(0x00000000269f0000,0x0000000026af0000)]
  0x000000002202a800 JavaThread "Cache worker for checksums cache (E:\workspace\time manager\.gradle\checksums)" [_thread_blocked, id=13664, stack(0x0000000026d70000,0x0000000026e70000)]
  0x000000002202b800 JavaThread "Cache worker for cache directory md-supplier (C:\Users\Vlad\.gradle\caches\7.0.2\md-supplier)" [_thread_blocked, id=2480, stack(0x0000000026ec0000,0x0000000026fc0000)]
  0x000000002202c800 JavaThread "Cache worker for cache directory md-rule (C:\Users\Vlad\.gradle\caches\7.0.2\md-rule)" [_thread_blocked, id=5676, stack(0x00000000272f0000,0x00000000273f0000)]
  0x000000002202d000 JavaThread "Cache worker for execution history cache (C:\Users\Vlad\.gradle\caches\7.0.2\executionHistory)" [_thread_blocked, id=15288, stack(0x00000000250d0000,0x00000000251d0000)]
  0x000000002202f000 JavaThread "jar transforms" [_thread_blocked, id=1516, stack(0x00000000276a0000,0x00000000277a0000)]
  0x000000002202f800 JavaThread "Cache worker for file content cache (C:\Users\Vlad\.gradle\caches\7.0.2\fileContent)" [_thread_blocked, id=14224, stack(0x00000000271d0000,0x00000000272d0000)]
  0x0000000022031800 JavaThread "jar transforms Thread 2" [_thread_blocked, id=9664, stack(0x0000000028e90000,0x0000000028f90000)]
  0x0000000022032000 JavaThread "Cache worker for dependencies-accessors (E:\workspace\time manager\.gradle\7.0.2\dependencies-accessors)" [_thread_blocked, id=16544, stack(0x0000000029240000,0x0000000029340000)]
  0x0000000022033000 JavaThread "jar transforms Thread 3" [_thread_blocked, id=10344, stack(0x0000000029ae0000,0x0000000029be0000)]
  0x0000000022033800 JavaThread "Cache worker for Build Output Cleanup Cache (E:\workspace\time manager\.gradle\buildOutputCleanup)" [_thread_blocked, id=12088, stack(0x0000000024b30000,0x0000000024c30000)]
  0x0000000025899800 JavaThread "Build operations" [_thread_blocked, id=14760, stack(0x00000000295a0000,0x00000000296a0000)]
  0x000000002589a800 JavaThread "Build operations Thread 2" [_thread_blocked, id=12748, stack(0x0000000029c40000,0x0000000029d40000)]
  0x000000002589b000 JavaThread "Build operations Thread 3" [_thread_blocked, id=15804, stack(0x0000000029d60000,0x0000000029e60000)]
  0x000000002589c000 JavaThread "Build operations Thread 4" [_thread_blocked, id=9248, stack(0x0000000026690000,0x0000000026790000)]
  0x000000002589c800 JavaThread "Build operations Thread 5" [_thread_blocked, id=15348, stack(0x000000002a000000,0x000000002a100000)]
  0x000000002589d800 JavaThread "Build operations Thread 6" [_thread_blocked, id=13096, stack(0x0000000029f00000,0x000000002a000000)]
  0x000000002589e800 JavaThread "jar transforms Thread 4" [_thread_blocked, id=14256, stack(0x000000002a2e0000,0x000000002a3e0000)]
  0x000000002589f000 JavaThread "jar transforms Thread 5" [_thread_blocked, id=9232, stack(0x000000002a430000,0x000000002a530000)]
  0x00000000258a0000 JavaThread "jar transforms Thread 6" [_thread_blocked, id=10192, stack(0x000000002a580000,0x000000002a680000)]
  0x0000000026009800 JavaThread "Memory manager" [_thread_blocked, id=17360, stack(0x000000002c3c0000,0x000000002c4c0000)]
  0x000000002871b000 JavaThread "C2 CompilerThread1" daemon [_thread_in_native, id=7716, stack(0x000000002cac0000,0x000000002cbc0000)]
  0x000000002600b800 JavaThread "build event listener" [_thread_blocked, id=14424, stack(0x000000001f9b0000,0x000000001fab0000)]
  0x000000002600c000 JavaThread "Execution worker for ':'" [_thread_blocked, id=5636, stack(0x000000002a110000,0x000000002a210000)]
  0x000000002600d000 JavaThread "Execution worker for ':' Thread 2" [_thread_blocked, id=11756, stack(0x000000002d890000,0x000000002d990000)]
  0x000000002600e000 JavaThread "Execution worker for ':' Thread 3" [_thread_blocked, id=13640, stack(0x000000002d9a0000,0x000000002daa0000)]
  0x000000002600e800 JavaThread "Execution worker for ':' Thread 4" [_thread_blocked, id=1140, stack(0x000000002dac0000,0x000000002dbc0000)]
  0x000000002600f800 JavaThread "Execution worker for ':' Thread 5" [_thread_blocked, id=7824, stack(0x000000002b650000,0x000000002b750000)]
  0x0000000026010800 JavaThread "Cache worker for execution history cache (E:\workspace\time manager\.gradle\7.0.2\executionHistory)" [_thread_blocked, id=6784, stack(0x000000002d060000,0x000000002d160000)]
  0x000000002aaad800 JavaThread "WorkerExecutor Queue" [_thread_blocked, id=12484, stack(0x000000002e320000,0x000000002e420000)]
  0x000000002aaae800 JavaThread "WorkerExecutor Queue Thread 2" [_thread_blocked, id=16868, stack(0x000000002eba0000,0x000000002eca0000)]

Other Threads:
  0x000000001d3eb800 VMThread "VM Thread" [stack: 0x000000001de00000,0x000000001df00000] [id=9884]
  0x000000001e2ad800 WatcherThread [stack: 0x000000001ef00000,0x000000001f000000] [id=6788]
  0x00000000005bb000 GCTaskThread "GC Thread#0" [stack: 0x0000000015250000,0x0000000015350000] [id=5948]
  0x000000001f4dc800 GCTaskThread "GC Thread#1" [stack: 0x0000000020d10000,0x0000000020e10000] [id=5268]
  0x000000001f636800 GCTaskThread "GC Thread#2" [stack: 0x0000000020e80000,0x0000000020f80000] [id=16208]
  0x000000001f61a800 GCTaskThread "GC Thread#3" [stack: 0x000000001f890000,0x000000001f990000] [id=15368]
  0x000000001fb76800 GCTaskThread "GC Thread#4" [stack: 0x0000000021050000,0x0000000021150000] [id=5308]
  0x000000001fb77000 GCTaskThread "GC Thread#5" [stack: 0x0000000021300000,0x0000000021400000] [id=5664]
  0x00000000005eb000 ConcurrentGCThread "G1 Main Marker" [stack: 0x000000001a630000,0x000000001a730000] [id=11344]
  0x00000000005ec000 ConcurrentGCThread "G1 Conc#0" [stack: 0x000000001a8b0000,0x000000001a9b0000] [id=11748]
  0x000000001fb78000 ConcurrentGCThread "G1 Conc#1" [stack: 0x0000000024f80000,0x0000000025080000] [id=10060]
  0x000000001cdcb800 ConcurrentGCThread "G1 Refine#0" [stack: 0x000000001d000000,0x000000001d100000] [id=14756]
  0x000000002b288800 ConcurrentGCThread "G1 Refine#1" [stack: 0x000000002e4a0000,0x000000002e5a0000] [id=11448]
  0x000000002ad48000 ConcurrentGCThread "G1 Refine#2" [stack: 0x000000002e660000,0x000000002e760000] [id=4640]
  0x000000002ad48800 ConcurrentGCThread "G1 Refine#3" [stack: 0x000000002e8d0000,0x000000002e9d0000] [id=11416]
  0x000000002ad49800 ConcurrentGCThread "G1 Refine#4" [stack: 0x000000002ea90000,0x000000002eb90000] [id=8804]
  0x000000001cdcc800 ConcurrentGCThread "G1 Young RemSet Sampling" [stack: 0x000000001d120000,0x000000001d220000] [id=15972]

Threads with active compile tasks:
C2 CompilerThread0  10277 10385       4       com.android.utils.XmlUtils::append (647 bytes)
C2 CompilerThread1  10277 10421   !   4       java.io.ObjectOutputStream::writeObject0 (619 bytes)

VM state:at safepoint (normal execution)

VM Mutex/Monitor currently owned by a thread:  ([mutex/lock_event])
[0x000000000059fa80] Threads_lock - owner thread: 0x000000001d3eb800
[0x00000000005a0260] Heap_lock - owner thread: 0x000000002aaae800

Heap address: 0x0000000080000000, size: 2048 MB, Compressed Oops mode: 32-bit
Narrow klass base: 0x0000000000000000, Narrow klass shift: 3
Compressed class space size: 1073741824 Address: 0x000000013fb00000

Heap:
 garbage-first heap   total 315392K, used 95231K [0x0000000080000000, 0x0000000100000000)
  region size 1024K, 4 young (4096K), 4 survivors (4096K)
 Metaspace       used 88153K, capacity 90510K, committed 90700K, reserved 1132544K
  class space    used 11292K, capacity 12130K, committed 12160K, reserved 1048576K
Heap Regions: E=young(eden), S=young(survivor), O=old, HS=humongous(starts), HC=humongous(continues), CS=collection set, F=free, A=archive, TAMS=top-at-mark-start (previous, next)
|   0|0x0000000080000000, 0x0000000080100000, 0x0000000080100000|100%| O|  |TAMS 0x0000000080100000, 0x0000000080100000| Untracked 
|   1|0x0000000080100000, 0x0000000080200000, 0x0000000080200000|100%| O|  |TAMS 0x0000000080200000, 0x0000000080200000| Untracked 
|   2|0x0000000080200000, 0x0000000080300000, 0x0000000080300000|100%| O|  |TAMS 0x0000000080300000, 0x0000000080300000| Untracked 
|   3|0x0000000080300000, 0x0000000080400000, 0x0000000080400000|100%|HS|  |TAMS 0x0000000080400000, 0x0000000080400000| Complete 
|   4|0x0000000080400000, 0x0000000080500000, 0x0000000080500000|100%|HC|  |TAMS 0x0000000080500000, 0x0000000080500000| Complete 
|   5|0x0000000080500000, 0x0000000080600000, 0x0000000080600000|100%|HC|  |TAMS 0x0000000080600000, 0x0000000080600000| Complete 
|   6|0x0000000080600000, 0x0000000080700000, 0x0000000080700000|100%| O|  |TAMS 0x0000000080700000, 0x0000000080700000| Untracked 
|   7|0x0000000080700000, 0x0000000080800000, 0x0000000080800000|100%| O|  |TAMS 0x0000000080800000, 0x0000000080800000| Untracked 
|   8|0x0000000080800000, 0x0000000080900000, 0x0000000080900000|100%| O|  |TAMS 0x0000000080900000, 0x0000000080900000| Untracked 
|   9|0x0000000080900000, 0x0000000080a00000, 0x0000000080a00000|100%| O|  |TAMS 0x0000000080a00000, 0x0000000080a00000| Untracked 
|  10|0x0000000080a00000, 0x0000000080b00000, 0x0000000080b00000|100%| O|  |TAMS 0x0000000080b00000, 0x0000000080b00000| Untracked 
|  11|0x0000000080b00000, 0x0000000080c00000, 0x0000000080c00000|100%| O|  |TAMS 0x0000000080c00000, 0x0000000080c00000| Untracked 
|  12|0x0000000080c00000, 0x0000000080d00000, 0x0000000080d00000|100%| O|  |TAMS 0x0000000080d00000, 0x0000000080d00000| Untracked 
|  13|0x0000000080d00000, 0x0000000080e00000, 0x0000000080e00000|100%| O|  |TAMS 0x0000000080e00000, 0x0000000080e00000| Untracked 
|  14|0x0000000080e00000, 0x0000000080f00000, 0x0000000080f00000|100%| O|  |TAMS 0x0000000080f00000, 0x0000000080f00000| Untracked 
|  15|0x0000000080f00000, 0x0000000081000000, 0x0000000081000000|100%| O|  |TAMS 0x0000000081000000, 0x0000000081000000| Untracked 
|  16|0x0000000081000000, 0x0000000081100000, 0x0000000081100000|100%|HS|  |TAMS 0x0000000081100000, 0x0000000081100000| Complete 
|  17|0x0000000081100000, 0x0000000081200000, 0x0000000081200000|100%|HS|  |TAMS 0x0000000081200000, 0x0000000081200000| Complete 
|  18|0x0000000081200000, 0x0000000081300000, 0x0000000081300000|100%|HS|  |TAMS 0x0000000081300000, 0x0000000081300000| Complete 
|  19|0x0000000081300000, 0x0000000081400000, 0x0000000081400000|100%|HS|  |TAMS 0x0000000081400000, 0x0000000081400000| Complete 
|  20|0x0000000081400000, 0x0000000081500000, 0x0000000081500000|100%|HC|  |TAMS 0x0000000081500000, 0x0000000081500000| Complete 
|  21|0x0000000081500000, 0x0000000081600000, 0x0000000081600000|100%|HC|  |TAMS 0x0000000081600000, 0x0000000081600000| Complete 
|  22|0x0000000081600000, 0x0000000081700000, 0x0000000081700000|100%|HS|  |TAMS 0x0000000081700000, 0x0000000081700000| Complete 
|  23|0x0000000081700000, 0x0000000081800000, 0x0000000081800000|100%|HC|  |TAMS 0x0000000081800000, 0x0000000081800000| Complete 
|  24|0x0000000081800000, 0x0000000081900000, 0x0000000081900000|100%| O|  |TAMS 0x0000000081900000, 0x0000000081900000| Untracked 
|  25|0x0000000081900000, 0x0000000081a00000, 0x0000000081a00000|100%| O|  |TAMS 0x0000000081a00000, 0x0000000081a00000| Untracked 
|  26|0x0000000081a00000, 0x0000000081b00000, 0x0000000081b00000|100%| O|  |TAMS 0x0000000081b00000, 0x0000000081b00000| Untracked 
|  27|0x0000000081b00000, 0x0000000081c00000, 0x0000000081c00000|100%| O|  |TAMS 0x0000000081c00000, 0x0000000081c00000| Untracked 
|  28|0x0000000081c00000, 0x0000000081d00000, 0x0000000081d00000|100%| O|  |TAMS 0x0000000081d00000, 0x0000000081d00000| Untracked 
|  29|0x0000000081d00000, 0x0000000081e00000, 0x0000000081e00000|100%| O|  |TAMS 0x0000000081d0d200, 0x0000000081e00000| Untracked 
|  30|0x0000000081e00000, 0x0000000081e00000, 0x0000000081f00000|  0%| F|  |TAMS 0x0000000081e00000, 0x0000000081e00000| Untracked 
|  31|0x0000000081f00000, 0x0000000082000000, 0x0000000082000000|100%| O|  |TAMS 0x0000000081f00000, 0x0000000082000000| Untracked 
|  32|0x0000000082000000, 0x0000000082100000, 0x0000000082100000|100%| O|  |TAMS 0x0000000082000000, 0x0000000082100000| Untracked 
|  33|0x0000000082100000, 0x0000000082200000, 0x0000000082200000|100%| O|  |TAMS 0x0000000082100000, 0x0000000082200000| Untracked 
|  34|0x0000000082200000, 0x0000000082300000, 0x0000000082300000|100%| O|  |TAMS 0x0000000082200000, 0x0000000082300000| Untracked 
|  35|0x0000000082300000, 0x0000000082400000, 0x0000000082400000|100%| O|  |TAMS 0x0000000082300000, 0x0000000082400000| Untracked 
|  36|0x0000000082400000, 0x0000000082500000, 0x0000000082500000|100%| O|  |TAMS 0x0000000082400000, 0x0000000082500000| Untracked 
|  37|0x0000000082500000, 0x0000000082600000, 0x0000000082600000|100%| O|  |TAMS 0x0000000082500000, 0x0000000082600000| Untracked 
|  38|0x0000000082600000, 0x0000000082700000, 0x0000000082700000|100%| O|  |TAMS 0x0000000082600000, 0x0000000082700000| Untracked 
|  39|0x0000000082700000, 0x0000000082800000, 0x0000000082800000|100%| O|  |TAMS 0x0000000082700000, 0x0000000082800000| Untracked 
|  40|0x0000000082800000, 0x0000000082900000, 0x0000000082900000|100%| O|  |TAMS 0x0000000082800000, 0x0000000082900000| Untracked 
|  41|0x0000000082900000, 0x0000000082a00000, 0x0000000082a00000|100%| O|  |TAMS 0x0000000082900000, 0x0000000082a00000| Untracked 
|  42|0x0000000082a00000, 0x0000000082b00000, 0x0000000082b00000|100%| O|  |TAMS 0x0000000082a00000, 0x0000000082b00000| Untracked 
|  43|0x0000000082b00000, 0x0000000082c00000, 0x0000000082c00000|100%| O|  |TAMS 0x0000000082b00000, 0x0000000082c00000| Untracked 
|  44|0x0000000082c00000, 0x0000000082d00000, 0x0000000082d00000|100%| O|  |TAMS 0x0000000082c00000, 0x0000000082d00000| Untracked 
|  45|0x0000000082d00000, 0x0000000082e00000, 0x0000000082e00000|100%| O|  |TAMS 0x0000000082d00000, 0x0000000082e00000| Untracked 
|  46|0x0000000082e00000, 0x0000000082f00000, 0x0000000082f00000|100%| O|  |TAMS 0x0000000082e00000, 0x0000000082f00000| Untracked 
|  47|0x0000000082f00000, 0x0000000083000000, 0x0000000083000000|100%| O|  |TAMS 0x0000000082f00000, 0x0000000083000000| Untracked 
|  48|0x0000000083000000, 0x0000000083100000, 0x0000000083100000|100%| O|  |TAMS 0x0000000083000000, 0x0000000083100000| Untracked 
|  49|0x0000000083100000, 0x0000000083100000, 0x0000000083200000|  0%| F|  |TAMS 0x0000000083100000, 0x0000000083100000| Untracked 
|  50|0x0000000083200000, 0x0000000083200000, 0x0000000083300000|  0%| F|  |TAMS 0x0000000083200000, 0x0000000083200000| Untracked 
|  51|0x0000000083300000, 0x0000000083400000, 0x0000000083400000|100%|HS|  |TAMS 0x0000000083300000, 0x0000000083400000| Complete 
|  52|0x0000000083400000, 0x0000000083500000, 0x0000000083500000|100%| O|  |TAMS 0x0000000083400000, 0x0000000083500000| Untracked 
|  53|0x0000000083500000, 0x0000000083600000, 0x0000000083600000|100%| O|  |TAMS 0x0000000083500000, 0x0000000083600000| Untracked 
|  54|0x0000000083600000, 0x0000000083700000, 0x0000000083700000|100%| O|  |TAMS 0x0000000083600000, 0x0000000083700000| Untracked 
|  55|0x0000000083700000, 0x0000000083800000, 0x0000000083800000|100%| O|  |TAMS 0x0000000083700000, 0x0000000083800000| Untracked 
|  56|0x0000000083800000, 0x0000000083900000, 0x0000000083900000|100%| O|  |TAMS 0x0000000083800000, 0x0000000083900000| Untracked 
|  57|0x0000000083900000, 0x0000000083a00000, 0x0000000083a00000|100%| O|  |TAMS 0x0000000083900000, 0x0000000083a00000| Untracked 
|  58|0x0000000083a00000, 0x0000000083b00000, 0x0000000083b00000|100%| O|  |TAMS 0x0000000083a00000, 0x0000000083b00000| Untracked 
|  59|0x0000000083b00000, 0x0000000083c00000, 0x0000000083c00000|100%| O|  |TAMS 0x0000000083b00000, 0x0000000083c00000| Untracked 
|  60|0x0000000083c00000, 0x0000000083d00000, 0x0000000083d00000|100%| O|  |TAMS 0x0000000083c00000, 0x0000000083d00000| Untracked 
|  61|0x0000000083d00000, 0x0000000083e00000, 0x0000000083e00000|100%| O|  |TAMS 0x0000000083d00000, 0x0000000083e00000| Untracked 
|  62|0x0000000083e00000, 0x0000000083f00000, 0x0000000083f00000|100%| O|  |TAMS 0x0000000083e00000, 0x0000000083f00000| Untracked 
|  63|0x0000000083f00000, 0x0000000084000000, 0x0000000084000000|100%| O|  |TAMS 0x0000000083f00000, 0x0000000084000000| Untracked 
|  64|0x0000000084000000, 0x0000000084100000, 0x0000000084100000|100%| O|  |TAMS 0x0000000084000000, 0x0000000084100000| Untracked 
|  65|0x0000000084100000, 0x0000000084200000, 0x0000000084200000|100%| O|  |TAMS 0x0000000084100000, 0x0000000084200000| Untracked 
|  66|0x0000000084200000, 0x0000000084300000, 0x0000000084300000|100%| O|  |TAMS 0x0000000084200000, 0x0000000084300000| Untracked 
|  67|0x0000000084300000, 0x0000000084400000, 0x0000000084400000|100%| O|  |TAMS 0x0000000084300000, 0x0000000084400000| Untracked 
|  68|0x0000000084400000, 0x0000000084500000, 0x0000000084500000|100%| O|  |TAMS 0x0000000084400000, 0x0000000084500000| Untracked 
|  69|0x0000000084500000, 0x0000000084600000, 0x0000000084600000|100%| O|  |TAMS 0x0000000084500000, 0x0000000084600000| Untracked 
|  70|0x0000000084600000, 0x0000000084700000, 0x0000000084700000|100%| O|  |TAMS 0x0000000084600000, 0x0000000084700000| Untracked 
|  71|0x0000000084700000, 0x0000000084800000, 0x0000000084800000|100%| O|  |TAMS 0x0000000084700000, 0x0000000084800000| Untracked 
|  72|0x0000000084800000, 0x0000000084900000, 0x0000000084900000|100%| O|  |TAMS 0x0000000084800000, 0x0000000084900000| Untracked 
|  73|0x0000000084900000, 0x0000000084a00000, 0x0000000084a00000|100%| O|  |TAMS 0x0000000084900000, 0x0000000084a00000| Untracked 
|  74|0x0000000084a00000, 0x0000000084a00000, 0x0000000084b00000|  0%| F|  |TAMS 0x0000000084a00000, 0x0000000084a00000| Untracked 
|  75|0x0000000084b00000, 0x0000000084b00000, 0x0000000084c00000|  0%| F|  |TAMS 0x0000000084b00000, 0x0000000084b00000| Untracked 
|  76|0x0000000084c00000, 0x0000000084c00000, 0x0000000084d00000|  0%| F|  |TAMS 0x0000000084c00000, 0x0000000084c00000| Untracked 
|  77|0x0000000084d00000, 0x0000000084d00000, 0x0000000084e00000|  0%| F|  |TAMS 0x0000000084d00000, 0x0000000084d00000| Untracked 
|  78|0x0000000084e00000, 0x0000000084e00000, 0x0000000084f00000|  0%| F|  |TAMS 0x0000000084e00000, 0x0000000084e00000| Untracked 
|  79|0x0000000084f00000, 0x0000000084f00000, 0x0000000085000000|  0%| F|  |TAMS 0x0000000084f00000, 0x0000000084f00000| Untracked 
|  80|0x0000000085000000, 0x0000000085000000, 0x0000000085100000|  0%| F|  |TAMS 0x0000000085000000, 0x0000000085000000| Untracked 
|  81|0x0000000085100000, 0x0000000085100000, 0x0000000085200000|  0%| F|  |TAMS 0x0000000085100000, 0x0000000085100000| Untracked 
|  82|0x0000000085200000, 0x0000000085200000, 0x0000000085300000|  0%| F|  |TAMS 0x0000000085200000, 0x0000000085200000| Untracked 
|  83|0x0000000085300000, 0x0000000085300000, 0x0000000085400000|  0%| F|  |TAMS 0x0000000085300000, 0x0000000085300000| Untracked 
|  84|0x0000000085400000, 0x0000000085400000, 0x0000000085500000|  0%| F|  |TAMS 0x0000000085400000, 0x0000000085400000| Untracked 
|  85|0x0000000085500000, 0x0000000085500000, 0x0000000085600000|  0%| F|  |TAMS 0x0000000085500000, 0x0000000085500000| Untracked 
|  86|0x0000000085600000, 0x0000000085700000, 0x0000000085700000|100%| O|  |TAMS 0x0000000085600000, 0x0000000085700000| Untracked 
|  87|0x0000000085700000, 0x0000000085800000, 0x0000000085800000|100%| O|  |TAMS 0x0000000085700000, 0x0000000085800000| Untracked 
|  88|0x0000000085800000, 0x0000000085900000, 0x0000000085900000|100%| O|  |TAMS 0x0000000085800000, 0x0000000085900000| Untracked 
|  89|0x0000000085900000, 0x0000000085a00000, 0x0000000085a00000|100%| O|  |TAMS 0x0000000085900000, 0x0000000085a00000| Untracked 
|  90|0x0000000085a00000, 0x0000000085b00000, 0x0000000085b00000|100%| O|  |TAMS 0x0000000085a00000, 0x0000000085b00000| Untracked 
|  91|0x0000000085b00000, 0x0000000085c00000, 0x0000000085c00000|100%| O|  |TAMS 0x0000000085b00000, 0x0000000085c00000| Untracked 
|  92|0x0000000085c00000, 0x0000000085d00000, 0x0000000085d00000|100%| O|  |TAMS 0x0000000085c00000, 0x0000000085d00000| Untracked 
|  93|0x0000000085d00000, 0x0000000085e00000, 0x0000000085e00000|100%| O|  |TAMS 0x0000000085d00000, 0x0000000085e00000| Untracked 
|  94|0x0000000085e00000, 0x0000000085f00000, 0x0000000085f00000|100%| O|  |TAMS 0x0000000085e00000, 0x0000000085f00000| Untracked 
|  95|0x0000000085f00000, 0x0000000086000000, 0x0000000086000000|100%| O|  |TAMS 0x0000000085f00000, 0x0000000086000000| Untracked 
|  96|0x0000000086000000, 0x0000000086100000, 0x0000000086100000|100%| O|  |TAMS 0x0000000086000000, 0x0000000086100000| Untracked 
|  97|0x0000000086100000, 0x0000000086200000, 0x0000000086200000|100%| O|  |TAMS 0x0000000086100000, 0x0000000086200000| Untracked 
|  98|0x0000000086200000, 0x0000000086200000, 0x0000000086300000|  0%| F|  |TAMS 0x0000000086200000, 0x0000000086200000| Untracked 
|  99|0x0000000086300000, 0x0000000086300000, 0x0000000086400000|  0%| F|  |TAMS 0x0000000086300000, 0x0000000086300000| Untracked 
| 100|0x0000000086400000, 0x0000000086400000, 0x0000000086500000|  0%| F|  |TAMS 0x0000000086400000, 0x0000000086400000| Untracked 
| 101|0x0000000086500000, 0x0000000086500000, 0x0000000086600000|  0%| F|  |TAMS 0x0000000086500000, 0x0000000086500000| Untracked 
| 102|0x0000000086600000, 0x0000000086600000, 0x0000000086700000|  0%| F|  |TAMS 0x0000000086600000, 0x0000000086600000| Untracked 
| 103|0x0000000086700000, 0x0000000086700000, 0x0000000086800000|  0%| F|  |TAMS 0x0000000086700000, 0x0000000086700000| Untracked 
| 104|0x0000000086800000, 0x0000000086800000, 0x0000000086900000|  0%| F|  |TAMS 0x0000000086800000, 0x0000000086800000| Untracked 
| 105|0x0000000086900000, 0x0000000086900000, 0x0000000086a00000|  0%| F|  |TAMS 0x0000000086900000, 0x0000000086900000| Untracked 
| 106|0x0000000086a00000, 0x0000000086a00000, 0x0000000086b00000|  0%| F|  |TAMS 0x0000000086a00000, 0x0000000086a00000| Untracked 
| 107|0x0000000086b00000, 0x0000000086b00000, 0x0000000086c00000|  0%| F|  |TAMS 0x0000000086b00000, 0x0000000086b00000| Untracked 
| 108|0x0000000086c00000, 0x0000000086c00000, 0x0000000086d00000|  0%| F|  |TAMS 0x0000000086c00000, 0x0000000086c00000| Untracked 
| 109|0x0000000086d00000, 0x0000000086d00000, 0x0000000086e00000|  0%| F|  |TAMS 0x0000000086d00000, 0x0000000086d00000| Untracked 
| 110|0x0000000086e00000, 0x0000000086e00000, 0x0000000086f00000|  0%| F|  |TAMS 0x0000000086e00000, 0x0000000086e00000| Untracked 
| 111|0x0000000086f00000, 0x0000000086f00000, 0x0000000087000000|  0%| F|  |TAMS 0x0000000086f00000, 0x0000000086f00000| Untracked 
| 112|0x0000000087000000, 0x0000000087000000, 0x0000000087100000|  0%| F|  |TAMS 0x0000000087000000, 0x0000000087000000| Untracked 
| 113|0x0000000087100000, 0x0000000087100000, 0x0000000087200000|  0%| F|  |TAMS 0x0000000087100000, 0x0000000087100000| Untracked 
| 114|0x0000000087200000, 0x0000000087300000, 0x0000000087300000|100%| O|  |TAMS 0x0000000087200000, 0x0000000087300000| Untracked 
| 115|0x0000000087300000, 0x0000000087400000, 0x0000000087400000|100%| O|  |TAMS 0x0000000087300000, 0x0000000087400000| Untracked 
| 116|0x0000000087400000, 0x0000000087500000, 0x0000000087500000|100%| O|  |TAMS 0x0000000087400000, 0x0000000087500000| Untracked 
| 117|0x0000000087500000, 0x0000000087600000, 0x0000000087600000|100%| O|  |TAMS 0x0000000087500000, 0x0000000087600000| Untracked 
| 118|0x0000000087600000, 0x0000000087700000, 0x0000000087700000|100%| O|  |TAMS 0x0000000087600000, 0x0000000087700000| Untracked 
| 119|0x0000000087700000, 0x00000000877ffe00, 0x0000000087800000| 99%| O|  |TAMS 0x0000000087700000, 0x00000000877ffe00| Untracked 
| 120|0x0000000087800000, 0x0000000087800000, 0x0000000087900000|  0%| F|  |TAMS 0x0000000087800000, 0x0000000087800000| Untracked 
| 121|0x0000000087900000, 0x0000000087900000, 0x0000000087a00000|  0%| F|  |TAMS 0x0000000087900000, 0x0000000087900000| Untracked 
| 122|0x0000000087a00000, 0x0000000087a00000, 0x0000000087b00000|  0%| F|  |TAMS 0x0000000087a00000, 0x0000000087a00000| Untracked 
| 123|0x0000000087b00000, 0x0000000087b00000, 0x0000000087c00000|  0%| F|  |TAMS 0x0000000087b00000, 0x0000000087b00000| Untracked 
| 124|0x0000000087c00000, 0x0000000087c00000, 0x0000000087d00000|  0%| F|  |TAMS 0x0000000087c00000, 0x0000000087c00000| Untracked 
| 125|0x0000000087d00000, 0x0000000087d00000, 0x0000000087e00000|  0%| F|  |TAMS 0x0000000087d00000, 0x0000000087d00000| Untracked 
| 126|0x0000000087e00000, 0x0000000087e00000, 0x0000000087f00000|  0%| F|  |TAMS 0x0000000087e00000, 0x0000000087e00000| Untracked 
| 127|0x0000000087f00000, 0x0000000087f00000, 0x0000000088000000|  0%| F|  |TAMS 0x0000000087f00000, 0x0000000087f00000| Untracked 
| 128|0x0000000088000000, 0x0000000088000000, 0x0000000088100000|  0%| F|  |TAMS 0x0000000088000000, 0x0000000088000000| Untracked 
| 129|0x0000000088100000, 0x0000000088100000, 0x0000000088200000|  0%| F|  |TAMS 0x0000000088100000, 0x0000000088100000| Untracked 
| 130|0x0000000088200000, 0x0000000088200000, 0x0000000088300000|  0%| F|  |TAMS 0x0000000088200000, 0x0000000088200000| Untracked 
| 131|0x0000000088300000, 0x0000000088300000, 0x0000000088400000|  0%| F|  |TAMS 0x0000000088300000, 0x0000000088300000| Untracked 
| 132|0x0000000088400000, 0x0000000088400000, 0x0000000088500000|  0%| F|  |TAMS 0x0000000088400000, 0x0000000088400000| Untracked 
| 133|0x0000000088500000, 0x0000000088500000, 0x0000000088600000|  0%| F|  |TAMS 0x0000000088500000, 0x0000000088500000| Untracked 
| 134|0x0000000088600000, 0x0000000088600000, 0x0000000088700000|  0%| F|  |TAMS 0x0000000088600000, 0x0000000088600000| Untracked 
| 135|0x0000000088700000, 0x0000000088700000, 0x0000000088800000|  0%| F|  |TAMS 0x0000000088700000, 0x0000000088700000| Untracked 
| 136|0x0000000088800000, 0x0000000088800000, 0x0000000088900000|  0%| F|  |TAMS 0x0000000088800000, 0x0000000088800000| Untracked 
| 137|0x0000000088900000, 0x0000000088900000, 0x0000000088a00000|  0%| F|  |TAMS 0x0000000088900000, 0x0000000088900000| Untracked 
| 138|0x0000000088a00000, 0x0000000088a00000, 0x0000000088b00000|  0%| F|  |TAMS 0x0000000088a00000, 0x0000000088a00000| Untracked 
| 139|0x0000000088b00000, 0x0000000088b00000, 0x0000000088c00000|  0%| F|  |TAMS 0x0000000088b00000, 0x0000000088b00000| Untracked 
| 140|0x0000000088c00000, 0x0000000088c00000, 0x0000000088d00000|  0%| F|  |TAMS 0x0000000088c00000, 0x0000000088c00000| Untracked 
| 141|0x0000000088d00000, 0x0000000088d00000, 0x0000000088e00000|  0%| F|  |TAMS 0x0000000088d00000, 0x0000000088d00000| Untracked 
| 142|0x0000000088e00000, 0x0000000088e00000, 0x0000000088f00000|  0%| F|  |TAMS 0x0000000088e00000, 0x0000000088e00000| Untracked 
| 143|0x0000000088f00000, 0x0000000088f00000, 0x0000000089000000|  0%| F|  |TAMS 0x0000000088f00000, 0x0000000088f00000| Untracked 
| 144|0x0000000089000000, 0x0000000089000000, 0x0000000089100000|  0%| F|  |TAMS 0x0000000089000000, 0x0000000089000000| Untracked 
| 145|0x0000000089100000, 0x0000000089100000, 0x0000000089200000|  0%| F|  |TAMS 0x0000000089100000, 0x0000000089100000| Untracked 
| 146|0x0000000089200000, 0x0000000089200000, 0x0000000089300000|  0%| F|  |TAMS 0x0000000089200000, 0x0000000089200000| Untracked 
| 147|0x0000000089300000, 0x0000000089300000, 0x0000000089400000|  0%| F|  |TAMS 0x0000000089300000, 0x0000000089300000| Untracked 
| 148|0x0000000089400000, 0x0000000089400000, 0x0000000089500000|  0%| F|  |TAMS 0x0000000089400000, 0x0000000089400000| Untracked 
| 149|0x0000000089500000, 0x0000000089500000, 0x0000000089600000|  0%| F|  |TAMS 0x0000000089500000, 0x0000000089500000| Untracked 
| 150|0x0000000089600000, 0x0000000089600000, 0x0000000089700000|  0%| F|  |TAMS 0x0000000089600000, 0x0000000089600000| Untracked 
| 151|0x0000000089700000, 0x0000000089700000, 0x0000000089800000|  0%| F|  |TAMS 0x0000000089700000, 0x0000000089700000| Untracked 
| 152|0x0000000089800000, 0x0000000089800000, 0x0000000089900000|  0%| F|  |TAMS 0x0000000089800000, 0x0000000089800000| Untracked 
| 153|0x0000000089900000, 0x0000000089900000, 0x0000000089a00000|  0%| F|  |TAMS 0x0000000089900000, 0x0000000089900000| Untracked 
| 154|0x0000000089a00000, 0x0000000089a00000, 0x0000000089b00000|  0%| F|  |TAMS 0x0000000089a00000, 0x0000000089a00000| Untracked 
| 155|0x0000000089b00000, 0x0000000089b00000, 0x0000000089c00000|  0%| F|  |TAMS 0x0000000089b00000, 0x0000000089b00000| Untracked 
| 156|0x0000000089c00000, 0x0000000089c00000, 0x0000000089d00000|  0%| F|  |TAMS 0x0000000089c00000, 0x0000000089c00000| Untracked 
| 157|0x0000000089d00000, 0x0000000089d00000, 0x0000000089e00000|  0%| F|  |TAMS 0x0000000089d00000, 0x0000000089d00000| Untracked 
| 158|0x0000000089e00000, 0x0000000089e00000, 0x0000000089f00000|  0%| F|  |TAMS 0x0000000089e00000, 0x0000000089e00000| Untracked 
| 159|0x0000000089f00000, 0x0000000089f00000, 0x000000008a000000|  0%| F|  |TAMS 0x0000000089f00000, 0x0000000089f00000| Untracked 
| 160|0x000000008a000000, 0x000000008a000000, 0x000000008a100000|  0%| F|  |TAMS 0x000000008a000000, 0x000000008a000000| Untracked 
| 161|0x000000008a100000, 0x000000008a100000, 0x000000008a200000|  0%| F|  |TAMS 0x000000008a100000, 0x000000008a100000| Untracked 
| 162|0x000000008a200000, 0x000000008a200000, 0x000000008a300000|  0%| F|  |TAMS 0x000000008a200000, 0x000000008a200000| Untracked 
| 163|0x000000008a300000, 0x000000008a300000, 0x000000008a400000|  0%| F|  |TAMS 0x000000008a300000, 0x000000008a300000| Untracked 
| 164|0x000000008a400000, 0x000000008a400000, 0x000000008a500000|  0%| F|  |TAMS 0x000000008a400000, 0x000000008a400000| Untracked 
| 165|0x000000008a500000, 0x000000008a500000, 0x000000008a600000|  0%| F|  |TAMS 0x000000008a500000, 0x000000008a500000| Untracked 
| 166|0x000000008a600000, 0x000000008a600000, 0x000000008a700000|  0%| F|  |TAMS 0x000000008a600000, 0x000000008a600000| Untracked 
| 167|0x000000008a700000, 0x000000008a700000, 0x000000008a800000|  0%| F|  |TAMS 0x000000008a700000, 0x000000008a700000| Untracked 
| 168|0x000000008a800000, 0x000000008a800000, 0x000000008a900000|  0%| F|  |TAMS 0x000000008a800000, 0x000000008a800000| Untracked 
| 169|0x000000008a900000, 0x000000008a900000, 0x000000008aa00000|  0%| F|  |TAMS 0x000000008a900000, 0x000000008a900000| Untracked 
| 170|0x000000008aa00000, 0x000000008aa00000, 0x000000008ab00000|  0%| F|  |TAMS 0x000000008aa00000, 0x000000008aa00000| Untracked 
| 171|0x000000008ab00000, 0x000000008ab00000, 0x000000008ac00000|  0%| F|  |TAMS 0x000000008ab00000, 0x000000008ab00000| Untracked 
| 172|0x000000008ac00000, 0x000000008ac00000, 0x000000008ad00000|  0%| F|  |TAMS 0x000000008ac00000, 0x000000008ac00000| Untracked 
| 173|0x000000008ad00000, 0x000000008ad00000, 0x000000008ae00000|  0%| F|  |TAMS 0x000000008ad00000, 0x000000008ad00000| Untracked 
| 174|0x000000008ae00000, 0x000000008ae00000, 0x000000008af00000|  0%| F|  |TAMS 0x000000008ae00000, 0x000000008ae00000| Untracked 
| 175|0x000000008af00000, 0x000000008af00000, 0x000000008b000000|  0%| F|  |TAMS 0x000000008af00000, 0x000000008af00000| Untracked 
| 176|0x000000008b000000, 0x000000008b000000, 0x000000008b100000|  0%| F|  |TAMS 0x000000008b000000, 0x000000008b000000| Untracked 
| 177|0x000000008b100000, 0x000000008b100000, 0x000000008b200000|  0%| F|  |TAMS 0x000000008b100000, 0x000000008b100000| Untracked 
| 178|0x000000008b200000, 0x000000008b200000, 0x000000008b300000|  0%| F|  |TAMS 0x000000008b200000, 0x000000008b200000| Untracked 
| 179|0x000000008b300000, 0x000000008b300000, 0x000000008b400000|  0%| F|  |TAMS 0x000000008b300000, 0x000000008b300000| Untracked 
| 180|0x000000008b400000, 0x000000008b400000, 0x000000008b500000|  0%| F|  |TAMS 0x000000008b400000, 0x000000008b400000| Untracked 
| 181|0x000000008b500000, 0x000000008b500000, 0x000000008b600000|  0%| F|  |TAMS 0x000000008b500000, 0x000000008b500000| Untracked 
| 182|0x000000008b600000, 0x000000008b600000, 0x000000008b700000|  0%| F|  |TAMS 0x000000008b600000, 0x000000008b600000| Untracked 
| 183|0x000000008b700000, 0x000000008b700000, 0x000000008b800000|  0%| F|  |TAMS 0x000000008b700000, 0x000000008b700000| Untracked 
| 184|0x000000008b800000, 0x000000008b800000, 0x000000008b900000|  0%| F|  |TAMS 0x000000008b800000, 0x000000008b800000| Untracked 
| 185|0x000000008b900000, 0x000000008b900000, 0x000000008ba00000|  0%| F|  |TAMS 0x000000008b900000, 0x000000008b900000| Untracked 
| 186|0x000000008ba00000, 0x000000008ba00000, 0x000000008bb00000|  0%| F|  |TAMS 0x000000008ba00000, 0x000000008ba00000| Untracked 
| 187|0x000000008bb00000, 0x000000008bb00000, 0x000000008bc00000|  0%| F|  |TAMS 0x000000008bb00000, 0x000000008bb00000| Untracked 
| 188|0x000000008bc00000, 0x000000008bc00000, 0x000000008bd00000|  0%| F|  |TAMS 0x000000008bc00000, 0x000000008bc00000| Untracked 
| 189|0x000000008bd00000, 0x000000008bd00000, 0x000000008be00000|  0%| F|  |TAMS 0x000000008bd00000, 0x000000008bd00000| Untracked 
| 190|0x000000008be00000, 0x000000008be00000, 0x000000008bf00000|  0%| F|  |TAMS 0x000000008be00000, 0x000000008be00000| Untracked 
| 191|0x000000008bf00000, 0x000000008bf00000, 0x000000008c000000|  0%| F|  |TAMS 0x000000008bf00000, 0x000000008bf00000| Untracked 
| 192|0x000000008c000000, 0x000000008c000000, 0x000000008c100000|  0%| F|  |TAMS 0x000000008c000000, 0x000000008c000000| Untracked 
| 193|0x000000008c100000, 0x000000008c100000, 0x000000008c200000|  0%| F|  |TAMS 0x000000008c100000, 0x000000008c100000| Untracked 
| 194|0x000000008c200000, 0x000000008c200000, 0x000000008c300000|  0%| F|  |TAMS 0x000000008c200000, 0x000000008c200000| Untracked 
| 195|0x000000008c300000, 0x000000008c300000, 0x000000008c400000|  0%| F|  |TAMS 0x000000008c300000, 0x000000008c300000| Untracked 
| 196|0x000000008c400000, 0x000000008c400000, 0x000000008c500000|  0%| F|  |TAMS 0x000000008c400000, 0x000000008c400000| Untracked 
| 197|0x000000008c500000, 0x000000008c500000, 0x000000008c600000|  0%| F|  |TAMS 0x000000008c500000, 0x000000008c500000| Untracked 
| 198|0x000000008c600000, 0x000000008c600000, 0x000000008c700000|  0%| F|  |TAMS 0x000000008c600000, 0x000000008c600000| Untracked 
| 199|0x000000008c700000, 0x000000008c700000, 0x000000008c800000|  0%| F|  |TAMS 0x000000008c700000, 0x000000008c700000| Untracked 
| 200|0x000000008c800000, 0x000000008c800000, 0x000000008c900000|  0%| F|  |TAMS 0x000000008c800000, 0x000000008c800000| Untracked 
| 201|0x000000008c900000, 0x000000008c900000, 0x000000008ca00000|  0%| F|  |TAMS 0x000000008c900000, 0x000000008c900000| Untracked 
| 202|0x000000008ca00000, 0x000000008ca00000, 0x000000008cb00000|  0%| F|  |TAMS 0x000000008ca00000, 0x000000008ca00000| Untracked 
| 203|0x000000008cb00000, 0x000000008cb00000, 0x000000008cc00000|  0%| F|  |TAMS 0x000000008cb00000, 0x000000008cb00000| Untracked 
| 204|0x000000008cc00000, 0x000000008cc00000, 0x000000008cd00000|  0%| F|  |TAMS 0x000000008cc00000, 0x000000008cc00000| Untracked 
| 205|0x000000008cd00000, 0x000000008cd00000, 0x000000008ce00000|  0%| F|  |TAMS 0x000000008cd00000, 0x000000008cd00000| Untracked 
| 206|0x000000008ce00000, 0x000000008cf00000, 0x000000008cf00000|100%| S|CS|TAMS 0x000000008ce00000, 0x000000008ce00000| Complete 
| 207|0x000000008cf00000, 0x000000008d000000, 0x000000008d000000|100%| S|CS|TAMS 0x000000008cf00000, 0x000000008cf00000| Complete 
| 208|0x000000008d000000, 0x000000008d100000, 0x000000008d100000|100%| S|CS|TAMS 0x000000008d000000, 0x000000008d000000| Complete 
| 209|0x000000008d100000, 0x000000008d200000, 0x000000008d200000|100%| S|CS|TAMS 0x000000008d100000, 0x000000008d100000| Complete 
| 210|0x000000008d200000, 0x000000008d200000, 0x000000008d300000|  0%| F|  |TAMS 0x000000008d200000, 0x000000008d200000| Untracked 
| 211|0x000000008d300000, 0x000000008d300000, 0x000000008d400000|  0%| F|  |TAMS 0x000000008d300000, 0x000000008d300000| Untracked 
| 212|0x000000008d400000, 0x000000008d400000, 0x000000008d500000|  0%| F|  |TAMS 0x000000008d400000, 0x000000008d400000| Untracked 
| 213|0x000000008d500000, 0x000000008d500000, 0x000000008d600000|  0%| F|  |TAMS 0x000000008d500000, 0x000000008d500000| Untracked 
| 214|0x000000008d600000, 0x000000008d600000, 0x000000008d700000|  0%| F|  |TAMS 0x000000008d600000, 0x000000008d600000| Untracked 
| 215|0x000000008d700000, 0x000000008d700000, 0x000000008d800000|  0%| F|  |TAMS 0x000000008d700000, 0x000000008d700000| Untracked 
| 216|0x000000008d800000, 0x000000008d800000, 0x000000008d900000|  0%| F|  |TAMS 0x000000008d800000, 0x000000008d800000| Untracked 
| 217|0x000000008d900000, 0x000000008d900000, 0x000000008da00000|  0%| F|  |TAMS 0x000000008d900000, 0x000000008d900000| Untracked 
| 218|0x000000008da00000, 0x000000008da00000, 0x000000008db00000|  0%| F|  |TAMS 0x000000008da00000, 0x000000008da00000| Untracked 
| 219|0x000000008db00000, 0x000000008db00000, 0x000000008dc00000|  0%| F|  |TAMS 0x000000008db00000, 0x000000008db00000| Untracked 
| 220|0x000000008dc00000, 0x000000008dc00000, 0x000000008dd00000|  0%| F|  |TAMS 0x000000008dc00000, 0x000000008dc00000| Untracked 
| 221|0x000000008dd00000, 0x000000008dd00000, 0x000000008de00000|  0%| F|  |TAMS 0x000000008dd00000, 0x000000008dd00000| Untracked 
| 222|0x000000008de00000, 0x000000008de00000, 0x000000008df00000|  0%| F|  |TAMS 0x000000008de00000, 0x000000008de00000| Untracked 
| 223|0x000000008df00000, 0x000000008df00000, 0x000000008e000000|  0%| F|  |TAMS 0x000000008df00000, 0x000000008df00000| Untracked 
| 224|0x000000008e000000, 0x000000008e000000, 0x000000008e100000|  0%| F|  |TAMS 0x000000008e000000, 0x000000008e000000| Untracked 
| 225|0x000000008e100000, 0x000000008e100000, 0x000000008e200000|  0%| F|  |TAMS 0x000000008e100000, 0x000000008e100000| Untracked 
| 226|0x000000008e200000, 0x000000008e200000, 0x000000008e300000|  0%| F|  |TAMS 0x000000008e200000, 0x000000008e200000| Untracked 
| 227|0x000000008e300000, 0x000000008e300000, 0x000000008e400000|  0%| F|  |TAMS 0x000000008e300000, 0x000000008e300000| Untracked 
| 228|0x000000008e400000, 0x000000008e400000, 0x000000008e500000|  0%| F|  |TAMS 0x000000008e400000, 0x000000008e400000| Untracked 
| 229|0x000000008e500000, 0x000000008e500000, 0x000000008e600000|  0%| F|  |TAMS 0x000000008e500000, 0x000000008e500000| Untracked 
| 230|0x000000008e600000, 0x000000008e600000, 0x000000008e700000|  0%| F|  |TAMS 0x000000008e600000, 0x000000008e600000| Untracked 
| 231|0x000000008e700000, 0x000000008e700000, 0x000000008e800000|  0%| F|  |TAMS 0x000000008e700000, 0x000000008e700000| Untracked 
| 232|0x000000008e800000, 0x000000008e800000, 0x000000008e900000|  0%| F|  |TAMS 0x000000008e800000, 0x000000008e800000| Untracked 
| 233|0x000000008e900000, 0x000000008e900000, 0x000000008ea00000|  0%| F|  |TAMS 0x000000008e900000, 0x000000008e900000| Untracked 
| 234|0x000000008ea00000, 0x000000008ea00000, 0x000000008eb00000|  0%| F|  |TAMS 0x000000008ea00000, 0x000000008ea00000| Untracked 
| 235|0x000000008eb00000, 0x000000008eb00000, 0x000000008ec00000|  0%| F|  |TAMS 0x000000008eb00000, 0x000000008eb00000| Untracked 
| 236|0x000000008ec00000, 0x000000008ec00000, 0x000000008ed00000|  0%| F|  |TAMS 0x000000008ec00000, 0x000000008ec00000| Untracked 
| 237|0x000000008ed00000, 0x000000008ed00000, 0x000000008ee00000|  0%| F|  |TAMS 0x000000008ed00000, 0x000000008ed00000| Untracked 
| 238|0x000000008ee00000, 0x000000008ee00000, 0x000000008ef00000|  0%| F|  |TAMS 0x000000008ee00000, 0x000000008ee00000| Untracked 
| 239|0x000000008ef00000, 0x000000008ef00000, 0x000000008f000000|  0%| F|  |TAMS 0x000000008ef00000, 0x000000008ef00000| Untracked 
| 240|0x000000008f000000, 0x000000008f000000, 0x000000008f100000|  0%| F|  |TAMS 0x000000008f000000, 0x000000008f000000| Untracked 
| 241|0x000000008f100000, 0x000000008f100000, 0x000000008f200000|  0%| F|  |TAMS 0x000000008f100000, 0x000000008f100000| Untracked 
| 242|0x000000008f200000, 0x000000008f200000, 0x000000008f300000|  0%| F|  |TAMS 0x000000008f200000, 0x000000008f200000| Untracked 
| 243|0x000000008f300000, 0x000000008f300000, 0x000000008f400000|  0%| F|  |TAMS 0x000000008f300000, 0x000000008f300000| Untracked 
| 244|0x000000008f400000, 0x000000008f400000, 0x000000008f500000|  0%| F|  |TAMS 0x000000008f400000, 0x000000008f400000| Untracked 
| 245|0x000000008f500000, 0x000000008f500000, 0x000000008f600000|  0%| F|  |TAMS 0x000000008f500000, 0x000000008f500000| Untracked 
| 246|0x000000008f600000, 0x000000008f600000, 0x000000008f700000|  0%| F|  |TAMS 0x000000008f600000, 0x000000008f600000| Untracked 
| 247|0x000000008f700000, 0x000000008f700000, 0x000000008f800000|  0%| F|  |TAMS 0x000000008f700000, 0x000000008f700000| Untracked 
| 248|0x000000008f800000, 0x000000008f800000, 0x000000008f900000|  0%| F|  |TAMS 0x000000008f800000, 0x000000008f800000| Untracked 
| 249|0x000000008f900000, 0x000000008f900000, 0x000000008fa00000|  0%| F|  |TAMS 0x000000008f900000, 0x000000008f900000| Untracked 
| 250|0x000000008fa00000, 0x000000008fa00000, 0x000000008fb00000|  0%| F|  |TAMS 0x000000008fa00000, 0x000000008fa00000| Untracked 
| 251|0x000000008fb00000, 0x000000008fb00000, 0x000000008fc00000|  0%| F|  |TAMS 0x000000008fb00000, 0x000000008fb00000| Untracked 
| 252|0x000000008fc00000, 0x000000008fc00000, 0x000000008fd00000|  0%| F|  |TAMS 0x000000008fc00000, 0x000000008fc00000| Untracked 
| 253|0x000000008fd00000, 0x000000008fd00000, 0x000000008fe00000|  0%| F|  |TAMS 0x000000008fd00000, 0x000000008fd00000| Untracked 
| 254|0x000000008fe00000, 0x000000008fe00000, 0x000000008ff00000|  0%| F|  |TAMS 0x000000008fe00000, 0x000000008fe00000| Untracked 
| 255|0x000000008ff00000, 0x000000008ff00000, 0x0000000090000000|  0%| F|  |TAMS 0x000000008ff00000, 0x000000008ff00000| Untracked 

Card table byte_map: [0x0000000015db0000,0x00000000161b0000] _byte_map_base: 0x00000000159b0000

Marking Bits (Prev, Next): (CMBitMap*) 0x00000000005e2000, (CMBitMap*) 0x00000000005e1fc8
 Prev Bits: [0x00000000185b0000, 0x000000001a5b0000)
 Next Bits: [0x00000000165b0000, 0x00000000185b0000)

Polling page: 0x0000000000130000

Metaspace:

Usage:
  Non-class:     76.54 MB capacity,    75.06 MB ( 98%) used,     1.23 MB (  2%) free+waste,   255.56 KB ( <1%) overhead. 
      Class:     11.85 MB capacity,    11.03 MB ( 93%) used,   720.81 KB (  6%) free+waste,   116.75 KB ( <1%) overhead. 
       Both:     88.39 MB capacity,    86.09 MB ( 97%) used,     1.94 MB (  2%) free+waste,   372.31 KB ( <1%) overhead. 

Virtual space:
  Non-class space:       82.00 MB reserved,      76.70 MB ( 94%) committed 
      Class space:        1.00 GB reserved,      11.88 MB (  1%) committed 
             Both:        1.08 GB reserved,      88.57 MB (  8%) committed 

Chunk freelists:
   Non-Class:  96.00 KB
       Class:  30.00 KB
        Both:  126.00 KB

MaxMetaspaceSize: 17179869184.00 GB
CompressedClassSpaceSize: 1.00 GB

CodeHeap 'non-profiled nmethods': size=120064Kb used=6267Kb max_used=6267Kb free=113796Kb
 bounds [0x000000000dbf0000, 0x000000000e210000, 0x0000000015130000]
CodeHeap 'profiled nmethods': size=120000Kb used=22134Kb max_used=22134Kb free=97865Kb
 bounds [0x00000000066c0000, 0x0000000007c60000, 0x000000000dbf0000]
CodeHeap 'non-nmethods': size=5696Kb used=2285Kb max_used=2321Kb free=3411Kb
 bounds [0x0000000006130000, 0x00000000063a0000, 0x00000000066c0000]
 total_blobs=11404 nmethods=10517 adapters=798
 compilation: disabled (not enough contiguous free space left)
              stopped_count=1, restarted_count=0
 full_count=1

Compilation events (20 events):
Event: 10.187 Thread 0x000000001d40b800 nmethod 10572 0x0000000007c56790 code [0x0000000007c56940, 0x0000000007c56a68]
Event: 10.187 Thread 0x000000001d40b800 10573       2       com.sun.xml.internal.stream.events.StartElementEvent::getAttributeByName (20 bytes)
Event: 10.187 Thread 0x000000001d40b800 nmethod 10573 0x0000000007c56b10 code [0x0000000007c56ce0, 0x0000000007c56e68]
Event: 10.187 Thread 0x000000001d40b800 10569       1       com.android.aaptcompiler.AttributeResource::getSymbols (5 bytes)
Event: 10.187 Thread 0x000000001d40b800 nmethod 10569 0x000000000e207910 code [0x000000000e207ac0, 0x000000000e207b78]
Event: 10.187 Thread 0x000000001d40b800 10570       1       com.android.aaptcompiler.AttributeResource::setMinInt (6 bytes)
Event: 10.187 Thread 0x000000001d40b800 nmethod 10570 0x000000000e207c10 code [0x000000000e207dc0, 0x000000000e207e78]
Event: 10.187 Thread 0x000000001d40b800 10571       1       com.android.aaptcompiler.AttributeResource::setMaxInt (6 bytes)
Event: 10.187 Thread 0x000000001d40b800 nmethod 10571 0x000000000e207f10 code [0x000000000e2080c0, 0x000000000e208178]
Event: 10.187 Thread 0x000000001d40b800 10576       2       kotlin.jvm.internal.FunctionReference::<init> (37 bytes)
Event: 10.187 Thread 0x000000001d40b800 nmethod 10576 0x0000000007c56f10 code [0x0000000007c570c0, 0x0000000007c57358]
Event: 10.187 Thread 0x000000001d40b800 10581       2       com.sun.org.apache.xerces.internal.xni.XMLString::toString (32 bytes)
Event: 10.188 Thread 0x000000001d40b800 nmethod 10581 0x0000000007c57410 code [0x0000000007c575e0, 0x0000000007c577f8]
Event: 10.188 Thread 0x000000001d40b800 10583   !   2       com.sun.xml.internal.stream.XMLEventReaderImpl::hasNext (29 bytes)
Event: 10.188 Thread 0x000000001d40b800 nmethod 10583 0x0000000007c57990 code [0x0000000007c57b40, 0x0000000007c57cf8]
Event: 10.188 Thread 0x000000001d40b800 10585       2       com.sun.org.apache.xerces.internal.impl.XMLEntityScanner::scanQName (502 bytes)
Event: 10.188 Thread 0x000000001d40b800 nmethod 10585 0x0000000007c57e10 code [0x0000000007c580e0, 0x0000000007c58ba8]
Event: 10.188 Thread 0x000000001d40b800 10580       2       kotlin.jvm.internal.FunctionReference::<init> (11 bytes)
Event: 10.188 Thread 0x000000001d40b800 nmethod 10580 0x0000000007c59390 code [0x0000000007c59540, 0x0000000007c59668]
Event: 10.188 Thread 0x000000001d40b800 10577       2       com.sun.org.apache.xerces.internal.util.XMLAttributesImpl::getValue (69 bytes)

GC Heap History (20 events):
Event: 0.688 GC heap before
{Heap before GC invocations=1 (full 0):
 garbage-first heap   total 262144K, used 28789K [0x0000000080000000, 0x0000000100000000)
  region size 1024K, 22 young (22528K), 3 survivors (3072K)
 Metaspace       used 11114K, capacity 11446K, committed 11520K, reserved 1058816K
  class space    used 1165K, capacity 1243K, committed 1280K, reserved 1048576K
}
Event: 0.689 GC heap after
{Heap after GC invocations=2 (full 0):
 garbage-first heap   total 262144K, used 9904K [0x0000000080000000, 0x0000000100000000)
  region size 1024K, 1 young (1024K), 1 survivors (1024K)
 Metaspace       used 11114K, capacity 11446K, committed 11520K, reserved 1058816K
  class space    used 1165K, capacity 1243K, committed 1280K, reserved 1048576K
}
Event: 1.208 GC heap before
{Heap before GC invocations=2 (full 0):
 garbage-first heap   total 262144K, used 60080K [0x0000000080000000, 0x0000000100000000)
  region size 1024K, 50 young (51200K), 1 survivors (1024K)
 Metaspace       used 17384K, capacity 17833K, committed 18048K, reserved 1064960K
  class space    used 2018K, capacity 2172K, committed 2176K, reserved 1048576K
}
Event: 1.211 GC heap after
{Heap after GC invocations=3 (full 0):
 garbage-first heap   total 262144K, used 16066K [0x0000000080000000, 0x0000000100000000)
  region size 1024K, 7 young (7168K), 7 survivors (7168K)
 Metaspace       used 17384K, capacity 17833K, committed 18048K, reserved 1064960K
  class space    used 2018K, capacity 2172K, committed 2176K, reserved 1048576K
}
Event: 1.380 GC heap before
{Heap before GC invocations=3 (full 0):
 garbage-first heap   total 262144K, used 44738K [0x0000000080000000, 0x0000000100000000)
  region size 1024K, 36 young (36864K), 7 survivors (7168K)
 Metaspace       used 20602K, capacity 21101K, committed 21248K, reserved 1067008K
  class space    used 2511K, capacity 2692K, committed 2816K, reserved 1048576K
}
Event: 1.385 GC heap after
{Heap after GC invocations=4 (full 0):
 garbage-first heap   total 262144K, used 16928K [0x0000000080000000, 0x0000000100000000)
  region size 1024K, 2 young (2048K), 2 survivors (2048K)
 Metaspace       used 20602K, capacity 21101K, committed 21248K, reserved 1067008K
  class space    used 2511K, capacity 2692K, committed 2816K, reserved 1048576K
}
Event: 1.893 GC heap before
{Heap before GC invocations=5 (full 0):
 garbage-first heap   total 262144K, used 92704K [0x0000000080000000, 0x0000000100000000)
  region size 1024K, 76 young (77824K), 2 survivors (2048K)
 Metaspace       used 27904K, capacity 28577K, committed 28800K, reserved 1075200K
  class space    used 3702K, capacity 3934K, committed 3968K, reserved 1048576K
}
Event: 1.897 GC heap after
{Heap after GC invocations=6 (full 0):
 garbage-first heap   total 262144K, used 19064K [0x0000000080000000, 0x0000000100000000)
  region size 1024K, 4 young (4096K), 4 survivors (4096K)
 Metaspace       used 27904K, capacity 28577K, committed 28800K, reserved 1075200K
  class space    used 3702K, capacity 3934K, committed 3968K, reserved 1048576K
}
Event: 2.250 GC heap before
{Heap before GC invocations=6 (full 0):
 garbage-first heap   total 262144K, used 54904K [0x0000000080000000, 0x0000000100000000)
  region size 1024K, 40 young (40960K), 4 survivors (4096K)
 Metaspace       used 35055K, capacity 35803K, committed 35840K, reserved 1081344K
  class space    used 4538K, capacity 4834K, committed 4864K, reserved 1048576K
}
Event: 2.256 GC heap after
{Heap after GC invocations=7 (full 0):
 garbage-first heap   total 262144K, used 21871K [0x0000000080000000, 0x0000000100000000)
  region size 1024K, 7 young (7168K), 7 survivors (7168K)
 Metaspace       used 35055K, capacity 35803K, committed 35840K, reserved 1081344K
  class space    used 4538K, capacity 4834K, committed 4864K, reserved 1048576K
}
Event: 3.301 GC heap before
{Heap before GC invocations=8 (full 0):
 garbage-first heap   total 262144K, used 169327K [0x0000000080000000, 0x0000000100000000)
  region size 1024K, 148 young (151552K), 7 survivors (7168K)
 Metaspace       used 45852K, capacity 47086K, committed 47308K, reserved 1089536K
  class space    used 5890K, capacity 6347K, committed 6400K, reserved 1048576K
}
Event: 3.311 GC heap after
{Heap after GC invocations=9 (full 0):
 garbage-first heap   total 262144K, used 29935K [0x0000000080000000, 0x0000000100000000)
  region size 1024K, 14 young (14336K), 14 survivors (14336K)
 Metaspace       used 45852K, capacity 47086K, committed 47308K, reserved 1089536K
  class space    used 5890K, capacity 6347K, committed 6400K, reserved 1048576K
}
Event: 5.434 GC heap before
{Heap before GC invocations=9 (full 0):
 garbage-first heap   total 262144K, used 162031K [0x0000000080000000, 0x0000000100000000)
  region size 1024K, 137 young (140288K), 14 survivors (14336K)
 Metaspace       used 58632K, capacity 60186K, committed 60236K, reserved 1101824K
  class space    used 7431K, capacity 8024K, committed 8064K, reserved 1048576K
}
Event: 5.451 GC heap after
{Heap after GC invocations=10 (full 0):
 garbage-first heap   total 262144K, used 49204K [0x0000000080000000, 0x0000000100000000)
  region size 1024K, 19 young (19456K), 19 survivors (19456K)
 Metaspace       used 58632K, capacity 60186K, committed 60236K, reserved 1101824K
  class space    used 7431K, capacity 8024K, committed 8064K, reserved 1048576K
}
Event: 6.952 GC heap before
{Heap before GC invocations=11 (full 0):
 garbage-first heap   total 262144K, used 186420K [0x0000000080000000, 0x0000000100000000)
  region size 1024K, 153 young (156672K), 19 survivors (19456K)
 Metaspace       used 69288K, capacity 71002K, committed 71244K, reserved 1112064K
  class space    used 8921K, capacity 9565K, committed 9600K, reserved 1048576K
}
Event: 6.964 GC heap after
{Heap after GC invocations=12 (full 0):
 garbage-first heap   total 262144K, used 60600K [0x0000000080000000, 0x0000000100000000)
  region size 1024K, 12 young (12288K), 12 survivors (12288K)
 Metaspace       used 69288K, capacity 71002K, committed 71244K, reserved 1112064K
  class space    used 8921K, capacity 9565K, committed 9600K, reserved 1048576K
}
Event: 8.705 GC heap before
{Heap before GC invocations=12 (full 0):
 garbage-first heap   total 262144K, used 203960K [0x0000000080000000, 0x0000000100000000)
  region size 1024K, 145 young (148480K), 12 survivors (12288K)
 Metaspace       used 81860K, capacity 83910K, committed 84172K, reserved 1122304K
  class space    used 10669K, capacity 11403K, committed 11520K, reserved 1048576K
}
Event: 8.715 GC heap after
{Heap after GC invocations=13 (full 0):
 garbage-first heap   total 262144K, used 68608K [0x0000000080000000, 0x0000000100000000)
  region size 1024K, 9 young (9216K), 9 survivors (9216K)
 Metaspace       used 81860K, capacity 83910K, committed 84172K, reserved 1122304K
  class space    used 10669K, capacity 11403K, committed 11520K, reserved 1048576K
}
Event: 9.913 GC heap before
{Heap before GC invocations=13 (full 0):
 garbage-first heap   total 262144K, used 206848K [0x0000000080000000, 0x0000000100000000)
  region size 1024K, 140 young (143360K), 9 survivors (9216K)
 Metaspace       used 86116K, capacity 88388K, committed 88524K, reserved 1126400K
  class space    used 11121K, capacity 11978K, committed 12032K, reserved 1048576K
}
Event: 9.933 GC heap after
{Heap after GC invocations=14 (full 0):
 garbage-first heap   total 262144K, used 90112K [0x0000000080000000, 0x0000000100000000)
  region size 1024K, 18 young (18432K), 18 survivors (18432K)
 Metaspace       used 86116K, capacity 88388K, committed 88524K, reserved 1126400K
  class space    used 11121K, capacity 11978K, committed 12032K, reserved 1048576K
}

Deoptimization events (20 events):
Event: 10.150 Thread 0x000000002600f800 Uncommon trap: trap_request=0xffffff4d fr.pc=0x000000000e13d8f0 relative=0x0000000000000810
Event: 10.150 Thread 0x000000002600f800 Uncommon trap: reason=unstable_if action=reinterpret pc=0x000000000e13d8f0 method=org.gradle.internal.snapshot.VfsRelativePath.lengthOfCommonPrefix(Ljava/lang/String;Lorg/gradle/internal/snapshot/CaseSensitivity;)I @ 107 c2
Event: 10.150 Thread 0x000000002600f800 DEOPT PACKING pc=0x000000000e13d8f0 sp=0x000000002b74ca60
Event: 10.150 Thread 0x000000002600f800 DEOPT UNPACKING pc=0x000000000615662f sp=0x000000002b74c9e8 mode 2
Event: 10.178 Thread 0x000000002aaad800 Uncommon trap: trap_request=0xffffffbe fr.pc=0x000000000df7ed3c relative=0x0000000000000c9c
Event: 10.178 Thread 0x000000002aaad800 Uncommon trap: reason=profile_predicate action=maybe_recompile pc=0x000000000df7ed3c method=java.util.TreeMap.getEntryUsingComparator(Ljava/lang/Object;)Ljava/util/TreeMap$Entry; @ 19 c2
Event: 10.178 Thread 0x000000002aaad800 DEOPT PACKING pc=0x000000000df7ed3c sp=0x000000002e41db00
Event: 10.178 Thread 0x000000002aaad800 DEOPT UNPACKING pc=0x000000000615662f sp=0x000000002e41da20 mode 2
Event: 10.178 Thread 0x000000002aaad800 Uncommon trap: trap_request=0xffffffbe fr.pc=0x000000000df7ed3c relative=0x0000000000000c9c
Event: 10.178 Thread 0x000000002aaad800 Uncommon trap: reason=profile_predicate action=maybe_recompile pc=0x000000000df7ed3c method=java.util.TreeMap.getEntryUsingComparator(Ljava/lang/Object;)Ljava/util/TreeMap$Entry; @ 19 c2
Event: 10.178 Thread 0x000000002aaad800 DEOPT PACKING pc=0x000000000df7ed3c sp=0x000000002e41db00
Event: 10.178 Thread 0x000000002aaad800 DEOPT UNPACKING pc=0x000000000615662f sp=0x000000002e41da20 mode 2
Event: 10.178 Thread 0x000000002aaad800 Uncommon trap: trap_request=0xffffffbe fr.pc=0x000000000df7ed3c relative=0x0000000000000c9c
Event: 10.178 Thread 0x000000002aaad800 Uncommon trap: reason=profile_predicate action=maybe_recompile pc=0x000000000df7ed3c method=java.util.TreeMap.getEntryUsingComparator(Ljava/lang/Object;)Ljava/util/TreeMap$Entry; @ 19 c2
Event: 10.178 Thread 0x000000002aaad800 DEOPT PACKING pc=0x000000000df7ed3c sp=0x000000002e41db00
Event: 10.178 Thread 0x000000002aaad800 DEOPT UNPACKING pc=0x000000000615662f sp=0x000000002e41da20 mode 2
Event: 10.179 Thread 0x000000002aaad800 Uncommon trap: trap_request=0xffffffbe fr.pc=0x000000000df7ed3c relative=0x0000000000000c9c
Event: 10.179 Thread 0x000000002aaad800 Uncommon trap: reason=profile_predicate action=maybe_recompile pc=0x000000000df7ed3c method=java.util.TreeMap.getEntryUsingComparator(Ljava/lang/Object;)Ljava/util/TreeMap$Entry; @ 19 c2
Event: 10.179 Thread 0x000000002aaad800 DEOPT PACKING pc=0x000000000df7ed3c sp=0x000000002e41db00
Event: 10.179 Thread 0x000000002aaad800 DEOPT UNPACKING pc=0x000000000615662f sp=0x000000002e41da20 mode 2

Classes redefined (0 events):
No events

Internal exceptions (20 events):
Event: 8.538 Thread 0x000000002600b800 Exception <a 'java/lang/NoSuchMethodError'{0x000000008826cea8}: <clinit>> (0x000000008826cea8) thrown at [./src/hotspot/share/prims/jni.cpp, line 1362]
Event: 8.613 Thread 0x0000000022025000 Exception <a 'java/lang/NoSuchMethodError'{0x0000000088421720}: <clinit>> (0x0000000088421720) thrown at [./src/hotspot/share/prims/jni.cpp, line 1362]
Event: 8.635 Thread 0x000000002600e800 Exception <a 'java/lang/NoSuchMethodError'{0x0000000087f483a8}: 'java.lang.Object java.lang.invoke.Invokers$Holder.linkToTargetMethod(java.lang.Object, java.lang.Object, java.lang.Object, int, java.lang.Object, java.lang.Object)'> (0x0000000087f483a8) thrown at [./src/hotspot/share/interpreter/linkResolver.cpp, line 773]
Event: 8.809 Thread 0x000000002600e800 Implicit null exception at 0x000000000e0e9f1c to 0x000000000e0ea244
Event: 8.850 Thread 0x000000002589a800 Exception <a 'java/lang/NoSuchMethodError'{0x000000008f5e85f0}: 'java.lang.Object java.lang.invoke.DirectMethodHandle$Holder.invokeSpecialIFC(java.lang.Object, java.lang.Object, java.lang.Object)'> (0x000000008f5e85f0) thrown at [./src/hotspot/share/interpreter/linkResolver.cpp, line 773]
Event: 8.850 Thread 0x000000002600e800 Exception <a 'java/lang/NoSuchMethodError'{0x000000008f32b608}: 'java.lang.Object java.lang.invoke.DirectMethodHandle$Holder.invokeSpecialIFC(java.lang.Object, java.lang.Object, java.lang.Object)'> (0x000000008f32b608) thrown at [./src/hotspot/share/interpreter/linkResolver.cpp, line 773]
Event: 8.850 Thread 0x000000002589b000 Exception <a 'java/lang/NoSuchMethodError'{0x000000008f4440d0}: 'java.lang.Object java.lang.invoke.DirectMethodHandle$Holder.invokeSpecialIFC(java.lang.Object, java.lang.Object, java.lang.Object)'> (0x000000008f4440d0) thrown at [./src/hotspot/share/interpreter/linkResolver.cpp, line 773]
Event: 8.850 Thread 0x0000000025899800 Exception <a 'java/lang/NoSuchMethodError'{0x000000008f37df10}: 'java.lang.Object java.lang.invoke.DirectMethodHandle$Holder.invokeSpecialIFC(java.lang.Object, java.lang.Object, java.lang.Object)'> (0x000000008f37df10) thrown at [./src/hotspot/share/interpreter/linkResolver.cpp, line 773]
Event: 8.850 Thread 0x000000002589c000 Exception <a 'java/lang/NoSuchMethodError'{0x000000008f3ad698}: 'java.lang.Object java.lang.invoke.DirectMethodHandle$Holder.invokeSpecialIFC(java.lang.Object, java.lang.Object, java.lang.Object)'> (0x000000008f3ad698) thrown at [./src/hotspot/share/interpreter/linkResolver.cpp, line 773]
Event: 8.850 Thread 0x000000002589d800 Exception <a 'java/lang/NoSuchMethodError'{0x000000008f390c38}: 'java.lang.Object java.lang.invoke.DirectMethodHandle$Holder.invokeSpecialIFC(java.lang.Object, java.lang.Object, java.lang.Object)'> (0x000000008f390c38) thrown at [./src/hotspot/share/interpreter/linkResolver.cpp, line 773]
Event: 8.869 Thread 0x000000002589a800 Exception <a 'java/lang/NoSuchMethodError'{0x000000008ef739f8}: 'int java.lang.invoke.DirectMethodHandle$Holder.invokeStaticInit(java.lang.Object, java.lang.Object, java.lang.Object, java.lang.Object, java.lang.Object)'> (0x000000008ef739f8) thrown at [./src/hotspot/share/interpreter/linkResolver.cpp, line 773]
Event: 8.977 Thread 0x000000002589a800 Exception <a 'java/lang/NoSuchMethodError'{0x000000008e07ac88}: 'void java.lang.invoke.DirectMethodHandle$Holder.invokeVirtual(java.lang.Object, java.lang.Object)'> (0x000000008e07ac88) thrown at [./src/hotspot/share/interpreter/linkResolver.cpp, line 773]
Event: 9.154 Thread 0x000000002600e800 Exception <a 'java/lang/IncompatibleClassChangeError'{0x000000008c64d2f0}: Found class java.lang.Object, but interface was expected> (0x000000008c64d2f0) thrown at [./src/hotspot/share/interpreter/linkResolver.cpp, line 839]
Event: 9.623 Thread 0x000000002600e800 Implicit null exception at 0x000000000df03c84 to 0x000000000df03e7c
Event: 10.121 Thread 0x000000002600e800 Exception <a 'java/lang/NoSuchMethodError'{0x000000008dcc2b08}: <clinit>> (0x000000008dcc2b08) thrown at [./src/hotspot/share/prims/jni.cpp, line 1362]
Event: 10.127 Thread 0x000000002600e800 Exception <a 'java/lang/NoSuchMethodError'{0x000000008db77748}: <clinit>> (0x000000008db77748) thrown at [./src/hotspot/share/prims/jni.cpp, line 1362]
Event: 10.178 Thread 0x000000002aaad800 Implicit null exception at 0x000000000df7e0e6 to 0x000000000df7ed24
Event: 10.178 Thread 0x000000002aaad800 Implicit null exception at 0x000000000df7e0e6 to 0x000000000df7ed24
Event: 10.178 Thread 0x000000002aaad800 Implicit null exception at 0x000000000df7e0e6 to 0x000000000df7ed24
Event: 10.179 Thread 0x000000002aaad800 Implicit null exception at 0x000000000df7e0e6 to 0x000000000df7ed24

Events (20 events):
Event: 10.169 loading class kotlin/text/ScreenFloatValueRegEx
Event: 10.169 loading class kotlin/text/ScreenFloatValueRegEx done
Event: 10.170 loading class com/android/aaptcompiler/TableExtractor$extractResource$parseBagMethod$3
Event: 10.170 loading class com/android/aaptcompiler/TableExtractor$extractResource$parseBagMethod$3 done
Event: 10.170 loading class com/android/aaptcompiler/android/UtilKt
Event: 10.170 loading class com/android/aaptcompiler/android/UtilKt done
Event: 10.171 loading class com/android/aaptcompiler/TableExtractorKt
Event: 10.171 loading class com/android/aaptcompiler/TableExtractorKt done
Event: 10.171 loading class com/android/aaptcompiler/android/ResValue
Event: 10.171 loading class com/android/aaptcompiler/android/ResValue done
Event: 10.171 loading class com/android/aaptcompiler/AttributeResource$Symbol
Event: 10.171 loading class com/android/aaptcompiler/AttributeResource$Symbol done
Event: 10.171 loading class com/android/aaptcompiler/Id
Event: 10.171 loading class com/android/aaptcompiler/Id done
Event: 10.172 loading class com/android/aaptcompiler/AttributeResource
Event: 10.172 loading class com/android/aaptcompiler/AttributeResource done
Event: 10.178 loading class com/android/aaptcompiler/ResourceTable$CollisionResult
Event: 10.178 loading class com/android/aaptcompiler/ResourceTable$CollisionResult done
Event: 10.178 loading class com/android/aaptcompiler/ResourceTable$WhenMappings
Event: 10.178 loading class com/android/aaptcompiler/ResourceTable$WhenMappings done


Dynamic libraries:
0x000000013fae0000 - 0x000000013faea000 	E:\android\jre\bin\java.exe
0x0000000077c00000 - 0x0000000077daa000 	C:\Windows\SYSTEM32\ntdll.dll
0x00000000779e0000 - 0x0000000077aff000 	C:\Windows\system32\kernel32.dll
0x000007fefdb70000 - 0x000007fefdbdb000 	C:\Windows\system32\KERNELBASE.dll
0x000007feecfd0000 - 0x000007feed050000 	C:\Windows\AppPatch\apppatch64\ummon.dll
0x000007feff400000 - 0x000007feff4db000 	C:\Windows\system32\ADVAPI32.dll
0x000007feff790000 - 0x000007feff82f000 	C:\Windows\system32\msvcrt.dll
0x000007fefed50000 - 0x000007fefed6f000 	C:\Windows\SYSTEM32\sechost.dll
0x000007fefec20000 - 0x000007fefed4d000 	C:\Windows\system32\RPCRT4.dll
0x0000000077b00000 - 0x0000000077bfa000 	C:\Windows\system32\USER32.dll
0x000007feffd70000 - 0x000007feffdd7000 	C:\Windows\system32\GDI32.dll
0x000007feffc90000 - 0x000007feffc9e000 	C:\Windows\system32\LPK.dll
0x000007feffca0000 - 0x000007feffd6a000 	C:\Windows\system32\USP10.dll
0x000007feff1c0000 - 0x000007feff3c3000 	C:\Windows\system32\ole32.dll
0x000007feffde0000 - 0x000007feffeb7000 	C:\Windows\system32\OLEAUT32.dll
0x000007fefd9c0000 - 0x000007fefdb2d000 	C:\Windows\system32\CRYPT32.dll
0x000007fefd990000 - 0x000007fefd99f000 	C:\Windows\system32\MSASN1.dll
0x000007feed9d0000 - 0x000007feed9e9000 	E:\android\jre\bin\jli.dll
0x000007fefbd30000 - 0x000007fefbf24000 	C:\Windows\WinSxS\amd64_microsoft.windows.common-controls_6595b64144ccf1df_6.0.7601.18837_none_fa3b1e3d17594757\COMCTL32.dll
0x000007feff4e0000 - 0x000007feff551000 	C:\Windows\system32\SHLWAPI.dll
0x000007feec530000 - 0x000007feec547000 	E:\android\jre\bin\VCRUNTIME140.dll
0x000007fef00e0000 - 0x000007fef00e4000 	C:\Windows\system32\api-ms-win-crt-runtime-l1-1-0.dll
0x000007fef0190000 - 0x000007fef0282000 	C:\Windows\system32\ucrtbase.DLL
0x000007fef0180000 - 0x000007fef0183000 	C:\Windows\system32\api-ms-win-core-timezone-l1-1-0.dll
0x000007fef0170000 - 0x000007fef0173000 	C:\Windows\system32\api-ms-win-core-file-l2-1-0.dll
0x000007fef0160000 - 0x000007fef0163000 	C:\Windows\system32\api-ms-win-core-localization-l1-2-0.dll
0x000007fefca10000 - 0x000007fefca13000 	C:\Windows\system32\api-ms-win-core-synch-l1-2-0.dll
0x000007fef0150000 - 0x000007fef0153000 	C:\Windows\system32\api-ms-win-core-processthreads-l1-1-1.dll
0x000007fef0140000 - 0x000007fef0143000 	C:\Windows\system32\api-ms-win-core-file-l1-2-0.dll
0x000007fef0120000 - 0x000007fef0124000 	C:\Windows\system32\api-ms-win-crt-string-l1-1-0.dll
0x000007fef0130000 - 0x000007fef0133000 	C:\Windows\system32\api-ms-win-crt-heap-l1-1-0.dll
0x000007fef0110000 - 0x000007fef0114000 	C:\Windows\system32\api-ms-win-crt-stdio-l1-1-0.dll
0x000007fef0100000 - 0x000007fef0104000 	C:\Windows\system32\api-ms-win-crt-convert-l1-1-0.dll
0x000007fef00b0000 - 0x000007fef00b3000 	C:\Windows\system32\api-ms-win-crt-environment-l1-1-0.dll
0x000007fef00c0000 - 0x000007fef00c3000 	C:\Windows\system32\api-ms-win-crt-filesystem-l1-1-0.dll
0x000007fefb5a0000 - 0x000007fefb5a5000 	C:\Windows\system32\api-ms-win-crt-math-l1-1-0.dll
0x000007fef8950000 - 0x000007fef8953000 	C:\Windows\system32\api-ms-win-crt-locale-l1-1-0.dll
0x000007feff3d0000 - 0x000007feff3fe000 	C:\Windows\system32\IMM32.DLL
0x000007feff680000 - 0x000007feff789000 	C:\Windows\system32\MSCTF.dll
0x000007fee2c00000 - 0x000007fee2c9d000 	E:\android\jre\bin\msvcp140.dll
0x000007feeeeb0000 - 0x000007feeeeb5000 	C:\Windows\system32\api-ms-win-crt-multibyte-l1-1-0.dll
0x000007fef00f0000 - 0x000007fef00f3000 	C:\Windows\system32\api-ms-win-crt-time-l1-1-0.dll
0x000007fef00d0000 - 0x000007fef00d3000 	C:\Windows\system32\api-ms-win-crt-utility-l1-1-0.dll
0x000007fedfc20000 - 0x000007fee06f5000 	E:\android\jre\bin\server\jvm.dll
0x000007feef570000 - 0x000007feef579000 	C:\Windows\system32\WSOCK32.dll
0x000007fefeb70000 - 0x000007fefebbd000 	C:\Windows\system32\WS2_32.dll
0x000007feff1b0000 - 0x000007feff1b8000 	C:\Windows\system32\NSI.dll
0x000007fefb7e0000 - 0x000007fefb81b000 	C:\Windows\system32\WINMM.dll
0x000007fefc910000 - 0x000007fefc91c000 	C:\Windows\system32\VERSION.dll
0x0000000077dd0000 - 0x0000000077dd7000 	C:\Windows\system32\PSAPI.DLL
0x000007fefb580000 - 0x000007fefb591000 	E:\android\jre\bin\verify.dll
0x000007fef62c0000 - 0x000007fef63e5000 	C:\Windows\system32\DBGHELP.DLL
0x000007fefb550000 - 0x000007fefb579000 	E:\android\jre\bin\java.dll
0x000007fefb5b0000 - 0x000007fefb5bb000 	E:\android\jre\bin\jimage.dll
0x000007fef50c0000 - 0x000007fef50d8000 	E:\android\jre\bin\zip.dll
0x000007fefdde0000 - 0x000007fefeb6a000 	C:\Windows\system32\SHELL32.dll
0x000007fefd980000 - 0x000007fefd98f000 	C:\Windows\system32\profapi.dll
0x000007fef51b0000 - 0x000007fef51ca000 	E:\android\jre\bin\net.dll
0x000007fef6200000 - 0x000007fef6271000 	C:\Windows\system32\WINHTTP.dll
0x000007fef6190000 - 0x000007fef61f4000 	C:\Windows\system32\webio.dll
0x000007fefd130000 - 0x000007fefd185000 	C:\Windows\system32\mswsock.dll
0x000007fefd390000 - 0x000007fefd397000 	C:\Windows\System32\wship6.dll
0x000007fef0aa0000 - 0x000007fef0ab4000 	E:\android\jre\bin\nio.dll
0x000007feec230000 - 0x000007feec257000 	C:\Users\Vlad\.gradle\native\8bec1ad78214c89d9ad589b4d07fe93259594b29d510b10fafb7a158f7737e5d\windows-amd64\native-platform.dll
0x000007fee0d20000 - 0x000007fee0e5d000 	C:\Users\Vlad\.gradle\native\53dbd7edfb1c66fb8903c78663c9afc45aea4f116125fa6feffd364cf09443e8\windows-amd64\native-platform-file-events.dll
0x000007fef8970000 - 0x000007fef897a000 	E:\android\jre\bin\management.dll
0x000007fefb540000 - 0x000007fefb54d000 	E:\android\jre\bin\management_ext.dll
0x000007fefd360000 - 0x000007fefd378000 	C:\Windows\system32\CRYPTSP.dll
0x000007fefce80000 - 0x000007fefcec7000 	C:\Windows\system32\rsaenh.dll
0x000007fefdcf0000 - 0x000007fefdd0e000 	C:\Windows\system32\USERENV.dll
0x000007fefd820000 - 0x000007fefd82f000 	C:\Windows\system32\CRYPTBASE.dll
0x000007fef9e90000 - 0x000007fef9eb7000 	C:\Windows\system32\IPHLPAPI.DLL
0x000007fef9e80000 - 0x000007fef9e8b000 	C:\Windows\system32\WINNSI.DLL
0x000007fefb5c0000 - 0x000007fefb5d1000 	C:\Windows\system32\dhcpcsvc6.DLL
0x000007fefb020000 - 0x000007fefb038000 	C:\Windows\system32\dhcpcsvc.DLL

dbghelp: loaded successfully - version: 4.0.5 - missing functions: none
symbol engine: initialized successfully - sym options: 0x614 - pdb path: .;E:\android\jre\bin;C:\Windows\SYSTEM32;C:\Windows\AppPatch\apppatch64;C:\Windows\WinSxS\amd64_microsoft.windows.common-controls_6595b64144ccf1df_6.0.7601.18837_none_fa3b1e3d17594757;E:\android\jre\bin\server;C:\Users\Vlad\.gradle\native\8bec1ad78214c89d9ad589b4d07fe93259594b29d510b10fafb7a158f7737e5d\windows-amd64;C:\Users\Vlad\.gradle\native\53dbd7edfb1c66fb8903c78663c9afc45aea4f116125fa6feffd364cf09443e8\windows-amd64

VM Arguments:
jvm_args: --add-opens=java.base/java.util=ALL-UNNAMED --add-opens=java.base/java.lang=ALL-UNNAMED --add-opens=java.base/java.lang.invoke=ALL-UNNAMED --add-opens=java.base/java.util=ALL-UNNAMED --add-opens=java.prefs/java.util.prefs=ALL-UNNAMED --add-opens=java.prefs/java.util.prefs=ALL-UNNAMED --add-opens=java.base/java.nio.charset=ALL-UNNAMED --add-opens=java.base/java.net=ALL-UNNAMED --add-opens=java.base/java.util.concurrent.atomic=ALL-UNNAMED -Xmx2048m -Dfile.encoding=UTF-8 -Duser.country=RU -Duser.language=ru -Duser.variant 
java_command: org.gradle.launcher.daemon.bootstrap.GradleDaemon 7.0.2
java_class_path (initial): C:\Users\Vlad\.gradle\wrapper\dists\gradle-7.0.2-bin\857tjihv64xamwrf0h14cai3r\gradle-7.0.2\lib\gradle-launcher-7.0.2.jar
Launcher Type: SUN_STANDARD

[Global flags]
     intx CICompilerCount                          = 3                                         {product} {ergonomic}
     uint ConcGCThreads                            = 2                                         {product} {ergonomic}
     uint G1ConcRefinementThreads                  = 6                                         {product} {ergonomic}
   size_t G1HeapRegionSize                         = 1048576                                   {product} {ergonomic}
    uintx GCDrainStackTargetSize                   = 64                                        {product} {ergonomic}
   size_t InitialHeapSize                          = 268435456                                 {product} {ergonomic}
   size_t MarkStackSize                            = 4194304                                   {product} {ergonomic}
   size_t MaxHeapSize                              = 2147483648                                {product} {command line}
   size_t MaxNewSize                               = 1287651328                                {product} {ergonomic}
   size_t MinHeapDeltaBytes                        = 1048576                                   {product} {ergonomic}
    uintx NonNMethodCodeHeapSize                   = 5830732                                {pd product} {ergonomic}
    uintx NonProfiledCodeHeapSize                  = 122913754                              {pd product} {ergonomic}
    uintx ProfiledCodeHeapSize                     = 122913754                              {pd product} {ergonomic}
    uintx ReservedCodeCacheSize                    = 251658240                              {pd product} {ergonomic}
     bool SegmentedCodeCache                       = true                                      {product} {ergonomic}
     bool UseCompressedClassPointers               = true                                 {lp64_product} {ergonomic}
     bool UseCompressedOops                        = true                                 {lp64_product} {ergonomic}
     bool UseG1GC                                  = true                                      {product} {ergonomic}
     bool UseLargePagesIndividualAllocation        = false                                  {pd product} {ergonomic}

Logging:
Log output configuration:
 #0: stdout all=warning uptime,level,tags
 #1: stderr all=off uptime,level,tags

Environment Variables:
JAVA_HOME=C:\Program Files\Java\jdk-11
PATH=C:\Program Files\Python38\Scripts\;C:\Program Files\Python38\;C:\Python27\;C:\Python27\Scripts;C:\Program Files (x86)\Common Files\Oracle\Java\javapath;C:\ProgramData\Oracle\Java\javapath;C:\Windows\system32;C:\Windows;C:\Windows\System32\Wbem;C:\Windows\System32\WindowsPowerShell\v1.0\;c:\php;C:\Program Files\Common Files\Autodesk Shared\;C:\Program Files (x86)\Common Files\Acronis\SnapAPI\;C:\Program Files\LuxRender;c:\Program Files\Java\jdk1.8.0_60\bin;C:\Program Files (x86)\NVIDIA Corporation\PhysX\Common;C:\Program Files (x86)\OpenSSH\bin;%LUXRENDER_ROOT%;c:\Program Files\Java\jdk-10.0.1\bin;C:\Program Files\Git\cmd;C:\Program Files\PostgreSQL\9.5\bin;C:\ProgramData\ComposerSetup\bin;C:\Program Files (x86)\GnuWin32\bin;C:\Program Files (x86)\Kaspersky Lab\Endpoint Agent\;C:\Program Files\PuTTY\;C:\Users\Vlad\AppData\Roaming\nvm;C:\Program Files\nodejs;C:\Program Files (x86)\EOS\PB10DK\;C:\Users\Vlad\AppData\Local\Programs\Microsoft VS Code\bin;E:\IntelliJ\bin;C:\Users\Vlad\AppData\Roaming\nvm;C:\Hugo\bin;C:\Users\Vlad\AppData\Roaming\Composer\vendor\bin;C:\Program Files (x86)\GnuWin32\bin;C:\Users\Vlad\yandex-cloud\bin;C:\Users\Vlad\AppData\Roaming\npm;C:\Users\Vlad\AppData\Roaming\nvm;C:\Program Files\nodejs;E:\IntelliJ IDEA 2023.2.1\bin;
USERNAME=Vlad
OS=Windows_NT
PROCESSOR_IDENTIFIER=Intel64 Family 6 Model 158 Stepping 13, GenuineIntel



---------------  S Y S T E M  ---------------

OS: Windows 7 , 64 bit Build 7601 (6.1.7601.19135)
OS uptime: 1 days 16:55 hours

CPU:total 6 (initial active 6) (6 cores per cpu, 1 threads per core) family 6 model 158 stepping 13 microcode 0x0, cmov, cx8, fxsr, mmx, sse, sse2, sse3, ssse3, sse4.1, sse4.2, popcnt, avx, avx2, aes, clmul, erms, rtm, 3dnowpref, lzcnt, tsc, tscinvbit, bmi1, bmi2, adx, fma

Memory: 4k page, system-wide physical 16313M (1972M free)
TotalPageFile size 20311M (AvailPageFile size 4M)
current process WorkingSet (physical memory assigned to process): 517M, peak: 517M
current process commit charge ("private bytes"): 558M, peak: 610M

vm_info: OpenJDK 64-Bit Server VM (11.0.11+9-b60-7590822) for windows-amd64 JRE (11.0.11+9-b60-7590822), built on Jul 29 2021 21:43:44 by "builder" with MS VC++ 14.0 (VS2015)

END.
