#
# There is insufficient memory for the Java Runtime Environment to continue.
# Native memory allocation (malloc) failed to allocate 530656 bytes for Chunk::new
# Possible reasons:
#   The system is out of physical RAM or swap space
#   The process is running with CompressedOops enabled, and the Java Heap may be blocking the growth of the native heap
# Possible solutions:
#   Reduce memory load on the system
#   Increase physical memory or swap space
#   Check if swap backing store is full
#   Decrease Java heap size (-Xmx/-Xms)
#   Decrease number of Java threads
#   Decrease Java thread stack sizes (-Xss)
#   Set larger code cache with -XX:ReservedCodeCacheSize=
#   JVM is running with Unscaled Compressed Oops mode in which the Java heap is
#     placed in the first 4GB address space. The Java Heap base address is the
#     maximum limit for the native heap growth. Please use -XX:HeapBaseMinAddress
#     to set the Java Heap base and to place the Java Heap above 4GB virtual address.
# This output file may be truncated or incomplete.
#
#  Out of Memory Error (./src/hotspot/share/memory/arena.cpp:197), pid=5000, tid=2412
#
# JRE version: OpenJDK Runtime Environment (11.0.11+9) (build 11.0.11+9-b60-7590822)
# Java VM: OpenJDK 64-Bit Server VM (11.0.11+9-b60-7590822, mixed mode, tiered, compressed oops, g1 gc, windows-amd64)
# No core dump will be written. Minidumps are not enabled by default on client versions of Windows
#

---------------  S U M M A R Y ------------

Command Line: --add-opens=java.base/java.util=ALL-UNNAMED --add-opens=java.base/java.lang=ALL-UNNAMED --add-opens=java.base/java.lang.invoke=ALL-UNNAMED --add-opens=java.base/java.util=ALL-UNNAMED --add-opens=java.prefs/java.util.prefs=ALL-UNNAMED --add-opens=java.prefs/java.util.prefs=ALL-UNNAMED --add-opens=java.base/java.nio.charset=ALL-UNNAMED --add-opens=java.base/java.net=ALL-UNNAMED --add-opens=java.base/java.util.concurrent.atomic=ALL-UNNAMED -Xmx2048m -Dfile.encoding=UTF-8 -Duser.country=RU -Duser.language=ru -Duser.variant org.gradle.launcher.daemon.bootstrap.GradleDaemon 7.0.2

Host: Intel(R) Core(TM) i5-9600KF CPU @ 3.70GHz, 6 cores, 15G,  Windows 7 , 64 bit Build 7601 (6.1.7601.19135)
Time: Mon Oct  9 12:53:09 2023 RTZ 2 (ceia) elapsed time: 16.356920 seconds (0d 0h 0m 16s)

---------------  T H R E A D  ---------------

Current thread (0x0000000021e2d000):  JavaThread "C2 CompilerThread1" daemon [_thread_in_native, id=2412, stack(0x000000001e620000,0x000000001e720000)]


Current CompileTask:
C2:  16356 5185       4       groovy.lang.MetaClassImpl$1MOPIter::methodNameAction (325 bytes)

Stack: [0x000000001e620000,0x000000001e720000]
Native frames: (J=compiled Java code, j=interpreted, Vv=VM code, C=native code)
V  [jvm.dll+0x5f214a]
V  [jvm.dll+0x726fb5]
V  [jvm.dll+0x7285cd]
V  [jvm.dll+0x728c83]
V  [jvm.dll+0x243278]
V  [jvm.dll+0xbc53c]
V  [jvm.dll+0xbca3c]
V  [jvm.dll+0x2b5c34]
V  [jvm.dll+0x508488]
V  [jvm.dll+0x1fd826]
V  [jvm.dll+0x1fb35f]
V  [jvm.dll+0x183d6c]
V  [jvm.dll+0x209a57]
V  [jvm.dll+0x2082a1]
V  [jvm.dll+0x6ef58f]
V  [jvm.dll+0x6e80b5]
V  [jvm.dll+0x5f1036]
C  [ucrtbase.DLL+0x682dd]
C  [kernel32.dll+0x159ed]
C  [ntdll.dll+0x2b371]


---------------  P R O C E S S  ---------------

Threads class SMR info:
_java_thread_list=0x0000000022f9b230, length=46, elements={
0x0000000000412800, 0x000000001d2ff000, 0x000000001d302000, 0x000000001dfd4800,
0x000000001dfd7800, 0x000000001dfdb000, 0x000000001dfe0000, 0x000000001dfe1800,
0x000000001dfe3800, 0x000000001e1c3000, 0x0000000021e31800, 0x00000000203ee000,
0x0000000021257800, 0x0000000020613800, 0x000000002046b000, 0x00000000224cb000,
0x00000000218d0800, 0x00000000221dd000, 0x00000000214a9800, 0x0000000021d7e000,
0x0000000021d7f000, 0x0000000021d80000, 0x0000000021d80800, 0x0000000021d81800,
0x0000000021d82000, 0x0000000021d83000, 0x0000000021d84000, 0x0000000021d84800,
0x0000000021d85800, 0x0000000021d86800, 0x0000000021d88000, 0x0000000021d89000,
0x0000000021d8a800, 0x0000000021d8b000, 0x0000000021d8c000, 0x0000000021d8d000,
0x0000000025b9c800, 0x0000000025b9d000, 0x0000000025b9e000, 0x0000000025b9f000,
0x0000000025b9f800, 0x0000000025ba0800, 0x0000000025ba1800, 0x0000000025ba2000,
0x0000000025ba3000, 0x0000000021e2d000
}

Java Threads: ( => current thread )
  0x0000000000412800 JavaThread "main" [_thread_blocked, id=5252, stack(0x0000000001e30000,0x0000000001f30000)]
  0x000000001d2ff000 JavaThread "Reference Handler" daemon [_thread_blocked, id=7956, stack(0x000000001dcd0000,0x000000001ddd0000)]
  0x000000001d302000 JavaThread "Finalizer" daemon [_thread_blocked, id=6768, stack(0x000000001de90000,0x000000001df90000)]
  0x000000001dfd4800 JavaThread "Signal Dispatcher" daemon [_thread_blocked, id=9104, stack(0x000000001e4d0000,0x000000001e5d0000)]
  0x000000001dfd7800 JavaThread "Attach Listener" daemon [_thread_blocked, id=4656, stack(0x000000001e740000,0x000000001e840000)]
  0x000000001dfdb000 JavaThread "Service Thread" daemon [_thread_blocked, id=5592, stack(0x000000001e950000,0x000000001ea50000)]
  0x000000001dfe0000 JavaThread "C2 CompilerThread0" daemon [_thread_in_native, id=9936, stack(0x000000001ea80000,0x000000001eb80000)]
  0x000000001dfe1800 JavaThread "C1 CompilerThread0" daemon [_thread_blocked, id=11636, stack(0x000000001e840000,0x000000001e940000)]
  0x000000001dfe3800 JavaThread "Sweeper thread" daemon [_thread_blocked, id=6900, stack(0x000000001ec90000,0x000000001ed90000)]
  0x000000001e1c3000 JavaThread "Common-Cleaner" daemon [_thread_blocked, id=10556, stack(0x000000001ee30000,0x000000001ef30000)]
  0x0000000021e31800 JavaThread "Daemon health stats" [_thread_blocked, id=10960, stack(0x0000000020a80000,0x0000000020b80000)]
  0x00000000203ee000 JavaThread "Incoming local TCP Connector on port 51664" [_thread_in_native, id=13080, stack(0x00000000236b0000,0x00000000237b0000)]
  0x0000000021257800 JavaThread "Daemon periodic checks" [_thread_blocked, id=11104, stack(0x0000000023c40000,0x0000000023d40000)]
  0x0000000020613800 JavaThread "Daemon" [_thread_blocked, id=13240, stack(0x0000000023d80000,0x0000000023e80000)]
  0x000000002046b000 JavaThread "Handler for socket connection from /127.0.0.1:51664 to /127.0.0.1:51665" [_thread_in_native, id=2064, stack(0x0000000023fe0000,0x00000000240e0000)]
  0x00000000224cb000 JavaThread "Cancel handler" [_thread_blocked, id=10836, stack(0x0000000024190000,0x0000000024290000)]
  0x00000000218d0800 JavaThread "Daemon worker" [_thread_blocked, id=11076, stack(0x00000000242a0000,0x00000000243a0000)]
  0x00000000221dd000 JavaThread "Asynchronous log dispatcher for DefaultDaemonConnection: socket connection from /127.0.0.1:51664 to /127.0.0.1:51665" [_thread_blocked, id=10380, stack(0x00000000244e0000,0x00000000245e0000)]
  0x00000000214a9800 JavaThread "Stdin handler" [_thread_blocked, id=8484, stack(0x0000000024700000,0x0000000024800000)]
  0x0000000021d7e000 JavaThread "Daemon client event forwarder" [_thread_blocked, id=10336, stack(0x0000000024840000,0x0000000024940000)]
  0x0000000021d7f000 JavaThread "Cache worker for file hash cache (C:\Users\Vlad\.gradle\caches\7.0.2\fileHashes)" [_thread_blocked, id=9384, stack(0x0000000023e90000,0x0000000023f90000)]
  0x0000000021d80000 JavaThread "File lock request listener" [_thread_in_native, id=11720, stack(0x0000000024600000,0x0000000024700000)]
  0x0000000021d80800 JavaThread "Cache worker for journal cache (C:\Users\Vlad\.gradle\caches\journal-1)" [_thread_blocked, id=12680, stack(0x0000000025020000,0x0000000025120000)]
  0x0000000021d81800 JavaThread "Cache worker for file hash cache (E:\workspace\time manager\.gradle\7.0.2\fileHashes)" [_thread_blocked, id=9424, stack(0x0000000025270000,0x0000000025370000)]
  0x0000000021d82000 JavaThread "File watcher server" daemon [_thread_in_native, id=9848, stack(0x00000000269c0000,0x0000000026ac0000)]
  0x0000000021d83000 JavaThread "File watcher consumer" daemon [_thread_blocked, id=1548, stack(0x0000000026b30000,0x0000000026c30000)]
  0x0000000021d84000 JavaThread "Cache worker for checksums cache (E:\workspace\time manager\.gradle\checksums)" [_thread_blocked, id=8380, stack(0x00000000267c0000,0x00000000268c0000)]
  0x0000000021d84800 JavaThread "Cache worker for cache directory md-supplier (C:\Users\Vlad\.gradle\caches\7.0.2\md-supplier)" [_thread_blocked, id=12484, stack(0x00000000243e0000,0x00000000244e0000)]
  0x0000000021d85800 JavaThread "Cache worker for cache directory md-rule (C:\Users\Vlad\.gradle\caches\7.0.2\md-rule)" [_thread_blocked, id=12980, stack(0x0000000026eb0000,0x0000000026fb0000)]
  0x0000000021d86800 JavaThread "Cache worker for execution history cache (C:\Users\Vlad\.gradle\caches\7.0.2\executionHistory)" [_thread_blocked, id=12564, stack(0x0000000024d60000,0x0000000024e60000)]
  0x0000000021d88000 JavaThread "jar transforms" [_thread_blocked, id=10108, stack(0x0000000025120000,0x0000000025220000)]
  0x0000000021d89000 JavaThread "Cache worker for file content cache (C:\Users\Vlad\.gradle\caches\7.0.2\fileContent)" [_thread_blocked, id=8196, stack(0x00000000268c0000,0x00000000269c0000)]
  0x0000000021d8a800 JavaThread "jar transforms Thread 2" [_thread_blocked, id=6296, stack(0x0000000027b80000,0x0000000027c80000)]
  0x0000000021d8b000 JavaThread "Cache worker for dependencies-accessors (E:\workspace\time manager\.gradle\7.0.2\dependencies-accessors)" [_thread_blocked, id=9328, stack(0x0000000025630000,0x0000000025730000)]
  0x0000000021d8c000 JavaThread "jar transforms Thread 3" [_thread_blocked, id=10292, stack(0x00000000279b0000,0x0000000027ab0000)]
  0x0000000021d8d000 JavaThread "Cache worker for Build Output Cleanup Cache (E:\workspace\time manager\.gradle\buildOutputCleanup)" [_thread_blocked, id=12596, stack(0x0000000029300000,0x0000000029400000)]
  0x0000000025b9c800 JavaThread "Build operations" [_thread_blocked, id=11292, stack(0x0000000029690000,0x0000000029790000)]
  0x0000000025b9d000 JavaThread "Build operations Thread 2" [_thread_blocked, id=8644, stack(0x00000000297a0000,0x00000000298a0000)]
  0x0000000025b9e000 JavaThread "Build operations Thread 3" [_thread_blocked, id=5308, stack(0x00000000298f0000,0x00000000299f0000)]
  0x0000000025b9f000 JavaThread "Build operations Thread 4" [_thread_blocked, id=1956, stack(0x00000000235b0000,0x00000000236b0000)]
  0x0000000025b9f800 JavaThread "Build operations Thread 5" [_thread_blocked, id=848, stack(0x0000000029af0000,0x0000000029bf0000)]
  0x0000000025ba0800 JavaThread "Build operations Thread 6" [_thread_blocked, id=12048, stack(0x0000000029c80000,0x0000000029d80000)]
  0x0000000025ba1800 JavaThread "jar transforms Thread 4" [_thread_blocked, id=13084, stack(0x0000000029dd0000,0x0000000029ed0000)]
  0x0000000025ba2000 JavaThread "jar transforms Thread 5" [_thread_blocked, id=4172, stack(0x0000000029f80000,0x000000002a080000)]
  0x0000000025ba3000 JavaThread "jar transforms Thread 6" [_thread_blocked, id=12244, stack(0x000000002a0f0000,0x000000002a1f0000)]
=>0x0000000021e2d000 JavaThread "C2 CompilerThread1" daemon [_thread_in_native, id=2412, stack(0x000000001e620000,0x000000001e720000)]

Other Threads:
  0x000000001d2fc000 VMThread "VM Thread" [stack: 0x000000001dba0000,0x000000001dca0000] [id=12024]
  0x000000001e1e0800 WatcherThread [stack: 0x000000001efa0000,0x000000001f0a0000] [id=6508]
  0x000000000042b000 GCTaskThread "GC Thread#0" [stack: 0x0000000015230000,0x0000000015330000] [id=6660]
  0x000000001f8e7800 GCTaskThread "GC Thread#1" [stack: 0x0000000020bc0000,0x0000000020cc0000] [id=11296]
  0x000000001fa99800 GCTaskThread "GC Thread#2" [stack: 0x0000000020df0000,0x0000000020ef0000] [id=9900]
  0x000000001fc50000 GCTaskThread "GC Thread#3" [stack: 0x0000000020ce0000,0x0000000020de0000] [id=10340]
  0x000000001fc51000 GCTaskThread "GC Thread#4" [stack: 0x0000000020f90000,0x0000000021090000] [id=1172]
  0x000000001fa91800 GCTaskThread "GC Thread#5" [stack: 0x0000000021110000,0x0000000021210000] [id=2500]
  0x000000000045b000 ConcurrentGCThread "G1 Main Marker" [stack: 0x000000001a5c0000,0x000000001a6c0000] [id=11900]
  0x000000000045d000 ConcurrentGCThread "G1 Conc#0" [stack: 0x000000001a830000,0x000000001a930000] [id=12424]
  0x0000000022930800 ConcurrentGCThread "G1 Conc#1" [stack: 0x0000000024e70000,0x0000000024f70000] [id=10648]
  0x000000001cc3b800 ConcurrentGCThread "G1 Refine#0" [stack: 0x000000001d030000,0x000000001d130000] [id=1112]
  0x000000001cc3c800 ConcurrentGCThread "G1 Young RemSet Sampling" [stack: 0x000000001cee0000,0x000000001cfe0000] [id=8416]

Threads with active compile tasks:
C2 CompilerThread0  16415 5187       4       sun.nio.fs.WindowsPathParser::normalize (233 bytes)
C2 CompilerThread1  16415 5185       4       groovy.lang.MetaClassImpl$1MOPIter::methodNameAction (325 bytes)

VM state:at safepoint (normal execution)

VM Mutex/Monitor currently owned by a thread:  ([mutex/lock_event])
[0x000000000040fa80] Threads_lock - owner thread: 0x000000001d2fc000

OutOfMemory and StackOverflow Exception counts:
OutOfMemoryError java_heap_errors=5
LinkageErrors=79

Heap address: 0x0000000080000000, size: 2048 MB, Compressed Oops mode: 32-bit
Narrow klass base: 0x0000000000000000, Narrow klass shift: 3
Compressed class space size: 1073741824 Address: 0x000000013f1c0000

Heap:
 garbage-first heap   total 262144K, used 34685K [0x0000000080000000, 0x0000000100000000)
  region size 1024K, 15 young (15360K), 14 survivors (14336K)
 Metaspace       used 47237K, capacity 48682K, committed 48896K, reserved 1091584K
  class space    used 6044K, capacity 6530K, committed 6656K, reserved 1048576K
Heap Regions: E=young(eden), S=young(survivor), O=old, HS=humongous(starts), HC=humongous(continues), CS=collection set, F=free, A=archive, TAMS=top-at-mark-start (previous, next)
|   0|0x0000000080000000, 0x0000000080100000, 0x0000000080100000|100%| O|  |TAMS 0x0000000080100000, 0x0000000080100000| Untracked 
|   1|0x0000000080100000, 0x0000000080200000, 0x0000000080200000|100%| O|  |TAMS 0x0000000080200000, 0x0000000080200000| Untracked 
|   2|0x0000000080200000, 0x0000000080300000, 0x0000000080300000|100%| O|  |TAMS 0x0000000080300000, 0x0000000080300000| Untracked 
|   3|0x0000000080300000, 0x0000000080400000, 0x0000000080400000|100%|HS|  |TAMS 0x0000000080400000, 0x0000000080400000| Complete 
|   4|0x0000000080400000, 0x0000000080500000, 0x0000000080500000|100%|HC|  |TAMS 0x0000000080500000, 0x0000000080500000| Complete 
|   5|0x0000000080500000, 0x0000000080600000, 0x0000000080600000|100%|HC|  |TAMS 0x0000000080600000, 0x0000000080600000| Complete 
|   6|0x0000000080600000, 0x0000000080700000, 0x0000000080700000|100%| O|  |TAMS 0x0000000080700000, 0x0000000080700000| Untracked 
|   7|0x0000000080700000, 0x0000000080800000, 0x0000000080800000|100%| O|  |TAMS 0x0000000080800000, 0x0000000080800000| Untracked 
|   8|0x0000000080800000, 0x0000000080900000, 0x0000000080900000|100%| O|  |TAMS 0x0000000080900000, 0x0000000080900000| Untracked 
|   9|0x0000000080900000, 0x0000000080a00000, 0x0000000080a00000|100%| O|  |TAMS 0x0000000080a00000, 0x0000000080a00000| Untracked 
|  10|0x0000000080a00000, 0x0000000080b00000, 0x0000000080b00000|100%| O|  |TAMS 0x0000000080b00000, 0x0000000080b00000| Untracked 
|  11|0x0000000080b00000, 0x0000000080c00000, 0x0000000080c00000|100%| O|  |TAMS 0x0000000080c00000, 0x0000000080c00000| Untracked 
|  12|0x0000000080c00000, 0x0000000080d00000, 0x0000000080d00000|100%| O|  |TAMS 0x0000000080d00000, 0x0000000080d00000| Untracked 
|  13|0x0000000080d00000, 0x0000000080e00000, 0x0000000080e00000|100%|HS|  |TAMS 0x0000000080d00000, 0x0000000080e00000| Complete 
|  14|0x0000000080e00000, 0x0000000080f00000, 0x0000000080f00000|100%| O|  |TAMS 0x0000000080f00000, 0x0000000080f00000| Untracked 
|  15|0x0000000080f00000, 0x0000000081000000, 0x0000000081000000|100%| O|  |TAMS 0x0000000081000000, 0x0000000081000000| Untracked 
|  16|0x0000000081000000, 0x0000000081100000, 0x0000000081100000|100%| O|  |TAMS 0x0000000081100000, 0x0000000081100000| Untracked 
|  17|0x0000000081100000, 0x0000000081200000, 0x0000000081200000|100%| O|  |TAMS 0x0000000081200000, 0x0000000081200000| Untracked 
|  18|0x0000000081200000, 0x00000000812e2600, 0x0000000081300000| 88%| O|  |TAMS 0x00000000812e2600, 0x00000000812e2600| Untracked 
|  19|0x0000000081300000, 0x0000000081400000, 0x0000000081400000|100%|HS|  |TAMS 0x0000000081300000, 0x0000000081400000| Complete 
|  20|0x0000000081400000, 0x0000000081400000, 0x0000000081500000|  0%| F|  |TAMS 0x0000000081400000, 0x0000000081400000| Untracked 
|  21|0x0000000081500000, 0x0000000081500000, 0x0000000081600000|  0%| F|  |TAMS 0x0000000081500000, 0x0000000081500000| Untracked 
|  22|0x0000000081600000, 0x0000000081600000, 0x0000000081700000|  0%| F|  |TAMS 0x0000000081600000, 0x0000000081600000| Untracked 
|  23|0x0000000081700000, 0x0000000081700000, 0x0000000081800000|  0%| F|  |TAMS 0x0000000081700000, 0x0000000081700000| Untracked 
|  24|0x0000000081800000, 0x0000000081800000, 0x0000000081900000|  0%| F|  |TAMS 0x0000000081800000, 0x0000000081800000| Untracked 
|  25|0x0000000081900000, 0x0000000081900000, 0x0000000081a00000|  0%| F|  |TAMS 0x0000000081900000, 0x0000000081900000| Untracked 
|  26|0x0000000081a00000, 0x0000000081a00000, 0x0000000081b00000|  0%| F|  |TAMS 0x0000000081a00000, 0x0000000081a00000| Untracked 
|  27|0x0000000081b00000, 0x0000000081b00000, 0x0000000081c00000|  0%| F|  |TAMS 0x0000000081b00000, 0x0000000081b00000| Untracked 
|  28|0x0000000081c00000, 0x0000000081c00000, 0x0000000081d00000|  0%| F|  |TAMS 0x0000000081c00000, 0x0000000081c00000| Untracked 
|  29|0x0000000081d00000, 0x0000000081d00000, 0x0000000081e00000|  0%| F|  |TAMS 0x0000000081d00000, 0x0000000081d00000| Untracked 
|  30|0x0000000081e00000, 0x0000000081e00000, 0x0000000081f00000|  0%| F|  |TAMS 0x0000000081e00000, 0x0000000081e00000| Untracked 
|  31|0x0000000081f00000, 0x0000000081f00000, 0x0000000082000000|  0%| F|  |TAMS 0x0000000081f00000, 0x0000000081f00000| Untracked 
|  32|0x0000000082000000, 0x0000000082000000, 0x0000000082100000|  0%| F|  |TAMS 0x0000000082000000, 0x0000000082000000| Untracked 
|  33|0x0000000082100000, 0x0000000082100000, 0x0000000082200000|  0%| F|  |TAMS 0x0000000082100000, 0x0000000082100000| Untracked 
|  34|0x0000000082200000, 0x0000000082200000, 0x0000000082300000|  0%| F|  |TAMS 0x0000000082200000, 0x0000000082200000| Untracked 
|  35|0x0000000082300000, 0x0000000082300000, 0x0000000082400000|  0%| F|  |TAMS 0x0000000082300000, 0x0000000082300000| Untracked 
|  36|0x0000000082400000, 0x0000000082400000, 0x0000000082500000|  0%| F|  |TAMS 0x0000000082400000, 0x0000000082400000| Untracked 
|  37|0x0000000082500000, 0x0000000082500000, 0x0000000082600000|  0%| F|  |TAMS 0x0000000082500000, 0x0000000082500000| Untracked 
|  38|0x0000000082600000, 0x0000000082600000, 0x0000000082700000|  0%| F|  |TAMS 0x0000000082600000, 0x0000000082600000| Untracked 
|  39|0x0000000082700000, 0x0000000082700000, 0x0000000082800000|  0%| F|  |TAMS 0x0000000082700000, 0x0000000082700000| Untracked 
|  40|0x0000000082800000, 0x0000000082800000, 0x0000000082900000|  0%| F|  |TAMS 0x0000000082800000, 0x0000000082800000| Untracked 
|  41|0x0000000082900000, 0x0000000082900000, 0x0000000082a00000|  0%| F|  |TAMS 0x0000000082900000, 0x0000000082900000| Untracked 
|  42|0x0000000082a00000, 0x0000000082a00000, 0x0000000082b00000|  0%| F|  |TAMS 0x0000000082a00000, 0x0000000082a00000| Untracked 
|  43|0x0000000082b00000, 0x0000000082b00000, 0x0000000082c00000|  0%| F|  |TAMS 0x0000000082b00000, 0x0000000082b00000| Untracked 
|  44|0x0000000082c00000, 0x0000000082c00000, 0x0000000082d00000|  0%| F|  |TAMS 0x0000000082c00000, 0x0000000082c00000| Untracked 
|  45|0x0000000082d00000, 0x0000000082d00000, 0x0000000082e00000|  0%| F|  |TAMS 0x0000000082d00000, 0x0000000082d00000| Untracked 
|  46|0x0000000082e00000, 0x0000000082e00000, 0x0000000082f00000|  0%| F|  |TAMS 0x0000000082e00000, 0x0000000082e00000| Untracked 
|  47|0x0000000082f00000, 0x0000000082f00000, 0x0000000083000000|  0%| F|  |TAMS 0x0000000082f00000, 0x0000000082f00000| Untracked 
|  48|0x0000000083000000, 0x0000000083000000, 0x0000000083100000|  0%| F|  |TAMS 0x0000000083000000, 0x0000000083000000| Untracked 
|  49|0x0000000083100000, 0x0000000083100000, 0x0000000083200000|  0%| F|  |TAMS 0x0000000083100000, 0x0000000083100000| Untracked 
|  50|0x0000000083200000, 0x0000000083200000, 0x0000000083300000|  0%| F|  |TAMS 0x0000000083200000, 0x0000000083200000| Untracked 
|  51|0x0000000083300000, 0x0000000083300000, 0x0000000083400000|  0%| F|  |TAMS 0x0000000083300000, 0x0000000083300000| Untracked 
|  52|0x0000000083400000, 0x0000000083400000, 0x0000000083500000|  0%| F|  |TAMS 0x0000000083400000, 0x0000000083400000| Untracked 
|  53|0x0000000083500000, 0x0000000083500000, 0x0000000083600000|  0%| F|  |TAMS 0x0000000083500000, 0x0000000083500000| Untracked 
|  54|0x0000000083600000, 0x0000000083600000, 0x0000000083700000|  0%| F|  |TAMS 0x0000000083600000, 0x0000000083600000| Untracked 
|  55|0x0000000083700000, 0x0000000083700000, 0x0000000083800000|  0%| F|  |TAMS 0x0000000083700000, 0x0000000083700000| Untracked 
|  56|0x0000000083800000, 0x0000000083800000, 0x0000000083900000|  0%| F|  |TAMS 0x0000000083800000, 0x0000000083800000| Untracked 
|  57|0x0000000083900000, 0x0000000083900000, 0x0000000083a00000|  0%| F|  |TAMS 0x0000000083900000, 0x0000000083900000| Untracked 
|  58|0x0000000083a00000, 0x0000000083a00000, 0x0000000083b00000|  0%| F|  |TAMS 0x0000000083a00000, 0x0000000083a00000| Untracked 
|  59|0x0000000083b00000, 0x0000000083b00000, 0x0000000083c00000|  0%| F|  |TAMS 0x0000000083b00000, 0x0000000083b00000| Untracked 
|  60|0x0000000083c00000, 0x0000000083c00000, 0x0000000083d00000|  0%| F|  |TAMS 0x0000000083c00000, 0x0000000083c00000| Untracked 
|  61|0x0000000083d00000, 0x0000000083d00000, 0x0000000083e00000|  0%| F|  |TAMS 0x0000000083d00000, 0x0000000083d00000| Untracked 
|  62|0x0000000083e00000, 0x0000000083e00000, 0x0000000083f00000|  0%| F|  |TAMS 0x0000000083e00000, 0x0000000083e00000| Untracked 
|  63|0x0000000083f00000, 0x0000000083f00000, 0x0000000084000000|  0%| F|  |TAMS 0x0000000083f00000, 0x0000000083f00000| Untracked 
|  64|0x0000000084000000, 0x0000000084000000, 0x0000000084100000|  0%| F|  |TAMS 0x0000000084000000, 0x0000000084000000| Untracked 
|  65|0x0000000084100000, 0x0000000084100000, 0x0000000084200000|  0%| F|  |TAMS 0x0000000084100000, 0x0000000084100000| Untracked 
|  66|0x0000000084200000, 0x0000000084200000, 0x0000000084300000|  0%| F|  |TAMS 0x0000000084200000, 0x0000000084200000| Untracked 
|  67|0x0000000084300000, 0x0000000084300000, 0x0000000084400000|  0%| F|  |TAMS 0x0000000084300000, 0x0000000084300000| Untracked 
|  68|0x0000000084400000, 0x0000000084400000, 0x0000000084500000|  0%| F|  |TAMS 0x0000000084400000, 0x0000000084400000| Untracked 
|  69|0x0000000084500000, 0x0000000084500000, 0x0000000084600000|  0%| F|  |TAMS 0x0000000084500000, 0x0000000084500000| Untracked 
|  70|0x0000000084600000, 0x0000000084600000, 0x0000000084700000|  0%| F|  |TAMS 0x0000000084600000, 0x0000000084600000| Untracked 
|  71|0x0000000084700000, 0x0000000084700000, 0x0000000084800000|  0%| F|  |TAMS 0x0000000084700000, 0x0000000084700000| Untracked 
|  72|0x0000000084800000, 0x0000000084800000, 0x0000000084900000|  0%| F|  |TAMS 0x0000000084800000, 0x0000000084800000| Untracked 
|  73|0x0000000084900000, 0x0000000084900000, 0x0000000084a00000|  0%| F|  |TAMS 0x0000000084900000, 0x0000000084900000| Untracked 
|  74|0x0000000084a00000, 0x0000000084a00000, 0x0000000084b00000|  0%| F|  |TAMS 0x0000000084a00000, 0x0000000084a00000| Untracked 
|  75|0x0000000084b00000, 0x0000000084b00000, 0x0000000084c00000|  0%| F|  |TAMS 0x0000000084b00000, 0x0000000084b00000| Untracked 
|  76|0x0000000084c00000, 0x0000000084c00000, 0x0000000084d00000|  0%| F|  |TAMS 0x0000000084c00000, 0x0000000084c00000| Untracked 
|  77|0x0000000084d00000, 0x0000000084d00000, 0x0000000084e00000|  0%| F|  |TAMS 0x0000000084d00000, 0x0000000084d00000| Untracked 
|  78|0x0000000084e00000, 0x0000000084e00000, 0x0000000084f00000|  0%| F|  |TAMS 0x0000000084e00000, 0x0000000084e00000| Untracked 
|  79|0x0000000084f00000, 0x0000000084f00000, 0x0000000085000000|  0%| F|  |TAMS 0x0000000084f00000, 0x0000000084f00000| Untracked 
|  80|0x0000000085000000, 0x0000000085000000, 0x0000000085100000|  0%| F|  |TAMS 0x0000000085000000, 0x0000000085000000| Untracked 
|  81|0x0000000085100000, 0x0000000085100000, 0x0000000085200000|  0%| F|  |TAMS 0x0000000085100000, 0x0000000085100000| Untracked 
|  82|0x0000000085200000, 0x0000000085200000, 0x0000000085300000|  0%| F|  |TAMS 0x0000000085200000, 0x0000000085200000| Untracked 
|  83|0x0000000085300000, 0x0000000085300000, 0x0000000085400000|  0%| F|  |TAMS 0x0000000085300000, 0x0000000085300000| Untracked 
|  84|0x0000000085400000, 0x0000000085400000, 0x0000000085500000|  0%| F|  |TAMS 0x0000000085400000, 0x0000000085400000| Untracked 
|  85|0x0000000085500000, 0x0000000085500000, 0x0000000085600000|  0%| F|  |TAMS 0x0000000085500000, 0x0000000085500000| Untracked 
|  86|0x0000000085600000, 0x0000000085600000, 0x0000000085700000|  0%| F|  |TAMS 0x0000000085600000, 0x0000000085600000| Untracked 
|  87|0x0000000085700000, 0x0000000085700000, 0x0000000085800000|  0%| F|  |TAMS 0x0000000085700000, 0x0000000085700000| Untracked 
|  88|0x0000000085800000, 0x0000000085800000, 0x0000000085900000|  0%| F|  |TAMS 0x0000000085800000, 0x0000000085800000| Untracked 
|  89|0x0000000085900000, 0x0000000085900000, 0x0000000085a00000|  0%| F|  |TAMS 0x0000000085900000, 0x0000000085900000| Untracked 
|  90|0x0000000085a00000, 0x0000000085a00000, 0x0000000085b00000|  0%| F|  |TAMS 0x0000000085a00000, 0x0000000085a00000| Untracked 
|  91|0x0000000085b00000, 0x0000000085b00000, 0x0000000085c00000|  0%| F|  |TAMS 0x0000000085b00000, 0x0000000085b00000| Untracked 
|  92|0x0000000085c00000, 0x0000000085c00000, 0x0000000085d00000|  0%| F|  |TAMS 0x0000000085c00000, 0x0000000085c00000| Untracked 
|  93|0x0000000085d00000, 0x0000000085d00000, 0x0000000085e00000|  0%| F|  |TAMS 0x0000000085d00000, 0x0000000085d00000| Untracked 
|  94|0x0000000085e00000, 0x0000000085e00000, 0x0000000085f00000|  0%| F|  |TAMS 0x0000000085e00000, 0x0000000085e00000| Untracked 
|  95|0x0000000085f00000, 0x0000000085f00000, 0x0000000086000000|  0%| F|  |TAMS 0x0000000085f00000, 0x0000000085f00000| Untracked 
|  96|0x0000000086000000, 0x0000000086000000, 0x0000000086100000|  0%| F|  |TAMS 0x0000000086000000, 0x0000000086000000| Untracked 
|  97|0x0000000086100000, 0x0000000086100000, 0x0000000086200000|  0%| F|  |TAMS 0x0000000086100000, 0x0000000086100000| Untracked 
|  98|0x0000000086200000, 0x0000000086200000, 0x0000000086300000|  0%| F|  |TAMS 0x0000000086200000, 0x0000000086200000| Untracked 
|  99|0x0000000086300000, 0x0000000086300000, 0x0000000086400000|  0%| F|  |TAMS 0x0000000086300000, 0x0000000086300000| Untracked 
| 100|0x0000000086400000, 0x0000000086400000, 0x0000000086500000|  0%| F|  |TAMS 0x0000000086400000, 0x0000000086400000| Untracked 
| 101|0x0000000086500000, 0x0000000086500000, 0x0000000086600000|  0%| F|  |TAMS 0x0000000086500000, 0x0000000086500000| Untracked 
| 102|0x0000000086600000, 0x0000000086600000, 0x0000000086700000|  0%| F|  |TAMS 0x0000000086600000, 0x0000000086600000| Untracked 
| 103|0x0000000086700000, 0x0000000086700000, 0x0000000086800000|  0%| F|  |TAMS 0x0000000086700000, 0x0000000086700000| Untracked 
| 104|0x0000000086800000, 0x0000000086800000, 0x0000000086900000|  0%| F|  |TAMS 0x0000000086800000, 0x0000000086800000| Untracked 
| 105|0x0000000086900000, 0x0000000086900000, 0x0000000086a00000|  0%| F|  |TAMS 0x0000000086900000, 0x0000000086900000| Untracked 
| 106|0x0000000086a00000, 0x0000000086a00000, 0x0000000086b00000|  0%| F|  |TAMS 0x0000000086a00000, 0x0000000086a00000| Untracked 
| 107|0x0000000086b00000, 0x0000000086b00000, 0x0000000086c00000|  0%| F|  |TAMS 0x0000000086b00000, 0x0000000086b00000| Untracked 
| 108|0x0000000086c00000, 0x0000000086c00000, 0x0000000086d00000|  0%| F|  |TAMS 0x0000000086c00000, 0x0000000086c00000| Untracked 
| 109|0x0000000086d00000, 0x0000000086d00000, 0x0000000086e00000|  0%| F|  |TAMS 0x0000000086d00000, 0x0000000086d00000| Untracked 
| 110|0x0000000086e00000, 0x0000000086e00000, 0x0000000086f00000|  0%| F|  |TAMS 0x0000000086e00000, 0x0000000086e00000| Untracked 
| 111|0x0000000086f00000, 0x0000000086f00000, 0x0000000087000000|  0%| F|  |TAMS 0x0000000086f00000, 0x0000000086f00000| Untracked 
| 112|0x0000000087000000, 0x0000000087000000, 0x0000000087100000|  0%| F|  |TAMS 0x0000000087000000, 0x0000000087000000| Untracked 
| 113|0x0000000087100000, 0x0000000087100000, 0x0000000087200000|  0%| F|  |TAMS 0x0000000087100000, 0x0000000087100000| Untracked 
| 114|0x0000000087200000, 0x0000000087200000, 0x0000000087300000|  0%| F|  |TAMS 0x0000000087200000, 0x0000000087200000| Untracked 
| 115|0x0000000087300000, 0x0000000087300000, 0x0000000087400000|  0%| F|  |TAMS 0x0000000087300000, 0x0000000087300000| Untracked 
| 116|0x0000000087400000, 0x0000000087400000, 0x0000000087500000|  0%| F|  |TAMS 0x0000000087400000, 0x0000000087400000| Untracked 
| 117|0x0000000087500000, 0x0000000087500000, 0x0000000087600000|  0%| F|  |TAMS 0x0000000087500000, 0x0000000087500000| Untracked 
| 118|0x0000000087600000, 0x0000000087600000, 0x0000000087700000|  0%| F|  |TAMS 0x0000000087600000, 0x0000000087600000| Untracked 
| 119|0x0000000087700000, 0x0000000087700000, 0x0000000087800000|  0%| F|  |TAMS 0x0000000087700000, 0x0000000087700000| Untracked 
| 120|0x0000000087800000, 0x0000000087800000, 0x0000000087900000|  0%| F|  |TAMS 0x0000000087800000, 0x0000000087800000| Untracked 
| 121|0x0000000087900000, 0x0000000087900000, 0x0000000087a00000|  0%| F|  |TAMS 0x0000000087900000, 0x0000000087900000| Untracked 
| 122|0x0000000087a00000, 0x0000000087a00000, 0x0000000087b00000|  0%| F|  |TAMS 0x0000000087a00000, 0x0000000087a00000| Untracked 
| 123|0x0000000087b00000, 0x0000000087b00000, 0x0000000087c00000|  0%| F|  |TAMS 0x0000000087b00000, 0x0000000087b00000| Untracked 
| 124|0x0000000087c00000, 0x0000000087c00000, 0x0000000087d00000|  0%| F|  |TAMS 0x0000000087c00000, 0x0000000087c00000| Untracked 
| 125|0x0000000087d00000, 0x0000000087d00000, 0x0000000087e00000|  0%| F|  |TAMS 0x0000000087d00000, 0x0000000087d00000| Untracked 
| 126|0x0000000087e00000, 0x0000000087e00000, 0x0000000087f00000|  0%| F|  |TAMS 0x0000000087e00000, 0x0000000087e00000| Untracked 
| 127|0x0000000087f00000, 0x0000000087f00000, 0x0000000088000000|  0%| F|  |TAMS 0x0000000087f00000, 0x0000000087f00000| Untracked 
| 128|0x0000000088000000, 0x0000000088000000, 0x0000000088100000|  0%| F|  |TAMS 0x0000000088000000, 0x0000000088000000| Untracked 
| 129|0x0000000088100000, 0x0000000088100000, 0x0000000088200000|  0%| F|  |TAMS 0x0000000088100000, 0x0000000088100000| Untracked 
| 130|0x0000000088200000, 0x0000000088200000, 0x0000000088300000|  0%| F|  |TAMS 0x0000000088200000, 0x0000000088200000| Untracked 
| 131|0x0000000088300000, 0x0000000088300000, 0x0000000088400000|  0%| F|  |TAMS 0x0000000088300000, 0x0000000088300000| Untracked 
| 132|0x0000000088400000, 0x0000000088400000, 0x0000000088500000|  0%| F|  |TAMS 0x0000000088400000, 0x0000000088400000| Untracked 
| 133|0x0000000088500000, 0x0000000088500000, 0x0000000088600000|  0%| F|  |TAMS 0x0000000088500000, 0x0000000088500000| Untracked 
| 134|0x0000000088600000, 0x0000000088600000, 0x0000000088700000|  0%| F|  |TAMS 0x0000000088600000, 0x0000000088600000| Untracked 
| 135|0x0000000088700000, 0x0000000088700000, 0x0000000088800000|  0%| F|  |TAMS 0x0000000088700000, 0x0000000088700000| Untracked 
| 136|0x0000000088800000, 0x0000000088800000, 0x0000000088900000|  0%| F|  |TAMS 0x0000000088800000, 0x0000000088800000| Untracked 
| 137|0x0000000088900000, 0x0000000088900000, 0x0000000088a00000|  0%| F|  |TAMS 0x0000000088900000, 0x0000000088900000| Untracked 
| 138|0x0000000088a00000, 0x0000000088a00000, 0x0000000088b00000|  0%| F|  |TAMS 0x0000000088a00000, 0x0000000088a00000| Untracked 
| 139|0x0000000088b00000, 0x0000000088b00000, 0x0000000088c00000|  0%| F|  |TAMS 0x0000000088b00000, 0x0000000088b00000| Untracked 
| 140|0x0000000088c00000, 0x0000000088c00000, 0x0000000088d00000|  0%| F|  |TAMS 0x0000000088c00000, 0x0000000088c00000| Untracked 
| 141|0x0000000088d00000, 0x0000000088d00000, 0x0000000088e00000|  0%| F|  |TAMS 0x0000000088d00000, 0x0000000088d00000| Untracked 
| 142|0x0000000088e00000, 0x0000000088e00000, 0x0000000088f00000|  0%| F|  |TAMS 0x0000000088e00000, 0x0000000088e00000| Untracked 
| 143|0x0000000088f00000, 0x0000000088f00000, 0x0000000089000000|  0%| F|  |TAMS 0x0000000088f00000, 0x0000000088f00000| Untracked 
| 144|0x0000000089000000, 0x0000000089000000, 0x0000000089100000|  0%| F|  |TAMS 0x0000000089000000, 0x0000000089000000| Untracked 
| 145|0x0000000089100000, 0x0000000089100000, 0x0000000089200000|  0%| F|  |TAMS 0x0000000089100000, 0x0000000089100000| Untracked 
| 146|0x0000000089200000, 0x0000000089200000, 0x0000000089300000|  0%| F|  |TAMS 0x0000000089200000, 0x0000000089200000| Untracked 
| 147|0x0000000089300000, 0x0000000089300000, 0x0000000089400000|  0%| F|  |TAMS 0x0000000089300000, 0x0000000089300000| Untracked 
| 148|0x0000000089400000, 0x0000000089400000, 0x0000000089500000|  0%| F|  |TAMS 0x0000000089400000, 0x0000000089400000| Untracked 
| 149|0x0000000089500000, 0x0000000089500000, 0x0000000089600000|  0%| F|  |TAMS 0x0000000089500000, 0x0000000089500000| Untracked 
| 150|0x0000000089600000, 0x0000000089600000, 0x0000000089700000|  0%| F|  |TAMS 0x0000000089600000, 0x0000000089600000| Untracked 
| 151|0x0000000089700000, 0x0000000089700000, 0x0000000089800000|  0%| F|  |TAMS 0x0000000089700000, 0x0000000089700000| Untracked 
| 152|0x0000000089800000, 0x0000000089800000, 0x0000000089900000|  0%| F|  |TAMS 0x0000000089800000, 0x0000000089800000| Untracked 
| 153|0x0000000089900000, 0x0000000089900000, 0x0000000089a00000|  0%| F|  |TAMS 0x0000000089900000, 0x0000000089900000| Untracked 
| 154|0x0000000089a00000, 0x0000000089a00000, 0x0000000089b00000|  0%| F|  |TAMS 0x0000000089a00000, 0x0000000089a00000| Untracked 
| 155|0x0000000089b00000, 0x0000000089b00000, 0x0000000089c00000|  0%| F|  |TAMS 0x0000000089b00000, 0x0000000089b00000| Untracked 
| 156|0x0000000089c00000, 0x0000000089c00000, 0x0000000089d00000|  0%| F|  |TAMS 0x0000000089c00000, 0x0000000089c00000| Untracked 
| 157|0x0000000089d00000, 0x0000000089d00000, 0x0000000089e00000|  0%| F|  |TAMS 0x0000000089d00000, 0x0000000089d00000| Untracked 
| 158|0x0000000089e00000, 0x0000000089e00000, 0x0000000089f00000|  0%| F|  |TAMS 0x0000000089e00000, 0x0000000089e00000| Untracked 
| 159|0x0000000089f00000, 0x0000000089f00000, 0x000000008a000000|  0%| F|  |TAMS 0x0000000089f00000, 0x0000000089f00000| Untracked 
| 160|0x000000008a000000, 0x000000008a000000, 0x000000008a100000|  0%| F|  |TAMS 0x000000008a000000, 0x000000008a000000| Untracked 
| 161|0x000000008a100000, 0x000000008a100000, 0x000000008a200000|  0%| F|  |TAMS 0x000000008a100000, 0x000000008a100000| Untracked 
| 162|0x000000008a200000, 0x000000008a200000, 0x000000008a300000|  0%| F|  |TAMS 0x000000008a200000, 0x000000008a200000| Untracked 
| 163|0x000000008a300000, 0x000000008a300000, 0x000000008a400000|  0%| F|  |TAMS 0x000000008a300000, 0x000000008a300000| Untracked 
| 164|0x000000008a400000, 0x000000008a400000, 0x000000008a500000|  0%| F|  |TAMS 0x000000008a400000, 0x000000008a400000| Untracked 
| 165|0x000000008a500000, 0x000000008a500000, 0x000000008a600000|  0%| F|  |TAMS 0x000000008a500000, 0x000000008a500000| Untracked 
| 166|0x000000008a600000, 0x000000008a600000, 0x000000008a700000|  0%| F|  |TAMS 0x000000008a600000, 0x000000008a600000| Untracked 
| 167|0x000000008a700000, 0x000000008a700000, 0x000000008a800000|  0%| F|  |TAMS 0x000000008a700000, 0x000000008a700000| Untracked 
| 168|0x000000008a800000, 0x000000008a800000, 0x000000008a900000|  0%| F|  |TAMS 0x000000008a800000, 0x000000008a800000| Untracked 
| 169|0x000000008a900000, 0x000000008a900000, 0x000000008aa00000|  0%| F|  |TAMS 0x000000008a900000, 0x000000008a900000| Untracked 
| 170|0x000000008aa00000, 0x000000008aa00000, 0x000000008ab00000|  0%| F|  |TAMS 0x000000008aa00000, 0x000000008aa00000| Untracked 
| 171|0x000000008ab00000, 0x000000008ab00000, 0x000000008ac00000|  0%| F|  |TAMS 0x000000008ab00000, 0x000000008ab00000| Untracked 
| 172|0x000000008ac00000, 0x000000008ac00000, 0x000000008ad00000|  0%| F|  |TAMS 0x000000008ac00000, 0x000000008ac00000| Untracked 
| 173|0x000000008ad00000, 0x000000008ad00000, 0x000000008ae00000|  0%| F|  |TAMS 0x000000008ad00000, 0x000000008ad00000| Untracked 
| 174|0x000000008ae00000, 0x000000008ae00000, 0x000000008af00000|  0%| F|  |TAMS 0x000000008ae00000, 0x000000008ae00000| Untracked 
| 175|0x000000008af00000, 0x000000008af00000, 0x000000008b000000|  0%| F|  |TAMS 0x000000008af00000, 0x000000008af00000| Untracked 
| 176|0x000000008b000000, 0x000000008b000000, 0x000000008b100000|  0%| F|  |TAMS 0x000000008b000000, 0x000000008b000000| Untracked 
| 177|0x000000008b100000, 0x000000008b100000, 0x000000008b200000|  0%| F|  |TAMS 0x000000008b100000, 0x000000008b100000| Untracked 
| 178|0x000000008b200000, 0x000000008b200000, 0x000000008b300000|  0%| F|  |TAMS 0x000000008b200000, 0x000000008b200000| Untracked 
| 179|0x000000008b300000, 0x000000008b300000, 0x000000008b400000|  0%| F|  |TAMS 0x000000008b300000, 0x000000008b300000| Untracked 
| 180|0x000000008b400000, 0x000000008b4fd0b0, 0x000000008b500000| 98%| S|CS|TAMS 0x000000008b400000, 0x000000008b400000| Complete 
| 181|0x000000008b500000, 0x000000008b600000, 0x000000008b600000|100%| S|CS|TAMS 0x000000008b500000, 0x000000008b500000| Complete 
| 182|0x000000008b600000, 0x000000008b700000, 0x000000008b700000|100%| S|CS|TAMS 0x000000008b600000, 0x000000008b600000| Complete 
| 183|0x000000008b700000, 0x000000008b800000, 0x000000008b800000|100%| S|CS|TAMS 0x000000008b700000, 0x000000008b700000| Complete 
| 184|0x000000008b800000, 0x000000008b900000, 0x000000008b900000|100%| S|CS|TAMS 0x000000008b800000, 0x000000008b800000| Complete 
| 185|0x000000008b900000, 0x000000008ba00000, 0x000000008ba00000|100%| S|CS|TAMS 0x000000008b900000, 0x000000008b900000| Complete 
| 186|0x000000008ba00000, 0x000000008bb00000, 0x000000008bb00000|100%| S|CS|TAMS 0x000000008ba00000, 0x000000008ba00000| Complete 
| 187|0x000000008bb00000, 0x000000008bc00000, 0x000000008bc00000|100%| S|CS|TAMS 0x000000008bb00000, 0x000000008bb00000| Complete 
| 188|0x000000008bc00000, 0x000000008bd00000, 0x000000008bd00000|100%| S|CS|TAMS 0x000000008bc00000, 0x000000008bc00000| Complete 
| 189|0x000000008bd00000, 0x000000008be00000, 0x000000008be00000|100%| S|CS|TAMS 0x000000008bd00000, 0x000000008bd00000| Complete 
| 190|0x000000008be00000, 0x000000008bf00000, 0x000000008bf00000|100%| S|CS|TAMS 0x000000008be00000, 0x000000008be00000| Complete 
| 191|0x000000008bf00000, 0x000000008c000000, 0x000000008c000000|100%| S|CS|TAMS 0x000000008bf00000, 0x000000008bf00000| Complete 
| 192|0x000000008c000000, 0x000000008c100000, 0x000000008c100000|100%| S|CS|TAMS 0x000000008c000000, 0x000000008c000000| Complete 
| 193|0x000000008c100000, 0x000000008c200000, 0x000000008c200000|100%| S|CS|TAMS 0x000000008c100000, 0x000000008c100000| Complete 
| 194|0x000000008c200000, 0x000000008c200000, 0x000000008c300000|  0%| F|  |TAMS 0x000000008c200000, 0x000000008c200000| Untracked 
| 195|0x000000008c300000, 0x000000008c300000, 0x000000008c400000|  0%| F|  |TAMS 0x000000008c300000, 0x000000008c300000| Untracked 
| 196|0x000000008c400000, 0x000000008c400000, 0x000000008c500000|  0%| F|  |TAMS 0x000000008c400000, 0x000000008c400000| Untracked 
| 197|0x000000008c500000, 0x000000008c500000, 0x000000008c600000|  0%| F|  |TAMS 0x000000008c500000, 0x000000008c500000| Untracked 
| 198|0x000000008c600000, 0x000000008c600000, 0x000000008c700000|  0%| F|  |TAMS 0x000000008c600000, 0x000000008c600000| Untracked 
| 199|0x000000008c700000, 0x000000008c700000, 0x000000008c800000|  0%| F|  |TAMS 0x000000008c700000, 0x000000008c700000| Untracked 
| 200|0x000000008c800000, 0x000000008c800000, 0x000000008c900000|  0%| F|  |TAMS 0x000000008c800000, 0x000000008c800000| Untracked 
| 201|0x000000008c900000, 0x000000008c900000, 0x000000008ca00000|  0%| F|  |TAMS 0x000000008c900000, 0x000000008c900000| Untracked 
| 202|0x000000008ca00000, 0x000000008ca00000, 0x000000008cb00000|  0%| F|  |TAMS 0x000000008ca00000, 0x000000008ca00000| Untracked 
| 203|0x000000008cb00000, 0x000000008cb00000, 0x000000008cc00000|  0%| F|  |TAMS 0x000000008cb00000, 0x000000008cb00000| Untracked 
| 204|0x000000008cc00000, 0x000000008cc00000, 0x000000008cd00000|  0%| F|  |TAMS 0x000000008cc00000, 0x000000008cc00000| Untracked 
| 205|0x000000008cd00000, 0x000000008cd00000, 0x000000008ce00000|  0%| F|  |TAMS 0x000000008cd00000, 0x000000008cd00000| Untracked 
| 206|0x000000008ce00000, 0x000000008ce00000, 0x000000008cf00000|  0%| F|  |TAMS 0x000000008ce00000, 0x000000008ce00000| Untracked 
| 207|0x000000008cf00000, 0x000000008cf00000, 0x000000008d000000|  0%| F|  |TAMS 0x000000008cf00000, 0x000000008cf00000| Untracked 
| 208|0x000000008d000000, 0x000000008d000000, 0x000000008d100000|  0%| F|  |TAMS 0x000000008d000000, 0x000000008d000000| Untracked 
| 209|0x000000008d100000, 0x000000008d100000, 0x000000008d200000|  0%| F|  |TAMS 0x000000008d100000, 0x000000008d100000| Untracked 
| 210|0x000000008d200000, 0x000000008d200000, 0x000000008d300000|  0%| F|  |TAMS 0x000000008d200000, 0x000000008d200000| Untracked 
| 211|0x000000008d300000, 0x000000008d300000, 0x000000008d400000|  0%| F|  |TAMS 0x000000008d300000, 0x000000008d300000| Untracked 
| 212|0x000000008d400000, 0x000000008d400000, 0x000000008d500000|  0%| F|  |TAMS 0x000000008d400000, 0x000000008d400000| Untracked 
| 213|0x000000008d500000, 0x000000008d500000, 0x000000008d600000|  0%| F|  |TAMS 0x000000008d500000, 0x000000008d500000| Untracked 
| 214|0x000000008d600000, 0x000000008d600000, 0x000000008d700000|  0%| F|  |TAMS 0x000000008d600000, 0x000000008d600000| Untracked 
| 215|0x000000008d700000, 0x000000008d700000, 0x000000008d800000|  0%| F|  |TAMS 0x000000008d700000, 0x000000008d700000| Untracked 
| 216|0x000000008d800000, 0x000000008d800000, 0x000000008d900000|  0%| F|  |TAMS 0x000000008d800000, 0x000000008d800000| Untracked 
| 217|0x000000008d900000, 0x000000008d900000, 0x000000008da00000|  0%| F|  |TAMS 0x000000008d900000, 0x000000008d900000| Untracked 
| 218|0x000000008da00000, 0x000000008da00000, 0x000000008db00000|  0%| F|  |TAMS 0x000000008da00000, 0x000000008da00000| Untracked 
| 219|0x000000008db00000, 0x000000008db00000, 0x000000008dc00000|  0%| F|  |TAMS 0x000000008db00000, 0x000000008db00000| Untracked 
| 220|0x000000008dc00000, 0x000000008dc00000, 0x000000008dd00000|  0%| F|  |TAMS 0x000000008dc00000, 0x000000008dc00000| Untracked 
| 221|0x000000008dd00000, 0x000000008dd00000, 0x000000008de00000|  0%| F|  |TAMS 0x000000008dd00000, 0x000000008dd00000| Untracked 
| 222|0x000000008de00000, 0x000000008de00000, 0x000000008df00000|  0%| F|  |TAMS 0x000000008de00000, 0x000000008de00000| Untracked 
| 223|0x000000008df00000, 0x000000008df00000, 0x000000008e000000|  0%| F|  |TAMS 0x000000008df00000, 0x000000008df00000| Untracked 
| 224|0x000000008e000000, 0x000000008e000000, 0x000000008e100000|  0%| F|  |TAMS 0x000000008e000000, 0x000000008e000000| Untracked 
| 225|0x000000008e100000, 0x000000008e100000, 0x000000008e200000|  0%| F|  |TAMS 0x000000008e100000, 0x000000008e100000| Untracked 
| 226|0x000000008e200000, 0x000000008e200000, 0x000000008e300000|  0%| F|  |TAMS 0x000000008e200000, 0x000000008e200000| Untracked 
| 227|0x000000008e300000, 0x000000008e300000, 0x000000008e400000|  0%| F|  |TAMS 0x000000008e300000, 0x000000008e300000| Untracked 
| 228|0x000000008e400000, 0x000000008e400000, 0x000000008e500000|  0%| F|  |TAMS 0x000000008e400000, 0x000000008e400000| Untracked 
| 229|0x000000008e500000, 0x000000008e500000, 0x000000008e600000|  0%| F|  |TAMS 0x000000008e500000, 0x000000008e500000| Untracked 
| 230|0x000000008e600000, 0x000000008e600000, 0x000000008e700000|  0%| F|  |TAMS 0x000000008e600000, 0x000000008e600000| Untracked 
| 231|0x000000008e700000, 0x000000008e700000, 0x000000008e800000|  0%| F|  |TAMS 0x000000008e700000, 0x000000008e700000| Untracked 
| 232|0x000000008e800000, 0x000000008e800000, 0x000000008e900000|  0%| F|  |TAMS 0x000000008e800000, 0x000000008e800000| Untracked 
| 233|0x000000008e900000, 0x000000008e900000, 0x000000008ea00000|  0%| F|  |TAMS 0x000000008e900000, 0x000000008e900000| Untracked 
| 234|0x000000008ea00000, 0x000000008ea00000, 0x000000008eb00000|  0%| F|  |TAMS 0x000000008ea00000, 0x000000008ea00000| Untracked 
| 235|0x000000008eb00000, 0x000000008eb00000, 0x000000008ec00000|  0%| F|  |TAMS 0x000000008eb00000, 0x000000008eb00000| Untracked 
| 236|0x000000008ec00000, 0x000000008ec00000, 0x000000008ed00000|  0%| F|  |TAMS 0x000000008ec00000, 0x000000008ec00000| Untracked 
| 237|0x000000008ed00000, 0x000000008ed00000, 0x000000008ee00000|  0%| F|  |TAMS 0x000000008ed00000, 0x000000008ed00000| Untracked 
| 238|0x000000008ee00000, 0x000000008ee00000, 0x000000008ef00000|  0%| F|  |TAMS 0x000000008ee00000, 0x000000008ee00000| Untracked 
| 239|0x000000008ef00000, 0x000000008ef00000, 0x000000008f000000|  0%| F|  |TAMS 0x000000008ef00000, 0x000000008ef00000| Untracked 
| 240|0x000000008f000000, 0x000000008f000000, 0x000000008f100000|  0%| F|  |TAMS 0x000000008f000000, 0x000000008f000000| Untracked 
| 241|0x000000008f100000, 0x000000008f100000, 0x000000008f200000|  0%| F|  |TAMS 0x000000008f100000, 0x000000008f100000| Untracked 
| 242|0x000000008f200000, 0x000000008f200000, 0x000000008f300000|  0%| F|  |TAMS 0x000000008f200000, 0x000000008f200000| Untracked 
| 243|0x000000008f300000, 0x000000008f300000, 0x000000008f400000|  0%| F|  |TAMS 0x000000008f300000, 0x000000008f300000| Untracked 
| 244|0x000000008f400000, 0x000000008f400000, 0x000000008f500000|  0%| F|  |TAMS 0x000000008f400000, 0x000000008f400000| Untracked 
| 245|0x000000008f500000, 0x000000008f500000, 0x000000008f600000|  0%| F|  |TAMS 0x000000008f500000, 0x000000008f500000| Untracked 
| 246|0x000000008f600000, 0x000000008f600000, 0x000000008f700000|  0%| F|  |TAMS 0x000000008f600000, 0x000000008f600000| Untracked 
| 247|0x000000008f700000, 0x000000008f700000, 0x000000008f800000|  0%| F|  |TAMS 0x000000008f700000, 0x000000008f700000| Untracked 
| 248|0x000000008f800000, 0x000000008f800000, 0x000000008f900000|  0%| F|  |TAMS 0x000000008f800000, 0x000000008f800000| Untracked 
| 249|0x000000008f900000, 0x000000008f900000, 0x000000008fa00000|  0%| F|  |TAMS 0x000000008f900000, 0x000000008f900000| Untracked 
| 250|0x000000008fa00000, 0x000000008fa00000, 0x000000008fb00000|  0%| F|  |TAMS 0x000000008fa00000, 0x000000008fa00000| Untracked 
| 251|0x000000008fb00000, 0x000000008fb00000, 0x000000008fc00000|  0%| F|  |TAMS 0x000000008fb00000, 0x000000008fb00000| Untracked 
| 252|0x000000008fc00000, 0x000000008fc00000, 0x000000008fd00000|  0%| F|  |TAMS 0x000000008fc00000, 0x000000008fc00000| Untracked 
| 253|0x000000008fd00000, 0x000000008fd00000, 0x000000008fe00000|  0%| F|  |TAMS 0x000000008fd00000, 0x000000008fd00000| Untracked 
| 254|0x000000008fe00000, 0x000000008fe00000, 0x000000008ff00000|  0%| F|  |TAMS 0x000000008fe00000, 0x000000008fe00000| Untracked 
| 255|0x000000008ff00000, 0x000000008ffcb2e0, 0x0000000090000000| 79%| E|  |TAMS 0x000000008ff00000, 0x000000008ff00000| Complete 

Card table byte_map: [0x0000000015c80000,0x0000000016080000] _byte_map_base: 0x0000000015880000

Marking Bits (Prev, Next): (CMBitMap*) 0x0000000000452000, (CMBitMap*) 0x0000000000451fc8
 Prev Bits: [0x0000000018480000, 0x000000001a480000)
 Next Bits: [0x0000000016480000, 0x0000000018480000)

Polling page: 0x0000000000330000

Metaspace:

Usage:
  Non-class:     41.16 MB capacity,    40.23 MB ( 98%) used,   833.55 KB (  2%) free+waste,   125.38 KB ( <1%) overhead. 
      Class:      6.38 MB capacity,     5.90 MB ( 93%) used,   425.20 KB (  7%) free+waste,    60.00 KB ( <1%) overhead. 
       Both:     47.54 MB capacity,    46.13 MB ( 97%) used,     1.23 MB (  3%) free+waste,   185.38 KB ( <1%) overhead. 

Virtual space:
  Non-class space:       42.00 MB reserved,      41.25 MB ( 98%) committed 
      Class space:        1.00 GB reserved,       6.50 MB ( <1%) committed 
             Both:        1.04 GB reserved,      47.75 MB (  4%) committed 

Chunk freelists:
   Non-Class:  24.00 KB
       Class:  0 bytes
        Both:  24.00 KB

MaxMetaspaceSize: 17179869184.00 GB
CompressedClassSpaceSize: 1.00 GB

CodeHeap 'non-profiled nmethods': size=120064Kb used=2695Kb max_used=2695Kb free=117368Kb
 bounds [0x000000000da20000, 0x000000000dcd0000, 0x0000000014f60000]
CodeHeap 'profiled nmethods': size=120000Kb used=10431Kb max_used=10431Kb free=109568Kb
 bounds [0x00000000064f0000, 0x0000000006f20000, 0x000000000da20000]
CodeHeap 'non-nmethods': size=5696Kb used=2217Kb max_used=2271Kb free=3478Kb
 bounds [0x0000000005f60000, 0x00000000061d0000, 0x00000000064f0000]
 total_blobs=5968 nmethods=5182 adapters=697
 compilation: enabled
              stopped_count=0, restarted_count=0
 full_count=0

Compilation events (20 events):
Event: 16.305 Thread 0x000000001dfe1800 5181       3       java.lang.ClassValue$ClassValueMap::addToCache (92 bytes)
Event: 16.306 Thread 0x0000000021e2d000 nmethod 5171 0x000000000dcbe890 code [0x000000000dcbea40, 0x000000000dcbf208]
Event: 16.306 Thread 0x0000000021e2d000 5168       4       java.util.HashSet::contains (9 bytes)
Event: 16.306 Thread 0x000000001dfe1800 nmethod 5181 0x0000000006f15610 code [0x0000000006f15900, 0x0000000006f17138]
Event: 16.306 Thread 0x000000001dfe1800 5184       3       groovy.lang.MetaClassImpl$1::methodNameAction (169 bytes)
Event: 16.306 Thread 0x000000001dfe1800 nmethod 5184 0x0000000006f17810 code [0x0000000006f17ae0, 0x0000000006f18e08]
Event: 16.306 Thread 0x000000001dfe1800 5179       3       org.codehaus.groovy.reflection.ClassInfo$LazyClassLoaderRef::<init> (11 bytes)
Event: 16.306 Thread 0x000000001dfe1800 nmethod 5179 0x0000000006f19290 code [0x0000000006f19480, 0x0000000006f19878]
Event: 16.306 Thread 0x000000001dfe1800 5182       3       org.codehaus.groovy.reflection.CachedClass$4::initValue (5 bytes)
Event: 16.306 Thread 0x000000001dfe1800 nmethod 5182 0x0000000006f19a10 code [0x0000000006f19bc0, 0x0000000006f19d08]
Event: 16.306 Thread 0x000000001dfe1800 5183       3       java.lang.ClassValue$ClassValueMap::sizeCache (51 bytes)
Event: 16.307 Thread 0x000000001dfe1800 nmethod 5183 0x0000000006f19d90 code [0x0000000006f19f80, 0x0000000006f1a1d8]
Event: 16.309 Thread 0x0000000021e2d000 nmethod 5168 0x000000000dcbf390 code [0x000000000dcbf560, 0x000000000dcbfa38]
Event: 16.309 Thread 0x0000000021e2d000 5185       4       groovy.lang.MetaClassImpl$1MOPIter::methodNameAction (325 bytes)
Event: 16.311 Thread 0x000000001dfe1800 5186       3       java.util.zip.ZipFile$Source::initCEN (658 bytes)
Event: 16.314 Thread 0x000000001dfe1800 nmethod 5186 0x0000000006f1a290 code [0x0000000006f1a8e0, 0x0000000006f1e248]
Event: 16.314 Thread 0x000000001dfe0000 nmethod 5169 0x000000000dcbfe10 code [0x000000000dcbffe0, 0x000000000dcc0bd8]
Event: 16.314 Thread 0x000000001dfe0000 5172       4       java.lang.ReflectiveOperationException::<init> (7 bytes)
Event: 16.317 Thread 0x000000001dfe0000 nmethod 5172 0x000000000dcc1090 code [0x000000000dcc1240, 0x000000000dcc19e8]
Event: 16.329 Thread 0x000000001dfe0000 5187       4       sun.nio.fs.WindowsPathParser::normalize (233 bytes)

GC Heap History (15 events):
Event: 0.637 GC heap before
{Heap before GC invocations=0 (full 0):
 garbage-first heap   total 262144K, used 27648K [0x0000000080000000, 0x0000000100000000)
  region size 1024K, 22 young (22528K), 0 survivors (0K)
 Metaspace       used 9980K, capacity 10211K, committed 10368K, reserved 1058816K
  class space    used 1034K, capacity 1106K, committed 1152K, reserved 1048576K
}
Event: 0.641 GC heap after
{Heap after GC invocations=1 (full 0):
 garbage-first heap   total 262144K, used 9108K [0x0000000080000000, 0x0000000100000000)
  region size 1024K, 3 young (3072K), 3 survivors (3072K)
 Metaspace       used 9980K, capacity 10211K, committed 10368K, reserved 1058816K
  class space    used 1034K, capacity 1106K, committed 1152K, reserved 1048576K
}
Event: 0.945 GC heap before
{Heap before GC invocations=1 (full 0):
 garbage-first heap   total 262144K, used 44948K [0x0000000080000000, 0x0000000100000000)
  region size 1024K, 38 young (38912K), 3 survivors (3072K)
 Metaspace       used 11172K, capacity 11390K, committed 11520K, reserved 1058816K
  class space    used 1165K, capacity 1243K, committed 1280K, reserved 1048576K
}
Event: 0.947 GC heap after
{Heap after GC invocations=2 (full 0):
 garbage-first heap   total 262144K, used 12396K [0x0000000080000000, 0x0000000100000000)
  region size 1024K, 4 young (4096K), 4 survivors (4096K)
 Metaspace       used 11172K, capacity 11390K, committed 11520K, reserved 1058816K
  class space    used 1165K, capacity 1243K, committed 1280K, reserved 1048576K
}
Event: 1.572 GC heap before
{Heap before GC invocations=2 (full 0):
 garbage-first heap   total 262144K, used 59500K [0x0000000080000000, 0x0000000100000000)
  region size 1024K, 51 young (52224K), 4 survivors (4096K)
 Metaspace       used 18924K, capacity 19376K, committed 19584K, reserved 1067008K
  class space    used 2275K, capacity 2407K, committed 2432K, reserved 1048576K
}
Event: 1.577 GC heap after
{Heap after GC invocations=3 (full 0):
 garbage-first heap   total 262144K, used 16123K [0x0000000080000000, 0x0000000100000000)
  region size 1024K, 7 young (7168K), 7 survivors (7168K)
 Metaspace       used 18924K, capacity 19376K, committed 19584K, reserved 1067008K
  class space    used 2275K, capacity 2407K, committed 2432K, reserved 1048576K
}
Event: 1.683 GC heap before
{Heap before GC invocations=3 (full 0):
 garbage-first heap   total 262144K, used 30459K [0x0000000080000000, 0x0000000100000000)
  region size 1024K, 22 young (22528K), 7 survivors (7168K)
 Metaspace       used 20574K, capacity 21109K, committed 21248K, reserved 1067008K
  class space    used 2508K, capacity 2692K, committed 2816K, reserved 1048576K
}
Event: 1.687 GC heap after
{Heap after GC invocations=4 (full 0):
 garbage-first heap   total 262144K, used 16961K [0x0000000080000000, 0x0000000100000000)
  region size 1024K, 5 young (5120K), 5 survivors (5120K)
 Metaspace       used 20574K, capacity 21109K, committed 21248K, reserved 1067008K
  class space    used 2508K, capacity 2692K, committed 2816K, reserved 1048576K
}
Event: 2.143 GC heap before
{Heap before GC invocations=5 (full 0):
 garbage-first heap   total 262144K, used 82497K [0x0000000080000000, 0x0000000100000000)
  region size 1024K, 69 young (70656K), 5 survivors (5120K)
 Metaspace       used 26696K, capacity 27446K, committed 27648K, reserved 1073152K
  class space    used 3521K, capacity 3791K, committed 3840K, reserved 1048576K
}
Event: 2.148 GC heap after
{Heap after GC invocations=6 (full 0):
 garbage-first heap   total 262144K, used 18906K [0x0000000080000000, 0x0000000100000000)
  region size 1024K, 7 young (7168K), 7 survivors (7168K)
 Metaspace       used 26696K, capacity 27446K, committed 27648K, reserved 1073152K
  class space    used 3521K, capacity 3791K, committed 3840K, reserved 1048576K
}
Event: 3.102 GC heap before
{Heap before GC invocations=7 (full 0):
 garbage-first heap   total 262144K, used 145882K [0x0000000080000000, 0x0000000100000000)
  region size 1024K, 129 young (132096K), 7 survivors (7168K)
 Metaspace       used 40414K, capacity 41493K, committed 41728K, reserved 1085440K
  class space    used 5198K, capacity 5545K, committed 5632K, reserved 1048576K
}
Event: 3.113 GC heap after
{Heap after GC invocations=8 (full 0):
 garbage-first heap   total 262144K, used 28128K [0x0000000080000000, 0x0000000100000000)
  region size 1024K, 16 young (16384K), 16 survivors (16384K)
 Metaspace       used 40414K, capacity 41493K, committed 41728K, reserved 1085440K
  class space    used 5198K, capacity 5545K, committed 5632K, reserved 1048576K
}
Event: 3.396 GC heap before
{Heap before GC invocations=8 (full 0):
 garbage-first heap   total 262144K, used 75232K [0x0000000080000000, 0x0000000100000000)
  region size 1024K, 63 young (64512K), 16 survivors (16384K)
 Metaspace       used 44642K, capacity 45909K, committed 46080K, reserved 1089536K
  class space    used 5733K, capacity 6144K, committed 6144K, reserved 1048576K
}
Event: 3.406 GC heap after
{Heap after GC invocations=9 (full 0):
 garbage-first heap   total 262144K, used 28933K [0x0000000080000000, 0x0000000100000000)
  region size 1024K, 11 young (11264K), 11 survivors (11264K)
 Metaspace       used 44642K, capacity 45909K, committed 46080K, reserved 1089536K
  class space    used 5733K, capacity 6144K, committed 6144K, reserved 1048576K
}
Event: 16.338 GC heap before
{Heap before GC invocations=10 (full 0):
 garbage-first heap   total 262144K, used 81157K [0x0000000080000000, 0x0000000100000000)
  region size 1024K, 62 young (63488K), 11 survivors (11264K)
 Metaspace       used 47237K, capacity 48680K, committed 48768K, reserved 1091584K
  class space    used 6044K, capacity 6528K, committed 6528K, reserved 1048576K
}

Deoptimization events (20 events):
Event: 5.248 Thread 0x00000000218d0800 Uncommon trap: trap_request=0xffffff4d fr.pc=0x000000000dac15a8 relative=0x0000000000000148
Event: 5.248 Thread 0x00000000218d0800 Uncommon trap: reason=unstable_if action=reinterpret pc=0x000000000dac15a8 method=java.util.concurrent.ConcurrentHashMap.addCount(JI)V @ 7 c2
Event: 5.248 Thread 0x00000000218d0800 DEOPT PACKING pc=0x000000000dac15a8 sp=0x00000000243988b0
Event: 5.248 Thread 0x00000000218d0800 DEOPT UNPACKING pc=0x0000000005f8662f sp=0x00000000243987f0 mode 2
Event: 5.451 Thread 0x0000000025b9c800 Uncommon trap: trap_request=0xffffffcc fr.pc=0x000000000dc90b5c relative=0x00000000000010bc
Event: 5.451 Thread 0x0000000025b9c800 Uncommon trap: reason=intrinsic_or_type_checked_inlining action=make_not_entrant pc=0x000000000dc90b5c method=java.util.ArrayList.toArray([Ljava/lang/Object;)[Ljava/lang/Object; @ 36 c2
Event: 5.451 Thread 0x0000000025b9c800 DEOPT PACKING pc=0x000000000dc90b5c sp=0x000000002978e1f0
Event: 5.451 Thread 0x0000000025b9c800 DEOPT UNPACKING pc=0x0000000005f8662f sp=0x000000002978e150 mode 2
Event: 11.392 Thread 0x0000000021d80800 DEOPT PACKING pc=0x00000000068374fa sp=0x000000002511e150
Event: 11.392 Thread 0x0000000021d80800 DEOPT UNPACKING pc=0x0000000005f86dde sp=0x000000002511d588 mode 0
Event: 16.286 Thread 0x00000000218d0800 DEOPT PACKING pc=0x0000000006585cb4 sp=0x0000000024399990
Event: 16.286 Thread 0x00000000218d0800 DEOPT UNPACKING pc=0x0000000005f86dde sp=0x0000000024398ee0 mode 0
Event: 16.287 Thread 0x00000000218d0800 DEOPT PACKING pc=0x0000000006cd6df1 sp=0x0000000024399950
Event: 16.287 Thread 0x00000000218d0800 DEOPT UNPACKING pc=0x0000000005f86dde sp=0x0000000024398e48 mode 0
Event: 16.289 Thread 0x00000000218d0800 DEOPT PACKING pc=0x0000000006585cb4 sp=0x0000000024399990
Event: 16.290 Thread 0x00000000218d0800 DEOPT UNPACKING pc=0x0000000005f86dde sp=0x0000000024398ee0 mode 0
Event: 16.336 Thread 0x00000000218d0800 Uncommon trap: trap_request=0xffffffde fr.pc=0x000000000dcbef38 relative=0x00000000000004f8
Event: 16.336 Thread 0x00000000218d0800 Uncommon trap: reason=class_check action=maybe_recompile pc=0x000000000dcbef38 method=java.lang.Throwable.<init>(Ljava/lang/String;Ljava/lang/Throwable;)V @ 24 c2
Event: 16.336 Thread 0x00000000218d0800 DEOPT PACKING pc=0x000000000dcbef38 sp=0x000000002439a340
Event: 16.336 Thread 0x00000000218d0800 DEOPT UNPACKING pc=0x0000000005f8662f sp=0x000000002439a308 mode 2

Classes redefined (0 events):
No events

Internal exceptions (20 events):
Event: 3.287 Thread 0x00000000218d0800 Exception <a 'java/lang/NoSuchMethodError'{0x000000008e317628}: 'java.lang.Object java.lang.invoke.DirectMethodHandle$Holder.invokeStatic(java.lang.Object, java.lang.Object, int, java.lang.Object)'> (0x000000008e317628) thrown at [./src/hotspot/share/interpreter/linkResolver.cpp, line 773]
Event: 3.288 Thread 0x00000000218d0800 Exception <a 'java/lang/NoSuchMethodError'{0x000000008e31e8c0}: 'java.lang.Object java.lang.invoke.Invokers$Holder.linkToTargetMethod(java.lang.Object, int, java.lang.Object, java.lang.Object)'> (0x000000008e31e8c0) thrown at [./src/hotspot/share/interpreter/linkResolver.cpp, line 773]
Event: 3.394 Thread 0x00000000218d0800 Exception <a 'java/lang/NoSuchMethodError'{0x000000008d2e4ea8}: 'java.lang.Object java.lang.invoke.DelegatingMethodHandle$Holder.reinvoke_L(java.lang.Object, java.lang.Object, java.lang.Object, java.lang.Object, java.lang.Object, java.lang.Object, java.lang.Object, java.lang.Object, java.lang.Object, java.lang.Object, java.lang.Object, java.lang.Object, java.lang.Object, java.lang.Object, java.lang.Object, java.lang.Object, java.lang.Object, java.lang.Object, java.lang.Object, java.lang.Object, java.lang.O
Event: 3.395 Thread 0x00000000218d0800 Exception <a 'java/lang/NoSuchMethodError'{0x000000008d2f08b0}: 'java.lang.Object java.lang.invoke.DirectMethodHandle$Holder.invokeSpecial(java.lang.Object, java.lang.Object, java.lang.Object, java.lang.Object, java.lang.Object, java.lang.Object, java.lang.Object, java.lang.Object, java.lang.Object, java.lang.Object, java.lang.Object, java.lang.Object, java.lang.Object, java.lang.Object, java.lang.Object, java.lang.Object, java.lang.Object, java.lang.Object, java.lang.Object, java.lang.Object, java.lang.Ob
Event: 3.395 Thread 0x00000000218d0800 Exception <a 'java/lang/NoSuchMethodError'{0x000000008d2f6aa0}: 'java.lang.Object java.lang.invoke.Invokers$Holder.invoker(java.lang.Object, java.lang.Object, java.lang.Object, java.lang.Object, java.lang.Object, java.lang.Object, java.lang.Object, java.lang.Object, java.lang.Object, java.lang.Object, java.lang.Object, java.lang.Object, java.lang.Object, java.lang.Object, java.lang.Object, java.lang.Object, java.lang.Object, java.lang.Object, java.lang.Object, java.lang.Object, java.lang.Object)'> (0x00000
Event: 3.395 Thread 0x00000000218d0800 Exception <a 'java/lang/NoSuchMethodError'{0x000000008d2fde10}: 'java.lang.Object java.lang.invoke.DelegatingMethodHandle$Holder.delegate(java.lang.Object, java.lang.Object, java.lang.Object, java.lang.Object, java.lang.Object, java.lang.Object, java.lang.Object, java.lang.Object, java.lang.Object, java.lang.Object, java.lang.Object, java.lang.Object, java.lang.Object, java.lang.Object, java.lang.Object, java.lang.Object, java.lang.Object, java.lang.Object, java.lang.Object, java.lang.Object, java.lang.Obj
Event: 3.407 Thread 0x00000000218d0800 Exception <a 'java/lang/NoSuchMethodError'{0x000000008ff60a00}: 'java.lang.Object java.lang.invoke.DirectMethodHandle$Holder.invokeStatic(java.lang.Object, java.lang.Object, java.lang.Object, java.lang.Object, java.lang.Object, java.lang.Object, java.lang.Object, java.lang.Object, java.lang.Object, java.lang.Object, java.lang.Object, java.lang.Object, java.lang.Object, java.lang.Object, java.lang.Object)'> (0x000000008ff60a00) thrown at [./src/hotspot/share/interpreter/linkResolver.cpp, line 773]
Event: 3.408 Thread 0x00000000218d0800 Exception <a 'java/lang/NoSuchMethodError'{0x000000008ff71038}: 'java.lang.Object java.lang.invoke.DirectMethodHandle$Holder.invokeStatic(java.lang.Object, java.lang.Object, java.lang.Object, java.lang.Object, java.lang.Object, java.lang.Object, java.lang.Object, java.lang.Object, java.lang.Object, java.lang.Object, java.lang.Object, java.lang.Object, java.lang.Object, java.lang.Object, java.lang.Object, java.lang.Object)'> (0x000000008ff71038) thrown at [./src/hotspot/share/interpreter/linkResolver.cpp, l
Event: 3.408 Thread 0x00000000218d0800 Exception <a 'java/lang/NoSuchMethodError'{0x000000008ff81580}: 'java.lang.Object java.lang.invoke.DelegatingMethodHandle$Holder.reinvoke_L(java.lang.Object, java.lang.Object, java.lang.Object, java.lang.Object, java.lang.Object, java.lang.Object, java.lang.Object, java.lang.Object, java.lang.Object, java.lang.Object, java.lang.Object, java.lang.Object, java.lang.Object, java.lang.Object, java.lang.Object, java.lang.Object, java.lang.Object, java.lang.Object, java.lang.Object, java.lang.Object)'> (0x000000
Event: 3.432 Thread 0x00000000218d0800 Exception <a 'java/lang/IncompatibleClassChangeError'{0x000000008fb6c318}: Found class java.lang.Object, but interface was expected> (0x000000008fb6c318) thrown at [./src/hotspot/share/interpreter/linkResolver.cpp, line 839]
Event: 3.493 Thread 0x00000000218d0800 Exception <a 'java/lang/NoSuchMethodError'{0x000000008f3e71c0}: 'int java.lang.invoke.DirectMethodHandle$Holder.invokeStaticInit(java.lang.Object)'> (0x000000008f3e71c0) thrown at [./src/hotspot/share/interpreter/linkResolver.cpp, line 773]
Event: 5.107 Thread 0x00000000218d0800 Exception <a 'java/lang/NoSuchMethodError'{0x000000008e504c20}: 'void java.lang.invoke.DirectMethodHandle$Holder.invokeStatic(java.lang.Object, java.lang.Object, java.lang.Object, int, java.lang.Object)'> (0x000000008e504c20) thrown at [./src/hotspot/share/interpreter/linkResolver.cpp, line 773]
Event: 16.301 Thread 0x00000000218d0800 Exception <a 'java/lang/ClassNotFoundException'{0x000000008c46b2b8}: build_bpoc3qqzobsnb3uszo1yeculuBeanInfo> (0x000000008c46b2b8) thrown at [./src/hotspot/share/classfile/systemDictionary.cpp, line 231]
Event: 16.302 Thread 0x00000000218d0800 Exception <a 'java/lang/ClassNotFoundException'{0x000000008c476180}: build_bpoc3qqzobsnb3uszo1yeculuCustomizer> (0x000000008c476180) thrown at [./src/hotspot/share/classfile/systemDictionary.cpp, line 231]
Event: 16.336 Thread 0x00000000218d0800 Exception <a 'java/lang/OutOfMemoryError'{0x000000008c235df0}> (0x000000008c235df0) thrown at [./src/hotspot/share/prims/jni.cpp, line 636]
Event: 16.336 Thread 0x00000000218d0800 Exception <a 'java/lang/OutOfMemoryError'{0x000000008c235df0}> (0x000000008c235df0) thrown at [./src/hotspot/share/prims/jvm.cpp, line 1310]
Event: 16.336 Thread 0x00000000218d0800 Exception <a 'java/lang/OutOfMemoryError'{0x000000008c235df0}> (0x000000008c235df0) thrown at [./src/hotspot/share/prims/jvm.cpp, line 1310]
Event: 16.336 Thread 0x00000000218d0800 Exception <a 'java/lang/OutOfMemoryError'{0x000000008c235df0}> (0x000000008c235df0) thrown at [./src/hotspot/share/prims/jvm.cpp, line 1310]
Event: 16.336 Thread 0x00000000218d0800 Exception <a 'java/lang/OutOfMemoryError'{0x000000008c235df0}> (0x000000008c235df0) thrown at [./src/hotspot/share/prims/jvm.cpp, line 1310]
Event: 16.338 Thread 0x00000000218d0800 Exception <a 'java/lang/NoSuchMethodError'{0x000000008c25f870}: 'long java.lang.invoke.DirectMethodHandle$Holder.invokeVirtual(java.lang.Object, java.lang.Object)'> (0x000000008c25f870) thrown at [./src/hotspot/share/interpreter/linkResolver.cpp, line 773]

Events (20 events):
Event: 16.336 loading class java/util/zip/DataFormatException done
Event: 16.336 loading class org/apache/groovy/internal/util/UncheckedThrow
Event: 16.336 loading class org/apache/groovy/internal/util/UncheckedThrow done
Event: 16.337 loading class org/gradle/internal/exceptions/DefaultMultiCauseException$1
Event: 16.337 loading class org/gradle/internal/exceptions/DefaultMultiCauseException$1 done
Event: 16.337 loading class org/gradle/configuration/project/LifecycleProjectEvaluator$NotifyAfterEvaluate
Event: 16.337 loading class org/gradle/configuration/project/LifecycleProjectEvaluator$NotifyAfterEvaluate done
Event: 16.337 loading class org/gradle/configuration/project/NotifyProjectAfterEvaluatedBuildOperationType$DetailsImpl
Event: 16.337 loading class org/gradle/configuration/project/NotifyProjectAfterEvaluatedBuildOperationType$DetailsImpl done
Event: 16.337 loading class org/gradle/configuration/project/NotifyProjectAfterEvaluatedBuildOperationType$Details
Event: 16.337 loading class org/gradle/configuration/project/NotifyProjectAfterEvaluatedBuildOperationType$Details done
Event: 16.337 loading class org/gradle/configuration/project/LifecycleProjectEvaluator$NotifyAfterEvaluate$1
Event: 16.337 loading class org/gradle/configuration/project/LifecycleProjectEvaluator$NotifyAfterEvaluate$1 done
Event: 16.338 loading class org/gradle/configuration/project/NotifyProjectAfterEvaluatedBuildOperationType
Event: 16.338 loading class org/gradle/configuration/project/NotifyProjectAfterEvaluatedBuildOperationType done
Event: 16.338 loading class org/gradle/configuration/project/NotifyProjectAfterEvaluatedBuildOperationType$Result
Event: 16.338 loading class org/gradle/configuration/project/NotifyProjectAfterEvaluatedBuildOperationType$Result done
Event: 16.338 loading class org/gradle/configuration/project/NotifyProjectAfterEvaluatedBuildOperationType$1
Event: 16.338 loading class org/gradle/configuration/project/NotifyProjectAfterEvaluatedBuildOperationType$1 done
Event: 16.338 Executing VM operation: CollectForMetadataAllocation


Dynamic libraries:
0x000000013f1a0000 - 0x000000013f1aa000 	E:\android\jre\bin\java.exe
0x0000000076ea0000 - 0x000000007704a000 	C:\Windows\SYSTEM32\ntdll.dll
0x0000000076c80000 - 0x0000000076d9f000 	C:\Windows\system32\kernel32.dll
0x000007fefcd60000 - 0x000007fefcdcb000 	C:\Windows\system32\KERNELBASE.dll
0x000007feeb890000 - 0x000007feeb910000 	C:\Windows\AppPatch\apppatch64\ummon.dll
0x000007fefeb90000 - 0x000007fefec6b000 	C:\Windows\system32\ADVAPI32.dll
0x000007fefe9b0000 - 0x000007fefea4f000 	C:\Windows\system32\msvcrt.dll
0x000007fefe7e0000 - 0x000007fefe7ff000 	C:\Windows\SYSTEM32\sechost.dll
0x000007fefe800000 - 0x000007fefe92d000 	C:\Windows\system32\RPCRT4.dll
0x0000000076da0000 - 0x0000000076e9a000 	C:\Windows\system32\USER32.dll
0x000007fefd590000 - 0x000007fefd5f7000 	C:\Windows\system32\GDI32.dll
0x000007fefd490000 - 0x000007fefd49e000 	C:\Windows\system32\LPK.dll
0x000007fefd600000 - 0x000007fefd6ca000 	C:\Windows\system32\USP10.dll
0x000007fefef40000 - 0x000007feff143000 	C:\Windows\system32\ole32.dll
0x000007fefeab0000 - 0x000007fefeb87000 	C:\Windows\system32\OLEAUT32.dll
0x000007fefce30000 - 0x000007fefcf9d000 	C:\Windows\system32\CRYPT32.dll
0x000007fefcc30000 - 0x000007fefcc3f000 	C:\Windows\system32\MSASN1.dll
0x000007fee4c60000 - 0x000007fee4c79000 	E:\android\jre\bin\jli.dll
0x000007fefaf90000 - 0x000007fefb184000 	C:\Windows\WinSxS\amd64_microsoft.windows.common-controls_6595b64144ccf1df_6.0.7601.18837_none_fa3b1e3d17594757\COMCTL32.dll
0x000007fefe930000 - 0x000007fefe9a1000 	C:\Windows\system32\SHLWAPI.dll
0x000007fee4c40000 - 0x000007fee4c57000 	E:\android\jre\bin\VCRUNTIME140.dll
0x000007feef480000 - 0x000007feef484000 	C:\Windows\system32\api-ms-win-crt-runtime-l1-1-0.dll
0x000007feef380000 - 0x000007feef472000 	C:\Windows\system32\ucrtbase.DLL
0x000007feef370000 - 0x000007feef373000 	C:\Windows\system32\api-ms-win-core-timezone-l1-1-0.dll
0x000007feef360000 - 0x000007feef363000 	C:\Windows\system32\api-ms-win-core-file-l2-1-0.dll
0x000007feef350000 - 0x000007feef353000 	C:\Windows\system32\api-ms-win-core-localization-l1-2-0.dll
0x000007fefbcb0000 - 0x000007fefbcb3000 	C:\Windows\system32\api-ms-win-core-synch-l1-2-0.dll
0x000007feef1a0000 - 0x000007feef1a3000 	C:\Windows\system32\api-ms-win-core-processthreads-l1-1-1.dll
0x000007feef340000 - 0x000007feef343000 	C:\Windows\system32\api-ms-win-core-file-l1-2-0.dll
0x000007feef320000 - 0x000007feef324000 	C:\Windows\system32\api-ms-win-crt-string-l1-1-0.dll
0x000007feef330000 - 0x000007feef333000 	C:\Windows\system32\api-ms-win-crt-heap-l1-1-0.dll
0x000007feef310000 - 0x000007feef314000 	C:\Windows\system32\api-ms-win-crt-stdio-l1-1-0.dll
0x000007feef300000 - 0x000007feef304000 	C:\Windows\system32\api-ms-win-crt-convert-l1-1-0.dll
0x000007feef2c0000 - 0x000007feef2c3000 	C:\Windows\system32\api-ms-win-crt-environment-l1-1-0.dll
0x000007feef2d0000 - 0x000007feef2d3000 	C:\Windows\system32\api-ms-win-crt-filesystem-l1-1-0.dll
0x000007fef86b0000 - 0x000007fef86b5000 	C:\Windows\system32\api-ms-win-crt-math-l1-1-0.dll
0x000007feecef0000 - 0x000007feecef3000 	C:\Windows\system32\api-ms-win-crt-locale-l1-1-0.dll
0x000007feff150000 - 0x000007feff17e000 	C:\Windows\system32\IMM32.DLL
0x000007fefd6d0000 - 0x000007fefd7d9000 	C:\Windows\system32\MSCTF.dll
0x000007fee2a70000 - 0x000007fee2b0d000 	E:\android\jre\bin\msvcp140.dll
0x000007feec990000 - 0x000007feec995000 	C:\Windows\system32\api-ms-win-crt-multibyte-l1-1-0.dll
0x000007feef2f0000 - 0x000007feef2f3000 	C:\Windows\system32\api-ms-win-crt-time-l1-1-0.dll
0x000007feef2e0000 - 0x000007feef2e3000 	C:\Windows\system32\api-ms-win-crt-utility-l1-1-0.dll
0x000007fedfdb0000 - 0x000007fee0885000 	E:\android\jre\bin\server\jvm.dll
0x000007feef150000 - 0x000007feef159000 	C:\Windows\system32\WSOCK32.dll
0x000007fefd540000 - 0x000007fefd58d000 	C:\Windows\system32\WS2_32.dll
0x000007fefd7e0000 - 0x000007fefd7e8000 	C:\Windows\system32\NSI.dll
0x000007fefa7a0000 - 0x000007fefa7db000 	C:\Windows\system32\WINMM.dll
0x000007fefbbb0000 - 0x000007fefbbbc000 	C:\Windows\system32\VERSION.dll
0x0000000077070000 - 0x0000000077077000 	C:\Windows\system32\PSAPI.DLL
0x000007feefc80000 - 0x000007feefc91000 	E:\android\jre\bin\verify.dll
0x000007fef4320000 - 0x000007fef4445000 	C:\Windows\system32\DBGHELP.DLL
0x000007feece20000 - 0x000007feece49000 	E:\android\jre\bin\java.dll
0x000007fefa530000 - 0x000007fefa53b000 	E:\android\jre\bin\jimage.dll
0x000007feefca0000 - 0x000007feefcb8000 	E:\android\jre\bin\zip.dll
0x000007fefd7f0000 - 0x000007fefe57a000 	C:\Windows\system32\SHELL32.dll
0x000007fefcc20000 - 0x000007fefcc2f000 	C:\Windows\system32\profapi.dll
0x000007feece60000 - 0x000007feece7a000 	E:\android\jre\bin\net.dll
0x000007fef44c0000 - 0x000007fef4531000 	C:\Windows\system32\WINHTTP.dll
0x000007fef4450000 - 0x000007fef44b4000 	C:\Windows\system32\webio.dll
0x000007fefc400000 - 0x000007fefc455000 	C:\Windows\system32\mswsock.dll
0x000007fefc3f0000 - 0x000007fefc3f7000 	C:\Windows\System32\wship6.dll
0x000007feece00000 - 0x000007feece14000 	E:\android\jre\bin\nio.dll
0x000007fee4d40000 - 0x000007fee4d67000 	C:\Users\Vlad\.gradle\native\8bec1ad78214c89d9ad589b4d07fe93259594b29d510b10fafb7a158f7737e5d\windows-amd64\native-platform.dll
0x000007fedb1c0000 - 0x000007fedb2fd000 	C:\Users\Vlad\.gradle\native\53dbd7edfb1c66fb8903c78663c9afc45aea4f116125fa6feffd364cf09443e8\windows-amd64\native-platform-file-events.dll
0x000007fef24e0000 - 0x000007fef24ea000 	E:\android\jre\bin\management.dll
0x000007fef4300000 - 0x000007fef430d000 	E:\android\jre\bin\management_ext.dll
0x000007fefc460000 - 0x000007fefc478000 	C:\Windows\system32\CRYPTSP.dll
0x000007fefc160000 - 0x000007fefc1a7000 	C:\Windows\system32\rsaenh.dll
0x000007fefcfc0000 - 0x000007fefcfde000 	C:\Windows\system32\USERENV.dll
0x000007fefcac0000 - 0x000007fefcacf000 	C:\Windows\system32\CRYPTBASE.dll
0x000007fef9130000 - 0x000007fef9157000 	C:\Windows\system32\IPHLPAPI.DLL
0x000007fef9120000 - 0x000007fef912b000 	C:\Windows\system32\WINNSI.DLL
0x000007fefa7e0000 - 0x000007fefa7f1000 	C:\Windows\system32\dhcpcsvc6.DLL
0x000007fefa610000 - 0x000007fefa628000 	C:\Windows\system32\dhcpcsvc.DLL

dbghelp: loaded successfully - version: 4.0.5 - missing functions: none
symbol engine: initialized successfully - sym options: 0x614 - pdb path: .;E:\android\jre\bin;C:\Windows\SYSTEM32;C:\Windows\AppPatch\apppatch64;C:\Windows\WinSxS\amd64_microsoft.windows.common-controls_6595b64144ccf1df_6.0.7601.18837_none_fa3b1e3d17594757;E:\android\jre\bin\server;C:\Users\Vlad\.gradle\native\8bec1ad78214c89d9ad589b4d07fe93259594b29d510b10fafb7a158f7737e5d\windows-amd64;C:\Users\Vlad\.gradle\native\53dbd7edfb1c66fb8903c78663c9afc45aea4f116125fa6feffd364cf09443e8\windows-amd64

VM Arguments:
jvm_args: --add-opens=java.base/java.util=ALL-UNNAMED --add-opens=java.base/java.lang=ALL-UNNAMED --add-opens=java.base/java.lang.invoke=ALL-UNNAMED --add-opens=java.base/java.util=ALL-UNNAMED --add-opens=java.prefs/java.util.prefs=ALL-UNNAMED --add-opens=java.prefs/java.util.prefs=ALL-UNNAMED --add-opens=java.base/java.nio.charset=ALL-UNNAMED --add-opens=java.base/java.net=ALL-UNNAMED --add-opens=java.base/java.util.concurrent.atomic=ALL-UNNAMED -Xmx2048m -Dfile.encoding=UTF-8 -Duser.country=RU -Duser.language=ru -Duser.variant 
java_command: org.gradle.launcher.daemon.bootstrap.GradleDaemon 7.0.2
java_class_path (initial): C:\Users\Vlad\.gradle\wrapper\dists\gradle-7.0.2-bin\857tjihv64xamwrf0h14cai3r\gradle-7.0.2\lib\gradle-launcher-7.0.2.jar
Launcher Type: SUN_STANDARD

[Global flags]
     intx CICompilerCount                          = 3                                         {product} {ergonomic}
     uint ConcGCThreads                            = 2                                         {product} {ergonomic}
     uint G1ConcRefinementThreads                  = 6                                         {product} {ergonomic}
   size_t G1HeapRegionSize                         = 1048576                                   {product} {ergonomic}
    uintx GCDrainStackTargetSize                   = 64                                        {product} {ergonomic}
   size_t InitialHeapSize                          = 268435456                                 {product} {ergonomic}
   size_t MarkStackSize                            = 4194304                                   {product} {ergonomic}
   size_t MaxHeapSize                              = 2147483648                                {product} {command line}
   size_t MaxNewSize                               = 1287651328                                {product} {ergonomic}
   size_t MinHeapDeltaBytes                        = 1048576                                   {product} {ergonomic}
    uintx NonNMethodCodeHeapSize                   = 5830732                                {pd product} {ergonomic}
    uintx NonProfiledCodeHeapSize                  = 122913754                              {pd product} {ergonomic}
    uintx ProfiledCodeHeapSize                     = 122913754                              {pd product} {ergonomic}
    uintx ReservedCodeCacheSize                    = 251658240                              {pd product} {ergonomic}
     bool SegmentedCodeCache                       = true                                      {product} {ergonomic}
     bool UseCompressedClassPointers               = true                                 {lp64_product} {ergonomic}
     bool UseCompressedOops                        = true                                 {lp64_product} {ergonomic}
     bool UseG1GC                                  = true                                      {product} {ergonomic}
     bool UseLargePagesIndividualAllocation        = false                                  {pd product} {ergonomic}

Logging:
Log output configuration:
 #0: stdout all=warning uptime,level,tags
 #1: stderr all=off uptime,level,tags

Environment Variables:
JAVA_HOME=C:\Program Files\Java\jdk-11
PATH=C:\Program Files\Python38\Scripts\;C:\Program Files\Python38\;C:\Python27\;C:\Python27\Scripts;C:\Program Files (x86)\Common Files\Oracle\Java\javapath;C:\ProgramData\Oracle\Java\javapath;C:\Windows\system32;C:\Windows;C:\Windows\System32\Wbem;C:\Windows\System32\WindowsPowerShell\v1.0\;c:\php;C:\Program Files\Common Files\Autodesk Shared\;C:\Program Files (x86)\Common Files\Acronis\SnapAPI\;C:\Program Files\LuxRender;c:\Program Files\Java\jdk1.8.0_60\bin;C:\Program Files (x86)\NVIDIA Corporation\PhysX\Common;C:\Program Files (x86)\OpenSSH\bin;%LUXRENDER_ROOT%;c:\Program Files\Java\jdk-10.0.1\bin;C:\Program Files\Git\cmd;C:\Program Files\PostgreSQL\9.5\bin;C:\ProgramData\ComposerSetup\bin;C:\Program Files (x86)\GnuWin32\bin;C:\Program Files (x86)\Kaspersky Lab\Endpoint Agent\;C:\Program Files\PuTTY\;C:\Users\Vlad\AppData\Roaming\nvm;C:\Program Files\nodejs;C:\Program Files (x86)\EOS\PB10DK\;C:\Users\Vlad\AppData\Local\Programs\Microsoft VS Code\bin;E:\IntelliJ\bin;C:\Users\Vlad\AppData\Roaming\nvm;C:\Hugo\bin;C:\Users\Vlad\AppData\Roaming\Composer\vendor\bin;C:\Program Files (x86)\GnuWin32\bin;C:\Users\Vlad\yandex-cloud\bin;C:\Users\Vlad\AppData\Roaming\npm;C:\Users\Vlad\AppData\Roaming\nvm;C:\Program Files\nodejs;E:\IntelliJ IDEA 2023.2.1\bin;
USERNAME=Vlad
OS=Windows_NT
PROCESSOR_IDENTIFIER=Intel64 Family 6 Model 158 Stepping 13, GenuineIntel



---------------  S Y S T E M  ---------------

OS: Windows 7 , 64 bit Build 7601 (6.1.7601.19135)
OS uptime: 3 days 20:14 hours

CPU:total 6 (initial active 6) (6 cores per cpu, 1 threads per core) family 6 model 158 stepping 13 microcode 0x0, cmov, cx8, fxsr, mmx, sse, sse2, sse3, ssse3, sse4.1, sse4.2, popcnt, avx, avx2, aes, clmul, erms, rtm, 3dnowpref, lzcnt, tsc, tscinvbit, bmi1, bmi2, adx, fma

Memory: 4k page, system-wide physical 16313M (1088M free)
TotalPageFile size 20311M (AvailPageFile size 4M)
current process WorkingSet (physical memory assigned to process): 317M, peak: 338M
current process commit charge ("private bytes"): 453M, peak: 468M

vm_info: OpenJDK 64-Bit Server VM (11.0.11+9-b60-7590822) for windows-amd64 JRE (11.0.11+9-b60-7590822), built on Jul 29 2021 21:43:44 by "builder" with MS VC++ 14.0 (VS2015)

END.
