#
# There is insufficient memory for the Java Runtime Environment to continue.
# Native memory allocation (malloc) failed to allocate 889616 bytes for Chunk::new
# Possible reasons:
#   The system is out of physical RAM or swap space
#   The process is running with CompressedOops enabled, and the Java Heap may be blocking the growth of the native heap
# Possible solutions:
#   Reduce memory load on the system
#   Increase physical memory or swap space
#   Check if swap backing store is full
#   Decrease Java heap size (-Xmx/-Xms)
#   Decrease number of Java threads
#   Decrease Java thread stack sizes (-Xss)
#   Set larger code cache with -XX:ReservedCodeCacheSize=
#   JVM is running with Unscaled Compressed Oops mode in which the Java heap is
#     placed in the first 4GB address space. The Java Heap base address is the
#     maximum limit for the native heap growth. Please use -XX:HeapBaseMinAddress
#     to set the Java Heap base and to place the Java Heap above 4GB virtual address.
# This output file may be truncated or incomplete.
#
#  Out of Memory Error (./src/hotspot/share/memory/arena.cpp:197), pid=9536, tid=11844
#
# JRE version: OpenJDK Runtime Environment (11.0.11+9) (build 11.0.11+9-b60-7590822)
# Java VM: OpenJDK 64-Bit Server VM (11.0.11+9-b60-7590822, mixed mode, tiered, compressed oops, g1 gc, windows-amd64)
# No core dump will be written. Minidumps are not enabled by default on client versions of Windows
#

---------------  S U M M A R Y ------------

Command Line: --add-opens=java.base/java.util=ALL-UNNAMED --add-opens=java.base/java.lang=ALL-UNNAMED --add-opens=java.base/java.lang.invoke=ALL-UNNAMED --add-opens=java.base/java.util=ALL-UNNAMED --add-opens=java.prefs/java.util.prefs=ALL-UNNAMED --add-opens=java.prefs/java.util.prefs=ALL-UNNAMED --add-opens=java.base/java.nio.charset=ALL-UNNAMED --add-opens=java.base/java.net=ALL-UNNAMED --add-opens=java.base/java.util.concurrent.atomic=ALL-UNNAMED -Xmx2048m -Dfile.encoding=UTF-8 -Duser.country=RU -Duser.language=ru -Duser.variant org.gradle.launcher.daemon.bootstrap.GradleDaemon 7.0.2

Host: Intel(R) Core(TM) i5-9600KF CPU @ 3.70GHz, 6 cores, 15G,  Windows 7 , 64 bit Build 7601 (6.1.7601.19135)
Time: Mon Oct  9 14:16:52 2023 RTZ 2 (ceia) elapsed time: 4575.549510 seconds (0d 1h 16m 15s)

---------------  T H R E A D  ---------------

Current thread (0x000000001d6f3800):  JavaThread "C2 CompilerThread0" daemon [_thread_in_native, id=11844, stack(0x000000001e860000,0x000000001e960000)]


Current CompileTask:
C2:4575549 31309       4       java.net.URI$Parser::parse (243 bytes)

Stack: [0x000000001e860000,0x000000001e960000]
Native frames: (J=compiled Java code, j=interpreted, Vv=VM code, C=native code)
V  [jvm.dll+0x5f214a]
V  [jvm.dll+0x726fb5]
V  [jvm.dll+0x7285cd]
V  [jvm.dll+0x728c83]
V  [jvm.dll+0x243278]
V  [jvm.dll+0xbc53c]
V  [jvm.dll+0xbca3c]
V  [jvm.dll+0x2b5c34]
V  [jvm.dll+0x508488]
V  [jvm.dll+0x203d53]
V  [jvm.dll+0x1fdbac]
V  [jvm.dll+0x1fb35f]
V  [jvm.dll+0x183d6c]
V  [jvm.dll+0x209a57]
V  [jvm.dll+0x2082a1]
V  [jvm.dll+0x6ef58f]
V  [jvm.dll+0x6e80b5]
V  [jvm.dll+0x5f1036]
C  [ucrtbase.DLL+0x682dd]
C  [kernel32.dll+0x159ed]
C  [ntdll.dll+0x2b371]


---------------  P R O C E S S  ---------------

Threads class SMR info:
_java_thread_list=0x000000002c0a1320, length=64, elements={
0x0000000000162800, 0x000000001d6c4800, 0x000000001d6c7800, 0x000000001d6e5000,
0x000000001d6e8000, 0x000000001d6ee000, 0x000000001d6f3800, 0x000000001d6f5800,
0x000000001ea98800, 0x000000001ec65800, 0x00000000209cc000, 0x000000002195e000,
0x0000000022f3b800, 0x0000000021c36800, 0x0000000021c37000, 0x0000000021c38000,
0x0000000021c39800, 0x0000000021c3a800, 0x000000002383f800, 0x0000000023841000,
0x0000000023842000, 0x0000000023844800, 0x000000002354e000, 0x0000000025a0c000,
0x0000000025a0d000, 0x0000000025a0d800, 0x0000000025a0f800, 0x000000001f897000,
0x000000001f899000, 0x000000001f899800, 0x000000001f89a800, 0x000000002ee00000,
0x000000001f360000, 0x000000001f35e800, 0x000000001f361000, 0x000000001f35f000,
0x000000001f35d800, 0x000000001f35a800, 0x000000001f35c800, 0x000000001f35c000,
0x000000001f35b000, 0x0000000023550800, 0x0000000023553000, 0x000000002354f800,
0x000000002354f000, 0x0000000023553800, 0x000000002354d000, 0x0000000023551000,
0x0000000025817800, 0x0000000025818800, 0x000000002581b000, 0x0000000025817000,
0x000000002581b800, 0x000000002581c800, 0x0000000025816000, 0x000000001f898000,
0x000000001f89b000, 0x000000001f89d000, 0x000000001f89c000, 0x0000000023552000,
0x0000000021c3c000, 0x0000000021c35800, 0x0000000021c3b000, 0x0000000021c39000
}

Java Threads: ( => current thread )
  0x0000000000162800 JavaThread "main" [_thread_blocked, id=12348, stack(0x0000000002070000,0x0000000002170000)]
  0x000000001d6c4800 JavaThread "Reference Handler" daemon [_thread_blocked, id=9052, stack(0x000000001e240000,0x000000001e340000)]
  0x000000001d6c7800 JavaThread "Finalizer" daemon [_thread_blocked, id=9388, stack(0x000000001df30000,0x000000001e030000)]
  0x000000001d6e5000 JavaThread "Signal Dispatcher" daemon [_thread_blocked, id=12576, stack(0x000000001e470000,0x000000001e570000)]
  0x000000001d6e8000 JavaThread "Attach Listener" daemon [_thread_blocked, id=10736, stack(0x000000001e580000,0x000000001e680000)]
  0x000000001d6ee000 JavaThread "Service Thread" daemon [_thread_blocked, id=3964, stack(0x000000001e690000,0x000000001e790000)]
=>0x000000001d6f3800 JavaThread "C2 CompilerThread0" daemon [_thread_in_native, id=11844, stack(0x000000001e860000,0x000000001e960000)]
  0x000000001d6f5800 JavaThread "C1 CompilerThread0" daemon [_thread_blocked, id=10180, stack(0x000000001e990000,0x000000001ea90000)]
  0x000000001ea98800 JavaThread "Sweeper thread" daemon [_thread_blocked, id=9412, stack(0x000000001eea0000,0x000000001efa0000)]
  0x000000001ec65800 JavaThread "Common-Cleaner" daemon [_thread_blocked, id=7708, stack(0x000000001efd0000,0x000000001f0d0000)]
  0x00000000209cc000 JavaThread "Daemon health stats" [_thread_blocked, id=10896, stack(0x0000000022730000,0x0000000022830000)]
  0x000000002195e000 JavaThread "Incoming local TCP Connector on port 52598" [_thread_in_native, id=11796, stack(0x0000000023f90000,0x0000000024090000)]
  0x0000000022f3b800 JavaThread "Daemon periodic checks" [_thread_blocked, id=11528, stack(0x000000001fb40000,0x000000001fc40000)]
  0x0000000021c36800 JavaThread "Cache worker for file hash cache (C:\Users\Vlad\.gradle\caches\7.0.2\fileHashes)" [_thread_blocked, id=11536, stack(0x00000000243c0000,0x00000000244c0000)]
  0x0000000021c37000 JavaThread "File lock request listener" [_thread_in_native, id=6620, stack(0x0000000024900000,0x0000000024a00000)]
  0x0000000021c38000 JavaThread "Cache worker for journal cache (C:\Users\Vlad\.gradle\caches\journal-1)" [_thread_blocked, id=6964, stack(0x0000000024e20000,0x0000000024f20000)]
  0x0000000021c39800 JavaThread "File watcher server" daemon [_thread_in_native, id=10676, stack(0x0000000026820000,0x0000000026920000)]
  0x0000000021c3a800 JavaThread "File watcher consumer" daemon [_thread_blocked, id=4168, stack(0x0000000026a10000,0x0000000026b10000)]
  0x000000002383f800 JavaThread "Cache worker for execution history cache (C:\Users\Vlad\.gradle\caches\7.0.2\executionHistory)" [_thread_blocked, id=9728, stack(0x0000000026d80000,0x0000000026e80000)]
  0x0000000023841000 JavaThread "jar transforms" [_thread_blocked, id=5552, stack(0x0000000027570000,0x0000000027670000)]
  0x0000000023842000 JavaThread "Cache worker for file content cache (C:\Users\Vlad\.gradle\caches\7.0.2\fileContent)" [_thread_blocked, id=10244, stack(0x00000000278e0000,0x00000000279e0000)]
  0x0000000023844800 JavaThread "jar transforms Thread 2" [_thread_blocked, id=6220, stack(0x0000000027b70000,0x0000000027c70000)]
  0x000000002354e000 JavaThread "jar transforms Thread 3" [_thread_blocked, id=7100, stack(0x0000000029180000,0x0000000029280000)]
  0x0000000025a0c000 JavaThread "jar transforms Thread 4" [_thread_blocked, id=9792, stack(0x000000002a150000,0x000000002a250000)]
  0x0000000025a0d000 JavaThread "jar transforms Thread 5" [_thread_blocked, id=12000, stack(0x0000000029f00000,0x000000002a000000)]
  0x0000000025a0d800 JavaThread "jar transforms Thread 6" [_thread_blocked, id=1520, stack(0x000000002a2c0000,0x000000002a3c0000)]
  0x0000000025a0f800 JavaThread "Memory manager" [_thread_blocked, id=4692, stack(0x000000002ae70000,0x000000002af70000)]
  0x000000001f897000 JavaThread "RMI Scheduler(0)" daemon [_thread_blocked, id=7292, stack(0x0000000030570000,0x0000000030670000)]
  0x000000001f899000 JavaThread "RMI GC Daemon" daemon [_thread_blocked, id=10160, stack(0x0000000030220000,0x0000000030320000)]
  0x000000001f899800 JavaThread "RMI TCP Accept-0" daemon [_thread_in_native, id=2676, stack(0x0000000030c40000,0x0000000030d40000)]
  0x000000001f89a800 JavaThread "RMI Reaper" [_thread_blocked, id=12592, stack(0x0000000030e70000,0x0000000030f70000)]
  0x000000002ee00000 JavaThread "Cache worker for Java compile cache (C:\Users\Vlad\.gradle\caches\7.0.2\javaCompile)" [_thread_blocked, id=11772, stack(0x00000000344e0000,0x00000000345e0000)]
  0x000000001f360000 JavaThread "ForkJoinPool.commonPool-worker-5" daemon [_thread_blocked, id=9824, stack(0x0000000036610000,0x0000000036710000)]
  0x000000001f35e800 JavaThread "Daemon Thread 7" [_thread_blocked, id=12172, stack(0x0000000023ca0000,0x0000000023da0000)]
  0x000000001f361000 JavaThread "Handler for socket connection from /127.0.0.1:52598 to /127.0.0.1:55025" [_thread_in_native, id=11784, stack(0x00000000240a0000,0x00000000241a0000)]
  0x000000001f35f000 JavaThread "Cancel handler" [_thread_blocked, id=11460, stack(0x00000000242c0000,0x00000000243c0000)]
  0x000000001f35d800 JavaThread "Daemon worker Thread 7" [_thread_blocked, id=1756, stack(0x0000000021320000,0x0000000021420000)]
  0x000000001f35a800 JavaThread "Asynchronous log dispatcher for DefaultDaemonConnection: socket connection from /127.0.0.1:52598 to /127.0.0.1:55025" [_thread_blocked, id=6272, stack(0x0000000024580000,0x0000000024680000)]
  0x000000001f35c800 JavaThread "Stdin handler" [_thread_blocked, id=11724, stack(0x0000000025120000,0x0000000025220000)]
  0x000000001f35c000 JavaThread "Daemon client event forwarder" [_thread_blocked, id=3780, stack(0x0000000025220000,0x0000000025320000)]
  0x000000001f35b000 JavaThread "Cache worker for file hash cache (E:\workspace\time manager\.gradle\7.0.2\fileHashes)" [_thread_blocked, id=9892, stack(0x0000000026430000,0x0000000026530000)]
  0x0000000023550800 JavaThread "Cache worker for checksums cache (E:\workspace\time manager\.gradle\checksums)" [_thread_blocked, id=10820, stack(0x00000000279e0000,0x0000000027ae0000)]
  0x0000000023553000 JavaThread "Cache worker for cache directory md-supplier (C:\Users\Vlad\.gradle\caches\7.0.2\md-supplier)" [_thread_blocked, id=12960, stack(0x0000000029560000,0x0000000029660000)]
  0x000000002354f800 JavaThread "Cache worker for cache directory md-rule (C:\Users\Vlad\.gradle\caches\7.0.2\md-rule)" [_thread_blocked, id=9860, stack(0x0000000029870000,0x0000000029970000)]
  0x000000002354f000 JavaThread "Cache worker for dependencies-accessors (E:\workspace\time manager\.gradle\7.0.2\dependencies-accessors)" [_thread_blocked, id=12192, stack(0x0000000029a50000,0x0000000029b50000)]
  0x0000000023553800 JavaThread "Cache worker for Build Output Cleanup Cache (E:\workspace\time manager\.gradle\buildOutputCleanup)" [_thread_blocked, id=13300, stack(0x000000001f120000,0x000000001f220000)]
  0x000000002354d000 JavaThread "Build operations" [_thread_blocked, id=5144, stack(0x000000002a050000,0x000000002a150000)]
  0x0000000023551000 JavaThread "Build operations Thread 2" [_thread_blocked, id=7416, stack(0x000000002cd20000,0x000000002ce20000)]
  0x0000000025817800 JavaThread "Build operations Thread 3" [_thread_blocked, id=7408, stack(0x0000000027e80000,0x0000000027f80000)]
  0x0000000025818800 JavaThread "Build operations Thread 4" [_thread_blocked, id=9400, stack(0x000000002b7a0000,0x000000002b8a0000)]
  0x000000002581b000 JavaThread "Build operations Thread 5" [_thread_blocked, id=12212, stack(0x000000002d770000,0x000000002d870000)]
  0x0000000025817000 JavaThread "Build operations Thread 6" [_thread_blocked, id=4072, stack(0x000000002d670000,0x000000002d770000)]
  0x000000002581b800 JavaThread "build event listener" [_thread_blocked, id=13060, stack(0x000000002e570000,0x000000002e670000)]
  0x000000002581c800 JavaThread "Execution worker for ':'" [_thread_blocked, id=10716, stack(0x000000002de10000,0x000000002df10000)]
  0x0000000025816000 JavaThread "Execution worker for ':' Thread 2" [_thread_blocked, id=11228, stack(0x0000000030670000,0x0000000030770000)]
  0x000000001f898000 JavaThread "Execution worker for ':' Thread 3" [_thread_blocked, id=12916, stack(0x000000002eb80000,0x000000002ec80000)]
  0x000000001f89b000 JavaThread "Execution worker for ':' Thread 4" [_thread_blocked, id=8596, stack(0x000000002e150000,0x000000002e250000)]
  0x000000001f89d000 JavaThread "Execution worker for ':' Thread 5" [_thread_blocked, id=10860, stack(0x0000000031810000,0x0000000031910000)]
  0x000000001f89c000 JavaThread "Cache worker for execution history cache (E:\workspace\time manager\.gradle\7.0.2\executionHistory)" [_thread_blocked, id=9756, stack(0x000000002d8a0000,0x000000002d9a0000)]
  0x0000000023552000 JavaThread "RMI RenewClean-[127.0.0.1:17463,org.jetbrains.kotlin.daemon.common.LoopbackNetworkInterface$ClientLoopbackSocketFactory@47b7aa02]" daemon [_thread_blocked, id=8492, stack(0x0000000029df0000,0x0000000029ef0000)]
  0x0000000021c3c000 JavaThread "RMI TCP Connection(37)-127.0.0.1" daemon [_thread_in_native, id=3720, stack(0x0000000030d40000,0x0000000030e40000)]
  0x0000000021c35800 JavaThread "RMI TCP Connection(38)-127.0.0.1" daemon [_thread_in_native, id=11604, stack(0x0000000032610000,0x0000000032710000)]
  0x0000000021c3b000 JavaThread "RMI TCP Connection(39)-127.0.0.1" daemon [_thread_in_native, id=10284, stack(0x0000000032d70000,0x0000000032e70000)]
  0x0000000021c39000 JavaThread "WorkerExecutor Queue" [_thread_in_native, id=10760, stack(0x0000000032e90000,0x0000000032f90000)]

Other Threads:
  0x000000001d6c0800 VMThread "VM Thread" [stack: 0x000000001e0b0000,0x000000001e1b0000] [id=2488]
  0x000000001ec89000 WatcherThread [stack: 0x000000001f240000,0x000000001f340000] [id=7148]
  0x000000000017b000 GCTaskThread "GC Thread#0" [stack: 0x00000000153d0000,0x00000000154d0000] [id=11260]
  0x00000000200af000 GCTaskThread "GC Thread#1" [stack: 0x000000001e370000,0x000000001e470000] [id=10924]
  0x00000000201aa000 GCTaskThread "GC Thread#2" [stack: 0x0000000021070000,0x0000000021170000] [id=5540]
  0x000000001fe90800 GCTaskThread "GC Thread#3" [stack: 0x0000000020f30000,0x0000000021030000] [id=2184]
  0x000000001fe91000 GCTaskThread "GC Thread#4" [stack: 0x0000000021220000,0x0000000021320000] [id=11212]
  0x00000000200a7000 GCTaskThread "GC Thread#5" [stack: 0x0000000021450000,0x0000000021550000] [id=11892]
  0x00000000001ac000 ConcurrentGCThread "G1 Main Marker" [stack: 0x000000001a6f0000,0x000000001a7f0000] [id=6072]
  0x00000000001ad000 ConcurrentGCThread "G1 Conc#0" [stack: 0x000000001a9b0000,0x000000001aab0000] [id=9144]
  0x0000000022437800 ConcurrentGCThread "G1 Conc#1" [stack: 0x0000000024d10000,0x0000000024e10000] [id=9288]
  0x000000001cecb800 ConcurrentGCThread "G1 Refine#0" [stack: 0x000000001d1d0000,0x000000001d2d0000] [id=12860]
  0x000000002c44d000 ConcurrentGCThread "G1 Refine#1" [stack: 0x00000000319e0000,0x0000000031ae0000] [id=6980]
  0x0000000022054000 ConcurrentGCThread "G1 Refine#2" [stack: 0x0000000034c30000,0x0000000034d30000] [id=9340]
  0x0000000022054800 ConcurrentGCThread "G1 Refine#3" [stack: 0x00000000347e0000,0x00000000348e0000] [id=13080]
  0x000000001cecc800 ConcurrentGCThread "G1 Young RemSet Sampling" [stack: 0x000000001d400000,0x000000001d500000] [id=5912]

Threads with active compile tasks:
C2 CompilerThread04575602 31309       4       java.net.URI$Parser::parse (243 bytes)

VM state:not at safepoint (normal execution)

VM Mutex/Monitor currently owned by a thread: None

Heap address: 0x0000000080000000, size: 2048 MB, Compressed Oops mode: 32-bit
Narrow klass base: 0x0000000000000000, Narrow klass shift: 3
Compressed class space size: 1073741824 Address: 0x000000013f4b0000

Heap:
 garbage-first heap   total 315392K, used 211175K [0x0000000080000000, 0x0000000100000000)
  region size 1024K, 84 young (86016K), 8 survivors (8192K)
 Metaspace       used 168393K, capacity 173020K, committed 174164K, reserved 1202176K
  class space    used 20244K, capacity 21968K, committed 22016K, reserved 1048576K
Heap Regions: E=young(eden), S=young(survivor), O=old, HS=humongous(starts), HC=humongous(continues), CS=collection set, F=free, A=archive, TAMS=top-at-mark-start (previous, next)
|   0|0x0000000080000000, 0x0000000080100000, 0x0000000080100000|100%| O|  |TAMS 0x0000000080100000, 0x0000000080000000| Untracked 
|   1|0x0000000080100000, 0x0000000080200000, 0x0000000080200000|100%| O|  |TAMS 0x0000000080200000, 0x0000000080100000| Untracked 
|   2|0x0000000080200000, 0x0000000080300000, 0x0000000080300000|100%| O|  |TAMS 0x0000000080300000, 0x0000000080200000| Complete 
|   3|0x0000000080300000, 0x0000000080400000, 0x0000000080400000|100%|HS|  |TAMS 0x0000000080400000, 0x0000000080300000| Complete 
|   4|0x0000000080400000, 0x0000000080500000, 0x0000000080500000|100%|HC|  |TAMS 0x0000000080500000, 0x0000000080400000| Complete 
|   5|0x0000000080500000, 0x0000000080600000, 0x0000000080600000|100%|HC|  |TAMS 0x0000000080600000, 0x0000000080500000| Complete 
|   6|0x0000000080600000, 0x0000000080700000, 0x0000000080700000|100%| O|  |TAMS 0x0000000080700000, 0x0000000080600000| Untracked 
|   7|0x0000000080700000, 0x0000000080800000, 0x0000000080800000|100%| O|  |TAMS 0x0000000080800000, 0x0000000080700000| Untracked 
|   8|0x0000000080800000, 0x0000000080900000, 0x0000000080900000|100%| O|  |TAMS 0x0000000080900000, 0x0000000080800000| Untracked 
|   9|0x0000000080900000, 0x0000000080a00000, 0x0000000080a00000|100%| O|  |TAMS 0x0000000080a00000, 0x0000000080900000| Complete 
|  10|0x0000000080a00000, 0x0000000080b00000, 0x0000000080b00000|100%| O|  |TAMS 0x0000000080b00000, 0x0000000080a00000| Complete 
|  11|0x0000000080b00000, 0x0000000080c00000, 0x0000000080c00000|100%| O|  |TAMS 0x0000000080c00000, 0x0000000080b00000| Untracked 
|  12|0x0000000080c00000, 0x0000000080d00000, 0x0000000080d00000|100%| O|  |TAMS 0x0000000080d00000, 0x0000000080c00000| Untracked 
|  13|0x0000000080d00000, 0x0000000080e00000, 0x0000000080e00000|100%| O|  |TAMS 0x0000000080e00000, 0x0000000080d00000| Untracked 
|  14|0x0000000080e00000, 0x0000000080f00000, 0x0000000080f00000|100%| O|  |TAMS 0x0000000080f00000, 0x0000000080e00000| Complete 
|  15|0x0000000080f00000, 0x0000000081000000, 0x0000000081000000|100%|HS|  |TAMS 0x0000000081000000, 0x0000000080f00000| Complete 
|  16|0x0000000081000000, 0x0000000081100000, 0x0000000081100000|100%|HS|  |TAMS 0x0000000081100000, 0x0000000081000000| Complete 
|  17|0x0000000081100000, 0x0000000081200000, 0x0000000081200000|100%|HS|  |TAMS 0x0000000081200000, 0x0000000081100000| Complete 
|  18|0x0000000081200000, 0x0000000081300000, 0x0000000081300000|100%|HS|  |TAMS 0x0000000081300000, 0x0000000081200000| Complete 
|  19|0x0000000081300000, 0x0000000081400000, 0x0000000081400000|100%|HC|  |TAMS 0x0000000081400000, 0x0000000081300000| Complete 
|  20|0x0000000081400000, 0x0000000081500000, 0x0000000081500000|100%|HC|  |TAMS 0x0000000081500000, 0x0000000081400000| Complete 
|  21|0x0000000081500000, 0x0000000081600000, 0x0000000081600000|100%|HS|  |TAMS 0x0000000081600000, 0x0000000081500000| Complete 
|  22|0x0000000081600000, 0x0000000081700000, 0x0000000081700000|100%|HC|  |TAMS 0x0000000081700000, 0x0000000081600000| Complete 
|  23|0x0000000081700000, 0x0000000081800000, 0x0000000081800000|100%| O|  |TAMS 0x0000000081800000, 0x0000000081700000| Complete 
|  24|0x0000000081800000, 0x0000000081900000, 0x0000000081900000|100%| O|  |TAMS 0x0000000081900000, 0x0000000081800000| Complete 
|  25|0x0000000081900000, 0x0000000081a00000, 0x0000000081a00000|100%| O|  |TAMS 0x0000000081a00000, 0x0000000081900000| Untracked 
|  26|0x0000000081a00000, 0x0000000081b00000, 0x0000000081b00000|100%| O|  |TAMS 0x0000000081b00000, 0x0000000081a00000| Complete 
|  27|0x0000000081b00000, 0x0000000081c00000, 0x0000000081c00000|100%| O|  |TAMS 0x0000000081c00000, 0x0000000081b00000| Complete 
|  28|0x0000000081c00000, 0x0000000081d00000, 0x0000000081d00000|100%| O|  |TAMS 0x0000000081d00000, 0x0000000081c00000| Complete 
|  29|0x0000000081d00000, 0x0000000081e00000, 0x0000000081e00000|100%| O|  |TAMS 0x0000000081e00000, 0x0000000081d00000| Untracked 
|  30|0x0000000081e00000, 0x0000000081f00000, 0x0000000081f00000|100%| O|  |TAMS 0x0000000081f00000, 0x0000000081e00000| Untracked 
|  31|0x0000000081f00000, 0x0000000082000000, 0x0000000082000000|100%| O|  |TAMS 0x0000000082000000, 0x0000000081f00000| Untracked 
|  32|0x0000000082000000, 0x0000000082100000, 0x0000000082100000|100%| O|  |TAMS 0x0000000082100000, 0x0000000082000000| Untracked 
|  33|0x0000000082100000, 0x0000000082200000, 0x0000000082200000|100%| O|  |TAMS 0x0000000082200000, 0x0000000082100000| Untracked 
|  34|0x0000000082200000, 0x0000000082300000, 0x0000000082300000|100%| O|  |TAMS 0x0000000082300000, 0x0000000082200000| Complete 
|  35|0x0000000082300000, 0x0000000082400000, 0x0000000082400000|100%| O|  |TAMS 0x0000000082400000, 0x0000000082300000| Untracked 
|  36|0x0000000082400000, 0x0000000082500000, 0x0000000082500000|100%| O|  |TAMS 0x0000000082500000, 0x0000000082400000| Untracked 
|  37|0x0000000082500000, 0x0000000082600000, 0x0000000082600000|100%|HS|  |TAMS 0x0000000082500000, 0x0000000082500000| Complete 
|  38|0x0000000082600000, 0x0000000082700000, 0x0000000082700000|100%| O|  |TAMS 0x0000000082700000, 0x0000000082600000| Untracked 
|  39|0x0000000082700000, 0x0000000082800000, 0x0000000082800000|100%| O|  |TAMS 0x0000000082800000, 0x0000000082700000| Complete 
|  40|0x0000000082800000, 0x0000000082900000, 0x0000000082900000|100%| O|  |TAMS 0x0000000082900000, 0x0000000082800000| Complete 
|  41|0x0000000082900000, 0x0000000082a00000, 0x0000000082a00000|100%| O|  |TAMS 0x0000000082a00000, 0x0000000082900000| Complete 
|  42|0x0000000082a00000, 0x0000000082b00000, 0x0000000082b00000|100%| O|  |TAMS 0x0000000082b00000, 0x0000000082a00000| Untracked 
|  43|0x0000000082b00000, 0x0000000082c00000, 0x0000000082c00000|100%| O|  |TAMS 0x0000000082c00000, 0x0000000082b00000| Complete 
|  44|0x0000000082c00000, 0x0000000082d00000, 0x0000000082d00000|100%| O|  |TAMS 0x0000000082d00000, 0x0000000082c00000| Complete 
|  45|0x0000000082d00000, 0x0000000082e00000, 0x0000000082e00000|100%| O|  |TAMS 0x0000000082e00000, 0x0000000082d00000| Complete 
|  46|0x0000000082e00000, 0x0000000082f00000, 0x0000000082f00000|100%| O|  |TAMS 0x0000000082f00000, 0x0000000082e00000| Complete 
|  47|0x0000000082f00000, 0x0000000083000000, 0x0000000083000000|100%| O|  |TAMS 0x0000000083000000, 0x0000000082f00000| Complete 
|  48|0x0000000083000000, 0x0000000083100000, 0x0000000083100000|100%| O|  |TAMS 0x0000000083100000, 0x0000000083000000| Complete 
|  49|0x0000000083100000, 0x0000000083200000, 0x0000000083200000|100%| O|  |TAMS 0x0000000083200000, 0x0000000083100000| Complete 
|  50|0x0000000083200000, 0x0000000083300000, 0x0000000083300000|100%|HS|  |TAMS 0x0000000083200000, 0x0000000083200000| Complete 
|  51|0x0000000083300000, 0x0000000083400000, 0x0000000083400000|100%| O|  |TAMS 0x0000000083400000, 0x0000000083300000| Complete 
|  52|0x0000000083400000, 0x0000000083500000, 0x0000000083500000|100%| O|  |TAMS 0x0000000083500000, 0x0000000083400000| Complete 
|  53|0x0000000083500000, 0x0000000083600000, 0x0000000083600000|100%| O|  |TAMS 0x0000000083600000, 0x0000000083500000| Complete 
|  54|0x0000000083600000, 0x0000000083700000, 0x0000000083700000|100%| O|  |TAMS 0x0000000083700000, 0x0000000083600000| Untracked 
|  55|0x0000000083700000, 0x0000000083800000, 0x0000000083800000|100%| O|  |TAMS 0x0000000083800000, 0x0000000083700000| Untracked 
|  56|0x0000000083800000, 0x0000000083900000, 0x0000000083900000|100%| O|  |TAMS 0x0000000083900000, 0x0000000083800000| Complete 
|  57|0x0000000083900000, 0x0000000083a00000, 0x0000000083a00000|100%|HS|  |TAMS 0x0000000083900000, 0x0000000083900000| Complete 
|  58|0x0000000083a00000, 0x0000000083b00000, 0x0000000083b00000|100%| O|  |TAMS 0x0000000083b00000, 0x0000000083a00000| Complete 
|  59|0x0000000083b00000, 0x0000000083c00000, 0x0000000083c00000|100%| O|  |TAMS 0x0000000083c00000, 0x0000000083b00000| Untracked 
|  60|0x0000000083c00000, 0x0000000083c00000, 0x0000000083d00000|  0%| F|  |TAMS 0x0000000083c00000, 0x0000000083c00000| Untracked 
|  61|0x0000000083d00000, 0x0000000083e00000, 0x0000000083e00000|100%| O|  |TAMS 0x0000000083e00000, 0x0000000083d00000| Complete 
|  62|0x0000000083e00000, 0x0000000083f00000, 0x0000000083f00000|100%| O|  |TAMS 0x0000000083f00000, 0x0000000083e00000| Complete 
|  63|0x0000000083f00000, 0x0000000084000000, 0x0000000084000000|100%| O|  |TAMS 0x0000000084000000, 0x0000000083f00000| Untracked 
|  64|0x0000000084000000, 0x0000000084100000, 0x0000000084100000|100%| O|  |TAMS 0x0000000084100000, 0x0000000084000000| Untracked 
|  65|0x0000000084100000, 0x0000000084200000, 0x0000000084200000|100%| O|  |TAMS 0x0000000084200000, 0x0000000084100000| Complete 
|  66|0x0000000084200000, 0x0000000084200000, 0x0000000084300000|  0%| F|  |TAMS 0x0000000084200000, 0x0000000084200000| Untracked 
|  67|0x0000000084300000, 0x0000000084400000, 0x0000000084400000|100%| O|  |TAMS 0x0000000084400000, 0x0000000084300000| Complete 
|  68|0x0000000084400000, 0x0000000084500000, 0x0000000084500000|100%| O|  |TAMS 0x0000000084500000, 0x0000000084400000| Complete 
|  69|0x0000000084500000, 0x0000000084600000, 0x0000000084600000|100%| O|  |TAMS 0x0000000084600000, 0x0000000084500000| Untracked 
|  70|0x0000000084600000, 0x0000000084600000, 0x0000000084700000|  0%| F|  |TAMS 0x0000000084600000, 0x0000000084600000| Untracked 
|  71|0x0000000084700000, 0x0000000084800000, 0x0000000084800000|100%| O|  |TAMS 0x0000000084800000, 0x0000000084700000| Untracked 
|  72|0x0000000084800000, 0x0000000084900000, 0x0000000084900000|100%| O|  |TAMS 0x0000000084900000, 0x0000000084800000| Untracked 
|  73|0x0000000084900000, 0x0000000084a00000, 0x0000000084a00000|100%|HS|  |TAMS 0x0000000084a00000, 0x0000000084900000| Complete 
|  74|0x0000000084a00000, 0x0000000084b00000, 0x0000000084b00000|100%|HC|  |TAMS 0x0000000084b00000, 0x0000000084a00000| Complete 
|  75|0x0000000084b00000, 0x0000000084c00000, 0x0000000084c00000|100%|HC|  |TAMS 0x0000000084c00000, 0x0000000084b00000| Complete 
|  76|0x0000000084c00000, 0x0000000084c00000, 0x0000000084d00000|  0%| F|  |TAMS 0x0000000084c00000, 0x0000000084c00000| Untracked 
|  77|0x0000000084d00000, 0x0000000084e00000, 0x0000000084e00000|100%| O|  |TAMS 0x0000000084e00000, 0x0000000084d00000| Complete 
|  78|0x0000000084e00000, 0x0000000084f00000, 0x0000000084f00000|100%|HS|  |TAMS 0x0000000084f00000, 0x0000000084e00000| Complete 
|  79|0x0000000084f00000, 0x0000000085000000, 0x0000000085000000|100%| O|  |TAMS 0x0000000085000000, 0x0000000084f00000| Complete 
|  80|0x0000000085000000, 0x0000000085100000, 0x0000000085100000|100%| O|  |TAMS 0x0000000085100000, 0x0000000085000000| Untracked 
|  81|0x0000000085100000, 0x0000000085200000, 0x0000000085200000|100%| O|  |TAMS 0x0000000085200000, 0x0000000085100000| Untracked 
|  82|0x0000000085200000, 0x0000000085300000, 0x0000000085300000|100%| O|  |TAMS 0x0000000085300000, 0x0000000085200000| Complete 
|  83|0x0000000085300000, 0x0000000085400000, 0x0000000085400000|100%| O|  |TAMS 0x0000000085400000, 0x0000000085300000| Complete 
|  84|0x0000000085400000, 0x0000000085500000, 0x0000000085500000|100%| O|  |TAMS 0x0000000085500000, 0x0000000085400000| Complete 
|  85|0x0000000085500000, 0x0000000085600000, 0x0000000085600000|100%| O|  |TAMS 0x0000000085600000, 0x0000000085500000| Complete 
|  86|0x0000000085600000, 0x0000000085600000, 0x0000000085700000|  0%| F|  |TAMS 0x0000000085600000, 0x0000000085600000| Untracked 
|  87|0x0000000085700000, 0x0000000085800000, 0x0000000085800000|100%| O|  |TAMS 0x0000000085800000, 0x0000000085700000| Untracked 
|  88|0x0000000085800000, 0x0000000085900000, 0x0000000085900000|100%| O|  |TAMS 0x0000000085900000, 0x0000000085800000| Untracked 
|  89|0x0000000085900000, 0x0000000085a00000, 0x0000000085a00000|100%| O|  |TAMS 0x0000000085a00000, 0x0000000085900000| Complete 
|  90|0x0000000085a00000, 0x0000000085b00000, 0x0000000085b00000|100%| O|  |TAMS 0x0000000085b00000, 0x0000000085a00000| Complete 
|  91|0x0000000085b00000, 0x0000000085c00000, 0x0000000085c00000|100%| O|  |TAMS 0x0000000085c00000, 0x0000000085b00000| Complete 
|  92|0x0000000085c00000, 0x0000000085d00000, 0x0000000085d00000|100%| O|  |TAMS 0x0000000085d00000, 0x0000000085c00000| Untracked 
|  93|0x0000000085d00000, 0x0000000085e00000, 0x0000000085e00000|100%| O|  |TAMS 0x0000000085e00000, 0x0000000085d00000| Untracked 
|  94|0x0000000085e00000, 0x0000000085f00000, 0x0000000085f00000|100%| O|  |TAMS 0x0000000085f00000, 0x0000000085e00000| Untracked 
|  95|0x0000000085f00000, 0x0000000086000000, 0x0000000086000000|100%|HS|  |TAMS 0x0000000085f00000, 0x0000000085f00000| Complete 
|  96|0x0000000086000000, 0x0000000086100000, 0x0000000086100000|100%|HC|  |TAMS 0x0000000086000000, 0x0000000086000000| Complete 
|  97|0x0000000086100000, 0x0000000086200000, 0x0000000086200000|100%|HS|  |TAMS 0x0000000086100000, 0x0000000086100000| Complete 
|  98|0x0000000086200000, 0x0000000086300000, 0x0000000086300000|100%|HC|  |TAMS 0x0000000086200000, 0x0000000086200000| Complete 
|  99|0x0000000086300000, 0x0000000086400000, 0x0000000086400000|100%| O|  |TAMS 0x0000000086400000, 0x0000000086300000| Untracked 
| 100|0x0000000086400000, 0x0000000086500000, 0x0000000086500000|100%| O|  |TAMS 0x0000000086500000, 0x0000000086400000| Complete 
| 101|0x0000000086500000, 0x0000000086600000, 0x0000000086600000|100%| O|  |TAMS 0x0000000086600000, 0x0000000086500000| Complete 
| 102|0x0000000086600000, 0x0000000086700000, 0x0000000086700000|100%| O|  |TAMS 0x0000000086700000, 0x0000000086600000| Complete 
| 103|0x0000000086700000, 0x0000000086800000, 0x0000000086800000|100%| O|  |TAMS 0x0000000086800000, 0x0000000086700000| Untracked 
| 104|0x0000000086800000, 0x0000000086900000, 0x0000000086900000|100%| O|  |TAMS 0x0000000086900000, 0x0000000086800000| Complete 
| 105|0x0000000086900000, 0x0000000086a00000, 0x0000000086a00000|100%| O|  |TAMS 0x0000000086a00000, 0x0000000086900000| Complete 
| 106|0x0000000086a00000, 0x0000000086b00000, 0x0000000086b00000|100%| O|  |TAMS 0x0000000086b00000, 0x0000000086a00000| Untracked 
| 107|0x0000000086b00000, 0x0000000086c00000, 0x0000000086c00000|100%| O|  |TAMS 0x0000000086c00000, 0x0000000086b00000| Untracked 
| 108|0x0000000086c00000, 0x0000000086d00000, 0x0000000086d00000|100%| O|  |TAMS 0x0000000086d00000, 0x0000000086c00000| Untracked 
| 109|0x0000000086d00000, 0x0000000086e00000, 0x0000000086e00000|100%| O|  |TAMS 0x0000000086e00000, 0x0000000086d00000| Complete 
| 110|0x0000000086e00000, 0x0000000086e00000, 0x0000000086f00000|  0%| F|  |TAMS 0x0000000086e00000, 0x0000000086e00000| Untracked 
| 111|0x0000000086f00000, 0x0000000086f00000, 0x0000000087000000|  0%| F|  |TAMS 0x0000000086f00000, 0x0000000086f00000| Untracked 
| 112|0x0000000087000000, 0x0000000087000000, 0x0000000087100000|  0%| F|  |TAMS 0x0000000087000000, 0x0000000087000000| Untracked 
| 113|0x0000000087100000, 0x0000000087100000, 0x0000000087200000|  0%| F|  |TAMS 0x0000000087100000, 0x0000000087100000| Untracked 
| 114|0x0000000087200000, 0x0000000087277a00, 0x0000000087300000| 46%| O|  |TAMS 0x0000000087277a00, 0x0000000087200000| Untracked 
| 115|0x0000000087300000, 0x0000000087400000, 0x0000000087400000|100%| O|  |TAMS 0x0000000087400000, 0x0000000087300000| Complete 
| 116|0x0000000087400000, 0x0000000087500000, 0x0000000087500000|100%| O|  |TAMS 0x0000000087500000, 0x0000000087400000| Untracked 
| 117|0x0000000087500000, 0x0000000087600000, 0x0000000087600000|100%| O|  |TAMS 0x0000000087600000, 0x0000000087500000| Untracked 
| 118|0x0000000087600000, 0x0000000087600000, 0x0000000087700000|  0%| F|  |TAMS 0x0000000087600000, 0x0000000087600000| Untracked 
| 119|0x0000000087700000, 0x0000000087700000, 0x0000000087800000|  0%| F|  |TAMS 0x0000000087700000, 0x0000000087700000| Untracked 
| 120|0x0000000087800000, 0x0000000087900000, 0x0000000087900000|100%| O|  |TAMS 0x0000000087900000, 0x0000000087800000| Complete 
| 121|0x0000000087900000, 0x0000000087a00000, 0x0000000087a00000|100%| O|  |TAMS 0x0000000087a00000, 0x0000000087900000| Complete 
| 122|0x0000000087a00000, 0x0000000087a00000, 0x0000000087b00000|  0%| F|  |TAMS 0x0000000087a00000, 0x0000000087a00000| Untracked 
| 123|0x0000000087b00000, 0x0000000087b00000, 0x0000000087c00000|  0%| F|  |TAMS 0x0000000087b00000, 0x0000000087b00000| Untracked 
| 124|0x0000000087c00000, 0x0000000087c00000, 0x0000000087d00000|  0%| F|  |TAMS 0x0000000087c00000, 0x0000000087c00000| Untracked 
| 125|0x0000000087d00000, 0x0000000087e00000, 0x0000000087e00000|100%| O|  |TAMS 0x0000000087e00000, 0x0000000087d00000| Untracked 
| 126|0x0000000087e00000, 0x0000000087f00000, 0x0000000087f00000|100%| O|  |TAMS 0x0000000087f00000, 0x0000000087e00000| Untracked 
| 127|0x0000000087f00000, 0x0000000087f00000, 0x0000000088000000|  0%| F|  |TAMS 0x0000000087f00000, 0x0000000087f00000| Untracked 
| 128|0x0000000088000000, 0x0000000088100000, 0x0000000088100000|100%| O|  |TAMS 0x0000000088100000, 0x0000000088000000| Complete 
| 129|0x0000000088100000, 0x0000000088200000, 0x0000000088200000|100%| O|  |TAMS 0x0000000088200000, 0x0000000088100000| Complete 
| 130|0x0000000088200000, 0x0000000088300000, 0x0000000088300000|100%| O|  |TAMS 0x0000000088300000, 0x0000000088200000| Complete 
| 131|0x0000000088300000, 0x0000000088400000, 0x0000000088400000|100%| O|  |TAMS 0x0000000088400000, 0x0000000088300000| Complete 
| 132|0x0000000088400000, 0x0000000088500000, 0x0000000088500000|100%| O|  |TAMS 0x0000000088500000, 0x0000000088400000| Complete 
| 133|0x0000000088500000, 0x0000000088600000, 0x0000000088600000|100%| O|  |TAMS 0x0000000088600000, 0x0000000088500000| Complete 
| 134|0x0000000088600000, 0x0000000088700000, 0x0000000088700000|100%| O|  |TAMS 0x0000000088700000, 0x0000000088600000| Untracked 
| 135|0x0000000088700000, 0x0000000088700000, 0x0000000088800000|  0%| F|  |TAMS 0x0000000088700000, 0x0000000088700000| Untracked 
| 136|0x0000000088800000, 0x0000000088800000, 0x0000000088900000|  0%| F|  |TAMS 0x0000000088800000, 0x0000000088800000| Untracked 
| 137|0x0000000088900000, 0x0000000088a00000, 0x0000000088a00000|100%| O|  |TAMS 0x0000000088a00000, 0x0000000088900000| Untracked 
| 138|0x0000000088a00000, 0x0000000088b00000, 0x0000000088b00000|100%| O|  |TAMS 0x0000000088b00000, 0x0000000088a00000| Untracked 
| 139|0x0000000088b00000, 0x0000000088c00000, 0x0000000088c00000|100%| O|  |TAMS 0x0000000088c00000, 0x0000000088b00000| Untracked 
| 140|0x0000000088c00000, 0x0000000088c00000, 0x0000000088d00000|  0%| F|  |TAMS 0x0000000088c00000, 0x0000000088c00000| Untracked 
| 141|0x0000000088d00000, 0x0000000088d00000, 0x0000000088e00000|  0%| F|  |TAMS 0x0000000088d00000, 0x0000000088d00000| Untracked 
| 142|0x0000000088e00000, 0x0000000088e00000, 0x0000000088f00000|  0%| F|  |TAMS 0x0000000088e00000, 0x0000000088e00000| Untracked 
| 143|0x0000000088f00000, 0x0000000088f00000, 0x0000000089000000|  0%| F|  |TAMS 0x0000000088f00000, 0x0000000088f00000| Untracked 
| 144|0x0000000089000000, 0x0000000089000000, 0x0000000089100000|  0%| F|  |TAMS 0x0000000089000000, 0x0000000089000000| Untracked 
| 145|0x0000000089100000, 0x0000000089100000, 0x0000000089200000|  0%| F|  |TAMS 0x0000000089100000, 0x0000000089100000| Untracked 
| 146|0x0000000089200000, 0x0000000089200000, 0x0000000089300000|  0%| F|  |TAMS 0x0000000089200000, 0x0000000089200000| Untracked 
| 147|0x0000000089300000, 0x0000000089300000, 0x0000000089400000|  0%| F|  |TAMS 0x0000000089300000, 0x0000000089300000| Untracked 
| 148|0x0000000089400000, 0x0000000089400000, 0x0000000089500000|  0%| F|  |TAMS 0x0000000089400000, 0x0000000089400000| Untracked 
| 149|0x0000000089500000, 0x0000000089500000, 0x0000000089600000|  0%| F|  |TAMS 0x0000000089500000, 0x0000000089500000| Untracked 
| 150|0x0000000089600000, 0x0000000089600000, 0x0000000089700000|  0%| F|  |TAMS 0x0000000089600000, 0x0000000089600000| Untracked 
| 151|0x0000000089700000, 0x0000000089700000, 0x0000000089800000|  0%| F|  |TAMS 0x0000000089700000, 0x0000000089700000| Untracked 
| 152|0x0000000089800000, 0x0000000089800000, 0x0000000089900000|  0%| F|  |TAMS 0x0000000089800000, 0x0000000089800000| Untracked 
| 153|0x0000000089900000, 0x0000000089900000, 0x0000000089a00000|  0%| F|  |TAMS 0x0000000089900000, 0x0000000089900000| Untracked 
| 154|0x0000000089a00000, 0x0000000089a00000, 0x0000000089b00000|  0%| F|  |TAMS 0x0000000089a00000, 0x0000000089a00000| Untracked 
| 155|0x0000000089b00000, 0x0000000089b00000, 0x0000000089c00000|  0%| F|  |TAMS 0x0000000089b00000, 0x0000000089b00000| Untracked 
| 156|0x0000000089c00000, 0x0000000089d00000, 0x0000000089d00000|100%| O|  |TAMS 0x0000000089d00000, 0x0000000089c00000| Complete 
| 157|0x0000000089d00000, 0x0000000089d00000, 0x0000000089e00000|  0%| F|  |TAMS 0x0000000089d00000, 0x0000000089d00000| Untracked 
| 158|0x0000000089e00000, 0x0000000089f00000, 0x0000000089f00000|100%| O|  |TAMS 0x0000000089f00000, 0x0000000089e00000| Complete 
| 159|0x0000000089f00000, 0x0000000089f00000, 0x000000008a000000|  0%| F|  |TAMS 0x0000000089f00000, 0x0000000089f00000| Untracked 
| 160|0x000000008a000000, 0x000000008a000000, 0x000000008a100000|  0%| F|  |TAMS 0x000000008a000000, 0x000000008a000000| Untracked 
| 161|0x000000008a100000, 0x000000008a100000, 0x000000008a200000|  0%| F|  |TAMS 0x000000008a100000, 0x000000008a100000| Untracked 
| 162|0x000000008a200000, 0x000000008a200000, 0x000000008a300000|  0%| F|  |TAMS 0x000000008a200000, 0x000000008a200000| Untracked 
| 163|0x000000008a300000, 0x000000008a300000, 0x000000008a400000|  0%| F|  |TAMS 0x000000008a300000, 0x000000008a300000| Untracked 
| 164|0x000000008a400000, 0x000000008a400000, 0x000000008a500000|  0%| F|  |TAMS 0x000000008a400000, 0x000000008a400000| Untracked 
| 165|0x000000008a500000, 0x000000008a500000, 0x000000008a600000|  0%| F|  |TAMS 0x000000008a500000, 0x000000008a500000| Untracked 
| 166|0x000000008a600000, 0x000000008a600000, 0x000000008a700000|  0%| F|  |TAMS 0x000000008a600000, 0x000000008a600000| Untracked 
| 167|0x000000008a700000, 0x000000008a700000, 0x000000008a800000|  0%| F|  |TAMS 0x000000008a700000, 0x000000008a700000| Untracked 
| 168|0x000000008a800000, 0x000000008a800000, 0x000000008a900000|  0%| F|  |TAMS 0x000000008a800000, 0x000000008a800000| Untracked 
| 169|0x000000008a900000, 0x000000008a900000, 0x000000008aa00000|  0%| F|  |TAMS 0x000000008a900000, 0x000000008a900000| Untracked 
| 170|0x000000008aa00000, 0x000000008aa00000, 0x000000008ab00000|  0%| F|  |TAMS 0x000000008aa00000, 0x000000008aa00000| Untracked 
| 171|0x000000008ab00000, 0x000000008ab00000, 0x000000008ac00000|  0%| F|  |TAMS 0x000000008ab00000, 0x000000008ab00000| Untracked 
| 172|0x000000008ac00000, 0x000000008ac00000, 0x000000008ad00000|  0%| F|  |TAMS 0x000000008ac00000, 0x000000008ac00000| Untracked 
| 173|0x000000008ad00000, 0x000000008ad00000, 0x000000008ae00000|  0%| F|  |TAMS 0x000000008ad00000, 0x000000008ad00000| Untracked 
| 174|0x000000008ae00000, 0x000000008ae00000, 0x000000008af00000|  0%| F|  |TAMS 0x000000008ae00000, 0x000000008ae00000| Untracked 
| 175|0x000000008af00000, 0x000000008af00000, 0x000000008b000000|  0%| F|  |TAMS 0x000000008af00000, 0x000000008af00000| Untracked 
| 176|0x000000008b000000, 0x000000008b000000, 0x000000008b100000|  0%| F|  |TAMS 0x000000008b000000, 0x000000008b000000| Untracked 
| 177|0x000000008b100000, 0x000000008b100000, 0x000000008b200000|  0%| F|  |TAMS 0x000000008b100000, 0x000000008b100000| Untracked 
| 178|0x000000008b200000, 0x000000008b200000, 0x000000008b300000|  0%| F|  |TAMS 0x000000008b200000, 0x000000008b200000| Untracked 
| 179|0x000000008b300000, 0x000000008b300000, 0x000000008b400000|  0%| F|  |TAMS 0x000000008b300000, 0x000000008b300000| Untracked 
| 180|0x000000008b400000, 0x000000008b400000, 0x000000008b500000|  0%| F|  |TAMS 0x000000008b400000, 0x000000008b400000| Untracked 
| 181|0x000000008b500000, 0x000000008b500000, 0x000000008b600000|  0%| F|  |TAMS 0x000000008b500000, 0x000000008b500000| Untracked 
| 182|0x000000008b600000, 0x000000008b600000, 0x000000008b700000|  0%| F|  |TAMS 0x000000008b600000, 0x000000008b600000| Untracked 
| 183|0x000000008b700000, 0x000000008b700000, 0x000000008b800000|  0%| F|  |TAMS 0x000000008b700000, 0x000000008b700000| Untracked 
| 184|0x000000008b800000, 0x000000008b800000, 0x000000008b900000|  0%| F|  |TAMS 0x000000008b800000, 0x000000008b800000| Untracked 
| 185|0x000000008b900000, 0x000000008b900000, 0x000000008ba00000|  0%| F|  |TAMS 0x000000008b900000, 0x000000008b900000| Untracked 
| 186|0x000000008ba00000, 0x000000008ba00000, 0x000000008bb00000|  0%| F|  |TAMS 0x000000008ba00000, 0x000000008ba00000| Untracked 
| 187|0x000000008bb00000, 0x000000008bb00000, 0x000000008bc00000|  0%| F|  |TAMS 0x000000008bb00000, 0x000000008bb00000| Untracked 
| 188|0x000000008bc00000, 0x000000008bc00000, 0x000000008bd00000|  0%| F|  |TAMS 0x000000008bc00000, 0x000000008bc00000| Untracked 
| 189|0x000000008bd00000, 0x000000008bd00000, 0x000000008be00000|  0%| F|  |TAMS 0x000000008bd00000, 0x000000008bd00000| Untracked 
| 190|0x000000008be00000, 0x000000008be00000, 0x000000008bf00000|  0%| F|  |TAMS 0x000000008be00000, 0x000000008be00000| Untracked 
| 191|0x000000008bf00000, 0x000000008bf00000, 0x000000008c000000|  0%| F|  |TAMS 0x000000008bf00000, 0x000000008bf00000| Untracked 
| 192|0x000000008c000000, 0x000000008c000000, 0x000000008c100000|  0%| F|  |TAMS 0x000000008c000000, 0x000000008c000000| Untracked 
| 193|0x000000008c100000, 0x000000008c100000, 0x000000008c200000|  0%| F|  |TAMS 0x000000008c100000, 0x000000008c100000| Untracked 
| 194|0x000000008c200000, 0x000000008c200000, 0x000000008c300000|  0%| F|  |TAMS 0x000000008c200000, 0x000000008c200000| Untracked 
| 195|0x000000008c300000, 0x000000008c300000, 0x000000008c400000|  0%| F|  |TAMS 0x000000008c300000, 0x000000008c300000| Untracked 
| 196|0x000000008c400000, 0x000000008c400000, 0x000000008c500000|  0%| F|  |TAMS 0x000000008c400000, 0x000000008c400000| Untracked 
| 197|0x000000008c500000, 0x000000008c500000, 0x000000008c600000|  0%| F|  |TAMS 0x000000008c500000, 0x000000008c500000| Untracked 
| 198|0x000000008c600000, 0x000000008c600000, 0x000000008c700000|  0%| F|  |TAMS 0x000000008c600000, 0x000000008c600000| Untracked 
| 199|0x000000008c700000, 0x000000008c700000, 0x000000008c800000|  0%| F|  |TAMS 0x000000008c700000, 0x000000008c700000| Untracked 
| 200|0x000000008c800000, 0x000000008c800000, 0x000000008c900000|  0%| F|  |TAMS 0x000000008c800000, 0x000000008c800000| Untracked 
| 201|0x000000008c900000, 0x000000008c900000, 0x000000008ca00000|  0%| F|  |TAMS 0x000000008c900000, 0x000000008c900000| Untracked 
| 202|0x000000008ca00000, 0x000000008ca00000, 0x000000008cb00000|  0%| F|  |TAMS 0x000000008ca00000, 0x000000008ca00000| Untracked 
| 203|0x000000008cb00000, 0x000000008cb00000, 0x000000008cc00000|  0%| F|  |TAMS 0x000000008cb00000, 0x000000008cb00000| Untracked 
| 204|0x000000008cc00000, 0x000000008cc00000, 0x000000008cd00000|  0%| F|  |TAMS 0x000000008cc00000, 0x000000008cc00000| Untracked 
| 205|0x000000008cd00000, 0x000000008cd00000, 0x000000008ce00000|  0%| F|  |TAMS 0x000000008cd00000, 0x000000008cd00000| Untracked 
| 206|0x000000008ce00000, 0x000000008ce00000, 0x000000008cf00000|  0%| F|  |TAMS 0x000000008ce00000, 0x000000008ce00000| Untracked 
| 207|0x000000008cf00000, 0x000000008cf00000, 0x000000008d000000|  0%| F|  |TAMS 0x000000008cf00000, 0x000000008cf00000| Untracked 
| 208|0x000000008d000000, 0x000000008d000000, 0x000000008d100000|  0%| F|  |TAMS 0x000000008d000000, 0x000000008d000000| Untracked 
| 209|0x000000008d100000, 0x000000008d100000, 0x000000008d200000|  0%| F|  |TAMS 0x000000008d100000, 0x000000008d100000| Untracked 
| 210|0x000000008d200000, 0x000000008d200000, 0x000000008d300000|  0%| F|  |TAMS 0x000000008d200000, 0x000000008d200000| Untracked 
| 211|0x000000008d300000, 0x000000008d300000, 0x000000008d400000|  0%| F|  |TAMS 0x000000008d300000, 0x000000008d300000| Untracked 
| 212|0x000000008d400000, 0x000000008d400000, 0x000000008d500000|  0%| F|  |TAMS 0x000000008d400000, 0x000000008d400000| Untracked 
| 213|0x000000008d500000, 0x000000008d500000, 0x000000008d600000|  0%| F|  |TAMS 0x000000008d500000, 0x000000008d500000| Untracked 
| 214|0x000000008d600000, 0x000000008d600000, 0x000000008d700000|  0%| F|  |TAMS 0x000000008d600000, 0x000000008d600000| Untracked 
| 215|0x000000008d700000, 0x000000008d700000, 0x000000008d800000|  0%| F|  |TAMS 0x000000008d700000, 0x000000008d700000| Untracked 
| 216|0x000000008d800000, 0x000000008d800000, 0x000000008d900000|  0%| F|  |TAMS 0x000000008d800000, 0x000000008d800000| Untracked 
| 217|0x000000008d900000, 0x000000008d900000, 0x000000008da00000|  0%| F|  |TAMS 0x000000008d900000, 0x000000008d900000| Untracked 
| 218|0x000000008da00000, 0x000000008da00000, 0x000000008db00000|  0%| F|  |TAMS 0x000000008da00000, 0x000000008da00000| Untracked 
| 219|0x000000008db00000, 0x000000008db00000, 0x000000008dc00000|  0%| F|  |TAMS 0x000000008db00000, 0x000000008db00000| Untracked 
| 220|0x000000008dc00000, 0x000000008dc00000, 0x000000008dd00000|  0%| F|  |TAMS 0x000000008dc00000, 0x000000008dc00000| Untracked 
| 221|0x000000008dd00000, 0x000000008dd00000, 0x000000008de00000|  0%| F|  |TAMS 0x000000008dd00000, 0x000000008dd00000| Untracked 
| 222|0x000000008de00000, 0x000000008de00000, 0x000000008df00000|  0%| F|  |TAMS 0x000000008de00000, 0x000000008de00000| Untracked 
| 223|0x000000008df00000, 0x000000008df00000, 0x000000008e000000|  0%| F|  |TAMS 0x000000008df00000, 0x000000008df00000| Untracked 
| 224|0x000000008e000000, 0x000000008e0fee28, 0x000000008e100000| 99%| E|  |TAMS 0x000000008e000000, 0x000000008e000000| Complete 
| 225|0x000000008e100000, 0x000000008e200000, 0x000000008e200000|100%| E|CS|TAMS 0x000000008e100000, 0x000000008e100000| Complete 
| 226|0x000000008e200000, 0x000000008e300000, 0x000000008e300000|100%| E|CS|TAMS 0x000000008e200000, 0x000000008e200000| Complete 
| 227|0x000000008e300000, 0x000000008e400000, 0x000000008e400000|100%| E|CS|TAMS 0x000000008e300000, 0x000000008e300000| Complete 
| 228|0x000000008e400000, 0x000000008e500000, 0x000000008e500000|100%| E|CS|TAMS 0x000000008e400000, 0x000000008e400000| Complete 
| 229|0x000000008e500000, 0x000000008e600000, 0x000000008e600000|100%| E|CS|TAMS 0x000000008e500000, 0x000000008e500000| Complete 
| 230|0x000000008e600000, 0x000000008e700000, 0x000000008e700000|100%| E|  |TAMS 0x000000008e600000, 0x000000008e600000| Complete 
| 231|0x000000008e700000, 0x000000008e800000, 0x000000008e800000|100%| E|CS|TAMS 0x000000008e700000, 0x000000008e700000| Complete 
| 232|0x000000008e800000, 0x000000008e900000, 0x000000008e900000|100%| E|CS|TAMS 0x000000008e800000, 0x000000008e800000| Complete 
| 233|0x000000008e900000, 0x000000008ea00000, 0x000000008ea00000|100%| E|CS|TAMS 0x000000008e900000, 0x000000008e900000| Complete 
| 234|0x000000008ea00000, 0x000000008eb00000, 0x000000008eb00000|100%| E|CS|TAMS 0x000000008ea00000, 0x000000008ea00000| Complete 
| 235|0x000000008eb00000, 0x000000008ec00000, 0x000000008ec00000|100%| E|CS|TAMS 0x000000008eb00000, 0x000000008eb00000| Complete 
| 236|0x000000008ec00000, 0x000000008ed00000, 0x000000008ed00000|100%| E|CS|TAMS 0x000000008ec00000, 0x000000008ec00000| Complete 
| 237|0x000000008ed00000, 0x000000008ee00000, 0x000000008ee00000|100%| E|CS|TAMS 0x000000008ed00000, 0x000000008ed00000| Complete 
| 238|0x000000008ee00000, 0x000000008ef00000, 0x000000008ef00000|100%| E|CS|TAMS 0x000000008ee00000, 0x000000008ee00000| Complete 
| 239|0x000000008ef00000, 0x000000008f000000, 0x000000008f000000|100%| E|CS|TAMS 0x000000008ef00000, 0x000000008ef00000| Complete 
| 240|0x000000008f000000, 0x000000008f100000, 0x000000008f100000|100%| E|CS|TAMS 0x000000008f000000, 0x000000008f000000| Complete 
| 241|0x000000008f100000, 0x000000008f200000, 0x000000008f200000|100%| E|CS|TAMS 0x000000008f100000, 0x000000008f100000| Complete 
| 242|0x000000008f200000, 0x000000008f2c23a0, 0x000000008f300000| 75%| S|CS|TAMS 0x000000008f200000, 0x000000008f200000| Complete 
| 243|0x000000008f300000, 0x000000008f400000, 0x000000008f400000|100%| S|CS|TAMS 0x000000008f300000, 0x000000008f300000| Complete 
| 244|0x000000008f400000, 0x000000008f500000, 0x000000008f500000|100%| S|CS|TAMS 0x000000008f400000, 0x000000008f400000| Complete 
| 245|0x000000008f500000, 0x000000008f600000, 0x000000008f600000|100%| S|CS|TAMS 0x000000008f500000, 0x000000008f500000| Complete 
| 246|0x000000008f600000, 0x000000008f700000, 0x000000008f700000|100%| S|CS|TAMS 0x000000008f600000, 0x000000008f600000| Complete 
| 247|0x000000008f700000, 0x000000008f800000, 0x000000008f800000|100%| S|CS|TAMS 0x000000008f700000, 0x000000008f700000| Complete 
| 248|0x000000008f800000, 0x000000008f900000, 0x000000008f900000|100%| S|CS|TAMS 0x000000008f800000, 0x000000008f800000| Complete 
| 249|0x000000008f900000, 0x000000008fa00000, 0x000000008fa00000|100%| S|CS|TAMS 0x000000008f900000, 0x000000008f900000| Complete 
| 250|0x000000008fa00000, 0x000000008fb00000, 0x000000008fb00000|100%| E|CS|TAMS 0x000000008fa00000, 0x000000008fa00000| Complete 
| 251|0x000000008fb00000, 0x000000008fc00000, 0x000000008fc00000|100%| E|CS|TAMS 0x000000008fb00000, 0x000000008fb00000| Complete 
| 252|0x000000008fc00000, 0x000000008fd00000, 0x000000008fd00000|100%| E|CS|TAMS 0x000000008fc00000, 0x000000008fc00000| Complete 
| 253|0x000000008fd00000, 0x000000008fe00000, 0x000000008fe00000|100%| E|CS|TAMS 0x000000008fd00000, 0x000000008fd00000| Complete 
| 254|0x000000008fe00000, 0x000000008ff00000, 0x000000008ff00000|100%| E|CS|TAMS 0x000000008fe00000, 0x000000008fe00000| Complete 
| 255|0x000000008ff00000, 0x0000000090000000, 0x0000000090000000|100%| E|CS|TAMS 0x000000008ff00000, 0x000000008ff00000| Complete 
| 256|0x0000000090000000, 0x0000000090100000, 0x0000000090100000|100%| E|CS|TAMS 0x0000000090000000, 0x0000000090000000| Complete 
| 257|0x0000000090100000, 0x0000000090200000, 0x0000000090200000|100%| E|CS|TAMS 0x0000000090100000, 0x0000000090100000| Complete 
| 258|0x0000000090200000, 0x0000000090300000, 0x0000000090300000|100%| E|CS|TAMS 0x0000000090200000, 0x0000000090200000| Complete 
| 259|0x0000000090300000, 0x0000000090400000, 0x0000000090400000|100%| E|CS|TAMS 0x0000000090300000, 0x0000000090300000| Complete 
| 260|0x0000000090400000, 0x0000000090500000, 0x0000000090500000|100%| E|CS|TAMS 0x0000000090400000, 0x0000000090400000| Complete 
| 261|0x0000000090500000, 0x0000000090600000, 0x0000000090600000|100%| E|CS|TAMS 0x0000000090500000, 0x0000000090500000| Complete 
| 262|0x0000000090600000, 0x0000000090700000, 0x0000000090700000|100%| E|CS|TAMS 0x0000000090600000, 0x0000000090600000| Complete 
| 263|0x0000000090700000, 0x0000000090800000, 0x0000000090800000|100%| E|CS|TAMS 0x0000000090700000, 0x0000000090700000| Complete 
| 264|0x0000000090800000, 0x0000000090900000, 0x0000000090900000|100%| E|CS|TAMS 0x0000000090800000, 0x0000000090800000| Complete 
| 265|0x0000000090900000, 0x0000000090a00000, 0x0000000090a00000|100%| E|CS|TAMS 0x0000000090900000, 0x0000000090900000| Complete 
| 266|0x0000000090a00000, 0x0000000090b00000, 0x0000000090b00000|100%| E|CS|TAMS 0x0000000090a00000, 0x0000000090a00000| Complete 
| 267|0x0000000090b00000, 0x0000000090c00000, 0x0000000090c00000|100%| E|CS|TAMS 0x0000000090b00000, 0x0000000090b00000| Complete 
| 268|0x0000000090c00000, 0x0000000090d00000, 0x0000000090d00000|100%| E|CS|TAMS 0x0000000090c00000, 0x0000000090c00000| Complete 
| 269|0x0000000090d00000, 0x0000000090e00000, 0x0000000090e00000|100%| E|CS|TAMS 0x0000000090d00000, 0x0000000090d00000| Complete 
| 270|0x0000000090e00000, 0x0000000090f00000, 0x0000000090f00000|100%| E|CS|TAMS 0x0000000090e00000, 0x0000000090e00000| Complete 
| 271|0x0000000090f00000, 0x0000000091000000, 0x0000000091000000|100%| E|CS|TAMS 0x0000000090f00000, 0x0000000090f00000| Complete 
| 272|0x0000000091000000, 0x0000000091100000, 0x0000000091100000|100%| E|CS|TAMS 0x0000000091000000, 0x0000000091000000| Complete 
| 273|0x0000000091100000, 0x0000000091200000, 0x0000000091200000|100%| E|CS|TAMS 0x0000000091100000, 0x0000000091100000| Complete 
| 274|0x0000000091200000, 0x0000000091300000, 0x0000000091300000|100%| E|CS|TAMS 0x0000000091200000, 0x0000000091200000| Complete 
| 275|0x0000000091300000, 0x0000000091400000, 0x0000000091400000|100%| E|CS|TAMS 0x0000000091300000, 0x0000000091300000| Complete 
| 276|0x0000000091400000, 0x0000000091500000, 0x0000000091500000|100%| E|CS|TAMS 0x0000000091400000, 0x0000000091400000| Complete 
| 277|0x0000000091500000, 0x0000000091600000, 0x0000000091600000|100%| E|CS|TAMS 0x0000000091500000, 0x0000000091500000| Complete 
| 278|0x0000000091600000, 0x0000000091700000, 0x0000000091700000|100%| E|CS|TAMS 0x0000000091600000, 0x0000000091600000| Complete 
| 279|0x0000000091700000, 0x0000000091800000, 0x0000000091800000|100%| E|CS|TAMS 0x0000000091700000, 0x0000000091700000| Complete 
| 280|0x0000000091800000, 0x0000000091900000, 0x0000000091900000|100%| E|CS|TAMS 0x0000000091800000, 0x0000000091800000| Complete 
| 281|0x0000000091900000, 0x0000000091a00000, 0x0000000091a00000|100%| E|CS|TAMS 0x0000000091900000, 0x0000000091900000| Complete 
| 282|0x0000000091a00000, 0x0000000091b00000, 0x0000000091b00000|100%| E|CS|TAMS 0x0000000091a00000, 0x0000000091a00000| Complete 
| 283|0x0000000091b00000, 0x0000000091c00000, 0x0000000091c00000|100%| E|CS|TAMS 0x0000000091b00000, 0x0000000091b00000| Complete 
| 284|0x0000000091c00000, 0x0000000091d00000, 0x0000000091d00000|100%| E|CS|TAMS 0x0000000091c00000, 0x0000000091c00000| Complete 
| 285|0x0000000091d00000, 0x0000000091e00000, 0x0000000091e00000|100%| E|CS|TAMS 0x0000000091d00000, 0x0000000091d00000| Complete 
| 286|0x0000000091e00000, 0x0000000091f00000, 0x0000000091f00000|100%| E|CS|TAMS 0x0000000091e00000, 0x0000000091e00000| Complete 
| 287|0x0000000091f00000, 0x0000000092000000, 0x0000000092000000|100%| E|CS|TAMS 0x0000000091f00000, 0x0000000091f00000| Complete 
| 288|0x0000000092000000, 0x0000000092100000, 0x0000000092100000|100%| E|CS|TAMS 0x0000000092000000, 0x0000000092000000| Complete 
| 289|0x0000000092100000, 0x0000000092200000, 0x0000000092200000|100%| E|CS|TAMS 0x0000000092100000, 0x0000000092100000| Complete 
| 290|0x0000000092200000, 0x0000000092300000, 0x0000000092300000|100%| E|CS|TAMS 0x0000000092200000, 0x0000000092200000| Complete 
| 291|0x0000000092300000, 0x0000000092400000, 0x0000000092400000|100%| E|CS|TAMS 0x0000000092300000, 0x0000000092300000| Complete 
| 292|0x0000000092400000, 0x0000000092500000, 0x0000000092500000|100%| E|CS|TAMS 0x0000000092400000, 0x0000000092400000| Complete 
| 293|0x0000000092500000, 0x0000000092600000, 0x0000000092600000|100%| E|CS|TAMS 0x0000000092500000, 0x0000000092500000| Complete 
| 294|0x0000000092600000, 0x0000000092700000, 0x0000000092700000|100%| E|CS|TAMS 0x0000000092600000, 0x0000000092600000| Complete 
| 295|0x0000000092700000, 0x0000000092800000, 0x0000000092800000|100%| E|CS|TAMS 0x0000000092700000, 0x0000000092700000| Complete 
| 296|0x0000000092800000, 0x0000000092900000, 0x0000000092900000|100%| E|CS|TAMS 0x0000000092800000, 0x0000000092800000| Complete 
| 297|0x0000000092900000, 0x0000000092a00000, 0x0000000092a00000|100%| E|CS|TAMS 0x0000000092900000, 0x0000000092900000| Complete 
| 298|0x0000000092a00000, 0x0000000092b00000, 0x0000000092b00000|100%| E|CS|TAMS 0x0000000092a00000, 0x0000000092a00000| Complete 
| 299|0x0000000092b00000, 0x0000000092c00000, 0x0000000092c00000|100%| E|CS|TAMS 0x0000000092b00000, 0x0000000092b00000| Complete 
| 300|0x0000000092c00000, 0x0000000092d00000, 0x0000000092d00000|100%| E|CS|TAMS 0x0000000092c00000, 0x0000000092c00000| Complete 
| 301|0x0000000092d00000, 0x0000000092e00000, 0x0000000092e00000|100%| E|CS|TAMS 0x0000000092d00000, 0x0000000092d00000| Complete 
| 302|0x0000000092e00000, 0x0000000092f00000, 0x0000000092f00000|100%| E|CS|TAMS 0x0000000092e00000, 0x0000000092e00000| Complete 
| 303|0x0000000092f00000, 0x0000000093000000, 0x0000000093000000|100%| E|CS|TAMS 0x0000000092f00000, 0x0000000092f00000| Complete 
| 304|0x0000000093000000, 0x0000000093100000, 0x0000000093100000|100%| E|CS|TAMS 0x0000000093000000, 0x0000000093000000| Complete 
| 305|0x0000000093100000, 0x0000000093200000, 0x0000000093200000|100%| E|CS|TAMS 0x0000000093100000, 0x0000000093100000| Complete 
| 306|0x0000000093200000, 0x0000000093300000, 0x0000000093300000|100%| E|CS|TAMS 0x0000000093200000, 0x0000000093200000| Complete 
| 307|0x0000000093300000, 0x0000000093400000, 0x0000000093400000|100%| E|CS|TAMS 0x0000000093300000, 0x0000000093300000| Complete 

Card table byte_map: [0x0000000015e20000,0x0000000016220000] _byte_map_base: 0x0000000015a20000

Marking Bits (Prev, Next): (CMBitMap*) 0x00000000001a2f90, (CMBitMap*) 0x00000000001a2f58
 Prev Bits: [0x0000000018620000, 0x000000001a620000)
 Next Bits: [0x0000000016620000, 0x0000000018620000)

Polling page: 0x00000000001c0000

Metaspace:

Usage:
  Non-class:    147.51 MB capacity,   144.68 MB ( 98%) used,     2.29 MB (  2%) free+waste,   552.69 KB ( <1%) overhead. 
      Class:     21.45 MB capacity,    19.77 MB ( 92%) used,     1.45 MB (  7%) free+waste,   234.56 KB (  1%) overhead. 
       Both:    168.96 MB capacity,   164.45 MB ( 97%) used,     3.75 MB (  2%) free+waste,   787.25 KB ( <1%) overhead. 

Virtual space:
  Non-class space:      150.00 MB reserved,     148.58 MB (>99%) committed 
      Class space:        1.00 GB reserved,      21.50 MB (  2%) committed 
             Both:        1.15 GB reserved,     170.08 MB ( 14%) committed 

Chunk freelists:
   Non-Class:  972.00 KB
       Class:  0 bytes
        Both:  972.00 KB

MaxMetaspaceSize: 17179869184.00 GB
CompressedClassSpaceSize: 1.00 GB

CodeHeap 'non-profiled nmethods': size=120064Kb used=19862Kb max_used=19862Kb free=100201Kb
 bounds [0x000000000ddf0000, 0x000000000f170000, 0x0000000015330000]
CodeHeap 'profiled nmethods': size=120000Kb used=60137Kb max_used=60839Kb free=59862Kb
 bounds [0x00000000068c0000, 0x000000000a450000, 0x000000000ddf0000]
CodeHeap 'non-nmethods': size=5696Kb used=2396Kb max_used=2463Kb free=3300Kb
 bounds [0x0000000006330000, 0x00000000065b0000, 0x00000000068c0000]
 total_blobs=28069 nmethods=27035 adapters=944
 compilation: enabled
              stopped_count=0, restarted_count=0
 full_count=0

Compilation events (20 events):
Event: 4575.505 Thread 0x000000001d6f5800 31316  s    3       org.gradle.api.tasks.util.internal.PatternSpecFactory::getDefaultExcludeSpec (55 bytes)
Event: 4575.505 Thread 0x000000001d6f5800 nmethod 31316 0x0000000008ab0f90 code [0x0000000008ab11c0, 0x0000000008ab18f8]
Event: 4575.505 Thread 0x000000001d6f5800 31314       3       org.gradle.execution.plan.DefaultExecutionPlan::canRunWithCurrentlyExecutedNodes (44 bytes)
Event: 4575.505 Thread 0x000000001d6f5800 nmethod 31314 0x0000000008938990 code [0x0000000008938b60, 0x0000000008938eb8]
Event: 4575.505 Thread 0x000000001d6f5800 31315       3       org.gradle.execution.plan.DefaultExecutionPlan::doesDestroyNotYetConsumedOutputOfAnotherNode (200 bytes)
Event: 4575.506 Thread 0x000000001d6f5800 nmethod 31315 0x0000000008e82110 code [0x0000000008e824e0, 0x0000000008e84358]
Event: 4575.506 Thread 0x000000001d6f5800 31317       3       org.gradle.internal.snapshot.impl.BooleanValueSnapshot::isolate (5 bytes)
Event: 4575.506 Thread 0x000000001d6f5800 nmethod 31317 0x000000000887da10 code [0x000000000887dbc0, 0x000000000887dd98]
Event: 4575.512 Thread 0x000000001d6f5800 31319       3       java.util.stream.Streams$ConcatSpliterator::estimateSize (51 bytes)
Event: 4575.513 Thread 0x000000001d6f5800 nmethod 31319 0x0000000008951810 code [0x0000000008951a00, 0x0000000008951e08]
Event: 4575.514 Thread 0x000000001d6f5800 31320       3       java.util.stream.Streams$ConcatSpliterator$OfRef::<init> (7 bytes)
Event: 4575.514 Thread 0x000000001d6f5800 nmethod 31320 0x0000000007f0ca10 code [0x0000000007f0cbc0, 0x0000000007f0cce8]
Event: 4575.514 Thread 0x000000001d6f5800 31321       3       java.util.stream.Streams::composedClose (10 bytes)
Event: 4575.514 Thread 0x000000001d6f5800 nmethod 31321 0x0000000008907d10 code [0x0000000008907ee0, 0x0000000008908198]
Event: 4575.514 Thread 0x000000001d6f5800 31322       3       java.util.stream.Streams$2::<init> (15 bytes)
Event: 4575.514 Thread 0x000000001d6f5800 nmethod 31322 0x0000000008892510 code [0x00000000088926c0, 0x00000000088928d8]
Event: 4575.516 Thread 0x000000001d6f5800 31323 %     3       org.gradle.api.internal.tasks.properties.bean.AbstractNestedRuntimeBeanNode::visitProperties @ 33 (138 bytes)
Event: 4575.518 Thread 0x000000001d6f5800 nmethod 31323% 0x0000000008e7f110 code [0x0000000008e7f4e0, 0x0000000008e81558]
Event: 4575.518 Thread 0x000000001d6f5800 31324       3       java.util.stream.Stream::concat (73 bytes)
Event: 4575.519 Thread 0x000000001d6f5800 nmethod 31324 0x0000000008aaf990 code [0x0000000008aafc60, 0x0000000008ab0b38]

GC Heap History (20 events):
Event: 3099.096 GC heap before
{Heap before GC invocations=53 (full 0):
 garbage-first heap   total 315392K, used 264662K [0x0000000080000000, 0x0000000100000000)
  region size 1024K, 118 young (120832K), 4 survivors (4096K)
 Metaspace       used 166943K, capacity 171124K, committed 173140K, reserved 1200128K
  class space    used 20047K, capacity 21608K, committed 22016K, reserved 1048576K
}
Event: 3099.102 GC heap after
{Heap after GC invocations=54 (full 0):
 garbage-first heap   total 315392K, used 135415K [0x0000000080000000, 0x0000000100000000)
  region size 1024K, 11 young (11264K), 11 survivors (11264K)
 Metaspace       used 166943K, capacity 171124K, committed 173140K, reserved 1200128K
  class space    used 20047K, capacity 21608K, committed 22016K, reserved 1048576K
}
Event: 3099.111 GC heap before
{Heap before GC invocations=54 (full 0):
 garbage-first heap   total 315392K, used 138487K [0x0000000080000000, 0x0000000100000000)
  region size 1024K, 15 young (15360K), 11 survivors (11264K)
 Metaspace       used 166944K, capacity 171124K, committed 173140K, reserved 1200128K
  class space    used 20047K, capacity 21608K, committed 22016K, reserved 1048576K
}
Event: 3099.121 GC heap after
{Heap after GC invocations=55 (full 0):
 garbage-first heap   total 315392K, used 129307K [0x0000000080000000, 0x0000000100000000)
  region size 1024K, 2 young (2048K), 2 survivors (2048K)
 Metaspace       used 166944K, capacity 171124K, committed 173140K, reserved 1200128K
  class space    used 20047K, capacity 21608K, committed 22016K, reserved 1048576K
}
Event: 3099.255 GC heap before
{Heap before GC invocations=55 (full 0):
 garbage-first heap   total 315392K, used 135451K [0x0000000080000000, 0x0000000100000000)
  region size 1024K, 9 young (9216K), 2 survivors (2048K)
 Metaspace       used 166944K, capacity 171124K, committed 173140K, reserved 1200128K
  class space    used 20047K, capacity 21608K, committed 22016K, reserved 1048576K
}
Event: 3099.258 GC heap after
{Heap after GC invocations=56 (full 0):
 garbage-first heap   total 315392K, used 128952K [0x0000000080000000, 0x0000000100000000)
  region size 1024K, 1 young (1024K), 1 survivors (1024K)
 Metaspace       used 166944K, capacity 171124K, committed 173140K, reserved 1200128K
  class space    used 20047K, capacity 21608K, committed 22016K, reserved 1048576K
}
Event: 3435.090 GC heap before
{Heap before GC invocations=57 (full 0):
 garbage-first heap   total 315392K, used 274360K [0x0000000080000000, 0x0000000100000000)
  region size 1024K, 122 young (124928K), 1 survivors (1024K)
 Metaspace       used 169236K, capacity 173594K, committed 173908K, reserved 1202176K
  class space    used 20195K, capacity 21779K, committed 22016K, reserved 1048576K
}
Event: 3435.095 GC heap after
{Heap after GC invocations=58 (full 0):
 garbage-first heap   total 315392K, used 137948K [0x0000000080000000, 0x0000000100000000)
  region size 1024K, 8 young (8192K), 8 survivors (8192K)
 Metaspace       used 169236K, capacity 173594K, committed 173908K, reserved 1202176K
  class space    used 20195K, capacity 21779K, committed 22016K, reserved 1048576K
}
Event: 3435.133 GC heap before
{Heap before GC invocations=58 (full 0):
 garbage-first heap   total 315392K, used 145116K [0x0000000080000000, 0x0000000100000000)
  region size 1024K, 15 young (15360K), 8 survivors (8192K)
 Metaspace       used 169313K, capacity 173675K, committed 173908K, reserved 1202176K
  class space    used 20203K, capacity 21793K, committed 22016K, reserved 1048576K
}
Event: 3435.145 GC heap after
{Heap after GC invocations=59 (full 0):
 garbage-first heap   total 315392K, used 131507K [0x0000000080000000, 0x0000000100000000)
  region size 1024K, 2 young (2048K), 2 survivors (2048K)
 Metaspace       used 169313K, capacity 173675K, committed 173908K, reserved 1202176K
  class space    used 20203K, capacity 21793K, committed 22016K, reserved 1048576K
}
Event: 3435.229 GC heap before
{Heap before GC invocations=59 (full 0):
 garbage-first heap   total 315392K, used 136627K [0x0000000080000000, 0x0000000100000000)
  region size 1024K, 8 young (8192K), 2 survivors (2048K)
 Metaspace       used 169434K, capacity 173846K, committed 174164K, reserved 1202176K
  class space    used 20218K, capacity 21822K, committed 22016K, reserved 1048576K
}
Event: 3435.235 GC heap after
{Heap after GC invocations=60 (full 0):
 garbage-first heap   total 315392K, used 132265K [0x0000000080000000, 0x0000000100000000)
  region size 1024K, 3 young (3072K), 3 survivors (3072K)
 Metaspace       used 169434K, capacity 173846K, committed 174164K, reserved 1202176K
  class space    used 20218K, capacity 21822K, committed 22016K, reserved 1048576K
}
Event: 3437.569 GC heap before
{Heap before GC invocations=61 (full 0):
 garbage-first heap   total 315392K, used 232617K [0x0000000080000000, 0x0000000100000000)
  region size 1024K, 80 young (81920K), 3 survivors (3072K)
 Metaspace       used 167856K, capacity 172339K, committed 174164K, reserved 1202176K
  class space    used 20172K, capacity 21837K, committed 22016K, reserved 1048576K
}
Event: 3437.575 GC heap after
{Heap after GC invocations=62 (full 0):
 garbage-first heap   total 315392K, used 135410K [0x0000000080000000, 0x0000000100000000)
  region size 1024K, 6 young (6144K), 6 survivors (6144K)
 Metaspace       used 167856K, capacity 172339K, committed 174164K, reserved 1202176K
  class space    used 20172K, capacity 21837K, committed 22016K, reserved 1048576K
}
Event: 3437.596 GC heap before
{Heap before GC invocations=62 (full 0):
 garbage-first heap   total 315392K, used 143602K [0x0000000080000000, 0x0000000100000000)
  region size 1024K, 15 young (15360K), 6 survivors (6144K)
 Metaspace       used 167859K, capacity 172339K, committed 174164K, reserved 1202176K
  class space    used 20172K, capacity 21837K, committed 22016K, reserved 1048576K
}
Event: 3437.609 GC heap after
{Heap after GC invocations=63 (full 0):
 garbage-first heap   total 315392K, used 124382K [0x0000000080000000, 0x0000000100000000)
  region size 1024K, 2 young (2048K), 2 survivors (2048K)
 Metaspace       used 167859K, capacity 172339K, committed 174164K, reserved 1202176K
  class space    used 20172K, capacity 21837K, committed 22016K, reserved 1048576K
}
Event: 3457.706 GC heap before
{Heap before GC invocations=63 (full 0):
 garbage-first heap   total 315392K, used 195038K [0x0000000080000000, 0x0000000100000000)
  region size 1024K, 73 young (74752K), 2 survivors (2048K)
 Metaspace       used 168095K, capacity 172747K, committed 174164K, reserved 1202176K
  class space    used 20208K, capacity 21903K, committed 22016K, reserved 1048576K
}
Event: 3457.711 GC heap after
{Heap after GC invocations=64 (full 0):
 garbage-first heap   total 315392K, used 126592K [0x0000000080000000, 0x0000000100000000)
  region size 1024K, 5 young (5120K), 5 survivors (5120K)
 Metaspace       used 168095K, capacity 172747K, committed 174164K, reserved 1202176K
  class space    used 20208K, capacity 21903K, committed 22016K, reserved 1048576K
}
Event: 4565.545 GC heap before
{Heap before GC invocations=65 (full 0):
 garbage-first heap   total 315392K, used 195200K [0x0000000080000000, 0x0000000100000000)
  region size 1024K, 63 young (64512K), 5 survivors (5120K)
 Metaspace       used 168293K, capacity 172956K, committed 174164K, reserved 1202176K
  class space    used 20232K, capacity 21947K, committed 22016K, reserved 1048576K
}
Event: 4565.557 GC heap after
{Heap after GC invocations=66 (full 0):
 garbage-first heap   total 315392K, used 128231K [0x0000000080000000, 0x0000000100000000)
  region size 1024K, 8 young (8192K), 8 survivors (8192K)
 Metaspace       used 168293K, capacity 172956K, committed 174164K, reserved 1202176K
  class space    used 20232K, capacity 21947K, committed 22016K, reserved 1048576K
}

Deoptimization events (20 events):
Event: 4565.513 Thread 0x000000001f35d800 DEOPT PACKING pc=0x00000000087610b0 sp=0x000000002141a2c0
Event: 4565.513 Thread 0x000000001f35d800 DEOPT UNPACKING pc=0x0000000006356dde sp=0x00000000214197e0 mode 0
Event: 4565.514 Thread 0x000000001f35d800 DEOPT PACKING pc=0x00000000087610b0 sp=0x000000002141a230
Event: 4565.514 Thread 0x000000001f35d800 DEOPT UNPACKING pc=0x0000000006356dde sp=0x0000000021419750 mode 0
Event: 4565.523 Thread 0x000000001f35d800 DEOPT PACKING pc=0x00000000087610b0 sp=0x000000002141a200
Event: 4565.523 Thread 0x000000001f35d800 DEOPT UNPACKING pc=0x0000000006356dde sp=0x0000000021419720 mode 0
Event: 4565.523 Thread 0x000000001f35d800 DEOPT PACKING pc=0x00000000087610b0 sp=0x000000002141a170
Event: 4565.523 Thread 0x000000001f35d800 DEOPT UNPACKING pc=0x0000000006356dde sp=0x0000000021419690 mode 0
Event: 4565.524 Thread 0x000000001f35d800 DEOPT PACKING pc=0x000000000770945a sp=0x0000000021419c90
Event: 4565.524 Thread 0x000000001f35d800 DEOPT UNPACKING pc=0x0000000006356dde sp=0x00000000214191b0 mode 0
Event: 4565.557 Thread 0x000000001ec65800 Uncommon trap: trap_request=0xffffffde fr.pc=0x000000000df18158 relative=0x0000000000000518
Event: 4565.557 Thread 0x000000001ec65800 Uncommon trap: reason=class_check action=maybe_recompile pc=0x000000000df18158 method=jdk.internal.ref.PhantomCleanable.clean()V @ 12 c2
Event: 4565.557 Thread 0x000000001ec65800 DEOPT PACKING pc=0x000000000df18158 sp=0x000000001f0cf310
Event: 4565.557 Thread 0x000000001ec65800 DEOPT UNPACKING pc=0x000000000635662f sp=0x000000001f0cf2f0 mode 2
Event: 4565.908 Thread 0x000000002354d000 Uncommon trap: trap_request=0xffffff4d fr.pc=0x000000000ea99a24 relative=0x00000000000012e4
Event: 4565.908 Thread 0x000000002354d000 Uncommon trap: reason=unstable_if action=reinterpret pc=0x000000000ea99a24 method=java.util.concurrent.ConcurrentHashMap.putVal(Ljava/lang/Object;Ljava/lang/Object;Z)Ljava/lang/Object; @ 197 c2
Event: 4565.908 Thread 0x000000002354d000 DEOPT PACKING pc=0x000000000ea99a24 sp=0x000000002a14eb00
Event: 4565.908 Thread 0x000000002354d000 DEOPT UNPACKING pc=0x000000000635662f sp=0x000000002a14ea90 mode 2
Event: 4575.374 Thread 0x000000002581c800 DEOPT PACKING pc=0x0000000006cdfe3a sp=0x000000002df09bb0
Event: 4575.374 Thread 0x000000002581c800 DEOPT UNPACKING pc=0x0000000006356dde sp=0x000000002df09058 mode 0

Classes redefined (0 events):
No events

Internal exceptions (20 events):
Event: 3105.459 Thread 0x0000000022d08000 Exception <a 'sun/nio/fs/WindowsException'{0x000000008eda7888}> (0x000000008eda7888) thrown at [./src/hotspot/share/prims/jni.cpp, line 615]
Event: 3105.481 Thread 0x000000001f89b000 Exception <a 'sun/nio/fs/WindowsException'{0x000000008ecb1fe0}> (0x000000008ecb1fe0) thrown at [./src/hotspot/share/prims/jni.cpp, line 615]
Event: 3105.787 Thread 0x0000000025a11000 Exception <a 'sun/nio/fs/WindowsException'{0x000000008e9ac250}> (0x000000008e9ac250) thrown at [./src/hotspot/share/prims/jni.cpp, line 615]
Event: 3105.793 Thread 0x0000000025a11000 Exception <a 'sun/nio/fs/WindowsException'{0x000000008e781e40}> (0x000000008e781e40) thrown at [./src/hotspot/share/prims/jni.cpp, line 615]
Event: 3435.084 Thread 0x0000000023553000 Exception <a 'sun/nio/fs/WindowsException'{0x000000008ba1acd8}> (0x000000008ba1acd8) thrown at [./src/hotspot/share/prims/jni.cpp, line 615]
Event: 3435.161 Thread 0x0000000023553000 Exception <a 'sun/nio/fs/WindowsException'{0x00000000931d96d8}> (0x00000000931d96d8) thrown at [./src/hotspot/share/prims/jni.cpp, line 615]
Event: 3435.198 Thread 0x0000000023553000 Exception <a 'sun/nio/fs/WindowsException'{0x000000009307ac50}> (0x000000009307ac50) thrown at [./src/hotspot/share/prims/jni.cpp, line 615]
Event: 3435.198 Thread 0x0000000023553000 Exception <a 'sun/nio/fs/WindowsException'{0x000000009307beb0}> (0x000000009307beb0) thrown at [./src/hotspot/share/prims/jni.cpp, line 615]
Event: 3435.198 Thread 0x0000000023553000 Exception <a 'sun/nio/fs/WindowsException'{0x000000009307d1b8}> (0x000000009307d1b8) thrown at [./src/hotspot/share/prims/jni.cpp, line 615]
Event: 3435.198 Thread 0x0000000023553000 Exception <a 'sun/nio/fs/WindowsException'{0x000000009307e4c0}> (0x000000009307e4c0) thrown at [./src/hotspot/share/prims/jni.cpp, line 615]
Event: 3437.726 Thread 0x000000001f89d000 Exception <a 'java/lang/NoSuchMethodError'{0x0000000092c7b880}: <clinit>> (0x0000000092c7b880) thrown at [./src/hotspot/share/prims/jni.cpp, line 1362]
Event: 3456.928 Thread 0x0000000022d08000 Exception <a 'sun/nio/fs/WindowsException'{0x0000000091b19c30}> (0x0000000091b19c30) thrown at [./src/hotspot/share/prims/jni.cpp, line 615]
Event: 3456.928 Thread 0x0000000022d08000 Exception <a 'sun/nio/fs/WindowsException'{0x0000000091b19d18}> (0x0000000091b19d18) thrown at [./src/hotspot/share/prims/jni.cpp, line 615]
Event: 4565.415 Thread 0x000000001f35d800 Exception <a 'sun/nio/fs/WindowsException'{0x00000000907136e0}> (0x00000000907136e0) thrown at [./src/hotspot/share/prims/jni.cpp, line 615]
Event: 4565.482 Thread 0x000000001f35d800 Exception <a 'sun/nio/fs/WindowsException'{0x000000008fdf3b38}> (0x000000008fdf3b38) thrown at [./src/hotspot/share/prims/jni.cpp, line 615]
Event: 4565.516 Thread 0x000000001f35d800 Exception <a 'sun/nio/fs/WindowsException'{0x000000008fc94878}> (0x000000008fc94878) thrown at [./src/hotspot/share/prims/jni.cpp, line 615]
Event: 4565.516 Thread 0x000000001f35d800 Exception <a 'sun/nio/fs/WindowsException'{0x000000008fc95a68}> (0x000000008fc95a68) thrown at [./src/hotspot/share/prims/jni.cpp, line 615]
Event: 4565.516 Thread 0x000000001f35d800 Exception <a 'sun/nio/fs/WindowsException'{0x000000008fc96ca8}> (0x000000008fc96ca8) thrown at [./src/hotspot/share/prims/jni.cpp, line 615]
Event: 4565.516 Thread 0x000000001f35d800 Exception <a 'sun/nio/fs/WindowsException'{0x000000008fc98208}> (0x000000008fc98208) thrown at [./src/hotspot/share/prims/jni.cpp, line 615]
Event: 4572.808 Thread 0x0000000023552000 Exception <a 'java/lang/InterruptedException'{0x0000000090a372e8}> (0x0000000090a372e8) thrown at [./src/hotspot/share/runtime/objectMonitor.cpp, line 1635]

Events (20 events):
Event: 4575.394 Executing VM operation: RevokeBias
Event: 4575.395 Executing VM operation: RevokeBias done
Event: 4575.395 Executing VM operation: RevokeBias
Event: 4575.395 Executing VM operation: RevokeBias done
Event: 4575.395 Executing VM operation: RevokeBias
Event: 4575.395 Executing VM operation: RevokeBias done
Event: 4575.395 Executing VM operation: RevokeBias
Event: 4575.395 Executing VM operation: RevokeBias done
Event: 4575.395 Executing VM operation: RevokeBias
Event: 4575.395 Executing VM operation: RevokeBias done
Event: 4575.396 Executing VM operation: RevokeBias
Event: 4575.396 Executing VM operation: RevokeBias done
Event: 4575.396 Executing VM operation: RevokeBias
Event: 4575.396 Executing VM operation: RevokeBias done
Event: 4575.396 Executing VM operation: BulkRevokeBias
Event: 4575.397 Executing VM operation: BulkRevokeBias done
Event: 4575.398 Executing VM operation: RevokeBias
Event: 4575.398 Executing VM operation: RevokeBias done
Event: 4575.502 Executing VM operation: RevokeBias
Event: 4575.503 Executing VM operation: RevokeBias done


Dynamic libraries:
0x000000013f490000 - 0x000000013f49a000 	E:\android\jre\bin\java.exe
0x0000000076ea0000 - 0x000000007704a000 	C:\Windows\SYSTEM32\ntdll.dll
0x0000000076c80000 - 0x0000000076d9f000 	C:\Windows\system32\kernel32.dll
0x000007fefcd60000 - 0x000007fefcdcb000 	C:\Windows\system32\KERNELBASE.dll
0x000007feeb890000 - 0x000007feeb910000 	C:\Windows\AppPatch\apppatch64\ummon.dll
0x000007fefeb90000 - 0x000007fefec6b000 	C:\Windows\system32\ADVAPI32.dll
0x000007fefe9b0000 - 0x000007fefea4f000 	C:\Windows\system32\msvcrt.dll
0x000007fefe7e0000 - 0x000007fefe7ff000 	C:\Windows\SYSTEM32\sechost.dll
0x000007fefe800000 - 0x000007fefe92d000 	C:\Windows\system32\RPCRT4.dll
0x0000000076da0000 - 0x0000000076e9a000 	C:\Windows\system32\USER32.dll
0x000007fefd590000 - 0x000007fefd5f7000 	C:\Windows\system32\GDI32.dll
0x000007fefd490000 - 0x000007fefd49e000 	C:\Windows\system32\LPK.dll
0x000007fefd600000 - 0x000007fefd6ca000 	C:\Windows\system32\USP10.dll
0x000007fefef40000 - 0x000007feff143000 	C:\Windows\system32\ole32.dll
0x000007fefeab0000 - 0x000007fefeb87000 	C:\Windows\system32\OLEAUT32.dll
0x000007fefce30000 - 0x000007fefcf9d000 	C:\Windows\system32\CRYPT32.dll
0x000007fefcc30000 - 0x000007fefcc3f000 	C:\Windows\system32\MSASN1.dll
0x000007fee4a00000 - 0x000007fee4a19000 	E:\android\jre\bin\jli.dll
0x000007fefaf90000 - 0x000007fefb184000 	C:\Windows\WinSxS\amd64_microsoft.windows.common-controls_6595b64144ccf1df_6.0.7601.18837_none_fa3b1e3d17594757\COMCTL32.dll
0x000007fefe930000 - 0x000007fefe9a1000 	C:\Windows\system32\SHLWAPI.dll
0x000007fee4c10000 - 0x000007fee4c27000 	E:\android\jre\bin\VCRUNTIME140.dll
0x000007feef480000 - 0x000007feef484000 	C:\Windows\system32\api-ms-win-crt-runtime-l1-1-0.dll
0x000007feef380000 - 0x000007feef472000 	C:\Windows\system32\ucrtbase.DLL
0x000007feef370000 - 0x000007feef373000 	C:\Windows\system32\api-ms-win-core-timezone-l1-1-0.dll
0x000007feef360000 - 0x000007feef363000 	C:\Windows\system32\api-ms-win-core-file-l2-1-0.dll
0x000007feef350000 - 0x000007feef353000 	C:\Windows\system32\api-ms-win-core-localization-l1-2-0.dll
0x000007fefbcb0000 - 0x000007fefbcb3000 	C:\Windows\system32\api-ms-win-core-synch-l1-2-0.dll
0x000007feef1a0000 - 0x000007feef1a3000 	C:\Windows\system32\api-ms-win-core-processthreads-l1-1-1.dll
0x000007feef340000 - 0x000007feef343000 	C:\Windows\system32\api-ms-win-core-file-l1-2-0.dll
0x000007feef320000 - 0x000007feef324000 	C:\Windows\system32\api-ms-win-crt-string-l1-1-0.dll
0x000007feef330000 - 0x000007feef333000 	C:\Windows\system32\api-ms-win-crt-heap-l1-1-0.dll
0x000007feef310000 - 0x000007feef314000 	C:\Windows\system32\api-ms-win-crt-stdio-l1-1-0.dll
0x000007feef300000 - 0x000007feef304000 	C:\Windows\system32\api-ms-win-crt-convert-l1-1-0.dll
0x000007feef2c0000 - 0x000007feef2c3000 	C:\Windows\system32\api-ms-win-crt-environment-l1-1-0.dll
0x000007feef2d0000 - 0x000007feef2d3000 	C:\Windows\system32\api-ms-win-crt-filesystem-l1-1-0.dll
0x000007fefa3c0000 - 0x000007fefa3c5000 	C:\Windows\system32\api-ms-win-crt-math-l1-1-0.dll
0x000007feecef0000 - 0x000007feecef3000 	C:\Windows\system32\api-ms-win-crt-locale-l1-1-0.dll
0x000007feff150000 - 0x000007feff17e000 	C:\Windows\system32\IMM32.DLL
0x000007fefd6d0000 - 0x000007fefd7d9000 	C:\Windows\system32\MSCTF.dll
0x000007fedb6d0000 - 0x000007fedb76d000 	E:\android\jre\bin\msvcp140.dll
0x000007feec450000 - 0x000007feec455000 	C:\Windows\system32\api-ms-win-crt-multibyte-l1-1-0.dll
0x000007feef2f0000 - 0x000007feef2f3000 	C:\Windows\system32\api-ms-win-crt-time-l1-1-0.dll
0x000007feef2e0000 - 0x000007feef2e3000 	C:\Windows\system32\api-ms-win-crt-utility-l1-1-0.dll
0x000007fede9c0000 - 0x000007fedf495000 	E:\android\jre\bin\server\jvm.dll
0x000007feef150000 - 0x000007feef159000 	C:\Windows\system32\WSOCK32.dll
0x000007fefd540000 - 0x000007fefd58d000 	C:\Windows\system32\WS2_32.dll
0x000007fefd7e0000 - 0x000007fefd7e8000 	C:\Windows\system32\NSI.dll
0x000007fefa7a0000 - 0x000007fefa7db000 	C:\Windows\system32\WINMM.dll
0x000007fefbbb0000 - 0x000007fefbbbc000 	C:\Windows\system32\VERSION.dll
0x0000000077070000 - 0x0000000077077000 	C:\Windows\system32\PSAPI.DLL
0x000007feec9e0000 - 0x000007feec9f1000 	E:\android\jre\bin\verify.dll
0x000007fef4320000 - 0x000007fef4445000 	C:\Windows\system32\DBGHELP.DLL
0x000007feec9b0000 - 0x000007feec9d9000 	E:\android\jre\bin\java.dll
0x000007fefa3d0000 - 0x000007fefa3db000 	E:\android\jre\bin\jimage.dll
0x000007feeccc0000 - 0x000007feeccd8000 	E:\android\jre\bin\zip.dll
0x000007fefd7f0000 - 0x000007fefe57a000 	C:\Windows\system32\SHELL32.dll
0x000007fefcc20000 - 0x000007fefcc2f000 	C:\Windows\system32\profapi.dll
0x000007feec890000 - 0x000007feec8aa000 	E:\android\jre\bin\net.dll
0x000007fef44c0000 - 0x000007fef4531000 	C:\Windows\system32\WINHTTP.dll
0x000007fef4450000 - 0x000007fef44b4000 	C:\Windows\system32\webio.dll
0x000007fefc400000 - 0x000007fefc455000 	C:\Windows\system32\mswsock.dll
0x000007fefc3f0000 - 0x000007fefc3f7000 	C:\Windows\System32\wship6.dll
0x000007feec990000 - 0x000007feec9a4000 	E:\android\jre\bin\nio.dll
0x000007fee4c30000 - 0x000007fee4c57000 	C:\Users\Vlad\.gradle\native\8bec1ad78214c89d9ad589b4d07fe93259594b29d510b10fafb7a158f7737e5d\windows-amd64\native-platform.dll
0x000007fedbea0000 - 0x000007fedbfdd000 	C:\Users\Vlad\.gradle\native\53dbd7edfb1c66fb8903c78663c9afc45aea4f116125fa6feffd364cf09443e8\windows-amd64\native-platform-file-events.dll
0x000007fef4300000 - 0x000007fef430a000 	E:\android\jre\bin\management.dll
0x000007fef86b0000 - 0x000007fef86bd000 	E:\android\jre\bin\management_ext.dll
0x000007fefc460000 - 0x000007fefc478000 	C:\Windows\system32\CRYPTSP.dll
0x000007fefc160000 - 0x000007fefc1a7000 	C:\Windows\system32\rsaenh.dll
0x000007fefcfc0000 - 0x000007fefcfde000 	C:\Windows\system32\USERENV.dll
0x000007fefcac0000 - 0x000007fefcacf000 	C:\Windows\system32\CRYPTBASE.dll
0x000007fef9130000 - 0x000007fef9157000 	C:\Windows\system32\IPHLPAPI.DLL
0x000007fef9120000 - 0x000007fef912b000 	C:\Windows\system32\WINNSI.DLL
0x000007fefa7e0000 - 0x000007fefa7f1000 	C:\Windows\system32\dhcpcsvc6.DLL
0x000007fefa610000 - 0x000007fefa628000 	C:\Windows\system32\dhcpcsvc.DLL
0x000007fefca60000 - 0x000007fefcab7000 	C:\Windows\system32\apphelp.dll
0x000007fee4d50000 - 0x000007fee4d6e000 	C:\Users\Vlad\AppData\Local\Temp\native-platform17780900810718853161dir\native-platform.dll
0x000007fee5f50000 - 0x000007fee5f58000 	E:\android\jre\bin\rmi.dll
0x0000000066e00000 - 0x0000000066f03000 	C:\Users\Vlad\AppData\Local\Temp\sqlite-3.25.2-a0321704-a3fd-4e69-9d3a-ab69790e557f-sqlitejdbc.dll
0x000000002ecb0000 - 0x000000002edb3000 	C:\Users\Vlad\AppData\Local\Temp\sqlite-3.25.2-8244fcd3-69a9-4001-a60c-7115a57b9219-sqlitejdbc.dll
0x000007fee62a0000 - 0x000007fee62c7000 	E:\android\jre\bin\sunec.dll
0x000000001fc40000 - 0x000000001fd43000 	C:\Users\Vlad\AppData\Local\Temp\sqlite-3.25.2-243beb13-5bad-452b-bd43-3fe06972676b-sqlitejdbc.dll

dbghelp: loaded successfully - version: 4.0.5 - missing functions: none
symbol engine: initialized successfully - sym options: 0x614 - pdb path: .;E:\android\jre\bin;C:\Windows\SYSTEM32;C:\Windows\AppPatch\apppatch64;C:\Windows\WinSxS\amd64_microsoft.windows.common-controls_6595b64144ccf1df_6.0.7601.18837_none_fa3b1e3d17594757;E:\android\jre\bin\server;C:\Users\Vlad\.gradle\native\8bec1ad78214c89d9ad589b4d07fe93259594b29d510b10fafb7a158f7737e5d\windows-amd64;C:\Users\Vlad\.gradle\native\53dbd7edfb1c66fb8903c78663c9afc45aea4f116125fa6feffd364cf09443e8\windows-amd64;C:\Users\Vlad\AppData\Local\Temp\native-platform17780900810718853161dir;C:\Users\Vlad\AppData\Local\Temp

VM Arguments:
jvm_args: --add-opens=java.base/java.util=ALL-UNNAMED --add-opens=java.base/java.lang=ALL-UNNAMED --add-opens=java.base/java.lang.invoke=ALL-UNNAMED --add-opens=java.base/java.util=ALL-UNNAMED --add-opens=java.prefs/java.util.prefs=ALL-UNNAMED --add-opens=java.prefs/java.util.prefs=ALL-UNNAMED --add-opens=java.base/java.nio.charset=ALL-UNNAMED --add-opens=java.base/java.net=ALL-UNNAMED --add-opens=java.base/java.util.concurrent.atomic=ALL-UNNAMED -Xmx2048m -Dfile.encoding=UTF-8 -Duser.country=RU -Duser.language=ru -Duser.variant 
java_command: org.gradle.launcher.daemon.bootstrap.GradleDaemon 7.0.2
java_class_path (initial): C:\Users\Vlad\.gradle\wrapper\dists\gradle-7.0.2-bin\857tjihv64xamwrf0h14cai3r\gradle-7.0.2\lib\gradle-launcher-7.0.2.jar
Launcher Type: SUN_STANDARD

[Global flags]
     intx CICompilerCount                          = 3                                         {product} {ergonomic}
     uint ConcGCThreads                            = 2                                         {product} {ergonomic}
     uint G1ConcRefinementThreads                  = 6                                         {product} {ergonomic}
   size_t G1HeapRegionSize                         = 1048576                                   {product} {ergonomic}
    uintx GCDrainStackTargetSize                   = 64                                        {product} {ergonomic}
   size_t InitialHeapSize                          = 268435456                                 {product} {ergonomic}
   size_t MarkStackSize                            = 4194304                                   {product} {ergonomic}
   size_t MaxHeapSize                              = 2147483648                                {product} {command line}
   size_t MaxNewSize                               = 1287651328                                {product} {ergonomic}
   size_t MinHeapDeltaBytes                        = 1048576                                   {product} {ergonomic}
    uintx NonNMethodCodeHeapSize                   = 5830732                                {pd product} {ergonomic}
    uintx NonProfiledCodeHeapSize                  = 122913754                              {pd product} {ergonomic}
    uintx ProfiledCodeHeapSize                     = 122913754                              {pd product} {ergonomic}
    uintx ReservedCodeCacheSize                    = 251658240                              {pd product} {ergonomic}
     bool SegmentedCodeCache                       = true                                      {product} {ergonomic}
     bool UseCompressedClassPointers               = true                                 {lp64_product} {ergonomic}
     bool UseCompressedOops                        = true                                 {lp64_product} {ergonomic}
     bool UseG1GC                                  = true                                      {product} {ergonomic}
     bool UseLargePagesIndividualAllocation        = false                                  {pd product} {ergonomic}

Logging:
Log output configuration:
 #0: stdout all=warning uptime,level,tags
 #1: stderr all=off uptime,level,tags

Environment Variables:
JAVA_HOME=C:\Program Files\Java\jdk-11
PATH=C:\Program Files\Python38\Scripts\;C:\Program Files\Python38\;C:\Python27\;C:\Python27\Scripts;C:\Program Files (x86)\Common Files\Oracle\Java\javapath;C:\ProgramData\Oracle\Java\javapath;C:\Windows\system32;C:\Windows;C:\Windows\System32\Wbem;C:\Windows\System32\WindowsPowerShell\v1.0\;c:\php;C:\Program Files\Common Files\Autodesk Shared\;C:\Program Files (x86)\Common Files\Acronis\SnapAPI\;C:\Program Files\LuxRender;c:\Program Files\Java\jdk1.8.0_60\bin;C:\Program Files (x86)\NVIDIA Corporation\PhysX\Common;C:\Program Files (x86)\OpenSSH\bin;%LUXRENDER_ROOT%;c:\Program Files\Java\jdk-10.0.1\bin;C:\Program Files\Git\cmd;C:\Program Files\PostgreSQL\9.5\bin;C:\ProgramData\ComposerSetup\bin;C:\Program Files (x86)\GnuWin32\bin;C:\Program Files (x86)\Kaspersky Lab\Endpoint Agent\;C:\Program Files\PuTTY\;C:\Users\Vlad\AppData\Roaming\nvm;C:\Program Files\nodejs;C:\Program Files (x86)\EOS\PB10DK\;C:\Users\Vlad\AppData\Local\Programs\Microsoft VS Code\bin;E:\IntelliJ\bin;C:\Users\Vlad\AppData\Roaming\nvm;C:\Hugo\bin;C:\Users\Vlad\AppData\Roaming\Composer\vendor\bin;C:\Program Files (x86)\GnuWin32\bin;C:\Users\Vlad\yandex-cloud\bin;C:\Users\Vlad\AppData\Roaming\npm;C:\Users\Vlad\AppData\Roaming\nvm;C:\Program Files\nodejs;E:\IntelliJ IDEA 2023.2.1\bin;
USERNAME=Vlad
OS=Windows_NT
PROCESSOR_IDENTIFIER=Intel64 Family 6 Model 158 Stepping 13, GenuineIntel



---------------  S Y S T E M  ---------------

OS: Windows 7 , 64 bit Build 7601 (6.1.7601.19135)
OS uptime: 3 days 21:38 hours

CPU:total 6 (initial active 6) (6 cores per cpu, 1 threads per core) family 6 model 158 stepping 13 microcode 0x0, cmov, cx8, fxsr, mmx, sse, sse2, sse3, ssse3, sse4.1, sse4.2, popcnt, avx, avx2, aes, clmul, erms, rtm, 3dnowpref, lzcnt, tsc, tscinvbit, bmi1, bmi2, adx, fma

Memory: 4k page, system-wide physical 16313M (1183M free)
TotalPageFile size 20311M (AvailPageFile size 3M)
current process WorkingSet (physical memory assigned to process): 728M, peak: 755M
current process commit charge ("private bytes"): 763M, peak: 784M

vm_info: OpenJDK 64-Bit Server VM (11.0.11+9-b60-7590822) for windows-amd64 JRE (11.0.11+9-b60-7590822), built on Jul 29 2021 21:43:44 by "builder" with MS VC++ 14.0 (VS2015)

END.
